2022-05-13 15:22:12,512 [main] INFO  d.i.mongodb.perf.MongoDbAccessor - >>> init 34.89.191.200:27017
2022-05-13 15:22:12,598 [main] INFO  org.mongodb.driver.cluster - Cluster created with settings {hosts=[34.89.191.200:27017], mode=SINGLE, requiredClusterType=UNKNOWN, serverSelectionTimeout='30000 ms', maxWaitQueueSize=50000}
2022-05-13 15:22:12,608 [main] INFO  d.i.mongodb.perf.MongoDbAccessor - <<< init
2022-05-13 15:22:12,615 [main] INFO  org.mongodb.driver.cluster - Cluster description not yet available. Waiting for 30000 ms before timing out
2022-05-13 15:22:12,713 [cluster-ClusterId{value='627e5b84149b5a57e9f81e6b', description='null'}-34.89.191.200:27017] INFO  org.mongodb.driver.connection - Opened connection [connectionId{localValue:1, serverValue:980}] to 34.89.191.200:27017
2022-05-13 15:22:12,745 [cluster-ClusterId{value='627e5b84149b5a57e9f81e6b', description='null'}-34.89.191.200:27017] INFO  org.mongodb.driver.cluster - Monitor thread successfully connected to server with description ServerDescription{address=34.89.191.200:27017, type=REPLICA_SET_PRIMARY, state=CONNECTED, ok=true, version=ServerVersion{versionList=[5, 0, 8]}, minWireVersion=0, maxWireVersion=13, maxDocumentSize=16777216, logicalSessionTimeoutMinutes=30, roundTripTimeNanos=31895083, setName='rs0', canonicalAddress=34.89.191.200:27017, hosts=[34.89.191.200:27017, 34.107.118.41:27017, 35.198.189.29:27017], passives=[], arbiters=[mongodb-arbiter-0.mongodb-arbiter-headless.mongodb-fast.svc.cluster.local:27017], primary='34.89.191.200:27017', tagSet=TagSet{[]}, electionId=7fffffff0000000000000002, setVersion=8, lastWriteDate=Fri May 13 15:22:08 CEST 2022, lastUpdateTimeNanos=352477666559625}
2022-05-13 15:22:13,017 [main] INFO  org.mongodb.driver.connection - Opened connection [connectionId{localValue:2, serverValue:981}] to 34.89.191.200:27017
2022-05-13 15:22:13,113 [main] INFO  d.i.mongodb.perf.OperationExecutor - >>> OperationExecutor threadCount: 10, opsCount: 5000, maxDurationInSeconds: 3600, operation: IterateOperation
2022-05-13 15:22:13,114 [main] INFO  d.i.mongodb.perf.OperationExecutor - java execution path: /Users/oscarorellana/Desktop/softcorp/doubble/mongodb-performance-test/latest-version/mongodb-performance-test.jar
2022-05-13 15:22:13,321 [pool-2-thread-8] INFO  org.mongodb.driver.connection - Opened connection [connectionId{localValue:9, serverValue:983}] to 34.89.191.200:27017
2022-05-13 15:22:13,323 [pool-2-thread-4] INFO  org.mongodb.driver.connection - Opened connection [connectionId{localValue:4, serverValue:982}] to 34.89.191.200:27017
2022-05-13 15:22:13,323 [pool-2-thread-10] INFO  org.mongodb.driver.connection - Opened connection [connectionId{localValue:10, serverValue:988}] to 34.89.191.200:27017
2022-05-13 15:22:13,324 [pool-2-thread-1] INFO  org.mongodb.driver.connection - Opened connection [connectionId{localValue:6, serverValue:985}] to 34.89.191.200:27017
2022-05-13 15:22:13,324 [pool-2-thread-5] INFO  org.mongodb.driver.connection - Opened connection [connectionId{localValue:5, serverValue:989}] to 34.89.191.200:27017
2022-05-13 15:22:13,329 [pool-2-thread-6] INFO  org.mongodb.driver.connection - Opened connection [connectionId{localValue:11, serverValue:987}] to 34.89.191.200:27017
2022-05-13 15:22:13,329 [pool-2-thread-2] INFO  org.mongodb.driver.connection - Opened connection [connectionId{localValue:3, serverValue:990}] to 34.89.191.200:27017
2022-05-13 15:22:13,329 [pool-2-thread-9] INFO  org.mongodb.driver.connection - Opened connection [connectionId{localValue:8, serverValue:986}] to 34.89.191.200:27017
2022-05-13 15:22:13,329 [pool-2-thread-7] INFO  org.mongodb.driver.connection - Opened connection [connectionId{localValue:7, serverValue:984}] to 34.89.191.200:27017
13.05.2022 15.22.14 ============================================================

-- Timers ----------------------------------------------------------------------
stats-per-second-ITERATE_MANY
             count = 234
         mean rate = 231,10 calls/second
     1-minute rate = 0,00 calls/second
     5-minute rate = 0,00 calls/second
    15-minute rate = 0,00 calls/second
               min = 27,61 milliseconds
               max = 244,88 milliseconds
              mean = 41,79 milliseconds
            stddev = 40,23 milliseconds
            median = 33,14 milliseconds
              75% <= 35,36 milliseconds
              95% <= 65,51 milliseconds
              98% <= 242,53 milliseconds
              99% <= 244,39 milliseconds
            99.9% <= 244,88 milliseconds


13.05.2022 15.22.15 ============================================================

-- Timers ----------------------------------------------------------------------
stats-per-second-ITERATE_MANY
             count = 536
         mean rate = 266,64 calls/second
     1-minute rate = 0,00 calls/second
     5-minute rate = 0,00 calls/second
    15-minute rate = 0,00 calls/second
               min = 25,54 milliseconds
               max = 51,46 milliseconds
              mean = 33,38 milliseconds
            stddev = 4,02 milliseconds
            median = 32,57 milliseconds
              75% <= 35,30 milliseconds
              95% <= 39,92 milliseconds
              98% <= 47,65 milliseconds
              99% <= 49,31 milliseconds
            99.9% <= 51,46 milliseconds


13.05.2022 15.22.16 ============================================================

-- Timers ----------------------------------------------------------------------
stats-per-second-ITERATE_MANY
             count = 830
         mean rate = 275,45 calls/second
     1-minute rate = 0,00 calls/second
     5-minute rate = 0,00 calls/second
    15-minute rate = 0,00 calls/second
               min = 23,40 milliseconds
               max = 46,93 milliseconds
              mean = 33,92 milliseconds
            stddev = 4,03 milliseconds
            median = 33,29 milliseconds
              75% <= 35,78 milliseconds
              95% <= 42,47 milliseconds
              98% <= 44,74 milliseconds
              99% <= 46,11 milliseconds
            99.9% <= 46,93 milliseconds


13.05.2022 15.22.17 ============================================================

-- Timers ----------------------------------------------------------------------
stats-per-second-ITERATE_MANY
             count = 1121
         mean rate = 279,62 calls/second
     1-minute rate = 0,00 calls/second
     5-minute rate = 0,00 calls/second
    15-minute rate = 0,00 calls/second
               min = 27,89 milliseconds
               max = 57,40 milliseconds
              mean = 33,83 milliseconds
            stddev = 5,50 milliseconds
            median = 32,34 milliseconds
              75% <= 34,50 milliseconds
              95% <= 48,52 milliseconds
              98% <= 56,09 milliseconds
              99% <= 57,23 milliseconds
            99.9% <= 57,40 milliseconds


13.05.2022 15.22.18 ============================================================

-- Timers ----------------------------------------------------------------------
stats-per-second-ITERATE_MANY
             count = 1415
         mean rate = 282,50 calls/second
     1-minute rate = 283,00 calls/second
     5-minute rate = 283,00 calls/second
    15-minute rate = 283,00 calls/second
               min = 27,22 milliseconds
               max = 56,42 milliseconds
              mean = 34,16 milliseconds
            stddev = 4,17 milliseconds
            median = 33,58 milliseconds
              75% <= 35,76 milliseconds
              95% <= 41,98 milliseconds
              98% <= 47,41 milliseconds
              99% <= 49,50 milliseconds
            99.9% <= 56,42 milliseconds


13.05.2022 15.22.19 ============================================================

-- Timers ----------------------------------------------------------------------
stats-per-second-ITERATE_MANY
             count = 1709
         mean rate = 284,13 calls/second
     1-minute rate = 283,00 calls/second
     5-minute rate = 283,00 calls/second
    15-minute rate = 283,00 calls/second
               min = 26,75 milliseconds
               max = 50,67 milliseconds
              mean = 34,85 milliseconds
            stddev = 4,50 milliseconds
            median = 33,68 milliseconds
              75% <= 36,86 milliseconds
              95% <= 45,23 milliseconds
              98% <= 48,17 milliseconds
              99% <= 49,59 milliseconds
            99.9% <= 50,67 milliseconds


13.05.2022 15.22.20 ============================================================

-- Timers ----------------------------------------------------------------------
stats-per-second-ITERATE_MANY
             count = 2003
         mean rate = 285,18 calls/second
     1-minute rate = 283,00 calls/second
     5-minute rate = 283,00 calls/second
    15-minute rate = 283,00 calls/second
               min = 26,57 milliseconds
               max = 50,44 milliseconds
              mean = 33,73 milliseconds
            stddev = 3,87 milliseconds
            median = 32,84 milliseconds
              75% <= 35,42 milliseconds
              95% <= 40,71 milliseconds
              98% <= 46,86 milliseconds
              99% <= 47,72 milliseconds
            99.9% <= 50,44 milliseconds


13.05.2022 15.22.21 ============================================================

-- Timers ----------------------------------------------------------------------
stats-per-second-ITERATE_MANY
             count = 2288
         mean rate = 285,59 calls/second
     1-minute rate = 283,00 calls/second
     5-minute rate = 283,00 calls/second
    15-minute rate = 283,00 calls/second
               min = 27,35 milliseconds
               max = 50,44 milliseconds
              mean = 34,25 milliseconds
            stddev = 3,90 milliseconds
            median = 33,29 milliseconds
              75% <= 35,99 milliseconds
              95% <= 41,28 milliseconds
              98% <= 46,87 milliseconds
              99% <= 49,75 milliseconds
            99.9% <= 50,44 milliseconds


13.05.2022 15.22.22 ============================================================

-- Timers ----------------------------------------------------------------------
stats-per-second-ITERATE_MANY
             count = 2572
         mean rate = 285,52 calls/second
     1-minute rate = 283,00 calls/second
     5-minute rate = 283,00 calls/second
    15-minute rate = 283,00 calls/second
               min = 27,51 milliseconds
               max = 52,65 milliseconds
              mean = 35,81 milliseconds
            stddev = 4,68 milliseconds
            median = 34,88 milliseconds
              75% <= 37,69 milliseconds
              95% <= 46,26 milliseconds
              98% <= 49,66 milliseconds
              99% <= 51,36 milliseconds
            99.9% <= 52,65 milliseconds


13.05.2022 15.22.23 ============================================================

-- Timers ----------------------------------------------------------------------
stats-per-second-ITERATE_MANY
             count = 2877
         mean rate = 287,51 calls/second
     1-minute rate = 283,74 calls/second
     5-minute rate = 283,15 calls/second
    15-minute rate = 283,05 calls/second
               min = 27,34 milliseconds
               max = 50,06 milliseconds
              mean = 32,53 milliseconds
            stddev = 3,08 milliseconds
            median = 31,91 milliseconds
              75% <= 33,90 milliseconds
              95% <= 38,01 milliseconds
              98% <= 41,25 milliseconds
              99% <= 45,60 milliseconds
            99.9% <= 50,06 milliseconds


13.05.2022 15.22.24 ============================================================

-- Timers ----------------------------------------------------------------------
stats-per-second-ITERATE_MANY
             count = 3160
         mean rate = 286,96 calls/second
     1-minute rate = 283,74 calls/second
     5-minute rate = 283,15 calls/second
    15-minute rate = 283,05 calls/second
               min = 26,61 milliseconds
               max = 59,06 milliseconds
              mean = 35,27 milliseconds
            stddev = 5,00 milliseconds
            median = 33,96 milliseconds
              75% <= 37,19 milliseconds
              95% <= 44,59 milliseconds
              98% <= 50,54 milliseconds
              99% <= 54,14 milliseconds
            99.9% <= 59,06 milliseconds


13.05.2022 15.22.25 ============================================================

-- Timers ----------------------------------------------------------------------
stats-per-second-ITERATE_MANY
             count = 3451
         mean rate = 287,41 calls/second
     1-minute rate = 283,74 calls/second
     5-minute rate = 283,15 calls/second
    15-minute rate = 283,05 calls/second
               min = 27,87 milliseconds
               max = 58,20 milliseconds
              mean = 34,47 milliseconds
            stddev = 4,80 milliseconds
            median = 33,42 milliseconds
              75% <= 35,54 milliseconds
              95% <= 45,25 milliseconds
              98% <= 52,03 milliseconds
              99% <= 53,45 milliseconds
            99.9% <= 58,20 milliseconds


13.05.2022 15.22.26 ============================================================

-- Timers ----------------------------------------------------------------------
stats-per-second-ITERATE_MANY
             count = 3750
         mean rate = 288,09 calls/second
     1-minute rate = 283,74 calls/second
     5-minute rate = 283,15 calls/second
    15-minute rate = 283,05 calls/second
               min = 25,71 milliseconds
               max = 55,37 milliseconds
              mean = 33,96 milliseconds
            stddev = 3,95 milliseconds
            median = 33,46 milliseconds
              75% <= 35,85 milliseconds
              95% <= 39,72 milliseconds
              98% <= 43,20 milliseconds
              99% <= 54,54 milliseconds
            99.9% <= 55,37 milliseconds


13.05.2022 15.22.27 ============================================================

-- Timers ----------------------------------------------------------------------
stats-per-second-ITERATE_MANY
             count = 4040
         mean rate = 288,33 calls/second
     1-minute rate = 283,74 calls/second
     5-minute rate = 283,15 calls/second
    15-minute rate = 283,05 calls/second
               min = 27,64 milliseconds
               max = 48,59 milliseconds
              mean = 33,97 milliseconds
            stddev = 3,49 milliseconds
            median = 33,34 milliseconds
              75% <= 35,99 milliseconds
              95% <= 40,21 milliseconds
              98% <= 42,23 milliseconds
              99% <= 43,88 milliseconds
            99.9% <= 48,59 milliseconds


13.05.2022 15.22.28 ============================================================

-- Timers ----------------------------------------------------------------------
stats-per-second-ITERATE_MANY
             count = 4336
         mean rate = 288,84 calls/second
     1-minute rate = 284,40 calls/second
     5-minute rate = 283,30 calls/second
    15-minute rate = 283,10 calls/second
               min = 21,98 milliseconds
               max = 45,47 milliseconds
              mean = 33,38 milliseconds
            stddev = 3,36 milliseconds
            median = 32,88 milliseconds
              75% <= 35,48 milliseconds
              95% <= 40,11 milliseconds
              98% <= 40,75 milliseconds
              99% <= 41,55 milliseconds
            99.9% <= 45,47 milliseconds


13.05.2022 15.22.29 ============================================================

-- Timers ----------------------------------------------------------------------
stats-per-second-ITERATE_MANY
             count = 4642
         mean rate = 289,85 calls/second
     1-minute rate = 284,40 calls/second
     5-minute rate = 283,30 calls/second
    15-minute rate = 283,10 calls/second
               min = 26,64 milliseconds
               max = 50,42 milliseconds
              mean = 33,34 milliseconds
            stddev = 3,85 milliseconds
            median = 32,66 milliseconds
              75% <= 34,93 milliseconds
              95% <= 40,61 milliseconds
              98% <= 44,37 milliseconds
              99% <= 48,19 milliseconds
            99.9% <= 50,42 milliseconds


13.05.2022 15.22.30 ============================================================

-- Timers ----------------------------------------------------------------------
stats-per-second-ITERATE_MANY
             count = 4914
         mean rate = 288,79 calls/second
     1-minute rate = 284,40 calls/second
     5-minute rate = 283,30 calls/second
    15-minute rate = 283,10 calls/second
               min = 27,56 milliseconds
               max = 124,02 milliseconds
              mean = 36,68 milliseconds
            stddev = 12,85 milliseconds
            median = 33,29 milliseconds
              75% <= 36,19 milliseconds
              95% <= 59,14 milliseconds
              98% <= 97,39 milliseconds
              99% <= 99,08 milliseconds
            99.9% <= 124,02 milliseconds


2022-05-13 15:22:30,415 [pool-1-thread-1] INFO  d.i.mongodb.perf.OperationExecutor - Done (in time) in 17295 ms 
2022-05-13 15:22:30,417 [pool-1-thread-1] INFO  d.i.mongodb.perf.OperationExecutor - affected documents: 49548
2022-05-13 15:22:30,417 [pool-1-thread-1] INFO  d.i.mongodb.perf.OperationExecutor - count: 5000
2022-05-13 15:22:30,419 [pool-1-thread-1] INFO  d.i.mongodb.perf.OperationExecutor - FifteenMinuteRate: 283.1005483880969
2022-05-13 15:22:30,420 [pool-1-thread-1] INFO  d.i.mongodb.perf.OperationExecutor - FiveMinuteRate: 283.2983061663299
2022-05-13 15:22:30,420 [pool-1-thread-1] INFO  d.i.mongodb.perf.OperationExecutor - OneMinuteRate: 284.39637701393224
2022-05-13 15:22:30,420 [pool-1-thread-1] INFO  d.i.mongodb.perf.OperationExecutor - MeanRate: 288.96716570049193
2022-05-13 15:22:30,419 [main] INFO  d.i.mongodb.perf.MongoDbAccessor - >>> closeConnections 34.89.191.200:27017
2022-05-13 15:22:30,425 [pool-1-thread-1] INFO  d.i.mongodb.perf.OperationExecutor - Snapshot 75thPercentile: 35.918124999999996
2022-05-13 15:22:30,425 [pool-1-thread-1] INFO  d.i.mongodb.perf.OperationExecutor - Snapshot 95thPercentile: 43.143916
2022-05-13 15:22:30,425 [pool-1-thread-1] INFO  d.i.mongodb.perf.OperationExecutor - Snapshot 98thPercentile: 50.148084
2022-05-13 15:22:30,426 [pool-1-thread-1] INFO  d.i.mongodb.perf.OperationExecutor - Snapshot 99thPercentile: 58.208416
2022-05-13 15:22:30,426 [pool-1-thread-1] INFO  d.i.mongodb.perf.OperationExecutor - Snapshot 999thPercentile: 241.805208
2022-05-13 15:22:30,426 [pool-1-thread-1] INFO  d.i.mongodb.perf.OperationExecutor - Snapshot Min: 23.405208
2022-05-13 15:22:30,426 [pool-1-thread-1] INFO  d.i.mongodb.perf.OperationExecutor - Snapshot Max: 244.33320799999998
2022-05-13 15:22:30,426 [pool-1-thread-1] INFO  d.i.mongodb.perf.OperationExecutor - Snapshot Mean: 35.282353234710165
2022-05-13 15:22:30,426 [pool-1-thread-1] INFO  d.i.mongodb.perf.OperationExecutor - Snapshot Median: 33.191917
2022-05-13 15:22:30,426 [pool-1-thread-1] INFO  d.i.mongodb.perf.OperationExecutor - Snapshot StdDev: 14.832621804625937
2022-05-13 15:22:30,427 [pool-1-thread-1] INFO  d.i.mongodb.perf.OperationExecutor - Snapshot Size: 1028
13.05.2022 15.22.30 ============================================================

-- Timers ----------------------------------------------------------------------
stats-per-run-ITERATE_MANY
             count = 5000
         mean rate = 288,81 calls/second
     1-minute rate = 284,40 calls/second
     5-minute rate = 283,30 calls/second
    15-minute rate = 283,10 calls/second
               min = 23,41 milliseconds
               max = 244,33 milliseconds
              mean = 35,28 milliseconds
            stddev = 14,83 milliseconds
            median = 33,19 milliseconds
              75% <= 35,92 milliseconds
              95% <= 43,14 milliseconds
              98% <= 50,15 milliseconds
              99% <= 58,21 milliseconds
            99.9% <= 241,81 milliseconds


2022-05-13 15:22:30,435 [pool-1-thread-1] INFO  d.i.mongodb.perf.OperationExecutor - stopReporters
2022-05-13 15:22:30,435 [pool-1-thread-1] INFO  d.i.mongodb.perf.OperationExecutor - consoleReporter stopped
2022-05-13 15:22:30,435 [pool-1-thread-1] INFO  d.i.mongodb.perf.OperationExecutor - allConsoleReporter stopped
2022-05-13 15:22:30,436 [pool-1-thread-1] INFO  d.i.mongodb.perf.OperationExecutor - csvReporter stopped
2022-05-13 15:22:30,436 [pool-1-thread-1] INFO  d.i.mongodb.perf.OperationExecutor - If run took more than 1 second, csv-file 'stats-per-second-ITERATE_MANY.csv' saved in folder: /Users/oscarorellana/Desktop/softcorp/doubble/mongodb-performance-test/latest-version
2022-05-13 15:22:30,436 [pool-1-thread-1] INFO  d.i.mongodb.perf.OperationExecutor - csvReporterAll stopped
2022-05-13 15:22:30,436 [pool-1-thread-1] INFO  d.i.mongodb.perf.OperationExecutor - Summary of statistics saved in csv-file 'stats-per-run-ITERATE_MANY.csv' located in folder: /Users/oscarorellana/Desktop/softcorp/doubble/mongodb-performance-test/latest-version
2022-05-13 15:22:30,464 [main] INFO  org.mongodb.driver.connection - Closed connection [connectionId{localValue:5, serverValue:989}] to 34.89.191.200:27017 because the pool has been closed.
2022-05-13 15:22:30,467 [main] INFO  org.mongodb.driver.connection - Closed connection [connectionId{localValue:7, serverValue:984}] to 34.89.191.200:27017 because the pool has been closed.
2022-05-13 15:22:30,470 [main] INFO  org.mongodb.driver.connection - Closed connection [connectionId{localValue:9, serverValue:983}] to 34.89.191.200:27017 because the pool has been closed.
2022-05-13 15:22:30,471 [main] INFO  org.mongodb.driver.connection - Closed connection [connectionId{localValue:3, serverValue:990}] to 34.89.191.200:27017 because the pool has been closed.
2022-05-13 15:22:30,471 [main] INFO  org.mongodb.driver.connection - Closed connection [connectionId{localValue:6, serverValue:985}] to 34.89.191.200:27017 because the pool has been closed.
2022-05-13 15:22:30,471 [main] INFO  org.mongodb.driver.connection - Closed connection [connectionId{localValue:11, serverValue:987}] to 34.89.191.200:27017 because the pool has been closed.
2022-05-13 15:22:30,471 [main] INFO  org.mongodb.driver.connection - Closed connection [connectionId{localValue:10, serverValue:988}] to 34.89.191.200:27017 because the pool has been closed.
2022-05-13 15:22:30,471 [main] INFO  org.mongodb.driver.connection - Closed connection [connectionId{localValue:8, serverValue:986}] to 34.89.191.200:27017 because the pool has been closed.
2022-05-13 15:22:30,472 [main] INFO  org.mongodb.driver.connection - Closed connection [connectionId{localValue:2, serverValue:981}] to 34.89.191.200:27017 because the pool has been closed.
2022-05-13 15:22:30,472 [main] INFO  org.mongodb.driver.connection - Closed connection [connectionId{localValue:4, serverValue:982}] to 34.89.191.200:27017 because the pool has been closed.
2022-05-13 15:22:30,473 [main] INFO  d.i.mongodb.perf.MongoDbAccessor - <<< closeConnections 34.89.191.200:27017
