2022-05-13 15:21:18,528 [main] INFO  d.i.mongodb.perf.MongoDbAccessor - >>> init 34.89.191.200:27017
2022-05-13 15:21:18,623 [main] INFO  org.mongodb.driver.cluster - Cluster created with settings {hosts=[34.89.191.200:27017], mode=SINGLE, requiredClusterType=UNKNOWN, serverSelectionTimeout='30000 ms', maxWaitQueueSize=50000}
2022-05-13 15:21:18,633 [main] INFO  d.i.mongodb.perf.MongoDbAccessor - <<< init
2022-05-13 15:21:18,639 [main] INFO  org.mongodb.driver.cluster - Cluster description not yet available. Waiting for 30000 ms before timing out
2022-05-13 15:21:18,736 [cluster-ClusterId{value='627e5b4ed15122570ec38f77', description='null'}-34.89.191.200:27017] INFO  org.mongodb.driver.connection - Opened connection [connectionId{localValue:1, serverValue:923}] to 34.89.191.200:27017
2022-05-13 15:21:18,767 [cluster-ClusterId{value='627e5b4ed15122570ec38f77', description='null'}-34.89.191.200:27017] INFO  org.mongodb.driver.cluster - Monitor thread successfully connected to server with description ServerDescription{address=34.89.191.200:27017, type=REPLICA_SET_PRIMARY, state=CONNECTED, ok=true, version=ServerVersion{versionList=[5, 0, 8]}, minWireVersion=0, maxWireVersion=13, maxDocumentSize=16777216, logicalSessionTimeoutMinutes=30, roundTripTimeNanos=29938042, setName='rs0', canonicalAddress=34.89.191.200:27017, hosts=[34.89.191.200:27017, 34.107.118.41:27017, 35.198.189.29:27017], passives=[], arbiters=[mongodb-arbiter-0.mongodb-arbiter-headless.mongodb-fast.svc.cluster.local:27017], primary='34.89.191.200:27017', tagSet=TagSet{[]}, electionId=7fffffff0000000000000002, setVersion=8, lastWriteDate=Fri May 13 15:21:18 CEST 2022, lastUpdateTimeNanos=352423688057208}
2022-05-13 15:21:19,042 [main] INFO  org.mongodb.driver.connection - Opened connection [connectionId{localValue:2, serverValue:924}] to 34.89.191.200:27017
2022-05-13 15:21:19,143 [main] INFO  d.i.mongodb.perf.OperationExecutor - >>> OperationExecutor threadCount: 10, opsCount: 5000, maxDurationInSeconds: 3600, operation: CountOperation
2022-05-13 15:21:19,143 [main] INFO  d.i.mongodb.perf.OperationExecutor - java execution path: /Users/oscarorellana/Desktop/softcorp/doubble/mongodb-performance-test/latest-version/mongodb-performance-test.jar
2022-05-13 15:21:19,348 [pool-2-thread-10] INFO  org.mongodb.driver.connection - Opened connection [connectionId{localValue:6, serverValue:929}] to 34.89.191.200:27017
2022-05-13 15:21:19,349 [pool-2-thread-6] INFO  org.mongodb.driver.connection - Opened connection [connectionId{localValue:10, serverValue:928}] to 34.89.191.200:27017
2022-05-13 15:21:19,349 [pool-2-thread-8] INFO  org.mongodb.driver.connection - Opened connection [connectionId{localValue:9, serverValue:925}] to 34.89.191.200:27017
2022-05-13 15:21:19,351 [pool-2-thread-5] INFO  org.mongodb.driver.connection - Opened connection [connectionId{localValue:3, serverValue:927}] to 34.89.191.200:27017
2022-05-13 15:21:19,352 [pool-2-thread-7] INFO  org.mongodb.driver.connection - Opened connection [connectionId{localValue:11, serverValue:933}] to 34.89.191.200:27017
2022-05-13 15:21:19,354 [pool-2-thread-4] INFO  org.mongodb.driver.connection - Opened connection [connectionId{localValue:5, serverValue:931}] to 34.89.191.200:27017
2022-05-13 15:21:19,356 [pool-2-thread-2] INFO  org.mongodb.driver.connection - Opened connection [connectionId{localValue:8, serverValue:926}] to 34.89.191.200:27017
2022-05-13 15:21:19,356 [pool-2-thread-9] INFO  org.mongodb.driver.connection - Opened connection [connectionId{localValue:4, serverValue:932}] to 34.89.191.200:27017
2022-05-13 15:21:19,361 [pool-2-thread-1] INFO  org.mongodb.driver.connection - Opened connection [connectionId{localValue:7, serverValue:930}] to 34.89.191.200:27017
13.05.2022 15.21.20 ============================================================

-- Timers ----------------------------------------------------------------------
stats-per-second-COUNT_ONE
             count = 235
         mean rate = 229,82 calls/second
     1-minute rate = 0,00 calls/second
     5-minute rate = 0,00 calls/second
    15-minute rate = 0,00 calls/second
               min = 25,54 milliseconds
               max = 238,66 milliseconds
              mean = 42,23 milliseconds
            stddev = 38,27 milliseconds
            median = 33,07 milliseconds
              75% <= 38,07 milliseconds
              95% <= 56,32 milliseconds
              98% <= 229,91 milliseconds
              99% <= 235,31 milliseconds
            99.9% <= 238,66 milliseconds


13.05.2022 15.21.21 ============================================================

-- Timers ----------------------------------------------------------------------
stats-per-second-COUNT_ONE
             count = 534
         mean rate = 263,88 calls/second
     1-minute rate = 0,00 calls/second
     5-minute rate = 0,00 calls/second
    15-minute rate = 0,00 calls/second
               min = 26,63 milliseconds
               max = 62,47 milliseconds
              mean = 33,84 milliseconds
            stddev = 5,58 milliseconds
            median = 32,42 milliseconds
              75% <= 35,14 milliseconds
              95% <= 44,14 milliseconds
              98% <= 55,34 milliseconds
              99% <= 57,72 milliseconds
            99.9% <= 62,47 milliseconds


13.05.2022 15.21.22 ============================================================

-- Timers ----------------------------------------------------------------------
stats-per-second-COUNT_ONE
             count = 830
         mean rate = 274,78 calls/second
     1-minute rate = 0,00 calls/second
     5-minute rate = 0,00 calls/second
    15-minute rate = 0,00 calls/second
               min = 25,21 milliseconds
               max = 48,47 milliseconds
              mean = 33,22 milliseconds
            stddev = 3,82 milliseconds
            median = 32,50 milliseconds
              75% <= 35,15 milliseconds
              95% <= 41,04 milliseconds
              98% <= 43,39 milliseconds
              99% <= 44,43 milliseconds
            99.9% <= 48,47 milliseconds


13.05.2022 15.21.23 ============================================================

-- Timers ----------------------------------------------------------------------
stats-per-second-COUNT_ONE
             count = 1127
         mean rate = 280,87 calls/second
     1-minute rate = 0,00 calls/second
     5-minute rate = 0,00 calls/second
    15-minute rate = 0,00 calls/second
               min = 27,08 milliseconds
               max = 55,31 milliseconds
              mean = 33,52 milliseconds
            stddev = 4,02 milliseconds
            median = 32,99 milliseconds
              75% <= 35,37 milliseconds
              95% <= 40,64 milliseconds
              98% <= 43,17 milliseconds
              99% <= 55,11 milliseconds
            99.9% <= 55,31 milliseconds


13.05.2022 15.21.24 ============================================================

-- Timers ----------------------------------------------------------------------
stats-per-second-COUNT_ONE
             count = 1418
         mean rate = 283,11 calls/second
     1-minute rate = 283,40 calls/second
     5-minute rate = 283,40 calls/second
    15-minute rate = 283,40 calls/second
               min = 28,12 milliseconds
               max = 51,64 milliseconds
              mean = 34,14 milliseconds
            stddev = 3,82 milliseconds
            median = 33,38 milliseconds
              75% <= 35,81 milliseconds
              95% <= 42,23 milliseconds
              98% <= 45,39 milliseconds
              99% <= 47,05 milliseconds
            99.9% <= 51,64 milliseconds


13.05.2022 15.21.25 ============================================================

-- Timers ----------------------------------------------------------------------
stats-per-second-COUNT_ONE
             count = 1712
         mean rate = 284,80 calls/second
     1-minute rate = 283,40 calls/second
     5-minute rate = 283,40 calls/second
    15-minute rate = 283,40 calls/second
               min = 27,97 milliseconds
               max = 47,40 milliseconds
              mean = 34,12 milliseconds
            stddev = 3,96 milliseconds
            median = 33,35 milliseconds
              75% <= 35,80 milliseconds
              95% <= 42,30 milliseconds
              98% <= 46,39 milliseconds
              99% <= 47,27 milliseconds
            99.9% <= 47,40 milliseconds


13.05.2022 15.21.26 ============================================================

-- Timers ----------------------------------------------------------------------
stats-per-second-COUNT_ONE
             count = 2011
         mean rate = 286,88 calls/second
     1-minute rate = 283,40 calls/second
     5-minute rate = 283,40 calls/second
    15-minute rate = 283,40 calls/second
               min = 27,09 milliseconds
               max = 53,28 milliseconds
              mean = 33,38 milliseconds
            stddev = 3,79 milliseconds
            median = 32,99 milliseconds
              75% <= 35,02 milliseconds
              95% <= 40,16 milliseconds
              98% <= 45,52 milliseconds
              99% <= 45,91 milliseconds
            99.9% <= 53,28 milliseconds


13.05.2022 15.21.27 ============================================================

-- Timers ----------------------------------------------------------------------
stats-per-second-COUNT_ONE
             count = 2315
         mean rate = 289,01 calls/second
     1-minute rate = 283,40 calls/second
     5-minute rate = 283,40 calls/second
    15-minute rate = 283,40 calls/second
               min = 22,04 milliseconds
               max = 47,61 milliseconds
              mean = 33,27 milliseconds
            stddev = 3,39 milliseconds
            median = 33,05 milliseconds
              75% <= 34,74 milliseconds
              95% <= 39,91 milliseconds
              98% <= 41,63 milliseconds
              99% <= 42,01 milliseconds
            99.9% <= 47,61 milliseconds


13.05.2022 15.21.28 ============================================================

-- Timers ----------------------------------------------------------------------
stats-per-second-COUNT_ONE
             count = 2613
         mean rate = 289,91 calls/second
     1-minute rate = 283,40 calls/second
     5-minute rate = 283,40 calls/second
    15-minute rate = 283,40 calls/second
               min = 27,26 milliseconds
               max = 46,52 milliseconds
              mean = 32,98 milliseconds
            stddev = 3,49 milliseconds
            median = 32,53 milliseconds
              75% <= 34,88 milliseconds
              95% <= 39,99 milliseconds
              98% <= 41,92 milliseconds
              99% <= 45,39 milliseconds
            99.9% <= 46,52 milliseconds


13.05.2022 15.21.29 ============================================================

-- Timers ----------------------------------------------------------------------
stats-per-second-COUNT_ONE
             count = 2918
         mean rate = 291,49 calls/second
     1-minute rate = 284,71 calls/second
     5-minute rate = 283,67 calls/second
    15-minute rate = 283,49 calls/second
               min = 25,57 milliseconds
               max = 54,41 milliseconds
              mean = 33,16 milliseconds
            stddev = 4,24 milliseconds
            median = 32,16 milliseconds
              75% <= 34,48 milliseconds
              95% <= 40,75 milliseconds
              98% <= 49,91 milliseconds
              99% <= 50,28 milliseconds
            99.9% <= 54,41 milliseconds


13.05.2022 15.21.30 ============================================================

-- Timers ----------------------------------------------------------------------
stats-per-second-COUNT_ONE
             count = 3223
         mean rate = 292,70 calls/second
     1-minute rate = 284,71 calls/second
     5-minute rate = 283,67 calls/second
    15-minute rate = 283,49 calls/second
               min = 27,65 milliseconds
               max = 42,16 milliseconds
              mean = 32,65 milliseconds
            stddev = 2,86 milliseconds
            median = 32,10 milliseconds
              75% <= 34,10 milliseconds
              95% <= 38,21 milliseconds
              98% <= 40,45 milliseconds
              99% <= 41,10 milliseconds
            99.9% <= 42,16 milliseconds


13.05.2022 15.21.31 ============================================================

-- Timers ----------------------------------------------------------------------
stats-per-second-COUNT_ONE
             count = 3520
         mean rate = 292,97 calls/second
     1-minute rate = 284,71 calls/second
     5-minute rate = 283,67 calls/second
    15-minute rate = 283,49 calls/second
               min = 27,60 milliseconds
               max = 64,33 milliseconds
              mean = 33,28 milliseconds
            stddev = 3,68 milliseconds
            median = 32,82 milliseconds
              75% <= 34,38 milliseconds
              95% <= 39,09 milliseconds
              98% <= 43,77 milliseconds
              99% <= 47,19 milliseconds
            99.9% <= 64,33 milliseconds


13.05.2022 15.21.32 ============================================================

-- Timers ----------------------------------------------------------------------
stats-per-second-COUNT_ONE
             count = 3821
         mean rate = 293,57 calls/second
     1-minute rate = 284,71 calls/second
     5-minute rate = 283,67 calls/second
    15-minute rate = 283,49 calls/second
               min = 27,45 milliseconds
               max = 46,44 milliseconds
              mean = 33,47 milliseconds
            stddev = 3,70 milliseconds
            median = 32,80 milliseconds
              75% <= 35,08 milliseconds
              95% <= 41,46 milliseconds
              98% <= 44,70 milliseconds
              99% <= 45,16 milliseconds
            99.9% <= 46,44 milliseconds


13.05.2022 15.21.33 ============================================================

-- Timers ----------------------------------------------------------------------
stats-per-second-COUNT_ONE
             count = 4089
         mean rate = 291,82 calls/second
     1-minute rate = 284,71 calls/second
     5-minute rate = 283,67 calls/second
    15-minute rate = 283,49 calls/second
               min = 27,43 milliseconds
               max = 103,76 milliseconds
              mean = 37,50 milliseconds
            stddev = 12,68 milliseconds
            median = 33,82 milliseconds
              75% <= 38,24 milliseconds
              95% <= 56,58 milliseconds
              98% <= 101,62 milliseconds
              99% <= 101,92 milliseconds
            99.9% <= 103,76 milliseconds


13.05.2022 15.21.34 ============================================================

-- Timers ----------------------------------------------------------------------
stats-per-second-COUNT_ONE
             count = 4384
         mean rate = 292,05 calls/second
     1-minute rate = 285,41 calls/second
     5-minute rate = 283,83 calls/second
    15-minute rate = 283,55 calls/second
               min = 26,57 milliseconds
               max = 74,04 milliseconds
              mean = 33,57 milliseconds
            stddev = 5,73 milliseconds
            median = 32,72 milliseconds
              75% <= 34,61 milliseconds
              95% <= 40,99 milliseconds
              98% <= 56,05 milliseconds
              99% <= 64,69 milliseconds
            99.9% <= 74,04 milliseconds


13.05.2022 15.21.35 ============================================================

-- Timers ----------------------------------------------------------------------
stats-per-second-COUNT_ONE
             count = 4684
         mean rate = 292,54 calls/second
     1-minute rate = 285,41 calls/second
     5-minute rate = 283,83 calls/second
    15-minute rate = 283,55 calls/second
               min = 26,56 milliseconds
               max = 41,72 milliseconds
              mean = 33,07 milliseconds
            stddev = 3,20 milliseconds
            median = 32,86 milliseconds
              75% <= 34,73 milliseconds
              95% <= 39,78 milliseconds
              98% <= 40,81 milliseconds
              99% <= 40,99 milliseconds
            99.9% <= 41,72 milliseconds


13.05.2022 15.21.36 ============================================================

-- Timers ----------------------------------------------------------------------
stats-per-second-COUNT_ONE
             count = 4988
         mean rate = 293,20 calls/second
     1-minute rate = 285,41 calls/second
     5-minute rate = 283,83 calls/second
    15-minute rate = 283,55 calls/second
               min = 27,35 milliseconds
               max = 40,77 milliseconds
              mean = 32,95 milliseconds
            stddev = 2,74 milliseconds
            median = 32,58 milliseconds
              75% <= 34,81 milliseconds
              95% <= 37,64 milliseconds
              98% <= 39,15 milliseconds
              99% <= 39,71 milliseconds
            99.9% <= 40,77 milliseconds


2022-05-13 15:21:36,193 [pool-1-thread-1] INFO  d.i.mongodb.perf.OperationExecutor - Done (in time) in 17044 ms 
2022-05-13 15:21:36,194 [main] INFO  d.i.mongodb.perf.MongoDbAccessor - >>> closeConnections 34.89.191.200:27017
2022-05-13 15:21:36,194 [pool-1-thread-1] INFO  d.i.mongodb.perf.OperationExecutor - affected documents: 5000
2022-05-13 15:21:36,194 [pool-1-thread-1] INFO  d.i.mongodb.perf.OperationExecutor - count: 5000
2022-05-13 15:21:36,194 [pool-1-thread-1] INFO  d.i.mongodb.perf.OperationExecutor - FifteenMinuteRate: 283.545756642811
2022-05-13 15:21:36,194 [pool-1-thread-1] INFO  d.i.mongodb.perf.OperationExecutor - FiveMinuteRate: 283.64168110712495
2022-05-13 15:21:36,194 [pool-1-thread-1] INFO  d.i.mongodb.perf.OperationExecutor - OneMinuteRate: 285.2514001583912
2022-05-13 15:21:36,194 [pool-1-thread-1] INFO  d.i.mongodb.perf.OperationExecutor - MeanRate: 293.3056691336949
2022-05-13 15:21:36,196 [pool-1-thread-1] INFO  d.i.mongodb.perf.OperationExecutor - Snapshot 75thPercentile: 34.865249999999996
2022-05-13 15:21:36,196 [pool-1-thread-1] INFO  d.i.mongodb.perf.OperationExecutor - Snapshot 95thPercentile: 41.834125
2022-05-13 15:21:36,196 [pool-1-thread-1] INFO  d.i.mongodb.perf.OperationExecutor - Snapshot 98thPercentile: 46.485166
2022-05-13 15:21:36,196 [pool-1-thread-1] INFO  d.i.mongodb.perf.OperationExecutor - Snapshot 99thPercentile: 55.374916
2022-05-13 15:21:36,196 [pool-1-thread-1] INFO  d.i.mongodb.perf.OperationExecutor - Snapshot 999thPercentile: 223.67679199999998
2022-05-13 15:21:36,196 [pool-1-thread-1] INFO  d.i.mongodb.perf.OperationExecutor - Snapshot Min: 25.214707999999998
2022-05-13 15:21:36,196 [pool-1-thread-1] INFO  d.i.mongodb.perf.OperationExecutor - Snapshot Max: 229.94574999999998
2022-05-13 15:21:36,196 [pool-1-thread-1] INFO  d.i.mongodb.perf.OperationExecutor - Snapshot Mean: 34.100930890029815
2022-05-13 15:21:36,196 [pool-1-thread-1] INFO  d.i.mongodb.perf.OperationExecutor - Snapshot Median: 32.858875
2022-05-13 15:21:36,196 [pool-1-thread-1] INFO  d.i.mongodb.perf.OperationExecutor - Snapshot StdDev: 9.655161021568679
2022-05-13 15:21:36,196 [pool-1-thread-1] INFO  d.i.mongodb.perf.OperationExecutor - Snapshot Size: 1028
13.05.2022 15.21.36 ============================================================

-- Timers ----------------------------------------------------------------------
stats-per-run-COUNT_ONE
             count = 5000
         mean rate = 293,25 calls/second
     1-minute rate = 285,25 calls/second
     5-minute rate = 283,64 calls/second
    15-minute rate = 283,55 calls/second
               min = 25,21 milliseconds
               max = 229,95 milliseconds
              mean = 34,10 milliseconds
            stddev = 9,66 milliseconds
            median = 32,86 milliseconds
              75% <= 34,87 milliseconds
              95% <= 41,83 milliseconds
              98% <= 46,49 milliseconds
              99% <= 55,37 milliseconds
            99.9% <= 223,68 milliseconds


2022-05-13 15:21:36,199 [pool-1-thread-1] INFO  d.i.mongodb.perf.OperationExecutor - stopReporters
2022-05-13 15:21:36,199 [pool-1-thread-1] INFO  d.i.mongodb.perf.OperationExecutor - consoleReporter stopped
2022-05-13 15:21:36,199 [pool-1-thread-1] INFO  d.i.mongodb.perf.OperationExecutor - allConsoleReporter stopped
2022-05-13 15:21:36,199 [pool-1-thread-1] INFO  d.i.mongodb.perf.OperationExecutor - csvReporter stopped
2022-05-13 15:21:36,199 [pool-1-thread-1] INFO  d.i.mongodb.perf.OperationExecutor - If run took more than 1 second, csv-file 'stats-per-second-COUNT_ONE.csv' saved in folder: /Users/oscarorellana/Desktop/softcorp/doubble/mongodb-performance-test/latest-version
2022-05-13 15:21:36,200 [pool-1-thread-1] INFO  d.i.mongodb.perf.OperationExecutor - csvReporterAll stopped
2022-05-13 15:21:36,200 [pool-1-thread-1] INFO  d.i.mongodb.perf.OperationExecutor - Summary of statistics saved in csv-file 'stats-per-run-COUNT_ONE.csv' located in folder: /Users/oscarorellana/Desktop/softcorp/doubble/mongodb-performance-test/latest-version
2022-05-13 15:21:36,223 [main] INFO  org.mongodb.driver.connection - Closed connection [connectionId{localValue:8, serverValue:926}] to 34.89.191.200:27017 because the pool has been closed.
2022-05-13 15:21:36,224 [main] INFO  org.mongodb.driver.connection - Closed connection [connectionId{localValue:5, serverValue:931}] to 34.89.191.200:27017 because the pool has been closed.
2022-05-13 15:21:36,224 [main] INFO  org.mongodb.driver.connection - Closed connection [connectionId{localValue:2, serverValue:924}] to 34.89.191.200:27017 because the pool has been closed.
2022-05-13 15:21:36,224 [main] INFO  org.mongodb.driver.connection - Closed connection [connectionId{localValue:10, serverValue:928}] to 34.89.191.200:27017 because the pool has been closed.
2022-05-13 15:21:36,225 [main] INFO  org.mongodb.driver.connection - Closed connection [connectionId{localValue:7, serverValue:930}] to 34.89.191.200:27017 because the pool has been closed.
2022-05-13 15:21:36,225 [main] INFO  org.mongodb.driver.connection - Closed connection [connectionId{localValue:11, serverValue:933}] to 34.89.191.200:27017 because the pool has been closed.
2022-05-13 15:21:36,225 [main] INFO  org.mongodb.driver.connection - Closed connection [connectionId{localValue:4, serverValue:932}] to 34.89.191.200:27017 because the pool has been closed.
2022-05-13 15:21:36,225 [main] INFO  org.mongodb.driver.connection - Closed connection [connectionId{localValue:9, serverValue:925}] to 34.89.191.200:27017 because the pool has been closed.
2022-05-13 15:21:36,225 [main] INFO  org.mongodb.driver.connection - Closed connection [connectionId{localValue:3, serverValue:927}] to 34.89.191.200:27017 because the pool has been closed.
2022-05-13 15:21:36,225 [main] INFO  org.mongodb.driver.connection - Closed connection [connectionId{localValue:6, serverValue:929}] to 34.89.191.200:27017 because the pool has been closed.
2022-05-13 15:21:36,226 [main] INFO  d.i.mongodb.perf.MongoDbAccessor - <<< closeConnections 34.89.191.200:27017
