2022-05-13 15:21:54,278 [main] INFO  d.i.mongodb.perf.MongoDbAccessor - >>> init 34.89.191.200:27017
2022-05-13 15:21:54,366 [main] INFO  org.mongodb.driver.cluster - Cluster created with settings {hosts=[34.89.191.200:27017], mode=SINGLE, requiredClusterType=UNKNOWN, serverSelectionTimeout='30000 ms', maxWaitQueueSize=50000}
2022-05-13 15:21:54,377 [main] INFO  d.i.mongodb.perf.MongoDbAccessor - <<< init
2022-05-13 15:21:54,383 [main] INFO  org.mongodb.driver.cluster - Cluster description not yet available. Waiting for 30000 ms before timing out
2022-05-13 15:21:54,478 [cluster-ClusterId{value='627e5b72916c67323fd7ce7f', description='null'}-34.89.191.200:27017] INFO  org.mongodb.driver.connection - Opened connection [connectionId{localValue:1, serverValue:963}] to 34.89.191.200:27017
2022-05-13 15:21:54,512 [cluster-ClusterId{value='627e5b72916c67323fd7ce7f', description='null'}-34.89.191.200:27017] INFO  org.mongodb.driver.cluster - Monitor thread successfully connected to server with description ServerDescription{address=34.89.191.200:27017, type=REPLICA_SET_PRIMARY, state=CONNECTED, ok=true, version=ServerVersion{versionList=[5, 0, 8]}, minWireVersion=0, maxWireVersion=13, maxDocumentSize=16777216, logicalSessionTimeoutMinutes=30, roundTripTimeNanos=33090708, setName='rs0', canonicalAddress=34.89.191.200:27017, hosts=[34.89.191.200:27017, 34.107.118.41:27017, 35.198.189.29:27017], passives=[], arbiters=[mongodb-arbiter-0.mongodb-arbiter-headless.mongodb-fast.svc.cluster.local:27017], primary='34.89.191.200:27017', tagSet=TagSet{[]}, electionId=7fffffff0000000000000002, setVersion=8, lastWriteDate=Fri May 13 15:21:48 CEST 2022, lastUpdateTimeNanos=352459433036416}
2022-05-13 15:21:54,819 [main] INFO  org.mongodb.driver.connection - Opened connection [connectionId{localValue:2, serverValue:964}] to 34.89.191.200:27017
2022-05-13 15:21:54,926 [main] INFO  d.i.mongodb.perf.OperationExecutor - >>> OperationExecutor threadCount: 10, opsCount: 5000, maxDurationInSeconds: 3600, operation: IterateOperation
2022-05-13 15:21:54,927 [main] INFO  d.i.mongodb.perf.OperationExecutor - java execution path: /Users/oscarorellana/Desktop/softcorp/doubble/mongodb-performance-test/latest-version/mongodb-performance-test.jar
2022-05-13 15:21:55,124 [pool-2-thread-6] INFO  org.mongodb.driver.connection - Opened connection [connectionId{localValue:9, serverValue:966}] to 34.89.191.200:27017
2022-05-13 15:21:55,134 [pool-2-thread-5] INFO  org.mongodb.driver.connection - Opened connection [connectionId{localValue:8, serverValue:970}] to 34.89.191.200:27017
2022-05-13 15:21:55,134 [pool-2-thread-7] INFO  org.mongodb.driver.connection - Opened connection [connectionId{localValue:6, serverValue:969}] to 34.89.191.200:27017
2022-05-13 15:21:55,136 [pool-2-thread-8] INFO  org.mongodb.driver.connection - Opened connection [connectionId{localValue:3, serverValue:965}] to 34.89.191.200:27017
2022-05-13 15:21:55,136 [pool-2-thread-4] INFO  org.mongodb.driver.connection - Opened connection [connectionId{localValue:11, serverValue:973}] to 34.89.191.200:27017
2022-05-13 15:21:55,136 [pool-2-thread-9] INFO  org.mongodb.driver.connection - Opened connection [connectionId{localValue:7, serverValue:971}] to 34.89.191.200:27017
2022-05-13 15:21:55,136 [pool-2-thread-1] INFO  org.mongodb.driver.connection - Opened connection [connectionId{localValue:5, serverValue:972}] to 34.89.191.200:27017
2022-05-13 15:21:55,137 [pool-2-thread-3] INFO  org.mongodb.driver.connection - Opened connection [connectionId{localValue:10, serverValue:968}] to 34.89.191.200:27017
2022-05-13 15:21:55,137 [pool-2-thread-2] INFO  org.mongodb.driver.connection - Opened connection [connectionId{localValue:4, serverValue:967}] to 34.89.191.200:27017
13.05.2022 15.21.55 ============================================================

-- Timers ----------------------------------------------------------------------
stats-per-second-ITERATE_ONE
             count = 247
         mean rate = 245,48 calls/second
     1-minute rate = 0,00 calls/second
     5-minute rate = 0,00 calls/second
    15-minute rate = 0,00 calls/second
               min = 27,21 milliseconds
               max = 234,46 milliseconds
              mean = 39,86 milliseconds
            stddev = 37,16 milliseconds
            median = 32,36 milliseconds
              75% <= 34,77 milliseconds
              95% <= 40,97 milliseconds
              98% <= 232,49 milliseconds
              99% <= 234,09 milliseconds
            99.9% <= 234,46 milliseconds


13.05.2022 15.21.56 ============================================================

-- Timers ----------------------------------------------------------------------
stats-per-second-ITERATE_ONE
             count = 550
         mean rate = 273,04 calls/second
     1-minute rate = 0,00 calls/second
     5-minute rate = 0,00 calls/second
    15-minute rate = 0,00 calls/second
               min = 27,26 milliseconds
               max = 55,59 milliseconds
              mean = 33,53 milliseconds
            stddev = 3,76 milliseconds
            median = 32,92 milliseconds
              75% <= 35,57 milliseconds
              95% <= 40,02 milliseconds
              98% <= 43,08 milliseconds
              99% <= 47,77 milliseconds
            99.9% <= 55,59 milliseconds


13.05.2022 15.21.57 ============================================================

-- Timers ----------------------------------------------------------------------
stats-per-second-ITERATE_ONE
             count = 835
         mean rate = 277,39 calls/second
     1-minute rate = 0,00 calls/second
     5-minute rate = 0,00 calls/second
    15-minute rate = 0,00 calls/second
               min = 25,90 milliseconds
               max = 55,59 milliseconds
              mean = 34,59 milliseconds
            stddev = 5,68 milliseconds
            median = 33,02 milliseconds
              75% <= 35,50 milliseconds
              95% <= 49,52 milliseconds
              98% <= 52,26 milliseconds
              99% <= 53,27 milliseconds
            99.9% <= 55,59 milliseconds


13.05.2022 15.21.58 ============================================================

-- Timers ----------------------------------------------------------------------
stats-per-second-ITERATE_ONE
             count = 1136
         mean rate = 283,11 calls/second
     1-minute rate = 0,00 calls/second
     5-minute rate = 0,00 calls/second
    15-minute rate = 0,00 calls/second
               min = 27,62 milliseconds
               max = 81,92 milliseconds
              mean = 33,04 milliseconds
            stddev = 6,44 milliseconds
            median = 32,01 milliseconds
              75% <= 33,77 milliseconds
              95% <= 37,62 milliseconds
              98% <= 55,91 milliseconds
              99% <= 76,24 milliseconds
            99.9% <= 81,92 milliseconds


13.05.2022 15.21.59 ============================================================

-- Timers ----------------------------------------------------------------------
stats-per-second-ITERATE_ONE
             count = 1445
         mean rate = 288,45 calls/second
     1-minute rate = 289,00 calls/second
     5-minute rate = 289,00 calls/second
    15-minute rate = 289,00 calls/second
               min = 26,90 milliseconds
               max = 46,72 milliseconds
              mean = 32,26 milliseconds
            stddev = 3,05 milliseconds
            median = 31,62 milliseconds
              75% <= 33,88 milliseconds
              95% <= 38,06 milliseconds
              98% <= 39,72 milliseconds
              99% <= 42,87 milliseconds
            99.9% <= 46,72 milliseconds


13.05.2022 15.22.00 ============================================================

-- Timers ----------------------------------------------------------------------
stats-per-second-ITERATE_ONE
             count = 1720
         mean rate = 286,11 calls/second
     1-minute rate = 289,00 calls/second
     5-minute rate = 289,00 calls/second
    15-minute rate = 289,00 calls/second
               min = 28,16 milliseconds
               max = 62,43 milliseconds
              mean = 36,41 milliseconds
            stddev = 7,33 milliseconds
            median = 33,96 milliseconds
              75% <= 38,16 milliseconds
              95% <= 54,21 milliseconds
              98% <= 57,90 milliseconds
              99% <= 59,16 milliseconds
            99.9% <= 62,43 milliseconds


13.05.2022 15.22.01 ============================================================

-- Timers ----------------------------------------------------------------------
stats-per-second-ITERATE_ONE
             count = 2025
         mean rate = 288,76 calls/second
     1-minute rate = 289,00 calls/second
     5-minute rate = 289,00 calls/second
    15-minute rate = 289,00 calls/second
               min = 27,07 milliseconds
               max = 45,24 milliseconds
              mean = 33,25 milliseconds
            stddev = 3,22 milliseconds
            median = 32,85 milliseconds
              75% <= 35,00 milliseconds
              95% <= 39,62 milliseconds
              98% <= 41,30 milliseconds
              99% <= 43,15 milliseconds
            99.9% <= 45,24 milliseconds


13.05.2022 15.22.02 ============================================================

-- Timers ----------------------------------------------------------------------
stats-per-second-ITERATE_ONE
             count = 2317
         mean rate = 289,29 calls/second
     1-minute rate = 289,00 calls/second
     5-minute rate = 289,00 calls/second
    15-minute rate = 289,00 calls/second
               min = 27,39 milliseconds
               max = 55,15 milliseconds
              mean = 33,96 milliseconds
            stddev = 4,75 milliseconds
            median = 32,76 milliseconds
              75% <= 35,71 milliseconds
              95% <= 45,62 milliseconds
              98% <= 47,09 milliseconds
              99% <= 52,53 milliseconds
            99.9% <= 55,15 milliseconds


13.05.2022 15.22.03 ============================================================

-- Timers ----------------------------------------------------------------------
stats-per-second-ITERATE_ONE
             count = 2607
         mean rate = 289,38 calls/second
     1-minute rate = 289,00 calls/second
     5-minute rate = 289,00 calls/second
    15-minute rate = 289,00 calls/second
               min = 22,19 milliseconds
               max = 54,44 milliseconds
              mean = 34,54 milliseconds
            stddev = 4,94 milliseconds
            median = 33,05 milliseconds
              75% <= 36,90 milliseconds
              95% <= 45,47 milliseconds
              98% <= 48,63 milliseconds
              99% <= 50,83 milliseconds
            99.9% <= 54,44 milliseconds


13.05.2022 15.22.04 ============================================================

-- Timers ----------------------------------------------------------------------
stats-per-second-ITERATE_ONE
             count = 2910
         mean rate = 290,52 calls/second
     1-minute rate = 289,16 calls/second
     5-minute rate = 289,03 calls/second
    15-minute rate = 289,01 calls/second
               min = 26,98 milliseconds
               max = 50,50 milliseconds
              mean = 33,42 milliseconds
            stddev = 4,19 milliseconds
            median = 32,65 milliseconds
              75% <= 34,81 milliseconds
              95% <= 43,82 milliseconds
              98% <= 47,58 milliseconds
              99% <= 48,53 milliseconds
            99.9% <= 50,50 milliseconds


13.05.2022 15.22.05 ============================================================

-- Timers ----------------------------------------------------------------------
stats-per-second-ITERATE_ONE
             count = 3199
         mean rate = 290,54 calls/second
     1-minute rate = 289,16 calls/second
     5-minute rate = 289,03 calls/second
    15-minute rate = 289,01 calls/second
               min = 27,98 milliseconds
               max = 51,63 milliseconds
              mean = 34,05 milliseconds
            stddev = 3,99 milliseconds
            median = 33,31 milliseconds
              75% <= 36,16 milliseconds
              95% <= 40,71 milliseconds
              98% <= 45,35 milliseconds
              99% <= 49,74 milliseconds
            99.9% <= 51,63 milliseconds


13.05.2022 15.22.06 ============================================================

-- Timers ----------------------------------------------------------------------
stats-per-second-ITERATE_ONE
             count = 3502
         mean rate = 291,67 calls/second
     1-minute rate = 289,16 calls/second
     5-minute rate = 289,03 calls/second
    15-minute rate = 289,01 calls/second
               min = 27,19 milliseconds
               max = 44,13 milliseconds
              mean = 32,66 milliseconds
            stddev = 3,17 milliseconds
            median = 32,19 milliseconds
              75% <= 34,56 milliseconds
              95% <= 38,40 milliseconds
              98% <= 40,77 milliseconds
              99% <= 41,91 milliseconds
            99.9% <= 44,13 milliseconds


13.05.2022 15.22.07 ============================================================

-- Timers ----------------------------------------------------------------------
stats-per-second-ITERATE_ONE
             count = 3767
         mean rate = 289,51 calls/second
     1-minute rate = 289,16 calls/second
     5-minute rate = 289,03 calls/second
    15-minute rate = 289,01 calls/second
               min = 26,15 milliseconds
               max = 104,15 milliseconds
              mean = 37,41 milliseconds
            stddev = 13,25 milliseconds
            median = 34,47 milliseconds
              75% <= 38,01 milliseconds
              95% <= 47,10 milliseconds
              98% <= 103,60 milliseconds
              99% <= 103,89 milliseconds
            99.9% <= 104,15 milliseconds


13.05.2022 15.22.08 ============================================================

-- Timers ----------------------------------------------------------------------
stats-per-second-ITERATE_ONE
             count = 4009
         mean rate = 285,98 calls/second
     1-minute rate = 289,16 calls/second
     5-minute rate = 289,03 calls/second
    15-minute rate = 289,01 calls/second
               min = 27,42 milliseconds
               max = 91,96 milliseconds
              mean = 41,31 milliseconds
            stddev = 13,32 milliseconds
            median = 35,81 milliseconds
              75% <= 44,12 milliseconds
              95% <= 73,07 milliseconds
              98% <= 81,52 milliseconds
              99% <= 86,26 milliseconds
            99.9% <= 91,96 milliseconds


13.05.2022 15.22.09 ============================================================

-- Timers ----------------------------------------------------------------------
stats-per-second-ITERATE_ONE
             count = 4299
         mean rate = 286,33 calls/second
     1-minute rate = 288,27 calls/second
     5-minute rate = 288,85 calls/second
    15-minute rate = 288,95 calls/second
               min = 27,40 milliseconds
               max = 76,03 milliseconds
              mean = 35,65 milliseconds
            stddev = 6,95 milliseconds
            median = 33,91 milliseconds
              75% <= 37,22 milliseconds
              95% <= 49,48 milliseconds
              98% <= 64,39 milliseconds
              99% <= 67,45 milliseconds
            99.9% <= 76,03 milliseconds


13.05.2022 15.22.10 ============================================================

-- Timers ----------------------------------------------------------------------
stats-per-second-ITERATE_ONE
             count = 4594
         mean rate = 286,86 calls/second
     1-minute rate = 288,27 calls/second
     5-minute rate = 288,85 calls/second
    15-minute rate = 288,95 calls/second
               min = 26,66 milliseconds
               max = 46,15 milliseconds
              mean = 33,19 milliseconds
            stddev = 3,34 milliseconds
            median = 32,89 milliseconds
              75% <= 35,01 milliseconds
              95% <= 39,47 milliseconds
              98% <= 43,13 milliseconds
              99% <= 44,50 milliseconds
            99.9% <= 46,15 milliseconds


13.05.2022 15.22.11 ============================================================

-- Timers ----------------------------------------------------------------------
stats-per-second-ITERATE_ONE
             count = 4897
         mean rate = 287,88 calls/second
     1-minute rate = 288,27 calls/second
     5-minute rate = 288,85 calls/second
    15-minute rate = 288,95 calls/second
               min = 26,11 milliseconds
               max = 44,21 milliseconds
              mean = 33,16 milliseconds
            stddev = 2,98 milliseconds
            median = 32,84 milliseconds
              75% <= 34,84 milliseconds
              95% <= 39,22 milliseconds
              98% <= 40,71 milliseconds
              99% <= 41,24 milliseconds
            99.9% <= 44,21 milliseconds


2022-05-13 15:22:12,276 [pool-1-thread-1] INFO  d.i.mongodb.perf.OperationExecutor - Done (in time) in 17342 ms 
2022-05-13 15:22:12,278 [pool-1-thread-1] INFO  d.i.mongodb.perf.OperationExecutor - affected documents: 5000
2022-05-13 15:22:12,278 [pool-1-thread-1] INFO  d.i.mongodb.perf.OperationExecutor - count: 5000
2022-05-13 15:22:12,278 [pool-1-thread-1] INFO  d.i.mongodb.perf.OperationExecutor - FifteenMinuteRate: 288.95007724547577
2022-05-13 15:22:12,278 [pool-1-thread-1] INFO  d.i.mongodb.perf.OperationExecutor - FiveMinuteRate: 288.85069669871706
2022-05-13 15:22:12,279 [pool-1-thread-1] INFO  d.i.mongodb.perf.OperationExecutor - OneMinuteRate: 288.2676139404
2022-05-13 15:22:12,281 [pool-1-thread-1] INFO  d.i.mongodb.perf.OperationExecutor - MeanRate: 288.18288638727967
2022-05-13 15:22:12,292 [main] INFO  d.i.mongodb.perf.MongoDbAccessor - >>> closeConnections 34.89.191.200:27017
2022-05-13 15:22:12,293 [pool-1-thread-1] INFO  d.i.mongodb.perf.OperationExecutor - Snapshot 75thPercentile: 35.484166
2022-05-13 15:22:12,293 [pool-1-thread-1] INFO  d.i.mongodb.perf.OperationExecutor - Snapshot 95thPercentile: 44.1695
2022-05-13 15:22:12,293 [pool-1-thread-1] INFO  d.i.mongodb.perf.OperationExecutor - Snapshot 98thPercentile: 52.226665999999994
2022-05-13 15:22:12,293 [pool-1-thread-1] INFO  d.i.mongodb.perf.OperationExecutor - Snapshot 99thPercentile: 60.575083
2022-05-13 15:22:12,293 [pool-1-thread-1] INFO  d.i.mongodb.perf.OperationExecutor - Snapshot 999thPercentile: 103.834291
2022-05-13 15:22:12,293 [pool-1-thread-1] INFO  d.i.mongodb.perf.OperationExecutor - Snapshot Min: 25.904625
2022-05-13 15:22:12,293 [pool-1-thread-1] INFO  d.i.mongodb.perf.OperationExecutor - Snapshot Max: 234.491292
2022-05-13 15:22:12,293 [pool-1-thread-1] INFO  d.i.mongodb.perf.OperationExecutor - Snapshot Mean: 34.38968271952946
2022-05-13 15:22:12,293 [pool-1-thread-1] INFO  d.i.mongodb.perf.OperationExecutor - Snapshot Median: 32.810334
2022-05-13 15:22:12,293 [pool-1-thread-1] INFO  d.i.mongodb.perf.OperationExecutor - Snapshot StdDev: 8.699969562497625
2022-05-13 15:22:12,293 [pool-1-thread-1] INFO  d.i.mongodb.perf.OperationExecutor - Snapshot Size: 1028
13.05.2022 15.22.12 ============================================================

-- Timers ----------------------------------------------------------------------
stats-per-run-ITERATE_ONE
             count = 5000
         mean rate = 287,96 calls/second
     1-minute rate = 288,27 calls/second
     5-minute rate = 288,85 calls/second
    15-minute rate = 288,95 calls/second
               min = 25,90 milliseconds
               max = 234,49 milliseconds
              mean = 34,39 milliseconds
            stddev = 8,70 milliseconds
            median = 32,81 milliseconds
              75% <= 35,48 milliseconds
              95% <= 44,17 milliseconds
              98% <= 52,23 milliseconds
              99% <= 60,58 milliseconds
            99.9% <= 103,83 milliseconds


2022-05-13 15:22:12,297 [pool-1-thread-1] INFO  d.i.mongodb.perf.OperationExecutor - stopReporters
2022-05-13 15:22:12,297 [pool-1-thread-1] INFO  d.i.mongodb.perf.OperationExecutor - consoleReporter stopped
2022-05-13 15:22:12,297 [pool-1-thread-1] INFO  d.i.mongodb.perf.OperationExecutor - allConsoleReporter stopped
2022-05-13 15:22:12,298 [pool-1-thread-1] INFO  d.i.mongodb.perf.OperationExecutor - csvReporter stopped
2022-05-13 15:22:12,298 [pool-1-thread-1] INFO  d.i.mongodb.perf.OperationExecutor - If run took more than 1 second, csv-file 'stats-per-second-ITERATE_ONE.csv' saved in folder: /Users/oscarorellana/Desktop/softcorp/doubble/mongodb-performance-test/latest-version
2022-05-13 15:22:12,298 [pool-1-thread-1] INFO  d.i.mongodb.perf.OperationExecutor - csvReporterAll stopped
2022-05-13 15:22:12,298 [pool-1-thread-1] INFO  d.i.mongodb.perf.OperationExecutor - Summary of statistics saved in csv-file 'stats-per-run-ITERATE_ONE.csv' located in folder: /Users/oscarorellana/Desktop/softcorp/doubble/mongodb-performance-test/latest-version
2022-05-13 15:22:12,330 [main] INFO  org.mongodb.driver.connection - Closed connection [connectionId{localValue:8, serverValue:970}] to 34.89.191.200:27017 because the pool has been closed.
2022-05-13 15:22:12,332 [main] INFO  org.mongodb.driver.connection - Closed connection [connectionId{localValue:9, serverValue:966}] to 34.89.191.200:27017 because the pool has been closed.
2022-05-13 15:22:12,332 [main] INFO  org.mongodb.driver.connection - Closed connection [connectionId{localValue:6, serverValue:969}] to 34.89.191.200:27017 because the pool has been closed.
2022-05-13 15:22:12,332 [main] INFO  org.mongodb.driver.connection - Closed connection [connectionId{localValue:7, serverValue:971}] to 34.89.191.200:27017 because the pool has been closed.
2022-05-13 15:22:12,332 [main] INFO  org.mongodb.driver.connection - Closed connection [connectionId{localValue:10, serverValue:968}] to 34.89.191.200:27017 because the pool has been closed.
2022-05-13 15:22:12,333 [main] INFO  org.mongodb.driver.connection - Closed connection [connectionId{localValue:11, serverValue:973}] to 34.89.191.200:27017 because the pool has been closed.
2022-05-13 15:22:12,333 [main] INFO  org.mongodb.driver.connection - Closed connection [connectionId{localValue:5, serverValue:972}] to 34.89.191.200:27017 because the pool has been closed.
2022-05-13 15:22:12,333 [main] INFO  org.mongodb.driver.connection - Closed connection [connectionId{localValue:4, serverValue:967}] to 34.89.191.200:27017 because the pool has been closed.
2022-05-13 15:22:12,333 [main] INFO  org.mongodb.driver.connection - Closed connection [connectionId{localValue:2, serverValue:964}] to 34.89.191.200:27017 because the pool has been closed.
2022-05-13 15:22:12,333 [main] INFO  org.mongodb.driver.connection - Closed connection [connectionId{localValue:3, serverValue:965}] to 34.89.191.200:27017 because the pool has been closed.
2022-05-13 15:22:12,334 [main] INFO  d.i.mongodb.perf.MongoDbAccessor - <<< closeConnections 34.89.191.200:27017
