2022-05-13 15:23:15,944 [main] INFO  d.i.mongodb.perf.MongoDbAccessor - >>> init 34.89.191.200:27017
2022-05-13 15:23:16,032 [main] INFO  org.mongodb.driver.cluster - Cluster created with settings {hosts=[34.89.191.200:27017], mode=SINGLE, requiredClusterType=UNKNOWN, serverSelectionTimeout='30000 ms', maxWaitQueueSize=50000}
2022-05-13 15:23:16,042 [main] INFO  d.i.mongodb.perf.MongoDbAccessor - <<< init
2022-05-13 15:23:16,048 [main] INFO  org.mongodb.driver.cluster - Cluster description not yet available. Waiting for 30000 ms before timing out
2022-05-13 15:23:16,140 [cluster-ClusterId{value='627e5bc4fb148c63aa87c4bd', description='null'}-34.89.191.200:27017] INFO  org.mongodb.driver.connection - Opened connection [connectionId{localValue:1, serverValue:1025}] to 34.89.191.200:27017
2022-05-13 15:23:16,170 [cluster-ClusterId{value='627e5bc4fb148c63aa87c4bd', description='null'}-34.89.191.200:27017] INFO  org.mongodb.driver.cluster - Monitor thread successfully connected to server with description ServerDescription{address=34.89.191.200:27017, type=REPLICA_SET_PRIMARY, state=CONNECTED, ok=true, version=ServerVersion{versionList=[5, 0, 8]}, minWireVersion=0, maxWireVersion=13, maxDocumentSize=16777216, logicalSessionTimeoutMinutes=30, roundTripTimeNanos=28456333, setName='rs0', canonicalAddress=34.89.191.200:27017, hosts=[34.89.191.200:27017, 34.107.118.41:27017, 35.198.189.29:27017], passives=[], arbiters=[mongodb-arbiter-0.mongodb-arbiter-headless.mongodb-fast.svc.cluster.local:27017], primary='34.89.191.200:27017', tagSet=TagSet{[]}, electionId=7fffffff0000000000000002, setVersion=8, lastWriteDate=Fri May 13 15:23:08 CEST 2022, lastUpdateTimeNanos=352541090419333}
2022-05-13 15:23:16,408 [main] INFO  org.mongodb.driver.connection - Opened connection [connectionId{localValue:2, serverValue:1026}] to 34.89.191.200:27017
2022-05-13 15:23:16,507 [main] INFO  de.idealo.mongodb.perf.Main - drop database 'test'
2022-05-13 15:23:16,547 [main] INFO  de.idealo.mongodb.perf.Main - database 'test' dropped
2022-05-13 15:23:16,548 [main] INFO  d.i.mongodb.perf.OperationExecutor - >>> OperationExecutor threadCount: 10, opsCount: 20000, maxDurationInSeconds: 3600, operation: InsertOperation
2022-05-13 15:23:16,548 [main] INFO  d.i.mongodb.perf.OperationExecutor - java execution path: /Users/oscarorellana/Desktop/softcorp/doubble/mongodb-performance-test/latest-version/mongodb-performance-test.jar
2022-05-13 15:23:16,734 [pool-2-thread-7] INFO  org.mongodb.driver.connection - Opened connection [connectionId{localValue:9, serverValue:1032}] to 34.89.191.200:27017
2022-05-13 15:23:16,750 [pool-2-thread-4] INFO  org.mongodb.driver.connection - Opened connection [connectionId{localValue:3, serverValue:1027}] to 34.89.191.200:27017
2022-05-13 15:23:16,752 [pool-2-thread-8] INFO  org.mongodb.driver.connection - Opened connection [connectionId{localValue:11, serverValue:1034}] to 34.89.191.200:27017
2022-05-13 15:23:16,752 [pool-2-thread-3] INFO  org.mongodb.driver.connection - Opened connection [connectionId{localValue:5, serverValue:1029}] to 34.89.191.200:27017
2022-05-13 15:23:16,752 [pool-2-thread-2] INFO  org.mongodb.driver.connection - Opened connection [connectionId{localValue:4, serverValue:1030}] to 34.89.191.200:27017
2022-05-13 15:23:16,752 [pool-2-thread-5] INFO  org.mongodb.driver.connection - Opened connection [connectionId{localValue:6, serverValue:1031}] to 34.89.191.200:27017
2022-05-13 15:23:16,752 [pool-2-thread-6] INFO  org.mongodb.driver.connection - Opened connection [connectionId{localValue:10, serverValue:1035}] to 34.89.191.200:27017
2022-05-13 15:23:16,752 [pool-2-thread-9] INFO  org.mongodb.driver.connection - Opened connection [connectionId{localValue:8, serverValue:1028}] to 34.89.191.200:27017
2022-05-13 15:23:16,752 [pool-2-thread-10] INFO  org.mongodb.driver.connection - Opened connection [connectionId{localValue:7, serverValue:1033}] to 34.89.191.200:27017
13.05.2022 15.23.17 ============================================================

-- Timers ----------------------------------------------------------------------
stats-per-second-INSERT
             count = 199
         mean rate = 195,86 calls/second
     1-minute rate = 0,00 calls/second
     5-minute rate = 0,00 calls/second
    15-minute rate = 0,00 calls/second
               min = 30,33 milliseconds
               max = 301,77 milliseconds
              mean = 49,59 milliseconds
            stddev = 52,99 milliseconds
            median = 37,82 milliseconds
              75% <= 39,75 milliseconds
              95% <= 82,91 milliseconds
              98% <= 298,08 milliseconds
              99% <= 298,25 milliseconds
            99.9% <= 301,77 milliseconds


13.05.2022 15.23.18 ============================================================

-- Timers ----------------------------------------------------------------------
stats-per-second-INSERT
             count = 449
         mean rate = 222,51 calls/second
     1-minute rate = 0,00 calls/second
     5-minute rate = 0,00 calls/second
    15-minute rate = 0,00 calls/second
               min = 27,64 milliseconds
               max = 73,66 milliseconds
              mean = 40,29 milliseconds
            stddev = 7,14 milliseconds
            median = 38,34 milliseconds
              75% <= 43,70 milliseconds
              95% <= 55,96 milliseconds
              98% <= 60,25 milliseconds
              99% <= 63,10 milliseconds
            99.9% <= 73,66 milliseconds


13.05.2022 15.23.19 ============================================================

-- Timers ----------------------------------------------------------------------
stats-per-second-INSERT
             count = 664
         mean rate = 219,41 calls/second
     1-minute rate = 0,00 calls/second
     5-minute rate = 0,00 calls/second
    15-minute rate = 0,00 calls/second
               min = 29,82 milliseconds
               max = 129,63 milliseconds
              mean = 46,35 milliseconds
            stddev = 15,88 milliseconds
            median = 42,71 milliseconds
              75% <= 47,60 milliseconds
              95% <= 76,01 milliseconds
              98% <= 108,05 milliseconds
              99% <= 128,88 milliseconds
            99.9% <= 129,63 milliseconds


13.05.2022 15.23.20 ============================================================

-- Timers ----------------------------------------------------------------------
stats-per-second-INSERT
             count = 917
         mean rate = 228,43 calls/second
     1-minute rate = 0,00 calls/second
     5-minute rate = 0,00 calls/second
    15-minute rate = 0,00 calls/second
               min = 29,97 milliseconds
               max = 58,89 milliseconds
              mean = 38,91 milliseconds
            stddev = 5,98 milliseconds
            median = 37,34 milliseconds
              75% <= 41,05 milliseconds
              95% <= 51,72 milliseconds
              98% <= 57,32 milliseconds
              99% <= 57,77 milliseconds
            99.9% <= 58,89 milliseconds


13.05.2022 15.23.21 ============================================================

-- Timers ----------------------------------------------------------------------
stats-per-second-INSERT
             count = 1150
         mean rate = 229,56 calls/second
     1-minute rate = 228,20 calls/second
     5-minute rate = 228,20 calls/second
    15-minute rate = 228,20 calls/second
               min = 29,01 milliseconds
               max = 70,36 milliseconds
              mean = 43,62 milliseconds
            stddev = 8,61 milliseconds
            median = 41,43 milliseconds
              75% <= 47,46 milliseconds
              95% <= 62,62 milliseconds
              98% <= 66,09 milliseconds
              99% <= 66,14 milliseconds
            99.9% <= 70,36 milliseconds


13.05.2022 15.23.22 ============================================================

-- Timers ----------------------------------------------------------------------
stats-per-second-INSERT
             count = 1390
         mean rate = 231,35 calls/second
     1-minute rate = 228,20 calls/second
     5-minute rate = 228,20 calls/second
    15-minute rate = 228,20 calls/second
               min = 30,18 milliseconds
               max = 69,64 milliseconds
              mean = 40,89 milliseconds
            stddev = 9,10 milliseconds
            median = 38,10 milliseconds
              75% <= 42,17 milliseconds
              95% <= 65,94 milliseconds
              98% <= 67,73 milliseconds
              99% <= 68,70 milliseconds
            99.9% <= 69,64 milliseconds


13.05.2022 15.23.23 ============================================================

-- Timers ----------------------------------------------------------------------
stats-per-second-INSERT
             count = 1560
         mean rate = 222,52 calls/second
     1-minute rate = 228,20 calls/second
     5-minute rate = 228,20 calls/second
    15-minute rate = 228,20 calls/second
               min = 30,89 milliseconds
               max = 194,03 milliseconds
              mean = 58,65 milliseconds
            stddev = 37,35 milliseconds
            median = 42,85 milliseconds
              75% <= 54,88 milliseconds
              95% <= 159,63 milliseconds
              98% <= 160,81 milliseconds
              99% <= 193,70 milliseconds
            99.9% <= 194,03 milliseconds


13.05.2022 15.23.24 ============================================================

-- Timers ----------------------------------------------------------------------
stats-per-second-INSERT
             count = 1761
         mean rate = 219,61 calls/second
     1-minute rate = 228,20 calls/second
     5-minute rate = 228,20 calls/second
    15-minute rate = 228,20 calls/second
               min = 31,55 milliseconds
               max = 80,09 milliseconds
              mean = 50,63 milliseconds
            stddev = 12,96 milliseconds
            median = 46,42 milliseconds
              75% <= 55,93 milliseconds
              95% <= 78,98 milliseconds
              98% <= 79,46 milliseconds
              99% <= 80,06 milliseconds
            99.9% <= 80,09 milliseconds


13.05.2022 15.23.25 ============================================================

-- Timers ----------------------------------------------------------------------
stats-per-second-INSERT
             count = 1990
         mean rate = 220,74 calls/second
     1-minute rate = 228,20 calls/second
     5-minute rate = 228,20 calls/second
    15-minute rate = 228,20 calls/second
               min = 30,97 milliseconds
               max = 106,67 milliseconds
              mean = 42,57 milliseconds
            stddev = 12,11 milliseconds
            median = 39,34 milliseconds
              75% <= 44,23 milliseconds
              95% <= 63,08 milliseconds
              98% <= 99,03 milliseconds
              99% <= 106,37 milliseconds
            99.9% <= 106,67 milliseconds


13.05.2022 15.23.26 ============================================================

-- Timers ----------------------------------------------------------------------
stats-per-second-INSERT
             count = 2200
         mean rate = 219,71 calls/second
     1-minute rate = 226,89 calls/second
     5-minute rate = 227,93 calls/second
    15-minute rate = 228,11 calls/second
               min = 30,21 milliseconds
               max = 123,56 milliseconds
              mean = 48,15 milliseconds
            stddev = 18,91 milliseconds
            median = 41,41 milliseconds
              75% <= 45,96 milliseconds
              95% <= 94,33 milliseconds
              98% <= 117,94 milliseconds
              99% <= 118,42 milliseconds
            99.9% <= 123,56 milliseconds


13.05.2022 15.23.27 ============================================================

-- Timers ----------------------------------------------------------------------
stats-per-second-INSERT
             count = 2409
         mean rate = 218,73 calls/second
     1-minute rate = 226,89 calls/second
     5-minute rate = 227,93 calls/second
    15-minute rate = 228,11 calls/second
               min = 29,87 milliseconds
               max = 69,64 milliseconds
              mean = 47,63 milliseconds
            stddev = 10,42 milliseconds
            median = 45,17 milliseconds
              75% <= 57,05 milliseconds
              95% <= 68,01 milliseconds
              98% <= 68,84 milliseconds
              99% <= 69,08 milliseconds
            99.9% <= 69,64 milliseconds


13.05.2022 15.23.28 ============================================================

-- Timers ----------------------------------------------------------------------
stats-per-second-INSERT
             count = 2647
         mean rate = 220,41 calls/second
     1-minute rate = 226,89 calls/second
     5-minute rate = 227,93 calls/second
    15-minute rate = 228,11 calls/second
               min = 30,13 milliseconds
               max = 67,65 milliseconds
              mean = 42,09 milliseconds
            stddev = 6,67 milliseconds
            median = 41,45 milliseconds
              75% <= 44,98 milliseconds
              95% <= 54,69 milliseconds
              98% <= 57,29 milliseconds
              99% <= 67,30 milliseconds
            99.9% <= 67,65 milliseconds


13.05.2022 15.23.29 ============================================================

-- Timers ----------------------------------------------------------------------
stats-per-second-INSERT
             count = 2859
         mean rate = 219,79 calls/second
     1-minute rate = 226,89 calls/second
     5-minute rate = 227,93 calls/second
    15-minute rate = 228,11 calls/second
               min = 30,52 milliseconds
               max = 114,80 milliseconds
              mean = 47,13 milliseconds
            stddev = 18,08 milliseconds
            median = 40,90 milliseconds
              75% <= 48,65 milliseconds
              95% <= 88,56 milliseconds
              98% <= 112,70 milliseconds
              99% <= 114,23 milliseconds
            99.9% <= 114,80 milliseconds


13.05.2022 15.23.30 ============================================================

-- Timers ----------------------------------------------------------------------
stats-per-second-INSERT
             count = 3079
         mean rate = 219,68 calls/second
     1-minute rate = 226,89 calls/second
     5-minute rate = 227,93 calls/second
    15-minute rate = 228,11 calls/second
               min = 26,07 milliseconds
               max = 98,71 milliseconds
              mean = 46,19 milliseconds
            stddev = 14,16 milliseconds
            median = 42,98 milliseconds
              75% <= 48,99 milliseconds
              95% <= 69,27 milliseconds
              98% <= 97,61 milliseconds
              99% <= 98,54 milliseconds
            99.9% <= 98,71 milliseconds


13.05.2022 15.23.31 ============================================================

-- Timers ----------------------------------------------------------------------
stats-per-second-INSERT
             count = 3314
         mean rate = 220,76 calls/second
     1-minute rate = 226,43 calls/second
     5-minute rate = 227,82 calls/second
    15-minute rate = 228,07 calls/second
               min = 30,02 milliseconds
               max = 86,77 milliseconds
              mean = 42,31 milliseconds
            stddev = 10,29 milliseconds
            median = 40,14 milliseconds
              75% <= 44,13 milliseconds
              95% <= 50,68 milliseconds
              98% <= 85,54 milliseconds
              99% <= 86,08 milliseconds
            99.9% <= 86,77 milliseconds


13.05.2022 15.23.32 ============================================================

-- Timers ----------------------------------------------------------------------
stats-per-second-INSERT
             count = 3481
         mean rate = 217,43 calls/second
     1-minute rate = 226,43 calls/second
     5-minute rate = 227,82 calls/second
    15-minute rate = 228,07 calls/second
               min = 31,59 milliseconds
               max = 141,03 milliseconds
              mean = 58,75 milliseconds
            stddev = 22,97 milliseconds
            median = 56,82 milliseconds
              75% <= 65,12 milliseconds
              95% <= 132,10 milliseconds
              98% <= 134,08 milliseconds
              99% <= 138,58 milliseconds
            99.9% <= 141,03 milliseconds


13.05.2022 15.23.33 ============================================================

-- Timers ----------------------------------------------------------------------
stats-per-second-INSERT
             count = 3684
         mean rate = 216,57 calls/second
     1-minute rate = 226,43 calls/second
     5-minute rate = 227,82 calls/second
    15-minute rate = 228,07 calls/second
               min = 31,22 milliseconds
               max = 85,66 milliseconds
              mean = 49,51 milliseconds
            stddev = 13,62 milliseconds
            median = 43,87 milliseconds
              75% <= 60,62 milliseconds
              95% <= 77,61 milliseconds
              98% <= 80,47 milliseconds
              99% <= 83,50 milliseconds
            99.9% <= 85,66 milliseconds


13.05.2022 15.23.34 ============================================================

-- Timers ----------------------------------------------------------------------
stats-per-second-INSERT
             count = 3908
         mean rate = 216,87 calls/second
     1-minute rate = 226,43 calls/second
     5-minute rate = 227,82 calls/second
    15-minute rate = 228,07 calls/second
               min = 30,65 milliseconds
               max = 79,34 milliseconds
              mean = 45,95 milliseconds
            stddev = 9,50 milliseconds
            median = 43,33 milliseconds
              75% <= 49,26 milliseconds
              95% <= 66,50 milliseconds
              98% <= 73,19 milliseconds
              99% <= 77,50 milliseconds
            99.9% <= 79,34 milliseconds


13.05.2022 15.23.35 ============================================================

-- Timers ----------------------------------------------------------------------
stats-per-second-INSERT
             count = 4144
         mean rate = 217,68 calls/second
     1-minute rate = 226,43 calls/second
     5-minute rate = 227,82 calls/second
    15-minute rate = 228,07 calls/second
               min = 30,76 milliseconds
               max = 77,69 milliseconds
              mean = 41,57 milliseconds
            stddev = 7,14 milliseconds
            median = 40,41 milliseconds
              75% <= 43,12 milliseconds
              95% <= 58,45 milliseconds
              98% <= 62,62 milliseconds
              99% <= 63,22 milliseconds
            99.9% <= 77,69 milliseconds


13.05.2022 15.23.36 ============================================================

-- Timers ----------------------------------------------------------------------
stats-per-second-INSERT
             count = 4325
         mean rate = 216,12 calls/second
     1-minute rate = 224,62 calls/second
     5-minute rate = 227,42 calls/second
    15-minute rate = 227,94 calls/second
               min = 31,76 milliseconds
               max = 111,27 milliseconds
              mean = 54,66 milliseconds
            stddev = 20,13 milliseconds
            median = 47,14 milliseconds
              75% <= 62,31 milliseconds
              95% <= 109,00 milliseconds
              98% <= 110,90 milliseconds
              99% <= 111,21 milliseconds
            99.9% <= 111,27 milliseconds


13.05.2022 15.23.37 ============================================================

-- Timers ----------------------------------------------------------------------
stats-per-second-INSERT
             count = 4579
         mean rate = 217,95 calls/second
     1-minute rate = 224,62 calls/second
     5-minute rate = 227,42 calls/second
    15-minute rate = 227,94 calls/second
               min = 30,13 milliseconds
               max = 59,17 milliseconds
              mean = 38,97 milliseconds
            stddev = 5,21 milliseconds
            median = 38,48 milliseconds
              75% <= 41,56 milliseconds
              95% <= 49,04 milliseconds
              98% <= 57,93 milliseconds
              99% <= 58,41 milliseconds
            99.9% <= 59,17 milliseconds


13.05.2022 15.23.38 ============================================================

-- Timers ----------------------------------------------------------------------
stats-per-second-INSERT
             count = 4780
         mean rate = 217,10 calls/second
     1-minute rate = 224,62 calls/second
     5-minute rate = 227,42 calls/second
    15-minute rate = 227,94 calls/second
               min = 29,36 milliseconds
               max = 107,82 milliseconds
              mean = 51,88 milliseconds
            stddev = 19,67 milliseconds
            median = 43,78 milliseconds
              75% <= 53,96 milliseconds
              95% <= 101,51 milliseconds
              98% <= 107,31 milliseconds
              99% <= 107,36 milliseconds
            99.9% <= 107,82 milliseconds


13.05.2022 15.23.39 ============================================================

-- Timers ----------------------------------------------------------------------
stats-per-second-INSERT
             count = 4982
         mean rate = 216,51 calls/second
     1-minute rate = 224,62 calls/second
     5-minute rate = 227,42 calls/second
    15-minute rate = 227,94 calls/second
               min = 30,75 milliseconds
               max = 118,74 milliseconds
              mean = 48,21 milliseconds
            stddev = 21,77 milliseconds
            median = 38,94 milliseconds
              75% <= 44,17 milliseconds
              95% <= 96,90 milliseconds
              98% <= 117,98 milliseconds
              99% <= 118,37 milliseconds
            99.9% <= 118,74 milliseconds


13.05.2022 15.23.40 ============================================================

-- Timers ----------------------------------------------------------------------
stats-per-second-INSERT
             count = 5237
         mean rate = 218,09 calls/second
     1-minute rate = 224,62 calls/second
     5-minute rate = 227,42 calls/second
    15-minute rate = 227,94 calls/second
               min = 29,60 milliseconds
               max = 67,10 milliseconds
              mean = 39,24 milliseconds
            stddev = 5,43 milliseconds
            median = 38,94 milliseconds
              75% <= 42,13 milliseconds
              95% <= 51,24 milliseconds
              98% <= 52,12 milliseconds
              99% <= 57,56 milliseconds
            99.9% <= 67,10 milliseconds


13.05.2022 15.23.41 ============================================================

-- Timers ----------------------------------------------------------------------
stats-per-second-INSERT
             count = 5486
         mean rate = 219,36 calls/second
     1-minute rate = 225,21 calls/second
     5-minute rate = 227,50 calls/second
    15-minute rate = 227,96 calls/second
               min = 28,35 milliseconds
               max = 67,00 milliseconds
              mean = 40,36 milliseconds
            stddev = 7,14 milliseconds
            median = 39,00 milliseconds
              75% <= 43,01 milliseconds
              95% <= 56,48 milliseconds
              98% <= 64,32 milliseconds
              99% <= 64,90 milliseconds
            99.9% <= 67,00 milliseconds


13.05.2022 15.23.42 ============================================================

-- Timers ----------------------------------------------------------------------
stats-per-second-INSERT
             count = 5755
         mean rate = 221,27 calls/second
     1-minute rate = 225,21 calls/second
     5-minute rate = 227,50 calls/second
    15-minute rate = 227,96 calls/second
               min = 29,93 milliseconds
               max = 53,63 milliseconds
              mean = 37,04 milliseconds
            stddev = 4,34 milliseconds
            median = 36,11 milliseconds
              75% <= 39,33 milliseconds
              95% <= 45,28 milliseconds
              98% <= 50,78 milliseconds
              99% <= 51,33 milliseconds
            99.9% <= 53,63 milliseconds


13.05.2022 15.23.43 ============================================================

-- Timers ----------------------------------------------------------------------
stats-per-second-INSERT
             count = 5980
         mean rate = 221,34 calls/second
     1-minute rate = 225,21 calls/second
     5-minute rate = 227,50 calls/second
    15-minute rate = 227,96 calls/second
               min = 32,45 milliseconds
               max = 71,38 milliseconds
              mean = 43,84 milliseconds
            stddev = 8,23 milliseconds
            median = 42,04 milliseconds
              75% <= 48,29 milliseconds
              95% <= 61,30 milliseconds
              98% <= 67,06 milliseconds
              99% <= 69,91 milliseconds
            99.9% <= 71,38 milliseconds


13.05.2022 15.23.44 ============================================================

-- Timers ----------------------------------------------------------------------
stats-per-second-INSERT
             count = 6130
         mean rate = 218,83 calls/second
     1-minute rate = 225,21 calls/second
     5-minute rate = 227,50 calls/second
    15-minute rate = 227,96 calls/second
               min = 33,84 milliseconds
               max = 152,48 milliseconds
              mean = 60,60 milliseconds
            stddev = 34,18 milliseconds
            median = 45,95 milliseconds
              75% <= 57,25 milliseconds
              95% <= 151,44 milliseconds
              98% <= 152,26 milliseconds
              99% <= 152,38 milliseconds
            99.9% <= 152,48 milliseconds


13.05.2022 15.23.45 ============================================================

-- Timers ----------------------------------------------------------------------
stats-per-second-INSERT
             count = 6230
         mean rate = 214,69 calls/second
     1-minute rate = 225,21 calls/second
     5-minute rate = 227,50 calls/second
    15-minute rate = 227,96 calls/second
               min = 34,30 milliseconds
               max = 210,63 milliseconds
              mean = 106,61 milliseconds
            stddev = 48,91 milliseconds
            median = 88,48 milliseconds
              75% <= 134,50 milliseconds
              95% <= 210,04 milliseconds
              98% <= 210,37 milliseconds
              99% <= 210,62 milliseconds
            99.9% <= 210,63 milliseconds


13.05.2022 15.23.46 ============================================================

-- Timers ----------------------------------------------------------------------
stats-per-second-INSERT
             count = 6382
         mean rate = 212,66 calls/second
     1-minute rate = 221,45 calls/second
     5-minute rate = 226,68 calls/second
    15-minute rate = 227,68 calls/second
               min = 32,08 milliseconds
               max = 170,76 milliseconds
              mean = 68,79 milliseconds
            stddev = 31,90 milliseconds
            median = 58,90 milliseconds
              75% <= 99,88 milliseconds
              95% <= 126,63 milliseconds
              98% <= 128,77 milliseconds
              99% <= 148,96 milliseconds
            99.9% <= 170,76 milliseconds


13.05.2022 15.23.47 ============================================================

-- Timers ----------------------------------------------------------------------
stats-per-second-INSERT
             count = 6594
         mean rate = 212,65 calls/second
     1-minute rate = 221,45 calls/second
     5-minute rate = 226,68 calls/second
    15-minute rate = 227,68 calls/second
               min = 30,76 milliseconds
               max = 122,87 milliseconds
              mean = 47,35 milliseconds
            stddev = 19,46 milliseconds
            median = 39,55 milliseconds
              75% <= 48,49 milliseconds
              95% <= 94,55 milliseconds
              98% <= 116,65 milliseconds
              99% <= 122,66 milliseconds
            99.9% <= 122,87 milliseconds


13.05.2022 15.23.48 ============================================================

-- Timers ----------------------------------------------------------------------
stats-per-second-INSERT
             count = 6834
         mean rate = 213,48 calls/second
     1-minute rate = 221,45 calls/second
     5-minute rate = 226,68 calls/second
    15-minute rate = 227,68 calls/second
               min = 27,91 milliseconds
               max = 63,04 milliseconds
              mean = 41,37 milliseconds
            stddev = 7,26 milliseconds
            median = 39,21 milliseconds
              75% <= 47,14 milliseconds
              95% <= 55,90 milliseconds
              98% <= 58,76 milliseconds
              99% <= 60,29 milliseconds
            99.9% <= 63,04 milliseconds


13.05.2022 15.23.49 ============================================================

-- Timers ----------------------------------------------------------------------
stats-per-second-INSERT
             count = 7070
         mean rate = 214,13 calls/second
     1-minute rate = 221,45 calls/second
     5-minute rate = 226,68 calls/second
    15-minute rate = 227,68 calls/second
               min = 30,12 milliseconds
               max = 64,49 milliseconds
              mean = 42,00 milliseconds
            stddev = 7,09 milliseconds
            median = 40,66 milliseconds
              75% <= 45,62 milliseconds
              95% <= 56,54 milliseconds
              98% <= 63,15 milliseconds
              99% <= 63,31 milliseconds
            99.9% <= 64,49 milliseconds


13.05.2022 15.23.50 ============================================================

-- Timers ----------------------------------------------------------------------
stats-per-second-INSERT
             count = 7269
         mean rate = 213,72 calls/second
     1-minute rate = 221,45 calls/second
     5-minute rate = 226,68 calls/second
    15-minute rate = 227,68 calls/second
               min = 32,05 milliseconds
               max = 137,25 milliseconds
              mean = 49,86 milliseconds
            stddev = 15,94 milliseconds
            median = 45,48 milliseconds
              75% <= 53,98 milliseconds
              95% <= 82,42 milliseconds
              98% <= 105,43 milliseconds
              99% <= 135,35 milliseconds
            99.9% <= 137,25 milliseconds


13.05.2022 15.23.51 ============================================================

-- Timers ----------------------------------------------------------------------
stats-per-second-INSERT
             count = 7454
         mean rate = 212,91 calls/second
     1-minute rate = 220,83 calls/second
     5-minute rate = 226,47 calls/second
    15-minute rate = 227,61 calls/second
               min = 30,82 milliseconds
               max = 113,80 milliseconds
              mean = 55,18 milliseconds
            stddev = 22,62 milliseconds
            median = 47,25 milliseconds
              75% <= 56,25 milliseconds
              95% <= 106,45 milliseconds
              98% <= 113,60 milliseconds
              99% <= 113,79 milliseconds
            99.9% <= 113,80 milliseconds


13.05.2022 15.23.52 ============================================================

-- Timers ----------------------------------------------------------------------
stats-per-second-INSERT
             count = 7608
         mean rate = 211,28 calls/second
     1-minute rate = 220,83 calls/second
     5-minute rate = 226,47 calls/second
    15-minute rate = 227,61 calls/second
               min = 31,20 milliseconds
               max = 165,85 milliseconds
              mean = 64,08 milliseconds
            stddev = 31,76 milliseconds
            median = 49,29 milliseconds
              75% <= 79,06 milliseconds
              95% <= 139,73 milliseconds
              98% <= 162,69 milliseconds
              99% <= 164,54 milliseconds
            99.9% <= 165,85 milliseconds


13.05.2022 15.23.53 ============================================================

-- Timers ----------------------------------------------------------------------
stats-per-second-INSERT
             count = 7780
         mean rate = 210,22 calls/second
     1-minute rate = 220,83 calls/second
     5-minute rate = 226,47 calls/second
    15-minute rate = 227,61 calls/second
               min = 33,55 milliseconds
               max = 164,70 milliseconds
              mean = 56,97 milliseconds
            stddev = 25,41 milliseconds
            median = 47,52 milliseconds
              75% <= 62,01 milliseconds
              95% <= 138,88 milliseconds
              98% <= 140,84 milliseconds
              99% <= 164,28 milliseconds
            99.9% <= 164,70 milliseconds


13.05.2022 15.23.54 ============================================================

-- Timers ----------------------------------------------------------------------
stats-per-second-INSERT
             count = 7982
         mean rate = 209,99 calls/second
     1-minute rate = 220,83 calls/second
     5-minute rate = 226,47 calls/second
    15-minute rate = 227,61 calls/second
               min = 30,39 milliseconds
               max = 88,07 milliseconds
              mean = 49,69 milliseconds
            stddev = 13,39 milliseconds
            median = 44,32 milliseconds
              75% <= 55,94 milliseconds
              95% <= 83,61 milliseconds
              98% <= 87,56 milliseconds
              99% <= 87,87 milliseconds
            99.9% <= 88,07 milliseconds


13.05.2022 15.23.55 ============================================================

-- Timers ----------------------------------------------------------------------
stats-per-second-INSERT
             count = 8235
         mean rate = 211,07 calls/second
     1-minute rate = 220,83 calls/second
     5-minute rate = 226,47 calls/second
    15-minute rate = 227,61 calls/second
               min = 31,34 milliseconds
               max = 58,40 milliseconds
              mean = 39,85 milliseconds
            stddev = 4,98 milliseconds
            median = 38,81 milliseconds
              75% <= 41,79 milliseconds
              95% <= 47,64 milliseconds
              98% <= 58,24 milliseconds
              99% <= 58,32 milliseconds
            99.9% <= 58,40 milliseconds


13.05.2022 15.23.56 ============================================================

-- Timers ----------------------------------------------------------------------
stats-per-second-INSERT
             count = 8482
         mean rate = 212,01 calls/second
     1-minute rate = 219,77 calls/second
     5-minute rate = 226,15 calls/second
    15-minute rate = 227,49 calls/second
               min = 30,94 milliseconds
               max = 71,39 milliseconds
              mean = 40,92 milliseconds
            stddev = 7,45 milliseconds
            median = 39,64 milliseconds
              75% <= 43,93 milliseconds
              95% <= 51,36 milliseconds
              98% <= 70,58 milliseconds
              99% <= 70,92 milliseconds
            99.9% <= 71,39 milliseconds


13.05.2022 15.23.57 ============================================================

-- Timers ----------------------------------------------------------------------
stats-per-second-INSERT
             count = 8742
         mean rate = 213,16 calls/second
     1-minute rate = 219,77 calls/second
     5-minute rate = 226,15 calls/second
    15-minute rate = 227,49 calls/second
               min = 29,94 milliseconds
               max = 54,17 milliseconds
              mean = 38,37 milliseconds
            stddev = 4,52 milliseconds
            median = 37,59 milliseconds
              75% <= 40,41 milliseconds
              95% <= 48,22 milliseconds
              98% <= 51,29 milliseconds
              99% <= 53,67 milliseconds
            99.9% <= 54,17 milliseconds


13.05.2022 15.23.58 ============================================================

-- Timers ----------------------------------------------------------------------
stats-per-second-INSERT
             count = 8983
         mean rate = 213,84 calls/second
     1-minute rate = 219,77 calls/second
     5-minute rate = 226,15 calls/second
    15-minute rate = 227,49 calls/second
               min = 30,45 milliseconds
               max = 126,16 milliseconds
              mean = 41,84 milliseconds
            stddev = 17,50 milliseconds
            median = 38,14 milliseconds
              75% <= 40,69 milliseconds
              95% <= 48,82 milliseconds
              98% <= 125,90 milliseconds
              99% <= 126,03 milliseconds
            99.9% <= 126,16 milliseconds


13.05.2022 15.23.59 ============================================================

-- Timers ----------------------------------------------------------------------
stats-per-second-INSERT
             count = 9225
         mean rate = 214,49 calls/second
     1-minute rate = 219,77 calls/second
     5-minute rate = 226,15 calls/second
    15-minute rate = 227,49 calls/second
               min = 30,15 milliseconds
               max = 67,02 milliseconds
              mean = 41,08 milliseconds
            stddev = 7,41 milliseconds
            median = 39,26 milliseconds
              75% <= 43,56 milliseconds
              95% <= 55,20 milliseconds
              98% <= 61,73 milliseconds
              99% <= 66,57 milliseconds
            99.9% <= 67,02 milliseconds


13.05.2022 15.24.00 ============================================================

-- Timers ----------------------------------------------------------------------
stats-per-second-INSERT
             count = 9488
         mean rate = 215,58 calls/second
     1-minute rate = 219,77 calls/second
     5-minute rate = 226,15 calls/second
    15-minute rate = 227,49 calls/second
               min = 29,99 milliseconds
               max = 64,10 milliseconds
              mean = 38,63 milliseconds
            stddev = 5,29 milliseconds
            median = 37,54 milliseconds
              75% <= 39,56 milliseconds
              95% <= 46,53 milliseconds
              98% <= 63,59 milliseconds
              99% <= 63,78 milliseconds
            99.9% <= 64,10 milliseconds


13.05.2022 15.24.01 ============================================================

-- Timers ----------------------------------------------------------------------
stats-per-second-INSERT
             count = 9712
         mean rate = 215,78 calls/second
     1-minute rate = 221,87 calls/second
     5-minute rate = 226,48 calls/second
    15-minute rate = 227,60 calls/second
               min = 31,29 milliseconds
               max = 77,15 milliseconds
              mean = 44,24 milliseconds
            stddev = 8,72 milliseconds
            median = 41,66 milliseconds
              75% <= 45,43 milliseconds
              95% <= 63,88 milliseconds
              98% <= 76,78 milliseconds
              99% <= 76,91 milliseconds
            99.9% <= 77,15 milliseconds


13.05.2022 15.24.02 ============================================================

-- Timers ----------------------------------------------------------------------
stats-per-second-INSERT
             count = 9974
         mean rate = 216,78 calls/second
     1-minute rate = 221,87 calls/second
     5-minute rate = 226,48 calls/second
    15-minute rate = 227,60 calls/second
               min = 30,80 milliseconds
               max = 53,72 milliseconds
              mean = 38,60 milliseconds
            stddev = 4,44 milliseconds
            median = 38,38 milliseconds
              75% <= 41,18 milliseconds
              95% <= 48,15 milliseconds
              98% <= 51,30 milliseconds
              99% <= 51,75 milliseconds
            99.9% <= 53,72 milliseconds


13.05.2022 15.24.03 ============================================================

-- Timers ----------------------------------------------------------------------
stats-per-second-INSERT
             count = 10037
         mean rate = 213,51 calls/second
     1-minute rate = 221,87 calls/second
     5-minute rate = 226,48 calls/second
    15-minute rate = 227,60 calls/second
               min = 32,93 milliseconds
               max = 323,78 milliseconds
              mean = 137,91 milliseconds
            stddev = 94,85 milliseconds
            median = 106,00 milliseconds
              75% <= 235,38 milliseconds
              95% <= 323,21 milliseconds
              98% <= 323,75 milliseconds
              99% <= 323,78 milliseconds
            99.9% <= 323,78 milliseconds


13.05.2022 15.24.04 ============================================================

-- Timers ----------------------------------------------------------------------
stats-per-second-INSERT
             count = 10173
         mean rate = 211,89 calls/second
     1-minute rate = 221,87 calls/second
     5-minute rate = 226,48 calls/second
    15-minute rate = 227,60 calls/second
               min = 28,66 milliseconds
               max = 324,39 milliseconds
              mean = 83,02 milliseconds
            stddev = 58,61 milliseconds
            median = 67,96 milliseconds
              75% <= 100,78 milliseconds
              95% <= 250,61 milliseconds
              98% <= 318,52 milliseconds
              99% <= 322,61 milliseconds
            99.9% <= 324,39 milliseconds


13.05.2022 15.24.05 ============================================================

-- Timers ----------------------------------------------------------------------
stats-per-second-INSERT
             count = 10296
         mean rate = 210,09 calls/second
     1-minute rate = 221,87 calls/second
     5-minute rate = 226,48 calls/second
    15-minute rate = 227,60 calls/second
               min = 33,32 milliseconds
               max = 152,85 milliseconds
              mean = 75,98 milliseconds
            stddev = 30,57 milliseconds
            median = 73,67 milliseconds
              75% <= 88,32 milliseconds
              95% <= 130,88 milliseconds
              98% <= 152,50 milliseconds
              99% <= 152,77 milliseconds
            99.9% <= 152,85 milliseconds


13.05.2022 15.24.06 ============================================================

-- Timers ----------------------------------------------------------------------
stats-per-second-INSERT
             count = 10379
         mean rate = 207,53 calls/second
     1-minute rate = 214,79 calls/second
     5-minute rate = 224,94 calls/second
    15-minute rate = 227,08 calls/second
               min = 54,76 milliseconds
               max = 186,03 milliseconds
              mean = 121,77 milliseconds
            stddev = 33,68 milliseconds
            median = 127,70 milliseconds
              75% <= 141,00 milliseconds
              95% <= 184,43 milliseconds
              98% <= 185,94 milliseconds
              99% <= 186,03 milliseconds
            99.9% <= 186,03 milliseconds


13.05.2022 15.24.07 ============================================================

-- Timers ----------------------------------------------------------------------
stats-per-second-INSERT
             count = 10542
         mean rate = 206,67 calls/second
     1-minute rate = 214,79 calls/second
     5-minute rate = 224,94 calls/second
    15-minute rate = 227,08 calls/second
               min = 33,47 milliseconds
               max = 292,64 milliseconds
              mean = 63,43 milliseconds
            stddev = 60,06 milliseconds
            median = 44,65 milliseconds
              75% <= 53,04 milliseconds
              95% <= 291,61 milliseconds
              98% <= 292,41 milliseconds
              99% <= 292,55 milliseconds
            99.9% <= 292,64 milliseconds


13.05.2022 15.24.08 ============================================================

-- Timers ----------------------------------------------------------------------
stats-per-second-INSERT
             count = 10766
         mean rate = 206,99 calls/second
     1-minute rate = 214,79 calls/second
     5-minute rate = 224,94 calls/second
    15-minute rate = 227,08 calls/second
               min = 33,22 milliseconds
               max = 138,97 milliseconds
              mean = 45,45 milliseconds
            stddev = 19,21 milliseconds
            median = 41,46 milliseconds
              75% <= 45,35 milliseconds
              95% <= 64,84 milliseconds
              98% <= 132,44 milliseconds
              99% <= 132,71 milliseconds
            99.9% <= 138,97 milliseconds


13.05.2022 15.24.09 ============================================================

-- Timers ----------------------------------------------------------------------
stats-per-second-INSERT
             count = 11007
         mean rate = 207,63 calls/second
     1-minute rate = 214,79 calls/second
     5-minute rate = 224,94 calls/second
    15-minute rate = 227,08 calls/second
               min = 30,84 milliseconds
               max = 70,52 milliseconds
              mean = 41,30 milliseconds
            stddev = 7,95 milliseconds
            median = 39,02 milliseconds
              75% <= 42,68 milliseconds
              95% <= 57,03 milliseconds
              98% <= 69,02 milliseconds
              99% <= 69,15 milliseconds
            99.9% <= 70,52 milliseconds


13.05.2022 15.24.10 ============================================================

-- Timers ----------------------------------------------------------------------
stats-per-second-INSERT
             count = 11242
         mean rate = 208,15 calls/second
     1-minute rate = 214,79 calls/second
     5-minute rate = 224,94 calls/second
    15-minute rate = 227,08 calls/second
               min = 31,41 milliseconds
               max = 80,62 milliseconds
              mean = 42,88 milliseconds
            stddev = 9,29 milliseconds
            median = 41,08 milliseconds
              75% <= 43,35 milliseconds
              95% <= 59,44 milliseconds
              98% <= 79,90 milliseconds
              99% <= 80,29 milliseconds
            99.9% <= 80,62 milliseconds


13.05.2022 15.24.11 ============================================================

-- Timers ----------------------------------------------------------------------
stats-per-second-INSERT
             count = 11489
         mean rate = 208,86 calls/second
     1-minute rate = 215,31 calls/second
     5-minute rate = 224,88 calls/second
    15-minute rate = 227,04 calls/second
               min = 29,70 milliseconds
               max = 59,20 milliseconds
              mean = 40,27 milliseconds
            stddev = 5,13 milliseconds
            median = 39,56 milliseconds
              75% <= 42,29 milliseconds
              95% <= 51,02 milliseconds
              98% <= 54,57 milliseconds
              99% <= 56,26 milliseconds
            99.9% <= 59,20 milliseconds


13.05.2022 15.24.12 ============================================================

-- Timers ----------------------------------------------------------------------
stats-per-second-INSERT
             count = 11743
         mean rate = 209,66 calls/second
     1-minute rate = 215,31 calls/second
     5-minute rate = 224,88 calls/second
    15-minute rate = 227,04 calls/second
               min = 30,22 milliseconds
               max = 61,88 milliseconds
              mean = 39,61 milliseconds
            stddev = 5,57 milliseconds
            median = 39,56 milliseconds
              75% <= 41,51 milliseconds
              95% <= 51,78 milliseconds
              98% <= 54,11 milliseconds
              99% <= 55,97 milliseconds
            99.9% <= 61,88 milliseconds


13.05.2022 15.24.13 ============================================================

-- Timers ----------------------------------------------------------------------
stats-per-second-INSERT
             count = 11974
         mean rate = 210,04 calls/second
     1-minute rate = 215,31 calls/second
     5-minute rate = 224,88 calls/second
    15-minute rate = 227,04 calls/second
               min = 32,37 milliseconds
               max = 69,75 milliseconds
              mean = 42,03 milliseconds
            stddev = 7,42 milliseconds
            median = 39,96 milliseconds
              75% <= 44,30 milliseconds
              95% <= 55,99 milliseconds
              98% <= 69,05 milliseconds
              99% <= 69,56 milliseconds
            99.9% <= 69,75 milliseconds


13.05.2022 15.24.14 ============================================================

-- Timers ----------------------------------------------------------------------
stats-per-second-INSERT
             count = 12164
         mean rate = 209,69 calls/second
     1-minute rate = 215,31 calls/second
     5-minute rate = 224,88 calls/second
    15-minute rate = 227,04 calls/second
               min = 31,13 milliseconds
               max = 84,83 milliseconds
              mean = 51,79 milliseconds
            stddev = 13,30 milliseconds
            median = 48,34 milliseconds
              75% <= 58,83 milliseconds
              95% <= 76,52 milliseconds
              98% <= 84,22 milliseconds
              99% <= 84,66 milliseconds
            99.9% <= 84,83 milliseconds


13.05.2022 15.24.15 ============================================================

-- Timers ----------------------------------------------------------------------
stats-per-second-INSERT
             count = 12405
         mean rate = 210,22 calls/second
     1-minute rate = 215,31 calls/second
     5-minute rate = 224,88 calls/second
    15-minute rate = 227,04 calls/second
               min = 30,99 milliseconds
               max = 103,04 milliseconds
              mean = 43,15 milliseconds
            stddev = 13,13 milliseconds
            median = 39,56 milliseconds
              75% <= 42,84 milliseconds
              95% <= 64,41 milliseconds
              98% <= 98,49 milliseconds
              99% <= 99,43 milliseconds
            99.9% <= 103,04 milliseconds


13.05.2022 15.24.16 ============================================================

-- Timers ----------------------------------------------------------------------
stats-per-second-INSERT
             count = 12620
         mean rate = 210,30 calls/second
     1-minute rate = 216,08 calls/second
     5-minute rate = 224,88 calls/second
    15-minute rate = 227,03 calls/second
               min = 30,99 milliseconds
               max = 122,45 milliseconds
              mean = 46,74 milliseconds
            stddev = 17,34 milliseconds
            median = 41,46 milliseconds
              75% <= 48,73 milliseconds
              95% <= 74,79 milliseconds
              98% <= 121,71 milliseconds
              99% <= 122,36 milliseconds
            99.9% <= 122,45 milliseconds


13.05.2022 15.24.17 ============================================================

-- Timers ----------------------------------------------------------------------
stats-per-second-INSERT
             count = 12854
         mean rate = 210,69 calls/second
     1-minute rate = 216,08 calls/second
     5-minute rate = 224,88 calls/second
    15-minute rate = 227,03 calls/second
               min = 31,38 milliseconds
               max = 72,95 milliseconds
              mean = 42,03 milliseconds
            stddev = 9,07 milliseconds
            median = 40,00 milliseconds
              75% <= 41,78 milliseconds
              95% <= 65,22 milliseconds
              98% <= 72,42 milliseconds
              99% <= 72,55 milliseconds
            99.9% <= 72,95 milliseconds


13.05.2022 15.24.18 ============================================================

-- Timers ----------------------------------------------------------------------
stats-per-second-INSERT
             count = 13122
         mean rate = 211,62 calls/second
     1-minute rate = 216,08 calls/second
     5-minute rate = 224,88 calls/second
    15-minute rate = 227,03 calls/second
               min = 30,19 milliseconds
               max = 53,27 milliseconds
              mean = 37,27 milliseconds
            stddev = 3,85 milliseconds
            median = 37,14 milliseconds
              75% <= 39,35 milliseconds
              95% <= 44,37 milliseconds
              98% <= 48,05 milliseconds
              99% <= 49,70 milliseconds
            99.9% <= 53,27 milliseconds


13.05.2022 15.24.19 ============================================================

-- Timers ----------------------------------------------------------------------
stats-per-second-INSERT
             count = 13380
         mean rate = 212,35 calls/second
     1-minute rate = 216,08 calls/second
     5-minute rate = 224,88 calls/second
    15-minute rate = 227,03 calls/second
               min = 29,96 milliseconds
               max = 54,37 milliseconds
              mean = 38,90 milliseconds
            stddev = 5,92 milliseconds
            median = 37,24 milliseconds
              75% <= 41,65 milliseconds
              95% <= 53,02 milliseconds
              98% <= 54,01 milliseconds
              99% <= 54,11 milliseconds
            99.9% <= 54,37 milliseconds


13.05.2022 15.24.20 ============================================================

-- Timers ----------------------------------------------------------------------
stats-per-second-INSERT
             count = 13648
         mean rate = 213,23 calls/second
     1-minute rate = 216,08 calls/second
     5-minute rate = 224,88 calls/second
    15-minute rate = 227,03 calls/second
               min = 30,31 milliseconds
               max = 52,42 milliseconds
              mean = 36,82 milliseconds
            stddev = 3,24 milliseconds
            median = 36,44 milliseconds
              75% <= 39,03 milliseconds
              95% <= 41,80 milliseconds
              98% <= 44,44 milliseconds
              99% <= 45,53 milliseconds
            99.9% <= 52,42 milliseconds


13.05.2022 15.24.21 ============================================================

-- Timers ----------------------------------------------------------------------
stats-per-second-INSERT
             count = 13917
         mean rate = 214,07 calls/second
     1-minute rate = 219,69 calls/second
     5-minute rate = 225,48 calls/second
    15-minute rate = 227,22 calls/second
               min = 29,37 milliseconds
               max = 55,51 milliseconds
              mean = 37,53 milliseconds
            stddev = 5,15 milliseconds
            median = 36,47 milliseconds
              75% <= 39,72 milliseconds
              95% <= 50,34 milliseconds
              98% <= 53,12 milliseconds
              99% <= 54,73 milliseconds
            99.9% <= 55,51 milliseconds


13.05.2022 15.24.22 ============================================================

-- Timers ----------------------------------------------------------------------
stats-per-second-INSERT
             count = 14090
         mean rate = 213,46 calls/second
     1-minute rate = 219,69 calls/second
     5-minute rate = 225,48 calls/second
    15-minute rate = 227,22 calls/second
               min = 30,02 milliseconds
               max = 146,42 milliseconds
              mean = 53,63 milliseconds
            stddev = 27,67 milliseconds
            median = 39,38 milliseconds
              75% <= 62,19 milliseconds
              95% <= 114,18 milliseconds
              98% <= 114,91 milliseconds
              99% <= 123,68 milliseconds
            99.9% <= 146,42 milliseconds


13.05.2022 15.24.23 ============================================================

-- Timers ----------------------------------------------------------------------
stats-per-second-INSERT
             count = 14192
         mean rate = 211,77 calls/second
     1-minute rate = 219,69 calls/second
     5-minute rate = 225,48 calls/second
    15-minute rate = 227,22 calls/second
               min = 34,49 milliseconds
               max = 190,67 milliseconds
              mean = 107,05 milliseconds
            stddev = 42,02 milliseconds
            median = 98,13 milliseconds
              75% <= 133,29 milliseconds
              95% <= 189,37 milliseconds
              98% <= 190,53 milliseconds
              99% <= 190,66 milliseconds
            99.9% <= 190,67 milliseconds


13.05.2022 15.24.24 ============================================================

-- Timers ----------------------------------------------------------------------
stats-per-second-INSERT
             count = 14324
         mean rate = 210,62 calls/second
     1-minute rate = 219,69 calls/second
     5-minute rate = 225,48 calls/second
    15-minute rate = 227,22 calls/second
               min = 37,16 milliseconds
               max = 119,32 milliseconds
              mean = 72,76 milliseconds
            stddev = 24,05 milliseconds
            median = 63,69 milliseconds
              75% <= 88,65 milliseconds
              95% <= 117,55 milliseconds
              98% <= 118,47 milliseconds
              99% <= 119,02 milliseconds
            99.9% <= 119,32 milliseconds


13.05.2022 15.24.25 ============================================================

-- Timers ----------------------------------------------------------------------
stats-per-second-INSERT
             count = 14464
         mean rate = 209,60 calls/second
     1-minute rate = 219,69 calls/second
     5-minute rate = 225,48 calls/second
    15-minute rate = 227,22 calls/second
               min = 40,42 milliseconds
               max = 124,09 milliseconds
              mean = 69,78 milliseconds
            stddev = 20,79 milliseconds
            median = 64,40 milliseconds
              75% <= 75,95 milliseconds
              95% <= 122,77 milliseconds
              98% <= 124,00 milliseconds
              99% <= 124,08 milliseconds
            99.9% <= 124,09 milliseconds


13.05.2022 15.24.26 ============================================================

-- Timers ----------------------------------------------------------------------
stats-per-second-INSERT
             count = 14507
         mean rate = 207,22 calls/second
     1-minute rate = 211,54 calls/second
     5-minute rate = 223,70 calls/second
    15-minute rate = 226,61 calls/second
               min = 37,84 milliseconds
               max = 344,96 milliseconds
              mean = 245,60 milliseconds
            stddev = 102,95 milliseconds
            median = 291,36 milliseconds
              75% <= 305,02 milliseconds
              95% <= 343,91 milliseconds
              98% <= 344,96 milliseconds
              99% <= 344,96 milliseconds
            99.9% <= 344,96 milliseconds


13.05.2022 15.24.27 ============================================================

-- Timers ----------------------------------------------------------------------
stats-per-second-INSERT
             count = 14762
         mean rate = 207,89 calls/second
     1-minute rate = 211,54 calls/second
     5-minute rate = 223,70 calls/second
    15-minute rate = 226,61 calls/second
               min = 28,86 milliseconds
               max = 56,03 milliseconds
              mean = 39,46 milliseconds
            stddev = 4,74 milliseconds
            median = 38,67 milliseconds
              75% <= 41,39 milliseconds
              95% <= 47,90 milliseconds
              98% <= 52,71 milliseconds
              99% <= 55,09 milliseconds
            99.9% <= 56,03 milliseconds


13.05.2022 15.24.28 ============================================================

-- Timers ----------------------------------------------------------------------
stats-per-second-INSERT
             count = 15002
         mean rate = 208,32 calls/second
     1-minute rate = 211,54 calls/second
     5-minute rate = 223,70 calls/second
    15-minute rate = 226,61 calls/second
               min = 30,09 milliseconds
               max = 57,66 milliseconds
              mean = 39,61 milliseconds
            stddev = 5,43 milliseconds
            median = 39,26 milliseconds
              75% <= 41,52 milliseconds
              95% <= 50,32 milliseconds
              98% <= 56,69 milliseconds
              99% <= 57,39 milliseconds
            99.9% <= 57,66 milliseconds


13.05.2022 15.24.29 ============================================================

-- Timers ----------------------------------------------------------------------
stats-per-second-INSERT
             count = 15205
         mean rate = 208,26 calls/second
     1-minute rate = 211,54 calls/second
     5-minute rate = 223,70 calls/second
    15-minute rate = 226,61 calls/second
               min = 31,54 milliseconds
               max = 113,89 milliseconds
              mean = 51,84 milliseconds
            stddev = 17,32 milliseconds
            median = 45,21 milliseconds
              75% <= 57,12 milliseconds
              95% <= 92,07 milliseconds
              98% <= 112,23 milliseconds
              99% <= 113,35 milliseconds
            99.9% <= 113,89 milliseconds


13.05.2022 15.24.30 ============================================================

-- Timers ----------------------------------------------------------------------
stats-per-second-INSERT
             count = 15369
         mean rate = 207,66 calls/second
     1-minute rate = 211,54 calls/second
     5-minute rate = 223,70 calls/second
    15-minute rate = 226,61 calls/second
               min = 31,74 milliseconds
               max = 179,53 milliseconds
              mean = 60,96 milliseconds
            stddev = 40,59 milliseconds
            median = 43,80 milliseconds
              75% <= 51,22 milliseconds
              95% <= 174,28 milliseconds
              98% <= 178,70 milliseconds
              99% <= 179,44 milliseconds
            99.9% <= 179,53 milliseconds


13.05.2022 15.24.31 ============================================================

-- Timers ----------------------------------------------------------------------
stats-per-second-INSERT
             count = 15599
         mean rate = 207,96 calls/second
     1-minute rate = 212,07 calls/second
     5-minute rate = 223,61 calls/second
    15-minute rate = 226,57 calls/second
               min = 31,22 milliseconds
               max = 80,17 milliseconds
              mean = 43,67 milliseconds
            stddev = 11,77 milliseconds
            median = 40,15 milliseconds
              75% <= 45,27 milliseconds
              95% <= 76,29 milliseconds
              98% <= 79,64 milliseconds
              99% <= 80,11 milliseconds
            99.9% <= 80,17 milliseconds


13.05.2022 15.24.32 ============================================================

-- Timers ----------------------------------------------------------------------
stats-per-second-INSERT
             count = 15847
         mean rate = 208,49 calls/second
     1-minute rate = 212,07 calls/second
     5-minute rate = 223,61 calls/second
    15-minute rate = 226,57 calls/second
               min = 30,21 milliseconds
               max = 67,30 milliseconds
              mean = 39,98 milliseconds
            stddev = 6,83 milliseconds
            median = 38,44 milliseconds
              75% <= 41,07 milliseconds
              95% <= 54,18 milliseconds
              98% <= 59,63 milliseconds
              99% <= 66,83 milliseconds
            99.9% <= 67,30 milliseconds


13.05.2022 15.24.33 ============================================================

-- Timers ----------------------------------------------------------------------
stats-per-second-INSERT
             count = 16062
         mean rate = 208,57 calls/second
     1-minute rate = 212,07 calls/second
     5-minute rate = 223,61 calls/second
    15-minute rate = 226,57 calls/second
               min = 30,71 milliseconds
               max = 149,99 milliseconds
              mean = 46,15 milliseconds
            stddev = 23,82 milliseconds
            median = 38,56 milliseconds
              75% <= 44,24 milliseconds
              95% <= 90,63 milliseconds
              98% <= 146,90 milliseconds
              99% <= 148,10 milliseconds
            99.9% <= 149,99 milliseconds


13.05.2022 15.24.34 ============================================================

-- Timers ----------------------------------------------------------------------
stats-per-second-INSERT
             count = 16254
         mean rate = 208,36 calls/second
     1-minute rate = 212,07 calls/second
     5-minute rate = 223,61 calls/second
    15-minute rate = 226,57 calls/second
               min = 31,27 milliseconds
               max = 160,38 milliseconds
              mean = 52,78 milliseconds
            stddev = 26,03 milliseconds
            median = 43,17 milliseconds
              75% <= 54,93 milliseconds
              95% <= 127,69 milliseconds
              98% <= 159,07 milliseconds
              99% <= 159,90 milliseconds
            99.9% <= 160,38 milliseconds


13.05.2022 15.24.35 ============================================================

-- Timers ----------------------------------------------------------------------
stats-per-second-INSERT
             count = 16346
         mean rate = 206,89 calls/second
     1-minute rate = 212,07 calls/second
     5-minute rate = 223,61 calls/second
    15-minute rate = 226,57 calls/second
               min = 37,09 milliseconds
               max = 187,84 milliseconds
              mean = 108,91 milliseconds
            stddev = 46,24 milliseconds
            median = 98,07 milliseconds
              75% <= 164,05 milliseconds
              95% <= 170,06 milliseconds
              98% <= 184,70 milliseconds
              99% <= 187,84 milliseconds
            99.9% <= 187,84 milliseconds


13.05.2022 15.24.36 ============================================================

-- Timers ----------------------------------------------------------------------
stats-per-second-INSERT
             count = 16445
         mean rate = 205,54 calls/second
     1-minute rate = 208,69 calls/second
     5-minute rate = 222,72 calls/second
    15-minute rate = 226,25 calls/second
               min = 42,13 milliseconds
               max = 186,82 milliseconds
              mean = 85,20 milliseconds
            stddev = 46,01 milliseconds
            median = 63,39 milliseconds
              75% <= 114,98 milliseconds
              95% <= 186,53 milliseconds
              98% <= 186,76 milliseconds
              99% <= 186,82 milliseconds
            99.9% <= 186,82 milliseconds


13.05.2022 15.24.37 ============================================================

-- Timers ----------------------------------------------------------------------
stats-per-second-INSERT
             count = 16613
         mean rate = 205,08 calls/second
     1-minute rate = 208,69 calls/second
     5-minute rate = 222,72 calls/second
    15-minute rate = 226,25 calls/second
               min = 32,10 milliseconds
               max = 191,48 milliseconds
              mean = 68,01 milliseconds
            stddev = 36,57 milliseconds
            median = 55,75 milliseconds
              75% <= 96,81 milliseconds
              95% <= 171,84 milliseconds
              98% <= 173,80 milliseconds
              99% <= 179,61 milliseconds
            99.9% <= 191,48 milliseconds


13.05.2022 15.24.38 ============================================================

-- Timers ----------------------------------------------------------------------
stats-per-second-INSERT
             count = 16850
         mean rate = 205,44 calls/second
     1-minute rate = 208,69 calls/second
     5-minute rate = 222,72 calls/second
    15-minute rate = 226,25 calls/second
               min = 30,68 milliseconds
               max = 155,66 milliseconds
              mean = 43,35 milliseconds
            stddev = 20,03 milliseconds
            median = 38,54 milliseconds
              75% <= 43,03 milliseconds
              95% <= 59,33 milliseconds
              98% <= 141,99 milliseconds
              99% <= 153,09 milliseconds
            99.9% <= 155,66 milliseconds


13.05.2022 15.24.39 ============================================================

-- Timers ----------------------------------------------------------------------
stats-per-second-INSERT
             count = 17033
         mean rate = 205,19 calls/second
     1-minute rate = 208,69 calls/second
     5-minute rate = 222,72 calls/second
    15-minute rate = 226,25 calls/second
               min = 28,96 milliseconds
               max = 135,04 milliseconds
              mean = 52,87 milliseconds
            stddev = 25,06 milliseconds
            median = 41,94 milliseconds
              75% <= 58,27 milliseconds
              95% <= 108,12 milliseconds
              98% <= 131,54 milliseconds
              99% <= 134,94 milliseconds
            99.9% <= 135,04 milliseconds


13.05.2022 15.24.40 ============================================================

-- Timers ----------------------------------------------------------------------
stats-per-second-INSERT
             count = 17280
         mean rate = 205,68 calls/second
     1-minute rate = 208,69 calls/second
     5-minute rate = 222,72 calls/second
    15-minute rate = 226,25 calls/second
               min = 31,10 milliseconds
               max = 56,16 milliseconds
              mean = 39,76 milliseconds
            stddev = 5,00 milliseconds
            median = 39,23 milliseconds
              75% <= 42,95 milliseconds
              95% <= 50,43 milliseconds
              98% <= 52,74 milliseconds
              99% <= 53,77 milliseconds
            99.9% <= 56,16 milliseconds


13.05.2022 15.24.41 ============================================================

-- Timers ----------------------------------------------------------------------
stats-per-second-INSERT
             count = 17527
         mean rate = 206,16 calls/second
     1-minute rate = 209,29 calls/second
     5-minute rate = 222,62 calls/second
    15-minute rate = 226,20 calls/second
               min = 28,71 milliseconds
               max = 109,74 milliseconds
              mean = 41,08 milliseconds
            stddev = 11,62 milliseconds
            median = 38,67 milliseconds
              75% <= 42,30 milliseconds
              95% <= 53,24 milliseconds
              98% <= 102,77 milliseconds
              99% <= 109,48 milliseconds
            99.9% <= 109,74 milliseconds


13.05.2022 15.24.42 ============================================================

-- Timers ----------------------------------------------------------------------
stats-per-second-INSERT
             count = 17760
         mean rate = 206,48 calls/second
     1-minute rate = 209,29 calls/second
     5-minute rate = 222,62 calls/second
    15-minute rate = 226,20 calls/second
               min = 30,26 milliseconds
               max = 139,25 milliseconds
              mean = 43,76 milliseconds
            stddev = 20,50 milliseconds
            median = 38,70 milliseconds
              75% <= 41,98 milliseconds
              95% <= 54,48 milliseconds
              98% <= 138,67 milliseconds
              99% <= 139,01 milliseconds
            99.9% <= 139,25 milliseconds


13.05.2022 15.24.43 ============================================================

-- Timers ----------------------------------------------------------------------
stats-per-second-INSERT
             count = 17902
         mean rate = 205,74 calls/second
     1-minute rate = 209,29 calls/second
     5-minute rate = 222,62 calls/second
    15-minute rate = 226,20 calls/second
               min = 32,72 milliseconds
               max = 112,28 milliseconds
              mean = 63,73 milliseconds
            stddev = 22,33 milliseconds
            median = 61,11 milliseconds
              75% <= 80,91 milliseconds
              95% <= 110,80 milliseconds
              98% <= 111,47 milliseconds
              99% <= 112,03 milliseconds
            99.9% <= 112,28 milliseconds


13.05.2022 15.24.44 ============================================================

-- Timers ----------------------------------------------------------------------
stats-per-second-INSERT
             count = 18076
         mean rate = 205,39 calls/second
     1-minute rate = 209,29 calls/second
     5-minute rate = 222,62 calls/second
    15-minute rate = 226,20 calls/second
               min = 34,89 milliseconds
               max = 123,96 milliseconds
              mean = 62,76 milliseconds
            stddev = 24,77 milliseconds
            median = 52,75 milliseconds
              75% <= 80,78 milliseconds
              95% <= 117,86 milliseconds
              98% <= 123,36 milliseconds
              99% <= 123,88 milliseconds
            99.9% <= 123,96 milliseconds


13.05.2022 15.24.45 ============================================================

-- Timers ----------------------------------------------------------------------
stats-per-second-INSERT
             count = 18273
         mean rate = 205,29 calls/second
     1-minute rate = 209,29 calls/second
     5-minute rate = 222,62 calls/second
    15-minute rate = 226,20 calls/second
               min = 31,62 milliseconds
               max = 155,32 milliseconds
              mean = 50,60 milliseconds
            stddev = 21,02 milliseconds
            median = 44,54 milliseconds
              75% <= 51,77 milliseconds
              95% <= 96,10 milliseconds
              98% <= 142,57 milliseconds
              99% <= 153,46 milliseconds
            99.9% <= 155,32 milliseconds


13.05.2022 15.24.46 ============================================================

-- Timers ----------------------------------------------------------------------
stats-per-second-INSERT
             count = 18448
         mean rate = 204,95 calls/second
     1-minute rate = 207,30 calls/second
     5-minute rate = 221,98 calls/second
    15-minute rate = 225,97 calls/second
               min = 31,28 milliseconds
               max = 84,64 milliseconds
              mean = 54,94 milliseconds
            stddev = 12,29 milliseconds
            median = 51,49 milliseconds
              75% <= 62,16 milliseconds
              95% <= 76,90 milliseconds
              98% <= 81,21 milliseconds
              99% <= 83,40 milliseconds
            99.9% <= 84,64 milliseconds


13.05.2022 15.24.47 ============================================================

-- Timers ----------------------------------------------------------------------
stats-per-second-INSERT
             count = 18607
         mean rate = 204,45 calls/second
     1-minute rate = 207,30 calls/second
     5-minute rate = 221,98 calls/second
    15-minute rate = 225,97 calls/second
               min = 31,21 milliseconds
               max = 116,58 milliseconds
              mean = 65,62 milliseconds
            stddev = 26,10 milliseconds
            median = 56,87 milliseconds
              75% <= 90,54 milliseconds
              95% <= 115,98 milliseconds
              98% <= 116,34 milliseconds
              99% <= 116,51 milliseconds
            99.9% <= 116,58 milliseconds


13.05.2022 15.24.48 ============================================================

-- Timers ----------------------------------------------------------------------
stats-per-second-INSERT
             count = 18763
         mean rate = 203,93 calls/second
     1-minute rate = 207,30 calls/second
     5-minute rate = 221,98 calls/second
    15-minute rate = 225,97 calls/second
               min = 31,01 milliseconds
               max = 128,85 milliseconds
              mean = 63,77 milliseconds
            stddev = 24,91 milliseconds
            median = 54,05 milliseconds
              75% <= 81,41 milliseconds
              95% <= 121,42 milliseconds
              98% <= 123,73 milliseconds
              99% <= 127,65 milliseconds
            99.9% <= 128,85 milliseconds


13.05.2022 15.24.49 ============================================================

-- Timers ----------------------------------------------------------------------
stats-per-second-INSERT
             count = 18932
         mean rate = 203,54 calls/second
     1-minute rate = 207,30 calls/second
     5-minute rate = 221,98 calls/second
    15-minute rate = 225,97 calls/second
               min = 31,77 milliseconds
               max = 158,85 milliseconds
              mean = 57,98 milliseconds
            stddev = 31,99 milliseconds
            median = 45,00 milliseconds
              75% <= 63,62 milliseconds
              95% <= 149,80 milliseconds
              98% <= 155,47 milliseconds
              99% <= 158,72 milliseconds
            99.9% <= 158,85 milliseconds


13.05.2022 15.24.50 ============================================================

-- Timers ----------------------------------------------------------------------
stats-per-second-INSERT
             count = 19162
         mean rate = 203,83 calls/second
     1-minute rate = 207,30 calls/second
     5-minute rate = 221,98 calls/second
    15-minute rate = 225,97 calls/second
               min = 30,24 milliseconds
               max = 78,99 milliseconds
              mean = 43,40 milliseconds
            stddev = 8,75 milliseconds
            median = 40,82 milliseconds
              75% <= 48,43 milliseconds
              95% <= 58,34 milliseconds
              98% <= 71,96 milliseconds
              99% <= 78,16 milliseconds
            99.9% <= 78,99 milliseconds


13.05.2022 15.24.51 ============================================================

-- Timers ----------------------------------------------------------------------
stats-per-second-INSERT
             count = 19415
         mean rate = 204,34 calls/second
     1-minute rate = 206,03 calls/second
     5-minute rate = 221,48 calls/second
    15-minute rate = 225,78 calls/second
               min = 30,58 milliseconds
               max = 61,37 milliseconds
              mean = 40,71 milliseconds
            stddev = 5,94 milliseconds
            median = 39,85 milliseconds
              75% <= 43,65 milliseconds
              95% <= 53,90 milliseconds
              98% <= 58,88 milliseconds
              99% <= 59,67 milliseconds
            99.9% <= 61,37 milliseconds


13.05.2022 15.24.52 ============================================================

-- Timers ----------------------------------------------------------------------
stats-per-second-INSERT
             count = 19656
         mean rate = 204,73 calls/second
     1-minute rate = 206,03 calls/second
     5-minute rate = 221,48 calls/second
    15-minute rate = 225,78 calls/second
               min = 30,96 milliseconds
               max = 65,27 milliseconds
              mean = 40,43 milliseconds
            stddev = 5,86 milliseconds
            median = 39,56 milliseconds
              75% <= 43,32 milliseconds
              95% <= 51,49 milliseconds
              98% <= 57,69 milliseconds
              99% <= 58,73 milliseconds
            99.9% <= 65,27 milliseconds


13.05.2022 15.24.53 ============================================================

-- Timers ----------------------------------------------------------------------
stats-per-second-INSERT
             count = 19888
         mean rate = 205,01 calls/second
     1-minute rate = 206,03 calls/second
     5-minute rate = 221,48 calls/second
    15-minute rate = 225,78 calls/second
               min = 30,68 milliseconds
               max = 74,31 milliseconds
              mean = 43,98 milliseconds
            stddev = 9,28 milliseconds
            median = 41,31 milliseconds
              75% <= 47,40 milliseconds
              95% <= 62,81 milliseconds
              98% <= 67,32 milliseconds
              99% <= 71,27 milliseconds
            99.9% <= 74,31 milliseconds


2022-05-13 15:24:54,155 [pool-1-thread-1] INFO  d.i.mongodb.perf.OperationExecutor - Done (in time) in 97600 ms 
2022-05-13 15:24:54,158 [pool-1-thread-1] INFO  d.i.mongodb.perf.OperationExecutor - affected documents: 20000
2022-05-13 15:24:54,158 [main] INFO  d.i.mongodb.perf.MongoDbAccessor - >>> closeConnections 34.89.191.200:27017
2022-05-13 15:24:54,158 [pool-1-thread-1] INFO  d.i.mongodb.perf.OperationExecutor - count: 20000
2022-05-13 15:24:54,158 [pool-1-thread-1] INFO  d.i.mongodb.perf.OperationExecutor - FifteenMinuteRate: 225.59549820298568
2022-05-13 15:24:54,159 [pool-1-thread-1] INFO  d.i.mongodb.perf.OperationExecutor - FiveMinuteRate: 221.33220544874754
2022-05-13 15:24:54,159 [pool-1-thread-1] INFO  d.i.mongodb.perf.OperationExecutor - OneMinuteRate: 205.9878689722321
2022-05-13 15:24:54,159 [pool-1-thread-1] INFO  d.i.mongodb.perf.OperationExecutor - MeanRate: 204.90552203670205
2022-05-13 15:24:54,168 [pool-1-thread-1] INFO  d.i.mongodb.perf.OperationExecutor - Snapshot 75thPercentile: 49.237334
2022-05-13 15:24:54,169 [pool-1-thread-1] INFO  d.i.mongodb.perf.OperationExecutor - Snapshot 95thPercentile: 98.4515
2022-05-13 15:24:54,169 [pool-1-thread-1] INFO  d.i.mongodb.perf.OperationExecutor - Snapshot 98thPercentile: 115.515667
2022-05-13 15:24:54,169 [pool-1-thread-1] INFO  d.i.mongodb.perf.OperationExecutor - Snapshot 99thPercentile: 141.939875
2022-05-13 15:24:54,169 [pool-1-thread-1] INFO  d.i.mongodb.perf.OperationExecutor - Snapshot 999thPercentile: 303.834459
2022-05-13 15:24:54,169 [pool-1-thread-1] INFO  d.i.mongodb.perf.OperationExecutor - Snapshot Min: 29.154833
2022-05-13 15:24:54,169 [pool-1-thread-1] INFO  d.i.mongodb.perf.OperationExecutor - Snapshot Max: 303.834459
2022-05-13 15:24:54,169 [pool-1-thread-1] INFO  d.i.mongodb.perf.OperationExecutor - Snapshot Mean: 48.42019448226183
2022-05-13 15:24:54,169 [pool-1-thread-1] INFO  d.i.mongodb.perf.OperationExecutor - Snapshot Median: 40.842667
2022-05-13 15:24:54,169 [pool-1-thread-1] INFO  d.i.mongodb.perf.OperationExecutor - Snapshot StdDev: 23.371841009208463
2022-05-13 15:24:54,169 [pool-1-thread-1] INFO  d.i.mongodb.perf.OperationExecutor - Snapshot Size: 1028
13.05.2022 15.24.54 ============================================================

-- Timers ----------------------------------------------------------------------
stats-per-run-INSERT
             count = 20000
         mean rate = 204,88 calls/second
     1-minute rate = 205,99 calls/second
     5-minute rate = 221,33 calls/second
    15-minute rate = 225,60 calls/second
               min = 29,15 milliseconds
               max = 303,83 milliseconds
              mean = 48,42 milliseconds
            stddev = 23,37 milliseconds
            median = 40,84 milliseconds
              75% <= 49,24 milliseconds
              95% <= 98,45 milliseconds
              98% <= 115,52 milliseconds
              99% <= 141,94 milliseconds
            99.9% <= 303,83 milliseconds


2022-05-13 15:24:54,174 [pool-1-thread-1] INFO  d.i.mongodb.perf.OperationExecutor - stopReporters
2022-05-13 15:24:54,175 [pool-1-thread-1] INFO  d.i.mongodb.perf.OperationExecutor - consoleReporter stopped
2022-05-13 15:24:54,175 [pool-1-thread-1] INFO  d.i.mongodb.perf.OperationExecutor - allConsoleReporter stopped
2022-05-13 15:24:54,175 [pool-1-thread-1] INFO  d.i.mongodb.perf.OperationExecutor - csvReporter stopped
2022-05-13 15:24:54,175 [pool-1-thread-1] INFO  d.i.mongodb.perf.OperationExecutor - If run took more than 1 second, csv-file 'stats-per-second-INSERT.csv' saved in folder: /Users/oscarorellana/Desktop/softcorp/doubble/mongodb-performance-test/latest-version
2022-05-13 15:24:54,176 [pool-1-thread-1] INFO  d.i.mongodb.perf.OperationExecutor - csvReporterAll stopped
2022-05-13 15:24:54,176 [pool-1-thread-1] INFO  d.i.mongodb.perf.OperationExecutor - Summary of statistics saved in csv-file 'stats-per-run-INSERT.csv' located in folder: /Users/oscarorellana/Desktop/softcorp/doubble/mongodb-performance-test/latest-version
2022-05-13 15:24:54,193 [main] INFO  org.mongodb.driver.connection - Closed connection [connectionId{localValue:11, serverValue:1034}] to 34.89.191.200:27017 because the pool has been closed.
2022-05-13 15:24:54,194 [main] INFO  org.mongodb.driver.connection - Closed connection [connectionId{localValue:4, serverValue:1030}] to 34.89.191.200:27017 because the pool has been closed.
2022-05-13 15:24:54,194 [main] INFO  org.mongodb.driver.connection - Closed connection [connectionId{localValue:3, serverValue:1027}] to 34.89.191.200:27017 because the pool has been closed.
2022-05-13 15:24:54,194 [main] INFO  org.mongodb.driver.connection - Closed connection [connectionId{localValue:8, serverValue:1028}] to 34.89.191.200:27017 because the pool has been closed.
2022-05-13 15:24:54,194 [main] INFO  org.mongodb.driver.connection - Closed connection [connectionId{localValue:5, serverValue:1029}] to 34.89.191.200:27017 because the pool has been closed.
2022-05-13 15:24:54,194 [main] INFO  org.mongodb.driver.connection - Closed connection [connectionId{localValue:9, serverValue:1032}] to 34.89.191.200:27017 because the pool has been closed.
2022-05-13 15:24:54,194 [main] INFO  org.mongodb.driver.connection - Closed connection [connectionId{localValue:10, serverValue:1035}] to 34.89.191.200:27017 because the pool has been closed.
2022-05-13 15:24:54,194 [main] INFO  org.mongodb.driver.connection - Closed connection [connectionId{localValue:2, serverValue:1026}] to 34.89.191.200:27017 because the pool has been closed.
2022-05-13 15:24:54,195 [main] INFO  org.mongodb.driver.connection - Closed connection [connectionId{localValue:7, serverValue:1033}] to 34.89.191.200:27017 because the pool has been closed.
2022-05-13 15:24:54,195 [main] INFO  org.mongodb.driver.connection - Closed connection [connectionId{localValue:6, serverValue:1031}] to 34.89.191.200:27017 because the pool has been closed.
2022-05-13 15:24:54,195 [main] INFO  d.i.mongodb.perf.MongoDbAccessor - <<< closeConnections 34.89.191.200:27017
