2022-05-13 15:21:36,379 [main] INFO  d.i.mongodb.perf.MongoDbAccessor - >>> init 34.89.191.200:27017
2022-05-13 15:21:36,465 [main] INFO  org.mongodb.driver.cluster - Cluster created with settings {hosts=[34.89.191.200:27017], mode=SINGLE, requiredClusterType=UNKNOWN, serverSelectionTimeout='30000 ms', maxWaitQueueSize=50000}
2022-05-13 15:21:36,476 [main] INFO  d.i.mongodb.perf.MongoDbAccessor - <<< init
2022-05-13 15:21:36,482 [main] INFO  org.mongodb.driver.cluster - Cluster description not yet available. Waiting for 30000 ms before timing out
2022-05-13 15:21:36,585 [cluster-ClusterId{value='627e5b60b5d1d24ac5515d2e', description='null'}-34.89.191.200:27017] INFO  org.mongodb.driver.connection - Opened connection [connectionId{localValue:1, serverValue:943}] to 34.89.191.200:27017
2022-05-13 15:21:36,620 [cluster-ClusterId{value='627e5b60b5d1d24ac5515d2e', description='null'}-34.89.191.200:27017] INFO  org.mongodb.driver.cluster - Monitor thread successfully connected to server with description ServerDescription{address=34.89.191.200:27017, type=REPLICA_SET_PRIMARY, state=CONNECTED, ok=true, version=ServerVersion{versionList=[5, 0, 8]}, minWireVersion=0, maxWireVersion=13, maxDocumentSize=16777216, logicalSessionTimeoutMinutes=30, roundTripTimeNanos=33455750, setName='rs0', canonicalAddress=34.89.191.200:27017, hosts=[34.89.191.200:27017, 34.107.118.41:27017, 35.198.189.29:27017], passives=[], arbiters=[mongodb-arbiter-0.mongodb-arbiter-headless.mongodb-fast.svc.cluster.local:27017], primary='34.89.191.200:27017', tagSet=TagSet{[]}, electionId=7fffffff0000000000000002, setVersion=8, lastWriteDate=Fri May 13 15:21:18 CEST 2022, lastUpdateTimeNanos=352441541091000}
2022-05-13 15:21:36,900 [main] INFO  org.mongodb.driver.connection - Opened connection [connectionId{localValue:2, serverValue:944}] to 34.89.191.200:27017
2022-05-13 15:21:37,003 [main] INFO  d.i.mongodb.perf.OperationExecutor - >>> OperationExecutor threadCount: 10, opsCount: 5000, maxDurationInSeconds: 3600, operation: CountOperation
2022-05-13 15:21:37,003 [main] INFO  d.i.mongodb.perf.OperationExecutor - java execution path: /Users/oscarorellana/Desktop/softcorp/doubble/mongodb-performance-test/latest-version/mongodb-performance-test.jar
2022-05-13 15:21:37,209 [pool-2-thread-9] INFO  org.mongodb.driver.connection - Opened connection [connectionId{localValue:5, serverValue:948}] to 34.89.191.200:27017
2022-05-13 15:21:37,211 [pool-2-thread-3] INFO  org.mongodb.driver.connection - Opened connection [connectionId{localValue:3, serverValue:949}] to 34.89.191.200:27017
2022-05-13 15:21:37,211 [pool-2-thread-5] INFO  org.mongodb.driver.connection - Opened connection [connectionId{localValue:8, serverValue:946}] to 34.89.191.200:27017
2022-05-13 15:21:37,211 [pool-2-thread-8] INFO  org.mongodb.driver.connection - Opened connection [connectionId{localValue:10, serverValue:951}] to 34.89.191.200:27017
2022-05-13 15:21:37,211 [pool-2-thread-7] INFO  org.mongodb.driver.connection - Opened connection [connectionId{localValue:7, serverValue:947}] to 34.89.191.200:27017
2022-05-13 15:21:37,211 [pool-2-thread-10] INFO  org.mongodb.driver.connection - Opened connection [connectionId{localValue:6, serverValue:953}] to 34.89.191.200:27017
2022-05-13 15:21:37,211 [pool-2-thread-1] INFO  org.mongodb.driver.connection - Opened connection [connectionId{localValue:4, serverValue:952}] to 34.89.191.200:27017
2022-05-13 15:21:37,211 [pool-2-thread-2] INFO  org.mongodb.driver.connection - Opened connection [connectionId{localValue:11, serverValue:950}] to 34.89.191.200:27017
2022-05-13 15:21:37,214 [pool-2-thread-4] INFO  org.mongodb.driver.connection - Opened connection [connectionId{localValue:9, serverValue:945}] to 34.89.191.200:27017
13.05.2022 15.21.38 ============================================================

-- Timers ----------------------------------------------------------------------
stats-per-second-COUNT_MANY
             count = 246
         mean rate = 242,62 calls/second
     1-minute rate = 0,00 calls/second
     5-minute rate = 0,00 calls/second
    15-minute rate = 0,00 calls/second
               min = 27,85 milliseconds
               max = 239,08 milliseconds
              mean = 40,53 milliseconds
            stddev = 38,48 milliseconds
            median = 32,58 milliseconds
              75% <= 34,73 milliseconds
              95% <= 44,87 milliseconds
              98% <= 239,02 milliseconds
              99% <= 239,06 milliseconds
            99.9% <= 239,08 milliseconds


13.05.2022 15.21.39 ============================================================

-- Timers ----------------------------------------------------------------------
stats-per-second-COUNT_MANY
             count = 538
         mean rate = 266,70 calls/second
     1-minute rate = 0,00 calls/second
     5-minute rate = 0,00 calls/second
    15-minute rate = 0,00 calls/second
               min = 27,12 milliseconds
               max = 64,27 milliseconds
              mean = 34,00 milliseconds
            stddev = 4,57 milliseconds
            median = 33,08 milliseconds
              75% <= 36,18 milliseconds
              95% <= 41,98 milliseconds
              98% <= 45,76 milliseconds
              99% <= 50,49 milliseconds
            99.9% <= 64,27 milliseconds


13.05.2022 15.21.40 ============================================================

-- Timers ----------------------------------------------------------------------
stats-per-second-COUNT_MANY
             count = 835
         mean rate = 277,34 calls/second
     1-minute rate = 0,00 calls/second
     5-minute rate = 0,00 calls/second
    15-minute rate = 0,00 calls/second
               min = 25,53 milliseconds
               max = 49,06 milliseconds
              mean = 33,85 milliseconds
            stddev = 4,35 milliseconds
            median = 32,82 milliseconds
              75% <= 35,49 milliseconds
              95% <= 42,92 milliseconds
              98% <= 47,45 milliseconds
              99% <= 48,13 milliseconds
            99.9% <= 49,06 milliseconds


13.05.2022 15.21.41 ============================================================

-- Timers ----------------------------------------------------------------------
stats-per-second-COUNT_MANY
             count = 1139
         mean rate = 283,15 calls/second
     1-minute rate = 0,00 calls/second
     5-minute rate = 0,00 calls/second
    15-minute rate = 0,00 calls/second
               min = 27,49 milliseconds
               max = 59,15 milliseconds
              mean = 32,56 milliseconds
            stddev = 3,81 milliseconds
            median = 31,93 milliseconds
              75% <= 33,89 milliseconds
              95% <= 40,07 milliseconds
              98% <= 42,47 milliseconds
              99% <= 42,55 milliseconds
            99.9% <= 59,15 milliseconds


13.05.2022 15.21.42 ============================================================

-- Timers ----------------------------------------------------------------------
stats-per-second-COUNT_MANY
             count = 1420
         mean rate = 283,32 calls/second
     1-minute rate = 284,00 calls/second
     5-minute rate = 284,00 calls/second
    15-minute rate = 284,00 calls/second
               min = 27,26 milliseconds
               max = 59,15 milliseconds
              mean = 34,96 milliseconds
            stddev = 5,09 milliseconds
            median = 33,80 milliseconds
              75% <= 36,01 milliseconds
              95% <= 47,74 milliseconds
              98% <= 53,20 milliseconds
              99% <= 55,27 milliseconds
            99.9% <= 59,15 milliseconds


13.05.2022 15.21.43 ============================================================

-- Timers ----------------------------------------------------------------------
stats-per-second-COUNT_MANY
             count = 1728
         mean rate = 286,25 calls/second
     1-minute rate = 284,00 calls/second
     5-minute rate = 284,00 calls/second
    15-minute rate = 284,00 calls/second
               min = 22,31 milliseconds
               max = 63,35 milliseconds
              mean = 33,96 milliseconds
            stddev = 6,00 milliseconds
            median = 32,70 milliseconds
              75% <= 35,18 milliseconds
              95% <= 42,34 milliseconds
              98% <= 62,58 milliseconds
              99% <= 63,03 milliseconds
            99.9% <= 63,35 milliseconds


13.05.2022 15.21.44 ============================================================

-- Timers ----------------------------------------------------------------------
stats-per-second-COUNT_MANY
             count = 2014
         mean rate = 287,05 calls/second
     1-minute rate = 284,00 calls/second
     5-minute rate = 284,00 calls/second
    15-minute rate = 284,00 calls/second
               min = 27,44 milliseconds
               max = 63,35 milliseconds
              mean = 34,11 milliseconds
            stddev = 5,59 milliseconds
            median = 33,04 milliseconds
              75% <= 35,44 milliseconds
              95% <= 40,12 milliseconds
              98% <= 62,59 milliseconds
              99% <= 63,03 milliseconds
            99.9% <= 63,35 milliseconds


13.05.2022 15.21.45 ============================================================

-- Timers ----------------------------------------------------------------------
stats-per-second-COUNT_MANY
             count = 2325
         mean rate = 290,28 calls/second
     1-minute rate = 284,00 calls/second
     5-minute rate = 284,00 calls/second
    15-minute rate = 284,00 calls/second
               min = 25,26 milliseconds
               max = 45,35 milliseconds
              mean = 32,75 milliseconds
            stddev = 3,51 milliseconds
            median = 32,13 milliseconds
              75% <= 34,34 milliseconds
              95% <= 40,40 milliseconds
              98% <= 43,12 milliseconds
              99% <= 43,99 milliseconds
            99.9% <= 45,35 milliseconds


13.05.2022 15.21.46 ============================================================

-- Timers ----------------------------------------------------------------------
stats-per-second-COUNT_MANY
             count = 2626
         mean rate = 291,15 calls/second
     1-minute rate = 284,00 calls/second
     5-minute rate = 284,00 calls/second
    15-minute rate = 284,00 calls/second
               min = 27,58 milliseconds
               max = 45,66 milliseconds
              mean = 32,71 milliseconds
            stddev = 2,94 milliseconds
            median = 32,50 milliseconds
              75% <= 34,42 milliseconds
              95% <= 38,35 milliseconds
              98% <= 40,22 milliseconds
              99% <= 41,81 milliseconds
            99.9% <= 45,66 milliseconds


13.05.2022 15.21.47 ============================================================

-- Timers ----------------------------------------------------------------------
stats-per-second-COUNT_MANY
             count = 2935
         mean rate = 293,01 calls/second
     1-minute rate = 285,46 calls/second
     5-minute rate = 284,30 calls/second
    15-minute rate = 284,10 calls/second
               min = 26,82 milliseconds
               max = 53,05 milliseconds
              mean = 32,53 milliseconds
            stddev = 3,50 milliseconds
            median = 31,65 milliseconds
              75% <= 34,13 milliseconds
              95% <= 39,33 milliseconds
              98% <= 41,22 milliseconds
              99% <= 43,11 milliseconds
            99.9% <= 53,05 milliseconds


13.05.2022 15.21.48 ============================================================

-- Timers ----------------------------------------------------------------------
stats-per-second-COUNT_MANY
             count = 3242
         mean rate = 294,51 calls/second
     1-minute rate = 285,46 calls/second
     5-minute rate = 284,30 calls/second
    15-minute rate = 284,10 calls/second
               min = 26,71 milliseconds
               max = 42,74 milliseconds
              mean = 32,50 milliseconds
            stddev = 3,01 milliseconds
            median = 32,18 milliseconds
              75% <= 34,19 milliseconds
              95% <= 38,17 milliseconds
              98% <= 40,34 milliseconds
              99% <= 41,97 milliseconds
            99.9% <= 42,74 milliseconds


13.05.2022 15.21.49 ============================================================

-- Timers ----------------------------------------------------------------------
stats-per-second-COUNT_MANY
             count = 3540
         mean rate = 294,80 calls/second
     1-minute rate = 285,46 calls/second
     5-minute rate = 284,30 calls/second
    15-minute rate = 284,10 calls/second
               min = 26,89 milliseconds
               max = 46,39 milliseconds
              mean = 33,19 milliseconds
            stddev = 3,56 milliseconds
            median = 32,50 milliseconds
              75% <= 34,44 milliseconds
              95% <= 41,24 milliseconds
              98% <= 42,83 milliseconds
              99% <= 43,39 milliseconds
            99.9% <= 46,39 milliseconds


13.05.2022 15.21.50 ============================================================

-- Timers ----------------------------------------------------------------------
stats-per-second-COUNT_MANY
             count = 3816
         mean rate = 293,14 calls/second
     1-minute rate = 285,46 calls/second
     5-minute rate = 284,30 calls/second
    15-minute rate = 284,10 calls/second
               min = 27,12 milliseconds
               max = 116,66 milliseconds
              mean = 36,63 milliseconds
            stddev = 14,72 milliseconds
            median = 33,23 milliseconds
              75% <= 35,33 milliseconds
              95% <= 55,07 milliseconds
              98% <= 112,14 milliseconds
              99% <= 115,65 milliseconds
            99.9% <= 116,66 milliseconds


13.05.2022 15.21.51 ============================================================

-- Timers ----------------------------------------------------------------------
stats-per-second-COUNT_MANY
             count = 4116
         mean rate = 294,16 calls/second
     1-minute rate = 285,46 calls/second
     5-minute rate = 284,30 calls/second
    15-minute rate = 284,10 calls/second
               min = 26,15 milliseconds
               max = 52,25 milliseconds
              mean = 32,80 milliseconds
            stddev = 3,30 milliseconds
            median = 32,43 milliseconds
              75% <= 34,13 milliseconds
              95% <= 39,49 milliseconds
              98% <= 41,06 milliseconds
              99% <= 42,78 milliseconds
            99.9% <= 52,25 milliseconds


13.05.2022 15.21.52 ============================================================

-- Timers ----------------------------------------------------------------------
stats-per-second-COUNT_MANY
             count = 4420
         mean rate = 294,20 calls/second
     1-minute rate = 286,43 calls/second
     5-minute rate = 284,52 calls/second
    15-minute rate = 284,18 calls/second
               min = 26,29 milliseconds
               max = 49,72 milliseconds
              mean = 33,17 milliseconds
            stddev = 3,05 milliseconds
            median = 32,98 milliseconds
              75% <= 34,66 milliseconds
              95% <= 39,22 milliseconds
              98% <= 41,39 milliseconds
              99% <= 42,77 milliseconds
            99.9% <= 49,72 milliseconds


13.05.2022 15.21.53 ============================================================

-- Timers ----------------------------------------------------------------------
stats-per-second-COUNT_MANY
             count = 4714
         mean rate = 294,43 calls/second
     1-minute rate = 286,43 calls/second
     5-minute rate = 284,52 calls/second
    15-minute rate = 284,18 calls/second
               min = 26,13 milliseconds
               max = 82,41 milliseconds
              mean = 34,12 milliseconds
            stddev = 8,77 milliseconds
            median = 32,26 milliseconds
              75% <= 34,41 milliseconds
              95% <= 41,95 milliseconds
              98% <= 76,29 milliseconds
              99% <= 78,49 milliseconds
            99.9% <= 82,41 milliseconds


13.05.2022 15.21.54 ============================================================

-- Timers ----------------------------------------------------------------------
stats-per-second-COUNT_MANY
             count = 4983
         mean rate = 292,96 calls/second
     1-minute rate = 286,43 calls/second
     5-minute rate = 284,52 calls/second
    15-minute rate = 284,18 calls/second
               min = 27,47 milliseconds
               max = 93,41 milliseconds
              mean = 36,73 milliseconds
            stddev = 12,42 milliseconds
            median = 33,22 milliseconds
              75% <= 36,35 milliseconds
              95% <= 73,54 milliseconds
              98% <= 88,84 milliseconds
              99% <= 92,75 milliseconds
            99.9% <= 93,41 milliseconds


2022-05-13 15:21:54,060 [pool-1-thread-1] INFO  d.i.mongodb.perf.OperationExecutor - Done (in time) in 17050 ms 
2022-05-13 15:21:54,061 [pool-1-thread-1] INFO  d.i.mongodb.perf.OperationExecutor - affected documents: 49580
2022-05-13 15:21:54,062 [pool-1-thread-1] INFO  d.i.mongodb.perf.OperationExecutor - count: 5000
2022-05-13 15:21:54,062 [pool-1-thread-1] INFO  d.i.mongodb.perf.OperationExecutor - FifteenMinuteRate: 284.1756120770163
2022-05-13 15:21:54,062 [pool-1-thread-1] INFO  d.i.mongodb.perf.OperationExecutor - FiveMinuteRate: 284.52058102023915
2022-05-13 15:21:54,062 [pool-1-thread-1] INFO  d.i.mongodb.perf.OperationExecutor - OneMinuteRate: 286.4249583351593
2022-05-13 15:21:54,062 [pool-1-thread-1] INFO  d.i.mongodb.perf.OperationExecutor - MeanRate: 293.17514644258495
2022-05-13 15:21:54,066 [main] INFO  d.i.mongodb.perf.MongoDbAccessor - >>> closeConnections 34.89.191.200:27017
2022-05-13 15:21:54,077 [pool-1-thread-1] INFO  d.i.mongodb.perf.OperationExecutor - Snapshot 75thPercentile: 35.051832999999995
2022-05-13 15:21:54,078 [pool-1-thread-1] INFO  d.i.mongodb.perf.OperationExecutor - Snapshot 95thPercentile: 41.13625
2022-05-13 15:21:54,078 [pool-1-thread-1] INFO  d.i.mongodb.perf.OperationExecutor - Snapshot 98thPercentile: 45.838457999999996
2022-05-13 15:21:54,078 [pool-1-thread-1] INFO  d.i.mongodb.perf.OperationExecutor - Snapshot 99thPercentile: 63.354291999999994
2022-05-13 15:21:54,078 [pool-1-thread-1] INFO  d.i.mongodb.perf.OperationExecutor - Snapshot 999thPercentile: 111.899458
2022-05-13 15:21:54,078 [pool-1-thread-1] INFO  d.i.mongodb.perf.OperationExecutor - Snapshot Min: 26.968833
2022-05-13 15:21:54,078 [pool-1-thread-1] INFO  d.i.mongodb.perf.OperationExecutor - Snapshot Max: 111.899458
2022-05-13 15:21:54,078 [pool-1-thread-1] INFO  d.i.mongodb.perf.OperationExecutor - Snapshot Mean: 33.876585702574694
2022-05-13 15:21:54,078 [pool-1-thread-1] INFO  d.i.mongodb.perf.OperationExecutor - Snapshot Median: 32.685584
2022-05-13 15:21:54,078 [pool-1-thread-1] INFO  d.i.mongodb.perf.OperationExecutor - Snapshot StdDev: 6.207597828315427
2022-05-13 15:21:54,078 [pool-1-thread-1] INFO  d.i.mongodb.perf.OperationExecutor - Snapshot Size: 1028
13.05.2022 15.21.54 ============================================================

-- Timers ----------------------------------------------------------------------
stats-per-run-COUNT_MANY
             count = 5000
         mean rate = 292,88 calls/second
     1-minute rate = 286,42 calls/second
     5-minute rate = 284,52 calls/second
    15-minute rate = 284,18 calls/second
               min = 26,97 milliseconds
               max = 111,90 milliseconds
              mean = 33,88 milliseconds
            stddev = 6,21 milliseconds
            median = 32,69 milliseconds
              75% <= 35,05 milliseconds
              95% <= 41,14 milliseconds
              98% <= 45,84 milliseconds
              99% <= 63,35 milliseconds
            99.9% <= 111,90 milliseconds


2022-05-13 15:21:54,083 [pool-1-thread-1] INFO  d.i.mongodb.perf.OperationExecutor - stopReporters
2022-05-13 15:21:54,083 [pool-1-thread-1] INFO  d.i.mongodb.perf.OperationExecutor - consoleReporter stopped
2022-05-13 15:21:54,083 [pool-1-thread-1] INFO  d.i.mongodb.perf.OperationExecutor - allConsoleReporter stopped
2022-05-13 15:21:54,083 [pool-1-thread-1] INFO  d.i.mongodb.perf.OperationExecutor - csvReporter stopped
2022-05-13 15:21:54,083 [pool-1-thread-1] INFO  d.i.mongodb.perf.OperationExecutor - If run took more than 1 second, csv-file 'stats-per-second-COUNT_MANY.csv' saved in folder: /Users/oscarorellana/Desktop/softcorp/doubble/mongodb-performance-test/latest-version
2022-05-13 15:21:54,083 [pool-1-thread-1] INFO  d.i.mongodb.perf.OperationExecutor - csvReporterAll stopped
2022-05-13 15:21:54,083 [pool-1-thread-1] INFO  d.i.mongodb.perf.OperationExecutor - Summary of statistics saved in csv-file 'stats-per-run-COUNT_MANY.csv' located in folder: /Users/oscarorellana/Desktop/softcorp/doubble/mongodb-performance-test/latest-version
2022-05-13 15:21:54,107 [main] INFO  org.mongodb.driver.connection - Closed connection [connectionId{localValue:11, serverValue:950}] to 34.89.191.200:27017 because the pool has been closed.
2022-05-13 15:21:54,109 [main] INFO  org.mongodb.driver.connection - Closed connection [connectionId{localValue:7, serverValue:947}] to 34.89.191.200:27017 because the pool has been closed.
2022-05-13 15:21:54,110 [main] INFO  org.mongodb.driver.connection - Closed connection [connectionId{localValue:2, serverValue:944}] to 34.89.191.200:27017 because the pool has been closed.
2022-05-13 15:21:54,110 [main] INFO  org.mongodb.driver.connection - Closed connection [connectionId{localValue:4, serverValue:952}] to 34.89.191.200:27017 because the pool has been closed.
2022-05-13 15:21:54,110 [main] INFO  org.mongodb.driver.connection - Closed connection [connectionId{localValue:5, serverValue:948}] to 34.89.191.200:27017 because the pool has been closed.
2022-05-13 15:21:54,111 [main] INFO  org.mongodb.driver.connection - Closed connection [connectionId{localValue:10, serverValue:951}] to 34.89.191.200:27017 because the pool has been closed.
2022-05-13 15:21:54,111 [main] INFO  org.mongodb.driver.connection - Closed connection [connectionId{localValue:6, serverValue:953}] to 34.89.191.200:27017 because the pool has been closed.
2022-05-13 15:21:54,115 [main] INFO  org.mongodb.driver.connection - Closed connection [connectionId{localValue:3, serverValue:949}] to 34.89.191.200:27017 because the pool has been closed.
2022-05-13 15:21:54,115 [main] INFO  org.mongodb.driver.connection - Closed connection [connectionId{localValue:8, serverValue:946}] to 34.89.191.200:27017 because the pool has been closed.
2022-05-13 15:21:54,115 [main] INFO  org.mongodb.driver.connection - Closed connection [connectionId{localValue:9, serverValue:945}] to 34.89.191.200:27017 because the pool has been closed.
2022-05-13 15:21:54,116 [main] INFO  d.i.mongodb.perf.MongoDbAccessor - <<< closeConnections 34.89.191.200:27017
