2022-05-13 16:10:30,216 [main] INFO  d.i.mongodb.perf.MongoDbAccessor - >>> init 35.198.67.211:27017
2022-05-13 16:10:30,302 [main] INFO  org.mongodb.driver.cluster - Cluster created with settings {hosts=[35.198.67.211:27017], mode=SINGLE, requiredClusterType=UNKNOWN, serverSelectionTimeout='30000 ms', maxWaitQueueSize=50000}
2022-05-13 16:10:30,312 [main] INFO  d.i.mongodb.perf.MongoDbAccessor - <<< init
2022-05-13 16:10:30,318 [main] INFO  org.mongodb.driver.cluster - Cluster description not yet available. Waiting for 30000 ms before timing out
2022-05-13 16:10:30,427 [cluster-ClusterId{value='627e66d64c77005e70cd6721', description='null'}-35.198.67.211:27017] INFO  org.mongodb.driver.connection - Opened connection [connectionId{localValue:1, serverValue:461}] to 35.198.67.211:27017
2022-05-13 16:10:30,464 [cluster-ClusterId{value='627e66d64c77005e70cd6721', description='null'}-35.198.67.211:27017] INFO  org.mongodb.driver.cluster - Monitor thread successfully connected to server with description ServerDescription{address=35.198.67.211:27017, type=REPLICA_SET_PRIMARY, state=CONNECTED, ok=true, version=ServerVersion{versionList=[5, 0, 8]}, minWireVersion=0, maxWireVersion=13, maxDocumentSize=16777216, logicalSessionTimeoutMinutes=30, roundTripTimeNanos=35240083, setName='rs0', canonicalAddress=35.198.67.211:27017, hosts=[34.159.169.88:27017, 35.198.67.211:27017, 34.159.223.31:27017], passives=[], arbiters=[mongodb-arbiter-0.mongodb-arbiter-headless.mongodb-slow.svc.cluster.local:27017], primary='35.198.67.211:27017', tagSet=TagSet{[]}, electionId=7fffffff0000000000000002, setVersion=8, lastWriteDate=Fri May 13 16:10:30 CEST 2022, lastUpdateTimeNanos=355375325454500}
2022-05-13 16:10:30,733 [main] INFO  org.mongodb.driver.connection - Opened connection [connectionId{localValue:2, serverValue:462}] to 35.198.67.211:27017
2022-05-13 16:10:30,836 [main] INFO  d.i.mongodb.perf.OperationExecutor - >>> OperationExecutor threadCount: 10, opsCount: 5000, maxDurationInSeconds: 3600, operation: CountOperation
2022-05-13 16:10:30,836 [main] INFO  d.i.mongodb.perf.OperationExecutor - java execution path: /Users/oscarorellana/Desktop/softcorp/doubble/mongodb-performance-test/latest-version/mongodb-performance-test.jar
2022-05-13 16:10:31,038 [pool-2-thread-7] INFO  org.mongodb.driver.connection - Opened connection [connectionId{localValue:6, serverValue:468}] to 35.198.67.211:27017
2022-05-13 16:10:31,043 [pool-2-thread-4] INFO  org.mongodb.driver.connection - Opened connection [connectionId{localValue:3, serverValue:471}] to 35.198.67.211:27017
2022-05-13 16:10:31,043 [pool-2-thread-8] INFO  org.mongodb.driver.connection - Opened connection [connectionId{localValue:5, serverValue:466}] to 35.198.67.211:27017
2022-05-13 16:10:31,045 [pool-2-thread-9] INFO  org.mongodb.driver.connection - Opened connection [connectionId{localValue:11, serverValue:469}] to 35.198.67.211:27017
2022-05-13 16:10:31,045 [pool-2-thread-6] INFO  org.mongodb.driver.connection - Opened connection [connectionId{localValue:8, serverValue:470}] to 35.198.67.211:27017
2022-05-13 16:10:31,045 [pool-2-thread-10] INFO  org.mongodb.driver.connection - Opened connection [connectionId{localValue:9, serverValue:467}] to 35.198.67.211:27017
2022-05-13 16:10:31,045 [pool-2-thread-5] INFO  org.mongodb.driver.connection - Opened connection [connectionId{localValue:10, serverValue:473}] to 35.198.67.211:27017
2022-05-13 16:10:31,045 [pool-2-thread-1] INFO  org.mongodb.driver.connection - Opened connection [connectionId{localValue:7, serverValue:472}] to 35.198.67.211:27017
2022-05-13 16:10:31,045 [pool-2-thread-3] INFO  org.mongodb.driver.connection - Opened connection [connectionId{localValue:4, serverValue:474}] to 35.198.67.211:27017
13.05.2022 16.10.31 ============================================================

-- Timers ----------------------------------------------------------------------
stats-per-second-COUNT_MANY
             count = 241
         mean rate = 236,81 calls/second
     1-minute rate = 0,00 calls/second
     5-minute rate = 0,00 calls/second
    15-minute rate = 0,00 calls/second
               min = 24,97 milliseconds
               max = 239,31 milliseconds
              mean = 41,13 milliseconds
            stddev = 39,01 milliseconds
            median = 33,01 milliseconds
              75% <= 35,42 milliseconds
              95% <= 48,45 milliseconds
              98% <= 239,06 milliseconds
              99% <= 239,17 milliseconds
            99.9% <= 239,31 milliseconds


13.05.2022 16.10.32 ============================================================

-- Timers ----------------------------------------------------------------------
stats-per-second-COUNT_MANY
             count = 530
         mean rate = 263,72 calls/second
     1-minute rate = 0,00 calls/second
     5-minute rate = 0,00 calls/second
    15-minute rate = 0,00 calls/second
               min = 26,68 milliseconds
               max = 53,06 milliseconds
              mean = 34,00 milliseconds
            stddev = 4,89 milliseconds
            median = 32,61 milliseconds
              75% <= 35,00 milliseconds
              95% <= 43,84 milliseconds
              98% <= 50,03 milliseconds
              99% <= 50,77 milliseconds
            99.9% <= 53,06 milliseconds


13.05.2022 16.10.33 ============================================================

-- Timers ----------------------------------------------------------------------
stats-per-second-COUNT_MANY
             count = 828
         mean rate = 275,27 calls/second
     1-minute rate = 0,00 calls/second
     5-minute rate = 0,00 calls/second
    15-minute rate = 0,00 calls/second
               min = 23,50 milliseconds
               max = 51,13 milliseconds
              mean = 33,69 milliseconds
            stddev = 3,77 milliseconds
            median = 33,14 milliseconds
              75% <= 35,79 milliseconds
              95% <= 40,25 milliseconds
              98% <= 42,45 milliseconds
              99% <= 45,52 milliseconds
            99.9% <= 51,13 milliseconds


13.05.2022 16.10.34 ============================================================

-- Timers ----------------------------------------------------------------------
stats-per-second-COUNT_MANY
             count = 1143
         mean rate = 284,76 calls/second
     1-minute rate = 0,00 calls/second
     5-minute rate = 0,00 calls/second
    15-minute rate = 0,00 calls/second
               min = 25,51 milliseconds
               max = 43,94 milliseconds
              mean = 31,85 milliseconds
            stddev = 3,08 milliseconds
            median = 31,26 milliseconds
              75% <= 33,71 milliseconds
              95% <= 37,66 milliseconds
              98% <= 38,74 milliseconds
              99% <= 41,36 milliseconds
            99.9% <= 43,94 milliseconds


13.05.2022 16.10.35 ============================================================

-- Timers ----------------------------------------------------------------------
stats-per-second-COUNT_MANY
             count = 1442
         mean rate = 287,78 calls/second
     1-minute rate = 288,40 calls/second
     5-minute rate = 288,40 calls/second
    15-minute rate = 288,40 calls/second
               min = 27,16 milliseconds
               max = 49,25 milliseconds
              mean = 33,10 milliseconds
            stddev = 3,98 milliseconds
            median = 32,58 milliseconds
              75% <= 34,68 milliseconds
              95% <= 40,30 milliseconds
              98% <= 46,79 milliseconds
              99% <= 48,84 milliseconds
            99.9% <= 49,25 milliseconds


13.05.2022 16.10.36 ============================================================

-- Timers ----------------------------------------------------------------------
stats-per-second-COUNT_MANY
             count = 1713
         mean rate = 285,16 calls/second
     1-minute rate = 288,40 calls/second
     5-minute rate = 288,40 calls/second
    15-minute rate = 288,40 calls/second
               min = 26,43 milliseconds
               max = 141,02 milliseconds
              mean = 36,85 milliseconds
            stddev = 15,66 milliseconds
            median = 32,79 milliseconds
              75% <= 36,27 milliseconds
              95% <= 54,34 milliseconds
              98% <= 111,27 milliseconds
              99% <= 114,77 milliseconds
            99.9% <= 141,02 milliseconds


13.05.2022 16.10.37 ============================================================

-- Timers ----------------------------------------------------------------------
stats-per-second-COUNT_MANY
             count = 2027
         mean rate = 288,80 calls/second
     1-minute rate = 288,40 calls/second
     5-minute rate = 288,40 calls/second
    15-minute rate = 288,40 calls/second
               min = 26,38 milliseconds
               max = 47,59 milliseconds
              mean = 32,30 milliseconds
            stddev = 3,19 milliseconds
            median = 31,83 milliseconds
              75% <= 34,00 milliseconds
              95% <= 37,46 milliseconds
              98% <= 41,70 milliseconds
              99% <= 44,43 milliseconds
            99.9% <= 47,59 milliseconds


13.05.2022 16.10.38 ============================================================

-- Timers ----------------------------------------------------------------------
stats-per-second-COUNT_MANY
             count = 2336
         mean rate = 291,68 calls/second
     1-minute rate = 288,40 calls/second
     5-minute rate = 288,40 calls/second
    15-minute rate = 288,40 calls/second
               min = 26,57 milliseconds
               max = 42,02 milliseconds
              mean = 31,93 milliseconds
            stddev = 2,70 milliseconds
            median = 31,68 milliseconds
              75% <= 33,79 milliseconds
              95% <= 36,33 milliseconds
              98% <= 38,14 milliseconds
              99% <= 40,06 milliseconds
            99.9% <= 42,02 milliseconds


13.05.2022 16.10.39 ============================================================

-- Timers ----------------------------------------------------------------------
stats-per-second-COUNT_MANY
             count = 2634
         mean rate = 292,61 calls/second
     1-minute rate = 288,40 calls/second
     5-minute rate = 288,40 calls/second
    15-minute rate = 288,40 calls/second
               min = 23,35 milliseconds
               max = 71,98 milliseconds
              mean = 33,78 milliseconds
            stddev = 5,51 milliseconds
            median = 32,71 milliseconds
              75% <= 35,41 milliseconds
              95% <= 43,63 milliseconds
              98% <= 51,37 milliseconds
              99% <= 59,27 milliseconds
            99.9% <= 71,98 milliseconds


13.05.2022 16.10.40 ============================================================

-- Timers ----------------------------------------------------------------------
stats-per-second-COUNT_MANY
             count = 2953
         mean rate = 295,11 calls/second
     1-minute rate = 289,34 calls/second
     5-minute rate = 288,60 calls/second
    15-minute rate = 288,47 calls/second
               min = 26,99 milliseconds
               max = 46,89 milliseconds
              mean = 31,56 milliseconds
            stddev = 3,37 milliseconds
            median = 30,59 milliseconds
              75% <= 33,07 milliseconds
              95% <= 38,13 milliseconds
              98% <= 42,20 milliseconds
              99% <= 42,68 milliseconds
            99.9% <= 46,89 milliseconds


13.05.2022 16.10.41 ============================================================

-- Timers ----------------------------------------------------------------------
stats-per-second-COUNT_MANY
             count = 3260
         mean rate = 295,86 calls/second
     1-minute rate = 289,34 calls/second
     5-minute rate = 288,60 calls/second
    15-minute rate = 288,47 calls/second
               min = 27,12 milliseconds
               max = 51,60 milliseconds
              mean = 32,52 milliseconds
            stddev = 3,60 milliseconds
            median = 31,77 milliseconds
              75% <= 34,31 milliseconds
              95% <= 39,75 milliseconds
              98% <= 42,85 milliseconds
              99% <= 43,36 milliseconds
            99.9% <= 51,60 milliseconds


13.05.2022 16.10.42 ============================================================

-- Timers ----------------------------------------------------------------------
stats-per-second-COUNT_MANY
             count = 3535
         mean rate = 294,41 calls/second
     1-minute rate = 289,34 calls/second
     5-minute rate = 288,60 calls/second
    15-minute rate = 288,47 calls/second
               min = 27,53 milliseconds
               max = 103,10 milliseconds
              mean = 35,94 milliseconds
            stddev = 10,98 milliseconds
            median = 32,97 milliseconds
              75% <= 36,21 milliseconds
              95% <= 68,52 milliseconds
              98% <= 74,05 milliseconds
              99% <= 84,57 milliseconds
            99.9% <= 103,10 milliseconds


13.05.2022 16.10.43 ============================================================

-- Timers ----------------------------------------------------------------------
stats-per-second-COUNT_MANY
             count = 3798
         mean rate = 291,92 calls/second
     1-minute rate = 289,34 calls/second
     5-minute rate = 288,60 calls/second
    15-minute rate = 288,47 calls/second
               min = 26,86 milliseconds
               max = 100,43 milliseconds
              mean = 37,76 milliseconds
            stddev = 14,06 milliseconds
            median = 33,13 milliseconds
              75% <= 36,85 milliseconds
              95% <= 74,71 milliseconds
              98% <= 89,62 milliseconds
              99% <= 96,75 milliseconds
            99.9% <= 100,43 milliseconds


13.05.2022 16.10.44 ============================================================

-- Timers ----------------------------------------------------------------------
stats-per-second-COUNT_MANY
             count = 4055
         mean rate = 289,44 calls/second
     1-minute rate = 289,34 calls/second
     5-minute rate = 288,60 calls/second
    15-minute rate = 288,47 calls/second
               min = 24,86 milliseconds
               max = 102,71 milliseconds
              mean = 39,24 milliseconds
            stddev = 17,57 milliseconds
            median = 32,81 milliseconds
              75% <= 37,17 milliseconds
              95% <= 85,52 milliseconds
              98% <= 101,01 milliseconds
              99% <= 101,70 milliseconds
            99.9% <= 102,71 milliseconds


13.05.2022 16.10.45 ============================================================

-- Timers ----------------------------------------------------------------------
stats-per-second-COUNT_MANY
             count = 4342
         mean rate = 289,16 calls/second
     1-minute rate = 288,55 calls/second
     5-minute rate = 288,44 calls/second
    15-minute rate = 288,42 calls/second
               min = 27,66 milliseconds
               max = 74,37 milliseconds
              mean = 34,30 milliseconds
            stddev = 7,55 milliseconds
            median = 32,12 milliseconds
              75% <= 35,15 milliseconds
              95% <= 46,79 milliseconds
              98% <= 69,15 milliseconds
              99% <= 72,27 milliseconds
            99.9% <= 74,37 milliseconds


13.05.2022 16.10.46 ============================================================

-- Timers ----------------------------------------------------------------------
stats-per-second-COUNT_MANY
             count = 4615
         mean rate = 288,10 calls/second
     1-minute rate = 288,55 calls/second
     5-minute rate = 288,44 calls/second
    15-minute rate = 288,42 calls/second
               min = 27,71 milliseconds
               max = 93,55 milliseconds
              mean = 37,75 milliseconds
            stddev = 12,40 milliseconds
            median = 33,60 milliseconds
              75% <= 37,48 milliseconds
              95% <= 64,16 milliseconds
              98% <= 89,32 milliseconds
              99% <= 93,28 milliseconds
            99.9% <= 93,55 milliseconds


13.05.2022 16.10.47 ============================================================

-- Timers ----------------------------------------------------------------------
stats-per-second-COUNT_MANY
             count = 4895
         mean rate = 287,81 calls/second
     1-minute rate = 288,55 calls/second
     5-minute rate = 288,44 calls/second
    15-minute rate = 288,42 calls/second
               min = 27,67 milliseconds
               max = 88,27 milliseconds
              mean = 34,97 milliseconds
            stddev = 6,54 milliseconds
            median = 33,07 milliseconds
              75% <= 37,64 milliseconds
              95% <= 44,82 milliseconds
              98% <= 49,40 milliseconds
              99% <= 67,84 milliseconds
            99.9% <= 88,27 milliseconds


2022-05-13 16:10:48,204 [pool-1-thread-1] INFO  d.i.mongodb.perf.OperationExecutor - Done (in time) in 17363 ms 
2022-05-13 16:10:48,205 [pool-1-thread-1] INFO  d.i.mongodb.perf.OperationExecutor - affected documents: 54332
2022-05-13 16:10:48,210 [main] INFO  d.i.mongodb.perf.MongoDbAccessor - >>> closeConnections 35.198.67.211:27017
2022-05-13 16:10:48,211 [pool-1-thread-1] INFO  d.i.mongodb.perf.OperationExecutor - count: 5000
2022-05-13 16:10:48,211 [pool-1-thread-1] INFO  d.i.mongodb.perf.OperationExecutor - FifteenMinuteRate: 288.41515024483357
2022-05-13 16:10:48,211 [pool-1-thread-1] INFO  d.i.mongodb.perf.OperationExecutor - FiveMinuteRate: 288.44305625380196
2022-05-13 16:10:48,211 [pool-1-thread-1] INFO  d.i.mongodb.perf.OperationExecutor - OneMinuteRate: 288.5484394705807
2022-05-13 16:10:48,211 [pool-1-thread-1] INFO  d.i.mongodb.perf.OperationExecutor - MeanRate: 287.81910270063395
2022-05-13 16:10:48,213 [pool-1-thread-1] INFO  d.i.mongodb.perf.OperationExecutor - Snapshot 75thPercentile: 34.952374999999996
2022-05-13 16:10:48,213 [pool-1-thread-1] INFO  d.i.mongodb.perf.OperationExecutor - Snapshot 95thPercentile: 43.811583
2022-05-13 16:10:48,213 [pool-1-thread-1] INFO  d.i.mongodb.perf.OperationExecutor - Snapshot 98thPercentile: 71.507041
2022-05-13 16:10:48,213 [pool-1-thread-1] INFO  d.i.mongodb.perf.OperationExecutor - Snapshot 99thPercentile: 87.06804199999999
2022-05-13 16:10:48,213 [pool-1-thread-1] INFO  d.i.mongodb.perf.OperationExecutor - Snapshot 999thPercentile: 113.986875
2022-05-13 16:10:48,213 [pool-1-thread-1] INFO  d.i.mongodb.perf.OperationExecutor - Snapshot Min: 23.353040999999997
2022-05-13 16:10:48,213 [pool-1-thread-1] INFO  d.i.mongodb.perf.OperationExecutor - Snapshot Max: 115.116417
2022-05-13 16:10:48,213 [pool-1-thread-1] INFO  d.i.mongodb.perf.OperationExecutor - Snapshot Mean: 34.32977065345375
2022-05-13 16:10:48,213 [pool-1-thread-1] INFO  d.i.mongodb.perf.OperationExecutor - Snapshot Median: 32.457916
2022-05-13 16:10:48,213 [pool-1-thread-1] INFO  d.i.mongodb.perf.OperationExecutor - Snapshot StdDev: 9.497274784444448
2022-05-13 16:10:48,213 [pool-1-thread-1] INFO  d.i.mongodb.perf.OperationExecutor - Snapshot Size: 1028
13.05.2022 16.10.48 ============================================================

-- Timers ----------------------------------------------------------------------
stats-per-run-COUNT_MANY
             count = 5000
         mean rate = 287,77 calls/second
     1-minute rate = 288,55 calls/second
     5-minute rate = 288,44 calls/second
    15-minute rate = 288,42 calls/second
               min = 23,35 milliseconds
               max = 115,12 milliseconds
              mean = 34,33 milliseconds
            stddev = 9,50 milliseconds
            median = 32,46 milliseconds
              75% <= 34,95 milliseconds
              95% <= 43,81 milliseconds
              98% <= 71,51 milliseconds
              99% <= 87,07 milliseconds
            99.9% <= 113,99 milliseconds


2022-05-13 16:10:48,216 [pool-1-thread-1] INFO  d.i.mongodb.perf.OperationExecutor - stopReporters
2022-05-13 16:10:48,217 [pool-1-thread-1] INFO  d.i.mongodb.perf.OperationExecutor - consoleReporter stopped
2022-05-13 16:10:48,217 [pool-1-thread-1] INFO  d.i.mongodb.perf.OperationExecutor - allConsoleReporter stopped
2022-05-13 16:10:48,217 [pool-1-thread-1] INFO  d.i.mongodb.perf.OperationExecutor - csvReporter stopped
2022-05-13 16:10:48,217 [pool-1-thread-1] INFO  d.i.mongodb.perf.OperationExecutor - If run took more than 1 second, csv-file 'stats-per-second-COUNT_MANY.csv' saved in folder: /Users/oscarorellana/Desktop/softcorp/doubble/mongodb-performance-test/latest-version
2022-05-13 16:10:48,217 [pool-1-thread-1] INFO  d.i.mongodb.perf.OperationExecutor - csvReporterAll stopped
2022-05-13 16:10:48,217 [pool-1-thread-1] INFO  d.i.mongodb.perf.OperationExecutor - Summary of statistics saved in csv-file 'stats-per-run-COUNT_MANY.csv' located in folder: /Users/oscarorellana/Desktop/softcorp/doubble/mongodb-performance-test/latest-version
2022-05-13 16:10:48,241 [main] INFO  org.mongodb.driver.connection - Closed connection [connectionId{localValue:6, serverValue:468}] to 35.198.67.211:27017 because the pool has been closed.
2022-05-13 16:10:48,243 [main] INFO  org.mongodb.driver.connection - Closed connection [connectionId{localValue:3, serverValue:471}] to 35.198.67.211:27017 because the pool has been closed.
2022-05-13 16:10:48,244 [main] INFO  org.mongodb.driver.connection - Closed connection [connectionId{localValue:8, serverValue:470}] to 35.198.67.211:27017 because the pool has been closed.
2022-05-13 16:10:48,244 [main] INFO  org.mongodb.driver.connection - Closed connection [connectionId{localValue:4, serverValue:474}] to 35.198.67.211:27017 because the pool has been closed.
2022-05-13 16:10:48,244 [main] INFO  org.mongodb.driver.connection - Closed connection [connectionId{localValue:2, serverValue:462}] to 35.198.67.211:27017 because the pool has been closed.
2022-05-13 16:10:48,245 [main] INFO  org.mongodb.driver.connection - Closed connection [connectionId{localValue:5, serverValue:466}] to 35.198.67.211:27017 because the pool has been closed.
2022-05-13 16:10:48,245 [main] INFO  org.mongodb.driver.connection - Closed connection [connectionId{localValue:11, serverValue:469}] to 35.198.67.211:27017 because the pool has been closed.
2022-05-13 16:10:48,245 [main] INFO  org.mongodb.driver.connection - Closed connection [connectionId{localValue:9, serverValue:467}] to 35.198.67.211:27017 because the pool has been closed.
2022-05-13 16:10:48,245 [main] INFO  org.mongodb.driver.connection - Closed connection [connectionId{localValue:7, serverValue:472}] to 35.198.67.211:27017 because the pool has been closed.
2022-05-13 16:10:48,246 [main] INFO  org.mongodb.driver.connection - Closed connection [connectionId{localValue:10, serverValue:473}] to 35.198.67.211:27017 because the pool has been closed.
2022-05-13 16:10:48,246 [main] INFO  d.i.mongodb.perf.MongoDbAccessor - <<< closeConnections 35.198.67.211:27017
