2022-05-13 16:09:07,200 [main] INFO  d.i.mongodb.perf.MongoDbAccessor - >>> init 35.198.67.211:27017
2022-05-13 16:09:07,288 [main] INFO  org.mongodb.driver.cluster - Cluster created with settings {hosts=[35.198.67.211:27017], mode=SINGLE, requiredClusterType=UNKNOWN, serverSelectionTimeout='30000 ms', maxWaitQueueSize=50000}
2022-05-13 16:09:07,299 [main] INFO  d.i.mongodb.perf.MongoDbAccessor - <<< init
2022-05-13 16:09:07,305 [main] INFO  org.mongodb.driver.cluster - Cluster description not yet available. Waiting for 30000 ms before timing out
2022-05-13 16:09:07,402 [cluster-ClusterId{value='627e66835597194753251ef8', description='null'}-35.198.67.211:27017] INFO  org.mongodb.driver.connection - Opened connection [connectionId{localValue:1, serverValue:381}] to 35.198.67.211:27017
2022-05-13 16:09:07,438 [cluster-ClusterId{value='627e66835597194753251ef8', description='null'}-35.198.67.211:27017] INFO  org.mongodb.driver.cluster - Monitor thread successfully connected to server with description ServerDescription{address=35.198.67.211:27017, type=REPLICA_SET_PRIMARY, state=CONNECTED, ok=true, version=ServerVersion{versionList=[5, 0, 8]}, minWireVersion=0, maxWireVersion=13, maxDocumentSize=16777216, logicalSessionTimeoutMinutes=30, roundTripTimeNanos=34369583, setName='rs0', canonicalAddress=35.198.67.211:27017, hosts=[34.159.169.88:27017, 35.198.67.211:27017, 34.159.223.31:27017], passives=[], arbiters=[mongodb-arbiter-0.mongodb-arbiter-headless.mongodb-slow.svc.cluster.local:27017], primary='35.198.67.211:27017', tagSet=TagSet{[]}, electionId=7fffffff0000000000000002, setVersion=8, lastWriteDate=Fri May 13 16:08:59 CEST 2022, lastUpdateTimeNanos=355292300637750}
2022-05-13 16:09:07,705 [main] INFO  org.mongodb.driver.connection - Opened connection [connectionId{localValue:2, serverValue:382}] to 35.198.67.211:27017
2022-05-13 16:09:07,809 [main] INFO  d.i.mongodb.perf.OperationExecutor - >>> OperationExecutor threadCount: 10, opsCount: 5000, maxDurationInSeconds: 3600, operation: InsertOperation
2022-05-13 16:09:07,809 [main] INFO  d.i.mongodb.perf.OperationExecutor - java execution path: /Users/oscarorellana/Desktop/softcorp/doubble/mongodb-performance-test/latest-version/mongodb-performance-test.jar
2022-05-13 16:09:08,004 [pool-2-thread-9] INFO  org.mongodb.driver.connection - Opened connection [connectionId{localValue:7, serverValue:384}] to 35.198.67.211:27017
2022-05-13 16:09:08,007 [pool-2-thread-5] INFO  org.mongodb.driver.connection - Opened connection [connectionId{localValue:5, serverValue:385}] to 35.198.67.211:27017
2022-05-13 16:09:08,008 [pool-2-thread-7] INFO  org.mongodb.driver.connection - Opened connection [connectionId{localValue:3, serverValue:383}] to 35.198.67.211:27017
2022-05-13 16:09:08,008 [pool-2-thread-10] INFO  org.mongodb.driver.connection - Opened connection [connectionId{localValue:4, serverValue:386}] to 35.198.67.211:27017
2022-05-13 16:09:08,013 [pool-2-thread-8] INFO  org.mongodb.driver.connection - Opened connection [connectionId{localValue:10, serverValue:389}] to 35.198.67.211:27017
2022-05-13 16:09:08,013 [pool-2-thread-4] INFO  org.mongodb.driver.connection - Opened connection [connectionId{localValue:8, serverValue:388}] to 35.198.67.211:27017
2022-05-13 16:09:08,014 [pool-2-thread-6] INFO  org.mongodb.driver.connection - Opened connection [connectionId{localValue:11, serverValue:391}] to 35.198.67.211:27017
2022-05-13 16:09:08,019 [pool-2-thread-2] INFO  org.mongodb.driver.connection - Opened connection [connectionId{localValue:9, serverValue:387}] to 35.198.67.211:27017
2022-05-13 16:09:08,019 [pool-2-thread-3] INFO  org.mongodb.driver.connection - Opened connection [connectionId{localValue:6, serverValue:390}] to 35.198.67.211:27017
13.05.2022 16.09.08 ============================================================

-- Timers ----------------------------------------------------------------------
stats-per-second-INSERT
             count = 205
         mean rate = 202,53 calls/second
     1-minute rate = 0,00 calls/second
     5-minute rate = 0,00 calls/second
    15-minute rate = 0,00 calls/second
               min = 31,16 milliseconds
               max = 241,95 milliseconds
              mean = 47,81 milliseconds
            stddev = 40,09 milliseconds
            median = 38,30 milliseconds
              75% <= 42,68 milliseconds
              95% <= 56,50 milliseconds
              98% <= 236,69 milliseconds
              99% <= 241,81 milliseconds
            99.9% <= 241,95 milliseconds


13.05.2022 16.09.09 ============================================================

-- Timers ----------------------------------------------------------------------
stats-per-second-INSERT
             count = 446
         mean rate = 221,90 calls/second
     1-minute rate = 0,00 calls/second
     5-minute rate = 0,00 calls/second
    15-minute rate = 0,00 calls/second
               min = 30,34 milliseconds
               max = 59,94 milliseconds
              mean = 41,10 milliseconds
            stddev = 7,03 milliseconds
            median = 39,46 milliseconds
              75% <= 45,28 milliseconds
              95% <= 55,23 milliseconds
              98% <= 59,28 milliseconds
              99% <= 59,53 milliseconds
            99.9% <= 59,94 milliseconds


13.05.2022 16.09.10 ============================================================

-- Timers ----------------------------------------------------------------------
stats-per-second-INSERT
             count = 638
         mean rate = 211,33 calls/second
     1-minute rate = 0,00 calls/second
     5-minute rate = 0,00 calls/second
    15-minute rate = 0,00 calls/second
               min = 30,31 milliseconds
               max = 88,04 milliseconds
              mean = 43,69 milliseconds
            stddev = 8,90 milliseconds
            median = 41,02 milliseconds
              75% <= 48,02 milliseconds
              95% <= 62,61 milliseconds
              98% <= 66,99 milliseconds
              99% <= 72,73 milliseconds
            99.9% <= 88,04 milliseconds


13.05.2022 16.09.11 ============================================================

-- Timers ----------------------------------------------------------------------
stats-per-second-INSERT
             count = 837
         mean rate = 208,58 calls/second
     1-minute rate = 0,00 calls/second
     5-minute rate = 0,00 calls/second
    15-minute rate = 0,00 calls/second
               min = 30,23 milliseconds
               max = 358,97 milliseconds
              mean = 59,32 milliseconds
            stddev = 67,72 milliseconds
            median = 40,52 milliseconds
              75% <= 50,50 milliseconds
              95% <= 304,41 milliseconds
              98% <= 357,08 milliseconds
              99% <= 357,90 milliseconds
            99.9% <= 358,97 milliseconds


13.05.2022 16.09.12 ============================================================

-- Timers ----------------------------------------------------------------------
stats-per-second-INSERT
             count = 1090
         mean rate = 217,68 calls/second
     1-minute rate = 218,00 calls/second
     5-minute rate = 218,00 calls/second
    15-minute rate = 218,00 calls/second
               min = 30,18 milliseconds
               max = 61,61 milliseconds
              mean = 39,38 milliseconds
            stddev = 6,16 milliseconds
            median = 38,16 milliseconds
              75% <= 41,65 milliseconds
              95% <= 53,95 milliseconds
              98% <= 56,50 milliseconds
              99% <= 58,14 milliseconds
            99.9% <= 61,61 milliseconds


13.05.2022 16.09.13 ============================================================

-- Timers ----------------------------------------------------------------------
stats-per-second-INSERT
             count = 1365
         mean rate = 227,17 calls/second
     1-minute rate = 218,00 calls/second
     5-minute rate = 218,00 calls/second
    15-minute rate = 218,00 calls/second
               min = 29,84 milliseconds
               max = 55,12 milliseconds
              mean = 36,60 milliseconds
            stddev = 3,69 milliseconds
            median = 36,17 milliseconds
              75% <= 38,39 milliseconds
              95% <= 43,92 milliseconds
              98% <= 46,88 milliseconds
              99% <= 47,79 milliseconds
            99.9% <= 55,12 milliseconds


13.05.2022 16.09.14 ============================================================

-- Timers ----------------------------------------------------------------------
stats-per-second-INSERT
             count = 1591
         mean rate = 226,99 calls/second
     1-minute rate = 218,00 calls/second
     5-minute rate = 218,00 calls/second
    15-minute rate = 218,00 calls/second
               min = 26,73 milliseconds
               max = 70,41 milliseconds
              mean = 41,88 milliseconds
            stddev = 8,29 milliseconds
            median = 39,28 milliseconds
              75% <= 45,18 milliseconds
              95% <= 59,56 milliseconds
              98% <= 60,30 milliseconds
              99% <= 61,17 milliseconds
            99.9% <= 70,41 milliseconds


13.05.2022 16.09.15 ============================================================

-- Timers ----------------------------------------------------------------------
stats-per-second-INSERT
             count = 1821
         mean rate = 227,37 calls/second
     1-minute rate = 218,00 calls/second
     5-minute rate = 218,00 calls/second
    15-minute rate = 218,00 calls/second
               min = 29,08 milliseconds
               max = 94,73 milliseconds
              mean = 45,29 milliseconds
            stddev = 12,93 milliseconds
            median = 40,01 milliseconds
              75% <= 52,57 milliseconds
              95% <= 71,42 milliseconds
              98% <= 75,26 milliseconds
              99% <= 83,91 milliseconds
            99.9% <= 94,73 milliseconds


13.05.2022 16.09.16 ============================================================

-- Timers ----------------------------------------------------------------------
stats-per-second-INSERT
             count = 2071
         mean rate = 229,76 calls/second
     1-minute rate = 218,00 calls/second
     5-minute rate = 218,00 calls/second
    15-minute rate = 218,00 calls/second
               min = 29,07 milliseconds
               max = 90,16 milliseconds
              mean = 40,01 milliseconds
            stddev = 9,38 milliseconds
            median = 37,48 milliseconds
              75% <= 41,21 milliseconds
              95% <= 52,06 milliseconds
              98% <= 76,90 milliseconds
              99% <= 83,24 milliseconds
            99.9% <= 90,16 milliseconds


13.05.2022 16.09.17 ============================================================

-- Timers ----------------------------------------------------------------------
stats-per-second-INSERT
             count = 2306
         mean rate = 230,41 calls/second
     1-minute rate = 219,97 calls/second
     5-minute rate = 218,41 calls/second
    15-minute rate = 218,14 calls/second
               min = 30,86 milliseconds
               max = 128,17 milliseconds
              mean = 42,53 milliseconds
            stddev = 17,95 milliseconds
            median = 38,36 milliseconds
              75% <= 42,83 milliseconds
              95% <= 49,66 milliseconds
              98% <= 127,54 milliseconds
              99% <= 127,99 milliseconds
            99.9% <= 128,17 milliseconds


13.05.2022 16.09.18 ============================================================

-- Timers ----------------------------------------------------------------------
stats-per-second-INSERT
             count = 2570
         mean rate = 233,43 calls/second
     1-minute rate = 219,97 calls/second
     5-minute rate = 218,41 calls/second
    15-minute rate = 218,14 calls/second
               min = 29,83 milliseconds
               max = 54,89 milliseconds
              mean = 38,25 milliseconds
            stddev = 4,78 milliseconds
            median = 37,50 milliseconds
              75% <= 40,88 milliseconds
              95% <= 48,87 milliseconds
              98% <= 51,53 milliseconds
              99% <= 51,99 milliseconds
            99.9% <= 54,89 milliseconds


13.05.2022 16.09.19 ============================================================

-- Timers ----------------------------------------------------------------------
stats-per-second-INSERT
             count = 2752
         mean rate = 229,09 calls/second
     1-minute rate = 219,97 calls/second
     5-minute rate = 218,41 calls/second
    15-minute rate = 218,14 calls/second
               min = 30,76 milliseconds
               max = 151,45 milliseconds
              mean = 54,51 milliseconds
            stddev = 26,23 milliseconds
            median = 43,13 milliseconds
              75% <= 62,66 milliseconds
              95% <= 115,28 milliseconds
              98% <= 150,09 milliseconds
              99% <= 150,36 milliseconds
            99.9% <= 151,45 milliseconds


13.05.2022 16.09.20 ============================================================

-- Timers ----------------------------------------------------------------------
stats-per-second-INSERT
             count = 2989
         mean rate = 229,64 calls/second
     1-minute rate = 219,97 calls/second
     5-minute rate = 218,41 calls/second
    15-minute rate = 218,14 calls/second
               min = 30,44 milliseconds
               max = 111,39 milliseconds
              mean = 41,49 milliseconds
            stddev = 13,85 milliseconds
            median = 37,39 milliseconds
              75% <= 42,76 milliseconds
              95% <= 66,31 milliseconds
              98% <= 103,16 milliseconds
              99% <= 111,27 milliseconds
            99.9% <= 111,39 milliseconds


13.05.2022 16.09.21 ============================================================

-- Timers ----------------------------------------------------------------------
stats-per-second-INSERT
             count = 3230
         mean rate = 230,46 calls/second
     1-minute rate = 219,97 calls/second
     5-minute rate = 218,41 calls/second
    15-minute rate = 218,14 calls/second
               min = 30,86 milliseconds
               max = 68,18 milliseconds
              mean = 41,39 milliseconds
            stddev = 7,06 milliseconds
            median = 40,54 milliseconds
              75% <= 43,92 milliseconds
              95% <= 55,64 milliseconds
              98% <= 60,79 milliseconds
              99% <= 66,08 milliseconds
            99.9% <= 68,18 milliseconds


13.05.2022 16.09.22 ============================================================

-- Timers ----------------------------------------------------------------------
stats-per-second-INSERT
             count = 3472
         mean rate = 231,15 calls/second
     1-minute rate = 221,06 calls/second
     5-minute rate = 218,66 calls/second
    15-minute rate = 218,22 calls/second
               min = 30,71 milliseconds
               max = 63,13 milliseconds
              mean = 41,85 milliseconds
            stddev = 6,51 milliseconds
            median = 41,11 milliseconds
              75% <= 44,63 milliseconds
              95% <= 55,60 milliseconds
              98% <= 61,74 milliseconds
              99% <= 62,27 milliseconds
            99.9% <= 63,13 milliseconds


13.05.2022 16.09.23 ============================================================

-- Timers ----------------------------------------------------------------------
stats-per-second-INSERT
             count = 3726
         mean rate = 232,75 calls/second
     1-minute rate = 221,06 calls/second
     5-minute rate = 218,66 calls/second
    15-minute rate = 218,22 calls/second
               min = 31,63 milliseconds
               max = 60,11 milliseconds
              mean = 38,74 milliseconds
            stddev = 5,30 milliseconds
            median = 37,25 milliseconds
              75% <= 40,04 milliseconds
              95% <= 51,88 milliseconds
              98% <= 56,17 milliseconds
              99% <= 56,94 milliseconds
            99.9% <= 60,11 milliseconds


13.05.2022 16.09.24 ============================================================

-- Timers ----------------------------------------------------------------------
stats-per-second-INSERT
             count = 3985
         mean rate = 234,27 calls/second
     1-minute rate = 221,06 calls/second
     5-minute rate = 218,66 calls/second
    15-minute rate = 218,22 calls/second
               min = 29,58 milliseconds
               max = 71,30 milliseconds
              mean = 39,60 milliseconds
            stddev = 6,89 milliseconds
            median = 38,10 milliseconds
              75% <= 43,03 milliseconds
              95% <= 55,11 milliseconds
              98% <= 57,93 milliseconds
              99% <= 62,69 milliseconds
            99.9% <= 71,30 milliseconds


13.05.2022 16.09.25 ============================================================

-- Timers ----------------------------------------------------------------------
stats-per-second-INSERT
             count = 4242
         mean rate = 235,55 calls/second
     1-minute rate = 221,06 calls/second
     5-minute rate = 218,66 calls/second
    15-minute rate = 218,22 calls/second
               min = 29,97 milliseconds
               max = 62,64 milliseconds
              mean = 39,02 milliseconds
            stddev = 6,45 milliseconds
            median = 37,16 milliseconds
              75% <= 40,25 milliseconds
              95% <= 52,65 milliseconds
              98% <= 59,15 milliseconds
              99% <= 61,09 milliseconds
            99.9% <= 62,64 milliseconds


13.05.2022 16.09.26 ============================================================

-- Timers ----------------------------------------------------------------------
stats-per-second-INSERT
             count = 4500
         mean rate = 236,63 calls/second
     1-minute rate = 221,06 calls/second
     5-minute rate = 218,66 calls/second
    15-minute rate = 218,22 calls/second
               min = 26,62 milliseconds
               max = 77,22 milliseconds
              mean = 38,32 milliseconds
            stddev = 7,40 milliseconds
            median = 36,78 milliseconds
              75% <= 39,02 milliseconds
              95% <= 50,35 milliseconds
              98% <= 70,70 milliseconds
              99% <= 75,49 milliseconds
            99.9% <= 77,22 milliseconds


13.05.2022 16.09.27 ============================================================

-- Timers ----------------------------------------------------------------------
stats-per-second-INSERT
             count = 4743
         mean rate = 237,01 calls/second
     1-minute rate = 223,61 calls/second
     5-minute rate = 219,23 calls/second
    15-minute rate = 218,41 calls/second
               min = 28,59 milliseconds
               max = 75,84 milliseconds
              mean = 41,65 milliseconds
            stddev = 8,59 milliseconds
            median = 39,69 milliseconds
              75% <= 43,83 milliseconds
              95% <= 57,20 milliseconds
              98% <= 74,93 milliseconds
              99% <= 75,43 milliseconds
            99.9% <= 75,84 milliseconds


2022-05-13 16:09:28,805 [pool-1-thread-1] INFO  d.i.mongodb.perf.OperationExecutor - Done (in time) in 20991 ms 
2022-05-13 16:09:28,809 [main] INFO  d.i.mongodb.perf.MongoDbAccessor - >>> closeConnections 35.198.67.211:27017
2022-05-13 16:09:28,814 [pool-1-thread-1] INFO  d.i.mongodb.perf.OperationExecutor - affected documents: 5000
2022-05-13 16:09:28,815 [pool-1-thread-1] INFO  d.i.mongodb.perf.OperationExecutor - count: 5000
2022-05-13 16:09:28,815 [pool-1-thread-1] INFO  d.i.mongodb.perf.OperationExecutor - FifteenMinuteRate: 218.4146346883385
2022-05-13 16:09:28,816 [pool-1-thread-1] INFO  d.i.mongodb.perf.OperationExecutor - FiveMinuteRate: 219.2253548574811
2022-05-13 16:09:28,816 [pool-1-thread-1] INFO  d.i.mongodb.perf.OperationExecutor - OneMinuteRate: 223.61097461665008
2022-05-13 16:09:28,816 [pool-1-thread-1] INFO  d.i.mongodb.perf.OperationExecutor - MeanRate: 238.05221440841618
13.05.2022 16.09.28 ============================================================

-- Timers ----------------------------------------------------------------------
stats-per-second-INSERT
             count = 5000
         mean rate = 238,00 calls/second
     1-minute rate = 223,61 calls/second
     5-minute rate = 219,23 calls/second
    15-minute rate = 218,41 calls/second
               min = 30,65 milliseconds
               max = 50,23 milliseconds
              mean = 38,14 milliseconds
            stddev = 3,90 milliseconds
            median = 37,86 milliseconds
              75% <= 40,52 milliseconds
              95% <= 45,43 milliseconds
              98% <= 46,60 milliseconds
              99% <= 47,70 milliseconds
            99.9% <= 50,23 milliseconds


2022-05-13 16:09:28,828 [pool-1-thread-1] INFO  d.i.mongodb.perf.OperationExecutor - Snapshot 75thPercentile: 43.159625
2022-05-13 16:09:28,828 [pool-1-thread-1] INFO  d.i.mongodb.perf.OperationExecutor - Snapshot 95thPercentile: 59.277874999999995
2022-05-13 16:09:28,828 [pool-1-thread-1] INFO  d.i.mongodb.perf.OperationExecutor - Snapshot 98thPercentile: 71.80129099999999
2022-05-13 16:09:28,828 [pool-1-thread-1] INFO  d.i.mongodb.perf.OperationExecutor - Snapshot 99thPercentile: 85.956959
2022-05-13 16:09:28,828 [pool-1-thread-1] INFO  d.i.mongodb.perf.OperationExecutor - Snapshot 999thPercentile: 150.12783299999998
2022-05-13 16:09:28,828 [pool-1-thread-1] INFO  d.i.mongodb.perf.OperationExecutor - Snapshot Min: 26.631249999999998
2022-05-13 16:09:28,828 [pool-1-thread-1] INFO  d.i.mongodb.perf.OperationExecutor - Snapshot Max: 220.747875
2022-05-13 16:09:28,829 [pool-1-thread-1] INFO  d.i.mongodb.perf.OperationExecutor - Snapshot Mean: 41.430769831538164
2022-05-13 16:09:28,829 [pool-1-thread-1] INFO  d.i.mongodb.perf.OperationExecutor - Snapshot Median: 38.620667
2022-05-13 16:09:28,829 [pool-1-thread-1] INFO  d.i.mongodb.perf.OperationExecutor - Snapshot StdDev: 12.463052749598502
2022-05-13 16:09:28,829 [pool-1-thread-1] INFO  d.i.mongodb.perf.OperationExecutor - Snapshot Size: 1028
13.05.2022 16.09.28 ============================================================

-- Timers ----------------------------------------------------------------------
stats-per-run-INSERT
             count = 5000
         mean rate = 237,89 calls/second
     1-minute rate = 223,61 calls/second
     5-minute rate = 219,23 calls/second
    15-minute rate = 218,41 calls/second
               min = 26,63 milliseconds
               max = 220,75 milliseconds
              mean = 41,43 milliseconds
            stddev = 12,46 milliseconds
            median = 38,62 milliseconds
              75% <= 43,16 milliseconds
              95% <= 59,28 milliseconds
              98% <= 71,80 milliseconds
              99% <= 85,96 milliseconds
            99.9% <= 150,13 milliseconds


2022-05-13 16:09:28,833 [pool-1-thread-1] INFO  d.i.mongodb.perf.OperationExecutor - stopReporters
2022-05-13 16:09:28,833 [pool-1-thread-1] INFO  d.i.mongodb.perf.OperationExecutor - consoleReporter stopped
2022-05-13 16:09:28,833 [pool-1-thread-1] INFO  d.i.mongodb.perf.OperationExecutor - allConsoleReporter stopped
2022-05-13 16:09:28,833 [pool-1-thread-1] INFO  d.i.mongodb.perf.OperationExecutor - csvReporter stopped
2022-05-13 16:09:28,833 [pool-1-thread-1] INFO  d.i.mongodb.perf.OperationExecutor - If run took more than 1 second, csv-file 'stats-per-second-INSERT.csv' saved in folder: /Users/oscarorellana/Desktop/softcorp/doubble/mongodb-performance-test/latest-version
2022-05-13 16:09:28,833 [pool-1-thread-1] INFO  d.i.mongodb.perf.OperationExecutor - csvReporterAll stopped
2022-05-13 16:09:28,833 [pool-1-thread-1] INFO  d.i.mongodb.perf.OperationExecutor - Summary of statistics saved in csv-file 'stats-per-run-INSERT.csv' located in folder: /Users/oscarorellana/Desktop/softcorp/doubble/mongodb-performance-test/latest-version
2022-05-13 16:09:28,841 [main] INFO  org.mongodb.driver.connection - Closed connection [connectionId{localValue:6, serverValue:390}] to 35.198.67.211:27017 because the pool has been closed.
2022-05-13 16:09:28,842 [main] INFO  org.mongodb.driver.connection - Closed connection [connectionId{localValue:2, serverValue:382}] to 35.198.67.211:27017 because the pool has been closed.
2022-05-13 16:09:28,842 [main] INFO  org.mongodb.driver.connection - Closed connection [connectionId{localValue:10, serverValue:389}] to 35.198.67.211:27017 because the pool has been closed.
2022-05-13 16:09:28,842 [main] INFO  org.mongodb.driver.connection - Closed connection [connectionId{localValue:5, serverValue:385}] to 35.198.67.211:27017 because the pool has been closed.
2022-05-13 16:09:28,842 [main] INFO  org.mongodb.driver.connection - Closed connection [connectionId{localValue:9, serverValue:387}] to 35.198.67.211:27017 because the pool has been closed.
2022-05-13 16:09:28,842 [main] INFO  org.mongodb.driver.connection - Closed connection [connectionId{localValue:3, serverValue:383}] to 35.198.67.211:27017 because the pool has been closed.
2022-05-13 16:09:28,842 [main] INFO  org.mongodb.driver.connection - Closed connection [connectionId{localValue:4, serverValue:386}] to 35.198.67.211:27017 because the pool has been closed.
2022-05-13 16:09:28,842 [main] INFO  org.mongodb.driver.connection - Closed connection [connectionId{localValue:11, serverValue:391}] to 35.198.67.211:27017 because the pool has been closed.
2022-05-13 16:09:28,842 [main] INFO  org.mongodb.driver.connection - Closed connection [connectionId{localValue:7, serverValue:384}] to 35.198.67.211:27017 because the pool has been closed.
2022-05-13 16:09:28,842 [main] INFO  org.mongodb.driver.connection - Closed connection [connectionId{localValue:8, serverValue:388}] to 35.198.67.211:27017 because the pool has been closed.
2022-05-13 16:09:28,843 [main] INFO  d.i.mongodb.perf.MongoDbAccessor - <<< closeConnections 35.198.67.211:27017
