2022-05-13 16:16:42,139 [main] INFO  d.i.mongodb.perf.MongoDbAccessor - >>> init 35.198.67.211:27017
2022-05-13 16:16:42,227 [main] INFO  org.mongodb.driver.cluster - Cluster created with settings {hosts=[35.198.67.211:27017], mode=SINGLE, requiredClusterType=UNKNOWN, serverSelectionTimeout='30000 ms', maxWaitQueueSize=50000}
2022-05-13 16:16:42,238 [main] INFO  d.i.mongodb.perf.MongoDbAccessor - <<< init
2022-05-13 16:16:42,244 [main] INFO  org.mongodb.driver.cluster - Cluster description not yet available. Waiting for 30000 ms before timing out
2022-05-13 16:16:42,343 [cluster-ClusterId{value='627e684a526c460455a838d8', description='null'}-35.198.67.211:27017] INFO  org.mongodb.driver.connection - Opened connection [connectionId{localValue:1, serverValue:732}] to 35.198.67.211:27017
2022-05-13 16:16:42,377 [cluster-ClusterId{value='627e684a526c460455a838d8', description='null'}-35.198.67.211:27017] INFO  org.mongodb.driver.cluster - Monitor thread successfully connected to server with description ServerDescription{address=35.198.67.211:27017, type=REPLICA_SET_PRIMARY, state=CONNECTED, ok=true, version=ServerVersion{versionList=[5, 0, 8]}, minWireVersion=0, maxWireVersion=13, maxDocumentSize=16777216, logicalSessionTimeoutMinutes=30, roundTripTimeNanos=31994875, setName='rs0', canonicalAddress=35.198.67.211:27017, hosts=[34.159.169.88:27017, 35.198.67.211:27017, 34.159.223.31:27017], passives=[], arbiters=[mongodb-arbiter-0.mongodb-arbiter-headless.mongodb-slow.svc.cluster.local:27017], primary='35.198.67.211:27017', tagSet=TagSet{[]}, electionId=7fffffff0000000000000002, setVersion=8, lastWriteDate=Fri May 13 16:16:40 CEST 2022, lastUpdateTimeNanos=355747233297708}
2022-05-13 16:16:42,626 [main] INFO  org.mongodb.driver.connection - Opened connection [connectionId{localValue:2, serverValue:733}] to 35.198.67.211:27017
2022-05-13 16:16:42,735 [main] INFO  d.i.mongodb.perf.OperationExecutor - >>> OperationExecutor threadCount: 10, opsCount: 20000, maxDurationInSeconds: 3600, operation: CountOperation
2022-05-13 16:16:42,736 [main] INFO  d.i.mongodb.perf.OperationExecutor - java execution path: /Users/oscarorellana/Desktop/softcorp/doubble/mongodb-performance-test/latest-version/mongodb-performance-test.jar
2022-05-13 16:16:42,930 [pool-2-thread-7] INFO  org.mongodb.driver.connection - Opened connection [connectionId{localValue:4, serverValue:734}] to 35.198.67.211:27017
2022-05-13 16:16:42,943 [pool-2-thread-4] INFO  org.mongodb.driver.connection - Opened connection [connectionId{localValue:5, serverValue:736}] to 35.198.67.211:27017
2022-05-13 16:16:42,943 [pool-2-thread-8] INFO  org.mongodb.driver.connection - Opened connection [connectionId{localValue:3, serverValue:737}] to 35.198.67.211:27017
2022-05-13 16:16:42,951 [pool-2-thread-5] INFO  org.mongodb.driver.connection - Opened connection [connectionId{localValue:6, serverValue:741}] to 35.198.67.211:27017
2022-05-13 16:16:42,951 [pool-2-thread-6] INFO  org.mongodb.driver.connection - Opened connection [connectionId{localValue:11, serverValue:739}] to 35.198.67.211:27017
2022-05-13 16:16:42,951 [pool-2-thread-9] INFO  org.mongodb.driver.connection - Opened connection [connectionId{localValue:8, serverValue:740}] to 35.198.67.211:27017
2022-05-13 16:16:42,951 [pool-2-thread-3] INFO  org.mongodb.driver.connection - Opened connection [connectionId{localValue:7, serverValue:742}] to 35.198.67.211:27017
2022-05-13 16:16:42,951 [pool-2-thread-1] INFO  org.mongodb.driver.connection - Opened connection [connectionId{localValue:9, serverValue:735}] to 35.198.67.211:27017
2022-05-13 16:16:42,951 [pool-2-thread-2] INFO  org.mongodb.driver.connection - Opened connection [connectionId{localValue:10, serverValue:738}] to 35.198.67.211:27017
13.05.2022 16.16.43 ============================================================

-- Timers ----------------------------------------------------------------------
stats-per-second-COUNT_MANY
             count = 241
         mean rate = 236,01 calls/second
     1-minute rate = 0,00 calls/second
     5-minute rate = 0,00 calls/second
    15-minute rate = 0,00 calls/second
               min = 26,49 milliseconds
               max = 298,27 milliseconds
              mean = 41,76 milliseconds
            stddev = 47,49 milliseconds
            median = 31,60 milliseconds
              75% <= 34,16 milliseconds
              95% <= 53,37 milliseconds
              98% <= 290,35 milliseconds
              99% <= 295,03 milliseconds
            99.9% <= 298,27 milliseconds


13.05.2022 16.16.44 ============================================================

-- Timers ----------------------------------------------------------------------
stats-per-second-COUNT_MANY
             count = 535
         mean rate = 266,38 calls/second
     1-minute rate = 0,00 calls/second
     5-minute rate = 0,00 calls/second
    15-minute rate = 0,00 calls/second
               min = 27,42 milliseconds
               max = 47,79 milliseconds
              mean = 33,06 milliseconds
            stddev = 3,38 milliseconds
            median = 32,28 milliseconds
              75% <= 34,60 milliseconds
              95% <= 39,60 milliseconds
              98% <= 41,98 milliseconds
              99% <= 44,31 milliseconds
            99.9% <= 47,79 milliseconds


13.05.2022 16.16.45 ============================================================

-- Timers ----------------------------------------------------------------------
stats-per-second-COUNT_MANY
             count = 845
         mean rate = 280,86 calls/second
     1-minute rate = 0,00 calls/second
     5-minute rate = 0,00 calls/second
    15-minute rate = 0,00 calls/second
               min = 26,79 milliseconds
               max = 47,07 milliseconds
              mean = 32,45 milliseconds
            stddev = 3,21 milliseconds
            median = 31,83 milliseconds
              75% <= 34,30 milliseconds
              95% <= 38,34 milliseconds
              98% <= 41,16 milliseconds
              99% <= 41,76 milliseconds
            99.9% <= 47,07 milliseconds


13.05.2022 16.16.46 ============================================================

-- Timers ----------------------------------------------------------------------
stats-per-second-COUNT_MANY
             count = 1144
         mean rate = 285,38 calls/second
     1-minute rate = 0,00 calls/second
     5-minute rate = 0,00 calls/second
    15-minute rate = 0,00 calls/second
               min = 26,47 milliseconds
               max = 100,56 milliseconds
              mean = 33,29 milliseconds
            stddev = 6,87 milliseconds
            median = 31,56 milliseconds
              75% <= 34,71 milliseconds
              95% <= 43,05 milliseconds
              98% <= 56,03 milliseconds
              99% <= 59,67 milliseconds
            99.9% <= 100,56 milliseconds


13.05.2022 16.16.47 ============================================================

-- Timers ----------------------------------------------------------------------
stats-per-second-COUNT_MANY
             count = 1452
         mean rate = 290,02 calls/second
     1-minute rate = 289,20 calls/second
     5-minute rate = 289,20 calls/second
    15-minute rate = 289,20 calls/second
               min = 26,20 milliseconds
               max = 51,94 milliseconds
              mean = 32,71 milliseconds
            stddev = 3,87 milliseconds
            median = 32,33 milliseconds
              75% <= 34,81 milliseconds
              95% <= 38,64 milliseconds
              98% <= 45,72 milliseconds
              99% <= 49,54 milliseconds
            99.9% <= 51,94 milliseconds


13.05.2022 16.16.48 ============================================================

-- Timers ----------------------------------------------------------------------
stats-per-second-COUNT_MANY
             count = 1746
         mean rate = 290,11 calls/second
     1-minute rate = 289,20 calls/second
     5-minute rate = 289,20 calls/second
    15-minute rate = 289,20 calls/second
               min = 26,84 milliseconds
               max = 47,38 milliseconds
              mean = 34,18 milliseconds
            stddev = 3,72 milliseconds
            median = 33,24 milliseconds
              75% <= 36,90 milliseconds
              95% <= 40,69 milliseconds
              98% <= 43,91 milliseconds
              99% <= 45,71 milliseconds
            99.9% <= 47,38 milliseconds


13.05.2022 16.16.49 ============================================================

-- Timers ----------------------------------------------------------------------
stats-per-second-COUNT_MANY
             count = 2059
         mean rate = 293,79 calls/second
     1-minute rate = 289,20 calls/second
     5-minute rate = 289,20 calls/second
    15-minute rate = 289,20 calls/second
               min = 25,71 milliseconds
               max = 47,38 milliseconds
              mean = 31,86 milliseconds
            stddev = 2,91 milliseconds
            median = 31,45 milliseconds
              75% <= 33,13 milliseconds
              95% <= 37,49 milliseconds
              98% <= 39,06 milliseconds
              99% <= 41,55 milliseconds
            99.9% <= 47,38 milliseconds


13.05.2022 16.16.50 ============================================================

-- Timers ----------------------------------------------------------------------
stats-per-second-COUNT_MANY
             count = 2374
         mean rate = 296,55 calls/second
     1-minute rate = 289,20 calls/second
     5-minute rate = 289,20 calls/second
    15-minute rate = 289,20 calls/second
               min = 26,36 milliseconds
               max = 47,43 milliseconds
              mean = 31,65 milliseconds
            stddev = 3,83 milliseconds
            median = 30,63 milliseconds
              75% <= 32,98 milliseconds
              95% <= 39,66 milliseconds
              98% <= 44,37 milliseconds
              99% <= 46,34 milliseconds
            99.9% <= 47,43 milliseconds


13.05.2022 16.16.51 ============================================================

-- Timers ----------------------------------------------------------------------
stats-per-second-COUNT_MANY
             count = 2693
         mean rate = 299,08 calls/second
     1-minute rate = 289,20 calls/second
     5-minute rate = 289,20 calls/second
    15-minute rate = 289,20 calls/second
               min = 27,09 milliseconds
               max = 49,32 milliseconds
              mean = 31,37 milliseconds
            stddev = 3,08 milliseconds
            median = 30,86 milliseconds
              75% <= 33,05 milliseconds
              95% <= 36,40 milliseconds
              98% <= 37,87 milliseconds
              99% <= 46,75 milliseconds
            99.9% <= 49,32 milliseconds


13.05.2022 16.16.52 ============================================================

-- Timers ----------------------------------------------------------------------
stats-per-second-COUNT_MANY
             count = 3009
         mean rate = 300,72 calls/second
     1-minute rate = 291,05 calls/second
     5-minute rate = 289,58 calls/second
    15-minute rate = 289,33 calls/second
               min = 26,46 milliseconds
               max = 41,28 milliseconds
              mean = 31,17 milliseconds
            stddev = 2,45 milliseconds
            median = 30,53 milliseconds
              75% <= 32,47 milliseconds
              95% <= 35,58 milliseconds
              98% <= 37,03 milliseconds
              99% <= 39,79 milliseconds
            99.9% <= 41,28 milliseconds


13.05.2022 16.16.53 ============================================================

-- Timers ----------------------------------------------------------------------
stats-per-second-COUNT_MANY
             count = 3324
         mean rate = 302,01 calls/second
     1-minute rate = 291,05 calls/second
     5-minute rate = 289,58 calls/second
    15-minute rate = 289,33 calls/second
               min = 27,30 milliseconds
               max = 47,70 milliseconds
              mean = 32,35 milliseconds
            stddev = 3,18 milliseconds
            median = 31,86 milliseconds
              75% <= 34,28 milliseconds
              95% <= 38,19 milliseconds
              98% <= 40,29 milliseconds
              99% <= 42,97 milliseconds
            99.9% <= 47,70 milliseconds


13.05.2022 16.16.54 ============================================================

-- Timers ----------------------------------------------------------------------
stats-per-second-COUNT_MANY
             count = 3638
         mean rate = 302,92 calls/second
     1-minute rate = 291,05 calls/second
     5-minute rate = 289,58 calls/second
    15-minute rate = 289,33 calls/second
               min = 26,72 milliseconds
               max = 43,31 milliseconds
              mean = 31,59 milliseconds
            stddev = 2,60 milliseconds
            median = 31,09 milliseconds
              75% <= 33,16 milliseconds
              95% <= 36,18 milliseconds
              98% <= 37,14 milliseconds
              99% <= 38,09 milliseconds
            99.9% <= 43,31 milliseconds


13.05.2022 16.16.55 ============================================================

-- Timers ----------------------------------------------------------------------
stats-per-second-COUNT_MANY
             count = 3954
         mean rate = 303,95 calls/second
     1-minute rate = 291,05 calls/second
     5-minute rate = 289,58 calls/second
    15-minute rate = 289,33 calls/second
               min = 26,87 milliseconds
               max = 49,38 milliseconds
              mean = 31,38 milliseconds
            stddev = 3,11 milliseconds
            median = 30,84 milliseconds
              75% <= 32,93 milliseconds
              95% <= 36,73 milliseconds
              98% <= 41,39 milliseconds
              99% <= 43,48 milliseconds
            99.9% <= 49,38 milliseconds


13.05.2022 16.16.56 ============================================================

-- Timers ----------------------------------------------------------------------
stats-per-second-COUNT_MANY
             count = 4278
         mean rate = 305,39 calls/second
     1-minute rate = 291,05 calls/second
     5-minute rate = 289,58 calls/second
    15-minute rate = 289,33 calls/second
               min = 27,13 milliseconds
               max = 43,22 milliseconds
              mean = 31,08 milliseconds
            stddev = 2,46 milliseconds
            median = 30,89 milliseconds
              75% <= 32,20 milliseconds
              95% <= 35,51 milliseconds
              98% <= 38,48 milliseconds
              99% <= 40,27 milliseconds
            99.9% <= 43,22 milliseconds


13.05.2022 16.16.57 ============================================================

-- Timers ----------------------------------------------------------------------
stats-per-second-COUNT_MANY
             count = 4596
         mean rate = 306,23 calls/second
     1-minute rate = 293,10 calls/second
     5-minute rate = 290,03 calls/second
    15-minute rate = 289,48 calls/second
               min = 26,53 milliseconds
               max = 39,91 milliseconds
              mean = 31,45 milliseconds
            stddev = 2,53 milliseconds
            median = 31,31 milliseconds
              75% <= 33,33 milliseconds
              95% <= 35,55 milliseconds
              98% <= 37,88 milliseconds
              99% <= 38,80 milliseconds
            99.9% <= 39,91 milliseconds


13.05.2022 16.16.58 ============================================================

-- Timers ----------------------------------------------------------------------
stats-per-second-COUNT_MANY
             count = 4902
         mean rate = 306,21 calls/second
     1-minute rate = 293,10 calls/second
     5-minute rate = 290,03 calls/second
    15-minute rate = 289,48 calls/second
               min = 26,61 milliseconds
               max = 49,12 milliseconds
              mean = 32,18 milliseconds
            stddev = 2,88 milliseconds
            median = 31,90 milliseconds
              75% <= 33,66 milliseconds
              95% <= 37,24 milliseconds
              98% <= 39,63 milliseconds
              99% <= 39,77 milliseconds
            99.9% <= 49,12 milliseconds


13.05.2022 16.16.59 ============================================================

-- Timers ----------------------------------------------------------------------
stats-per-second-COUNT_MANY
             count = 5174
         mean rate = 304,22 calls/second
     1-minute rate = 293,10 calls/second
     5-minute rate = 290,03 calls/second
    15-minute rate = 289,48 calls/second
               min = 24,10 milliseconds
               max = 102,60 milliseconds
              mean = 36,30 milliseconds
            stddev = 13,41 milliseconds
            median = 33,05 milliseconds
              75% <= 35,10 milliseconds
              95% <= 66,67 milliseconds
              98% <= 98,71 milliseconds
              99% <= 102,09 milliseconds
            99.9% <= 102,60 milliseconds


13.05.2022 16.17.00 ============================================================

-- Timers ----------------------------------------------------------------------
stats-per-second-COUNT_MANY
             count = 5463
         mean rate = 303,37 calls/second
     1-minute rate = 293,10 calls/second
     5-minute rate = 290,03 calls/second
    15-minute rate = 289,48 calls/second
               min = 26,62 milliseconds
               max = 135,07 milliseconds
              mean = 35,39 milliseconds
            stddev = 14,36 milliseconds
            median = 31,27 milliseconds
              75% <= 33,96 milliseconds
              95% <= 59,53 milliseconds
              98% <= 78,05 milliseconds
              99% <= 126,32 milliseconds
            99.9% <= 135,07 milliseconds


13.05.2022 16.17.01 ============================================================

-- Timers ----------------------------------------------------------------------
stats-per-second-COUNT_MANY
             count = 5722
         mean rate = 301,04 calls/second
     1-minute rate = 293,10 calls/second
     5-minute rate = 290,03 calls/second
    15-minute rate = 289,48 calls/second
               min = 26,73 milliseconds
               max = 157,04 milliseconds
              mean = 38,53 milliseconds
            stddev = 18,68 milliseconds
            median = 31,46 milliseconds
              75% <= 36,23 milliseconds
              95% <= 77,30 milliseconds
              98% <= 91,97 milliseconds
              99% <= 137,53 milliseconds
            99.9% <= 157,04 milliseconds


13.05.2022 16.17.02 ============================================================

-- Timers ----------------------------------------------------------------------
stats-per-second-COUNT_MANY
             count = 6039
         mean rate = 301,86 calls/second
     1-minute rate = 292,82 calls/second
     5-minute rate = 290,02 calls/second
    15-minute rate = 289,48 calls/second
               min = 25,64 milliseconds
               max = 47,05 milliseconds
              mean = 31,62 milliseconds
            stddev = 3,39 milliseconds
            median = 31,05 milliseconds
              75% <= 33,79 milliseconds
              95% <= 37,88 milliseconds
              98% <= 42,03 milliseconds
              99% <= 42,36 milliseconds
            99.9% <= 47,05 milliseconds


13.05.2022 16.17.03 ============================================================

-- Timers ----------------------------------------------------------------------
stats-per-second-COUNT_MANY
             count = 6350
         mean rate = 302,26 calls/second
     1-minute rate = 292,82 calls/second
     5-minute rate = 290,02 calls/second
    15-minute rate = 289,48 calls/second
               min = 25,90 milliseconds
               max = 46,71 milliseconds
              mean = 31,89 milliseconds
            stddev = 3,21 milliseconds
            median = 31,46 milliseconds
              75% <= 33,49 milliseconds
              95% <= 38,53 milliseconds
              98% <= 40,61 milliseconds
              99% <= 45,05 milliseconds
            99.9% <= 46,71 milliseconds


13.05.2022 16.17.04 ============================================================

-- Timers ----------------------------------------------------------------------
stats-per-second-COUNT_MANY
             count = 6653
         mean rate = 302,28 calls/second
     1-minute rate = 292,82 calls/second
     5-minute rate = 290,02 calls/second
    15-minute rate = 289,48 calls/second
               min = 26,63 milliseconds
               max = 73,76 milliseconds
              mean = 33,30 milliseconds
            stddev = 5,00 milliseconds
            median = 32,72 milliseconds
              75% <= 34,49 milliseconds
              95% <= 38,75 milliseconds
              98% <= 49,59 milliseconds
              99% <= 57,16 milliseconds
            99.9% <= 73,76 milliseconds


13.05.2022 16.17.05 ============================================================

-- Timers ----------------------------------------------------------------------
stats-per-second-COUNT_MANY
             count = 6970
         mean rate = 302,92 calls/second
     1-minute rate = 292,82 calls/second
     5-minute rate = 290,02 calls/second
    15-minute rate = 289,48 calls/second
               min = 26,57 milliseconds
               max = 41,08 milliseconds
              mean = 31,51 milliseconds
            stddev = 2,70 milliseconds
            median = 30,93 milliseconds
              75% <= 33,16 milliseconds
              95% <= 37,03 milliseconds
              98% <= 38,55 milliseconds
              99% <= 39,37 milliseconds
            99.9% <= 41,08 milliseconds


13.05.2022 16.17.06 ============================================================

-- Timers ----------------------------------------------------------------------
stats-per-second-COUNT_MANY
             count = 7281
         mean rate = 303,27 calls/second
     1-minute rate = 292,82 calls/second
     5-minute rate = 290,02 calls/second
    15-minute rate = 289,48 calls/second
               min = 26,62 milliseconds
               max = 51,27 milliseconds
              mean = 31,91 milliseconds
            stddev = 3,10 milliseconds
            median = 31,91 milliseconds
              75% <= 33,45 milliseconds
              95% <= 36,69 milliseconds
              98% <= 39,16 milliseconds
              99% <= 42,17 milliseconds
            99.9% <= 51,27 milliseconds


13.05.2022 16.17.07 ============================================================

-- Timers ----------------------------------------------------------------------
stats-per-second-COUNT_MANY
             count = 7602
         mean rate = 304,00 calls/second
     1-minute rate = 294,35 calls/second
     5-minute rate = 290,39 calls/second
    15-minute rate = 289,61 calls/second
               min = 26,96 milliseconds
               max = 42,99 milliseconds
              mean = 31,30 milliseconds
            stddev = 2,60 milliseconds
            median = 30,98 milliseconds
              75% <= 32,31 milliseconds
              95% <= 36,64 milliseconds
              98% <= 38,26 milliseconds
              99% <= 39,73 milliseconds
            99.9% <= 42,99 milliseconds


13.05.2022 16.17.08 ============================================================

-- Timers ----------------------------------------------------------------------
stats-per-second-COUNT_MANY
             count = 7913
         mean rate = 304,22 calls/second
     1-minute rate = 294,35 calls/second
     5-minute rate = 290,39 calls/second
    15-minute rate = 289,61 calls/second
               min = 26,22 milliseconds
               max = 40,09 milliseconds
              mean = 32,29 milliseconds
            stddev = 2,77 milliseconds
            median = 32,36 milliseconds
              75% <= 33,92 milliseconds
              95% <= 37,50 milliseconds
              98% <= 38,12 milliseconds
              99% <= 38,49 milliseconds
            99.9% <= 40,09 milliseconds


13.05.2022 16.17.09 ============================================================

-- Timers ----------------------------------------------------------------------
stats-per-second-COUNT_MANY
             count = 8221
         mean rate = 304,39 calls/second
     1-minute rate = 294,35 calls/second
     5-minute rate = 290,39 calls/second
    15-minute rate = 289,61 calls/second
               min = 26,68 milliseconds
               max = 45,58 milliseconds
              mean = 32,15 milliseconds
            stddev = 3,00 milliseconds
            median = 31,75 milliseconds
              75% <= 33,69 milliseconds
              95% <= 38,14 milliseconds
              98% <= 40,54 milliseconds
              99% <= 42,37 milliseconds
            99.9% <= 45,58 milliseconds


13.05.2022 16.17.10 ============================================================

-- Timers ----------------------------------------------------------------------
stats-per-second-COUNT_MANY
             count = 8534
         mean rate = 304,69 calls/second
     1-minute rate = 294,35 calls/second
     5-minute rate = 290,39 calls/second
    15-minute rate = 289,61 calls/second
               min = 26,38 milliseconds
               max = 42,44 milliseconds
              mean = 32,04 milliseconds
            stddev = 3,22 milliseconds
            median = 31,50 milliseconds
              75% <= 33,97 milliseconds
              95% <= 38,83 milliseconds
              98% <= 40,81 milliseconds
              99% <= 41,56 milliseconds
            99.9% <= 42,44 milliseconds


13.05.2022 16.17.11 ============================================================

-- Timers ----------------------------------------------------------------------
stats-per-second-COUNT_MANY
             count = 8788
         mean rate = 302,92 calls/second
     1-minute rate = 294,35 calls/second
     5-minute rate = 290,39 calls/second
    15-minute rate = 289,61 calls/second
               min = 27,00 milliseconds
               max = 110,58 milliseconds
              mean = 39,00 milliseconds
            stddev = 15,01 milliseconds
            median = 33,05 milliseconds
              75% <= 37,98 milliseconds
              95% <= 70,07 milliseconds
              98% <= 88,22 milliseconds
              99% <= 110,20 milliseconds
            99.9% <= 110,58 milliseconds


13.05.2022 16.17.12 ============================================================

-- Timers ----------------------------------------------------------------------
stats-per-second-COUNT_MANY
             count = 9063
         mean rate = 302,16 calls/second
     1-minute rate = 294,16 calls/second
     5-minute rate = 290,41 calls/second
    15-minute rate = 289,62 calls/second
               min = 26,57 milliseconds
               max = 90,55 milliseconds
              mean = 36,44 milliseconds
            stddev = 11,68 milliseconds
            median = 32,08 milliseconds
              75% <= 36,73 milliseconds
              95% <= 60,03 milliseconds
              98% <= 87,93 milliseconds
              99% <= 88,39 milliseconds
            99.9% <= 90,55 milliseconds


13.05.2022 16.17.13 ============================================================

-- Timers ----------------------------------------------------------------------
stats-per-second-COUNT_MANY
             count = 9378
         mean rate = 302,41 calls/second
     1-minute rate = 294,16 calls/second
     5-minute rate = 290,41 calls/second
    15-minute rate = 289,62 calls/second
               min = 27,12 milliseconds
               max = 42,58 milliseconds
              mean = 31,66 milliseconds
            stddev = 2,97 milliseconds
            median = 31,05 milliseconds
              75% <= 33,08 milliseconds
              95% <= 37,96 milliseconds
              98% <= 39,71 milliseconds
              99% <= 42,34 milliseconds
            99.9% <= 42,58 milliseconds


13.05.2022 16.17.14 ============================================================

-- Timers ----------------------------------------------------------------------
stats-per-second-COUNT_MANY
             count = 9699
         mean rate = 303,01 calls/second
     1-minute rate = 294,16 calls/second
     5-minute rate = 290,41 calls/second
    15-minute rate = 289,62 calls/second
               min = 26,89 milliseconds
               max = 44,84 milliseconds
              mean = 31,32 milliseconds
            stddev = 2,59 milliseconds
            median = 31,04 milliseconds
              75% <= 32,62 milliseconds
              95% <= 35,74 milliseconds
              98% <= 38,08 milliseconds
              99% <= 39,86 milliseconds
            99.9% <= 44,84 milliseconds


13.05.2022 16.17.15 ============================================================

-- Timers ----------------------------------------------------------------------
stats-per-second-COUNT_MANY
             count = 10017
         mean rate = 303,46 calls/second
     1-minute rate = 294,16 calls/second
     5-minute rate = 290,41 calls/second
    15-minute rate = 289,62 calls/second
               min = 27,13 milliseconds
               max = 39,61 milliseconds
              mean = 31,23 milliseconds
            stddev = 2,48 milliseconds
            median = 30,79 milliseconds
              75% <= 32,86 milliseconds
              95% <= 35,70 milliseconds
              98% <= 37,17 milliseconds
              99% <= 38,73 milliseconds
            99.9% <= 39,61 milliseconds


13.05.2022 16.17.16 ============================================================

-- Timers ----------------------------------------------------------------------
stats-per-second-COUNT_MANY
             count = 10343
         mean rate = 304,13 calls/second
     1-minute rate = 294,16 calls/second
     5-minute rate = 290,41 calls/second
    15-minute rate = 289,62 calls/second
               min = 27,13 milliseconds
               max = 39,74 milliseconds
              mean = 31,04 milliseconds
            stddev = 2,41 milliseconds
            median = 30,69 milliseconds
              75% <= 32,13 milliseconds
              95% <= 35,86 milliseconds
              98% <= 38,17 milliseconds
              99% <= 38,64 milliseconds
            99.9% <= 39,74 milliseconds


13.05.2022 16.17.17 ============================================================

-- Timers ----------------------------------------------------------------------
stats-per-second-COUNT_MANY
             count = 10657
         mean rate = 304,41 calls/second
     1-minute rate = 296,20 calls/second
     5-minute rate = 290,90 calls/second
    15-minute rate = 289,78 calls/second
               min = 27,04 milliseconds
               max = 42,48 milliseconds
              mean = 31,51 milliseconds
            stddev = 2,59 milliseconds
            median = 31,12 milliseconds
              75% <= 33,22 milliseconds
              95% <= 36,15 milliseconds
              98% <= 38,29 milliseconds
              99% <= 39,70 milliseconds
            99.9% <= 42,48 milliseconds


13.05.2022 16.17.18 ============================================================

-- Timers ----------------------------------------------------------------------
stats-per-second-COUNT_MANY
             count = 10975
         mean rate = 304,82 calls/second
     1-minute rate = 296,20 calls/second
     5-minute rate = 290,90 calls/second
    15-minute rate = 289,78 calls/second
               min = 24,18 milliseconds
               max = 44,98 milliseconds
              mean = 31,36 milliseconds
            stddev = 2,69 milliseconds
            median = 30,90 milliseconds
              75% <= 32,54 milliseconds
              95% <= 36,60 milliseconds
              98% <= 39,06 milliseconds
              99% <= 39,66 milliseconds
            99.9% <= 44,98 milliseconds


13.05.2022 16.17.19 ============================================================

-- Timers ----------------------------------------------------------------------
stats-per-second-COUNT_MANY
             count = 11292
         mean rate = 305,14 calls/second
     1-minute rate = 296,20 calls/second
     5-minute rate = 290,90 calls/second
    15-minute rate = 289,78 calls/second
               min = 26,35 milliseconds
               max = 48,17 milliseconds
              mean = 31,51 milliseconds
            stddev = 3,08 milliseconds
            median = 30,78 milliseconds
              75% <= 33,07 milliseconds
              95% <= 37,13 milliseconds
              98% <= 39,88 milliseconds
              99% <= 44,50 milliseconds
            99.9% <= 48,17 milliseconds


13.05.2022 16.17.20 ============================================================

-- Timers ----------------------------------------------------------------------
stats-per-second-COUNT_MANY
             count = 11616
         mean rate = 305,58 calls/second
     1-minute rate = 296,20 calls/second
     5-minute rate = 290,90 calls/second
    15-minute rate = 289,78 calls/second
               min = 26,54 milliseconds
               max = 41,06 milliseconds
              mean = 31,20 milliseconds
            stddev = 2,58 milliseconds
            median = 30,70 milliseconds
              75% <= 32,38 milliseconds
              95% <= 36,23 milliseconds
              98% <= 38,31 milliseconds
              99% <= 40,48 milliseconds
            99.9% <= 41,06 milliseconds


13.05.2022 16.17.21 ============================================================

-- Timers ----------------------------------------------------------------------
stats-per-second-COUNT_MANY
             count = 11938
         mean rate = 306,05 calls/second
     1-minute rate = 296,20 calls/second
     5-minute rate = 290,90 calls/second
    15-minute rate = 289,78 calls/second
               min = 26,85 milliseconds
               max = 38,88 milliseconds
              mean = 30,97 milliseconds
            stddev = 2,36 milliseconds
            median = 30,52 milliseconds
              75% <= 32,35 milliseconds
              95% <= 35,45 milliseconds
              98% <= 36,33 milliseconds
              99% <= 37,84 milliseconds
            99.9% <= 38,88 milliseconds


13.05.2022 16.17.22 ============================================================

-- Timers ----------------------------------------------------------------------
stats-per-second-COUNT_MANY
             count = 12222
         mean rate = 305,48 calls/second
     1-minute rate = 297,54 calls/second
     5-minute rate = 291,26 calls/second
    15-minute rate = 289,91 calls/second
               min = 26,91 milliseconds
               max = 81,11 milliseconds
              mean = 34,68 milliseconds
            stddev = 9,09 milliseconds
            median = 32,71 milliseconds
              75% <= 34,79 milliseconds
              95% <= 50,15 milliseconds
              98% <= 78,21 milliseconds
              99% <= 79,11 milliseconds
            99.9% <= 81,11 milliseconds


13.05.2022 16.17.23 ============================================================

-- Timers ----------------------------------------------------------------------
stats-per-second-COUNT_MANY
             count = 12498
         mean rate = 304,76 calls/second
     1-minute rate = 297,54 calls/second
     5-minute rate = 291,26 calls/second
    15-minute rate = 289,91 calls/second
               min = 27,53 milliseconds
               max = 104,10 milliseconds
              mean = 36,50 milliseconds
            stddev = 12,11 milliseconds
            median = 32,06 milliseconds
              75% <= 36,57 milliseconds
              95% <= 61,22 milliseconds
              98% <= 79,71 milliseconds
              99% <= 89,84 milliseconds
            99.9% <= 104,10 milliseconds


13.05.2022 16.17.24 ============================================================

-- Timers ----------------------------------------------------------------------
stats-per-second-COUNT_MANY
             count = 12782
         mean rate = 304,27 calls/second
     1-minute rate = 297,54 calls/second
     5-minute rate = 291,26 calls/second
    15-minute rate = 289,91 calls/second
               min = 27,44 milliseconds
               max = 79,88 milliseconds
              mean = 35,68 milliseconds
            stddev = 11,66 milliseconds
            median = 31,89 milliseconds
              75% <= 34,59 milliseconds
              95% <= 70,18 milliseconds
              98% <= 77,50 milliseconds
              99% <= 79,20 milliseconds
            99.9% <= 79,88 milliseconds


13.05.2022 16.17.25 ============================================================

-- Timers ----------------------------------------------------------------------
stats-per-second-COUNT_MANY
             count = 13086
         mean rate = 304,27 calls/second
     1-minute rate = 297,54 calls/second
     5-minute rate = 291,26 calls/second
    15-minute rate = 289,91 calls/second
               min = 26,47 milliseconds
               max = 76,53 milliseconds
              mean = 32,30 milliseconds
            stddev = 5,59 milliseconds
            median = 30,95 milliseconds
              75% <= 33,71 milliseconds
              95% <= 39,99 milliseconds
              98% <= 47,81 milliseconds
              99% <= 65,39 milliseconds
            99.9% <= 76,53 milliseconds


13.05.2022 16.17.26 ============================================================

-- Timers ----------------------------------------------------------------------
stats-per-second-COUNT_MANY
             count = 13407
         mean rate = 304,65 calls/second
     1-minute rate = 297,54 calls/second
     5-minute rate = 291,26 calls/second
    15-minute rate = 289,91 calls/second
               min = 26,77 milliseconds
               max = 39,44 milliseconds
              mean = 31,24 milliseconds
            stddev = 2,64 milliseconds
            median = 30,59 milliseconds
              75% <= 32,45 milliseconds
              95% <= 36,97 milliseconds
              98% <= 38,50 milliseconds
              99% <= 39,21 milliseconds
            99.9% <= 39,44 milliseconds


13.05.2022 16.17.27 ============================================================

-- Timers ----------------------------------------------------------------------
stats-per-second-COUNT_MANY
             count = 13723
         mean rate = 304,90 calls/second
     1-minute rate = 297,75 calls/second
     5-minute rate = 291,41 calls/second
    15-minute rate = 289,97 calls/second
               min = 26,50 milliseconds
               max = 41,97 milliseconds
              mean = 31,75 milliseconds
            stddev = 2,52 milliseconds
            median = 31,53 milliseconds
              75% <= 33,18 milliseconds
              95% <= 35,90 milliseconds
              98% <= 38,26 milliseconds
              99% <= 40,06 milliseconds
            99.9% <= 41,97 milliseconds


13.05.2022 16.17.28 ============================================================

-- Timers ----------------------------------------------------------------------
stats-per-second-COUNT_MANY
             count = 14032
         mean rate = 304,99 calls/second
     1-minute rate = 297,75 calls/second
     5-minute rate = 291,41 calls/second
    15-minute rate = 289,97 calls/second
               min = 26,99 milliseconds
               max = 52,88 milliseconds
              mean = 32,21 milliseconds
            stddev = 4,48 milliseconds
            median = 30,93 milliseconds
              75% <= 33,85 milliseconds
              95% <= 39,92 milliseconds
              98% <= 48,73 milliseconds
              99% <= 52,74 milliseconds
            99.9% <= 52,88 milliseconds


13.05.2022 16.17.29 ============================================================

-- Timers ----------------------------------------------------------------------
stats-per-second-COUNT_MANY
             count = 14299
         mean rate = 304,18 calls/second
     1-minute rate = 297,75 calls/second
     5-minute rate = 291,41 calls/second
    15-minute rate = 289,97 calls/second
               min = 26,13 milliseconds
               max = 73,02 milliseconds
              mean = 37,24 milliseconds
            stddev = 11,06 milliseconds
            median = 32,74 milliseconds
              75% <= 40,51 milliseconds
              95% <= 70,38 milliseconds
              98% <= 71,43 milliseconds
              99% <= 72,05 milliseconds
            99.9% <= 73,02 milliseconds


13.05.2022 16.17.30 ============================================================

-- Timers ----------------------------------------------------------------------
stats-per-second-COUNT_MANY
             count = 14599
         mean rate = 304,10 calls/second
     1-minute rate = 297,75 calls/second
     5-minute rate = 291,41 calls/second
    15-minute rate = 289,97 calls/second
               min = 26,40 milliseconds
               max = 57,25 milliseconds
              mean = 33,49 milliseconds
            stddev = 5,32 milliseconds
            median = 31,91 milliseconds
              75% <= 35,20 milliseconds
              95% <= 45,31 milliseconds
              98% <= 49,51 milliseconds
              99% <= 52,23 milliseconds
            99.9% <= 57,25 milliseconds


13.05.2022 16.17.31 ============================================================

-- Timers ----------------------------------------------------------------------
stats-per-second-COUNT_MANY
             count = 14898
         mean rate = 303,98 calls/second
     1-minute rate = 297,75 calls/second
     5-minute rate = 291,41 calls/second
    15-minute rate = 289,97 calls/second
               min = 27,22 milliseconds
               max = 100,47 milliseconds
              mean = 33,71 milliseconds
            stddev = 9,51 milliseconds
            median = 31,71 milliseconds
              75% <= 33,73 milliseconds
              95% <= 40,02 milliseconds
              98% <= 89,90 milliseconds
              99% <= 90,73 milliseconds
            99.9% <= 100,47 milliseconds


13.05.2022 16.17.32 ============================================================

-- Timers ----------------------------------------------------------------------
stats-per-second-COUNT_MANY
             count = 15208
         mean rate = 304,12 calls/second
     1-minute rate = 297,66 calls/second
     5-minute rate = 291,49 calls/second
    15-minute rate = 290,01 calls/second
               min = 26,75 milliseconds
               max = 63,23 milliseconds
              mean = 31,95 milliseconds
            stddev = 3,85 milliseconds
            median = 31,31 milliseconds
              75% <= 33,17 milliseconds
              95% <= 37,67 milliseconds
              98% <= 43,29 milliseconds
              99% <= 47,20 milliseconds
            99.9% <= 63,23 milliseconds


13.05.2022 16.17.33 ============================================================

-- Timers ----------------------------------------------------------------------
stats-per-second-COUNT_MANY
             count = 15531
         mean rate = 304,47 calls/second
     1-minute rate = 297,66 calls/second
     5-minute rate = 291,49 calls/second
    15-minute rate = 290,01 calls/second
               min = 26,72 milliseconds
               max = 39,23 milliseconds
              mean = 30,89 milliseconds
            stddev = 2,31 milliseconds
            median = 30,62 milliseconds
              75% <= 32,07 milliseconds
              95% <= 36,13 milliseconds
              98% <= 36,73 milliseconds
              99% <= 37,05 milliseconds
            99.9% <= 39,23 milliseconds


13.05.2022 16.17.34 ============================================================

-- Timers ----------------------------------------------------------------------
stats-per-second-COUNT_MANY
             count = 15847
         mean rate = 304,69 calls/second
     1-minute rate = 297,66 calls/second
     5-minute rate = 291,49 calls/second
    15-minute rate = 290,01 calls/second
               min = 27,15 milliseconds
               max = 50,74 milliseconds
              mean = 32,12 milliseconds
            stddev = 3,38 milliseconds
            median = 31,64 milliseconds
              75% <= 33,21 milliseconds
              95% <= 39,06 milliseconds
              98% <= 44,84 milliseconds
              99% <= 45,49 milliseconds
            99.9% <= 50,74 milliseconds


13.05.2022 16.17.35 ============================================================

-- Timers ----------------------------------------------------------------------
stats-per-second-COUNT_MANY
             count = 16141
         mean rate = 304,50 calls/second
     1-minute rate = 297,66 calls/second
     5-minute rate = 291,49 calls/second
    15-minute rate = 290,01 calls/second
               min = 26,70 milliseconds
               max = 47,99 milliseconds
              mean = 33,56 milliseconds
            stddev = 3,29 milliseconds
            median = 33,01 milliseconds
              75% <= 35,61 milliseconds
              95% <= 39,06 milliseconds
              98% <= 42,16 milliseconds
              99% <= 45,06 milliseconds
            99.9% <= 47,99 milliseconds


13.05.2022 16.17.36 ============================================================

-- Timers ----------------------------------------------------------------------
stats-per-second-COUNT_MANY
             count = 16463
         mean rate = 304,82 calls/second
     1-minute rate = 297,66 calls/second
     5-minute rate = 291,49 calls/second
    15-minute rate = 290,01 calls/second
               min = 26,07 milliseconds
               max = 42,02 milliseconds
              mean = 30,96 milliseconds
            stddev = 2,65 milliseconds
            median = 30,32 milliseconds
              75% <= 32,59 milliseconds
              95% <= 35,78 milliseconds
              98% <= 37,69 milliseconds
              99% <= 40,22 milliseconds
            99.9% <= 42,02 milliseconds


13.05.2022 16.17.37 ============================================================

-- Timers ----------------------------------------------------------------------
stats-per-second-COUNT_MANY
             count = 16784
         mean rate = 305,12 calls/second
     1-minute rate = 299,05 calls/second
     5-minute rate = 291,88 calls/second
    15-minute rate = 290,15 calls/second
               min = 26,13 milliseconds
               max = 42,00 milliseconds
              mean = 31,31 milliseconds
            stddev = 2,76 milliseconds
            median = 30,77 milliseconds
              75% <= 32,61 milliseconds
              95% <= 36,88 milliseconds
              98% <= 39,79 milliseconds
              99% <= 39,92 milliseconds
            99.9% <= 42,00 milliseconds


13.05.2022 16.17.38 ============================================================

-- Timers ----------------------------------------------------------------------
stats-per-second-COUNT_MANY
             count = 17101
         mean rate = 305,33 calls/second
     1-minute rate = 299,05 calls/second
     5-minute rate = 291,88 calls/second
    15-minute rate = 290,15 calls/second
               min = 26,66 milliseconds
               max = 50,05 milliseconds
              mean = 31,75 milliseconds
            stddev = 2,98 milliseconds
            median = 31,18 milliseconds
              75% <= 33,62 milliseconds
              95% <= 36,18 milliseconds
              98% <= 40,88 milliseconds
              99% <= 43,03 milliseconds
            99.9% <= 50,05 milliseconds


13.05.2022 16.17.39 ============================================================

-- Timers ----------------------------------------------------------------------
stats-per-second-COUNT_MANY
             count = 17418
         mean rate = 305,52 calls/second
     1-minute rate = 299,05 calls/second
     5-minute rate = 291,88 calls/second
    15-minute rate = 290,15 calls/second
               min = 26,35 milliseconds
               max = 40,30 milliseconds
              mean = 31,24 milliseconds
            stddev = 2,88 milliseconds
            median = 30,58 milliseconds
              75% <= 33,02 milliseconds
              95% <= 36,89 milliseconds
              98% <= 38,34 milliseconds
              99% <= 39,63 milliseconds
            99.9% <= 40,30 milliseconds


13.05.2022 16.17.40 ============================================================

-- Timers ----------------------------------------------------------------------
stats-per-second-COUNT_MANY
             count = 17729
         mean rate = 305,63 calls/second
     1-minute rate = 299,05 calls/second
     5-minute rate = 291,88 calls/second
    15-minute rate = 290,15 calls/second
               min = 26,88 milliseconds
               max = 42,41 milliseconds
              mean = 32,21 milliseconds
            stddev = 3,18 milliseconds
            median = 31,71 milliseconds
              75% <= 34,45 milliseconds
              95% <= 38,36 milliseconds
              98% <= 40,37 milliseconds
              99% <= 40,60 milliseconds
            99.9% <= 42,41 milliseconds


13.05.2022 16.17.41 ============================================================

-- Timers ----------------------------------------------------------------------
stats-per-second-COUNT_MANY
             count = 18031
         mean rate = 305,55 calls/second
     1-minute rate = 299,05 calls/second
     5-minute rate = 291,88 calls/second
    15-minute rate = 290,15 calls/second
               min = 27,22 milliseconds
               max = 68,56 milliseconds
              mean = 33,13 milliseconds
            stddev = 5,27 milliseconds
            median = 31,96 milliseconds
              75% <= 34,29 milliseconds
              95% <= 40,77 milliseconds
              98% <= 51,71 milliseconds
              99% <= 64,69 milliseconds
            99.9% <= 68,56 milliseconds


13.05.2022 16.17.42 ============================================================

-- Timers ----------------------------------------------------------------------
stats-per-second-COUNT_MANY
             count = 18349
         mean rate = 305,76 calls/second
     1-minute rate = 300,16 calls/second
     5-minute rate = 292,23 calls/second
    15-minute rate = 290,27 calls/second
               min = 25,85 milliseconds
               max = 41,55 milliseconds
              mean = 31,32 milliseconds
            stddev = 2,54 milliseconds
            median = 31,06 milliseconds
              75% <= 32,79 milliseconds
              95% <= 36,14 milliseconds
              98% <= 37,58 milliseconds
              99% <= 38,23 milliseconds
            99.9% <= 41,55 milliseconds


13.05.2022 16.17.43 ============================================================

-- Timers ----------------------------------------------------------------------
stats-per-second-COUNT_MANY
             count = 18663
         mean rate = 305,90 calls/second
     1-minute rate = 300,16 calls/second
     5-minute rate = 292,23 calls/second
    15-minute rate = 290,27 calls/second
               min = 25,76 milliseconds
               max = 51,38 milliseconds
              mean = 31,93 milliseconds
            stddev = 3,29 milliseconds
            median = 31,21 milliseconds
              75% <= 33,40 milliseconds
              95% <= 37,52 milliseconds
              98% <= 41,63 milliseconds
              99% <= 49,25 milliseconds
            99.9% <= 51,38 milliseconds


13.05.2022 16.17.44 ============================================================

-- Timers ----------------------------------------------------------------------
stats-per-second-COUNT_MANY
             count = 18984
         mean rate = 306,15 calls/second
     1-minute rate = 300,16 calls/second
     5-minute rate = 292,23 calls/second
    15-minute rate = 290,27 calls/second
               min = 26,92 milliseconds
               max = 42,21 milliseconds
              mean = 31,19 milliseconds
            stddev = 2,45 milliseconds
            median = 30,89 milliseconds
              75% <= 32,37 milliseconds
              95% <= 35,96 milliseconds
              98% <= 37,19 milliseconds
              99% <= 40,70 milliseconds
            99.9% <= 42,21 milliseconds


13.05.2022 16.17.45 ============================================================

-- Timers ----------------------------------------------------------------------
stats-per-second-COUNT_MANY
             count = 19294
         mean rate = 306,22 calls/second
     1-minute rate = 300,16 calls/second
     5-minute rate = 292,23 calls/second
    15-minute rate = 290,27 calls/second
               min = 27,37 milliseconds
               max = 46,70 milliseconds
              mean = 31,84 milliseconds
            stddev = 2,73 milliseconds
            median = 31,29 milliseconds
              75% <= 33,20 milliseconds
              95% <= 36,60 milliseconds
              98% <= 39,86 milliseconds
              99% <= 42,16 milliseconds
            99.9% <= 46,70 milliseconds


13.05.2022 16.17.46 ============================================================

-- Timers ----------------------------------------------------------------------
stats-per-second-COUNT_MANY
             count = 19609
         mean rate = 306,35 calls/second
     1-minute rate = 300,16 calls/second
     5-minute rate = 292,23 calls/second
    15-minute rate = 290,27 calls/second
               min = 27,36 milliseconds
               max = 48,04 milliseconds
              mean = 32,19 milliseconds
            stddev = 3,30 milliseconds
            median = 31,65 milliseconds
              75% <= 33,51 milliseconds
              95% <= 39,27 milliseconds
              98% <= 40,67 milliseconds
              99% <= 46,31 milliseconds
            99.9% <= 48,04 milliseconds


13.05.2022 16.17.47 ============================================================

-- Timers ----------------------------------------------------------------------
stats-per-second-COUNT_MANY
             count = 19899
         mean rate = 306,09 calls/second
     1-minute rate = 300,98 calls/second
     5-minute rate = 292,53 calls/second
    15-minute rate = 290,38 calls/second
               min = 27,01 milliseconds
               max = 90,31 milliseconds
              mean = 34,12 milliseconds
            stddev = 10,74 milliseconds
            median = 31,58 milliseconds
              75% <= 33,11 milliseconds
              95% <= 58,65 milliseconds
              98% <= 85,62 milliseconds
              99% <= 89,79 milliseconds
            99.9% <= 90,31 milliseconds


2022-05-13 16:17:48,049 [pool-1-thread-1] INFO  d.i.mongodb.perf.OperationExecutor - Done (in time) in 65308 ms 
2022-05-13 16:17:48,051 [pool-1-thread-1] INFO  d.i.mongodb.perf.OperationExecutor - affected documents: 254068
2022-05-13 16:17:48,051 [pool-1-thread-1] INFO  d.i.mongodb.perf.OperationExecutor - count: 20000
2022-05-13 16:17:48,051 [pool-1-thread-1] INFO  d.i.mongodb.perf.OperationExecutor - FifteenMinuteRate: 290.38334082560255
2022-05-13 16:17:48,051 [pool-1-thread-1] INFO  d.i.mongodb.perf.OperationExecutor - FiveMinuteRate: 292.5318593334155
2022-05-13 16:17:48,051 [pool-1-thread-1] INFO  d.i.mongodb.perf.OperationExecutor - OneMinuteRate: 300.97805223155177
2022-05-13 16:17:48,051 [pool-1-thread-1] INFO  d.i.mongodb.perf.OperationExecutor - MeanRate: 306.227243338885
2022-05-13 16:17:48,054 [main] INFO  d.i.mongodb.perf.MongoDbAccessor - >>> closeConnections 35.198.67.211:27017
2022-05-13 16:17:48,055 [pool-1-thread-1] INFO  d.i.mongodb.perf.OperationExecutor - Snapshot 75thPercentile: 33.465792
2022-05-13 16:17:48,055 [pool-1-thread-1] INFO  d.i.mongodb.perf.OperationExecutor - Snapshot 95thPercentile: 38.110959
2022-05-13 16:17:48,055 [pool-1-thread-1] INFO  d.i.mongodb.perf.OperationExecutor - Snapshot 98thPercentile: 41.478833
2022-05-13 16:17:48,055 [pool-1-thread-1] INFO  d.i.mongodb.perf.OperationExecutor - Snapshot 99thPercentile: 48.309166
2022-05-13 16:17:48,055 [pool-1-thread-1] INFO  d.i.mongodb.perf.OperationExecutor - Snapshot 999thPercentile: 84.403708
2022-05-13 16:17:48,055 [pool-1-thread-1] INFO  d.i.mongodb.perf.OperationExecutor - Snapshot Min: 26.352542
2022-05-13 16:17:48,055 [pool-1-thread-1] INFO  d.i.mongodb.perf.OperationExecutor - Snapshot Max: 86.69458399999999
2022-05-13 16:17:48,055 [pool-1-thread-1] INFO  d.i.mongodb.perf.OperationExecutor - Snapshot Mean: 32.046607256944455
2022-05-13 16:17:48,055 [pool-1-thread-1] INFO  d.i.mongodb.perf.OperationExecutor - Snapshot Median: 31.144042
2022-05-13 16:17:48,055 [pool-1-thread-1] INFO  d.i.mongodb.perf.OperationExecutor - Snapshot StdDev: 4.626482794983148
2022-05-13 16:17:48,056 [pool-1-thread-1] INFO  d.i.mongodb.perf.OperationExecutor - Snapshot Size: 1028
13.05.2022 16.17.48 ============================================================

-- Timers ----------------------------------------------------------------------
stats-per-run-COUNT_MANY
             count = 20000
         mean rate = 306,20 calls/second
     1-minute rate = 300,98 calls/second
     5-minute rate = 292,53 calls/second
    15-minute rate = 290,38 calls/second
               min = 26,35 milliseconds
               max = 86,69 milliseconds
              mean = 32,05 milliseconds
            stddev = 4,63 milliseconds
            median = 31,14 milliseconds
              75% <= 33,47 milliseconds
              95% <= 38,11 milliseconds
              98% <= 41,48 milliseconds
              99% <= 48,31 milliseconds
            99.9% <= 84,40 milliseconds


2022-05-13 16:17:48,061 [pool-1-thread-1] INFO  d.i.mongodb.perf.OperationExecutor - stopReporters
2022-05-13 16:17:48,062 [pool-1-thread-1] INFO  d.i.mongodb.perf.OperationExecutor - consoleReporter stopped
2022-05-13 16:17:48,062 [pool-1-thread-1] INFO  d.i.mongodb.perf.OperationExecutor - allConsoleReporter stopped
2022-05-13 16:17:48,062 [pool-1-thread-1] INFO  d.i.mongodb.perf.OperationExecutor - csvReporter stopped
2022-05-13 16:17:48,062 [pool-1-thread-1] INFO  d.i.mongodb.perf.OperationExecutor - If run took more than 1 second, csv-file 'stats-per-second-COUNT_MANY.csv' saved in folder: /Users/oscarorellana/Desktop/softcorp/doubble/mongodb-performance-test/latest-version
2022-05-13 16:17:48,062 [pool-1-thread-1] INFO  d.i.mongodb.perf.OperationExecutor - csvReporterAll stopped
2022-05-13 16:17:48,062 [pool-1-thread-1] INFO  d.i.mongodb.perf.OperationExecutor - Summary of statistics saved in csv-file 'stats-per-run-COUNT_MANY.csv' located in folder: /Users/oscarorellana/Desktop/softcorp/doubble/mongodb-performance-test/latest-version
2022-05-13 16:17:48,084 [main] INFO  org.mongodb.driver.connection - Closed connection [connectionId{localValue:11, serverValue:739}] to 35.198.67.211:27017 because the pool has been closed.
2022-05-13 16:17:48,085 [main] INFO  org.mongodb.driver.connection - Closed connection [connectionId{localValue:6, serverValue:741}] to 35.198.67.211:27017 because the pool has been closed.
2022-05-13 16:17:48,085 [main] INFO  org.mongodb.driver.connection - Closed connection [connectionId{localValue:4, serverValue:734}] to 35.198.67.211:27017 because the pool has been closed.
2022-05-13 16:17:48,085 [main] INFO  org.mongodb.driver.connection - Closed connection [connectionId{localValue:5, serverValue:736}] to 35.198.67.211:27017 because the pool has been closed.
2022-05-13 16:17:48,085 [main] INFO  org.mongodb.driver.connection - Closed connection [connectionId{localValue:10, serverValue:738}] to 35.198.67.211:27017 because the pool has been closed.
2022-05-13 16:17:48,086 [main] INFO  org.mongodb.driver.connection - Closed connection [connectionId{localValue:9, serverValue:735}] to 35.198.67.211:27017 because the pool has been closed.
2022-05-13 16:17:48,086 [main] INFO  org.mongodb.driver.connection - Closed connection [connectionId{localValue:2, serverValue:733}] to 35.198.67.211:27017 because the pool has been closed.
2022-05-13 16:17:48,086 [main] INFO  org.mongodb.driver.connection - Closed connection [connectionId{localValue:3, serverValue:737}] to 35.198.67.211:27017 because the pool has been closed.
2022-05-13 16:17:48,086 [main] INFO  org.mongodb.driver.connection - Closed connection [connectionId{localValue:8, serverValue:740}] to 35.198.67.211:27017 because the pool has been closed.
2022-05-13 16:17:48,086 [main] INFO  org.mongodb.driver.connection - Closed connection [connectionId{localValue:7, serverValue:742}] to 35.198.67.211:27017 because the pool has been closed.
2022-05-13 16:17:48,087 [main] INFO  d.i.mongodb.perf.MongoDbAccessor - <<< closeConnections 35.198.67.211:27017
