2022-05-13 16:15:36,965 [main] INFO  d.i.mongodb.perf.MongoDbAccessor - >>> init 35.198.67.211:27017
2022-05-13 16:15:37,055 [main] INFO  org.mongodb.driver.cluster - Cluster created with settings {hosts=[35.198.67.211:27017], mode=SINGLE, requiredClusterType=UNKNOWN, serverSelectionTimeout='30000 ms', maxWaitQueueSize=50000}
2022-05-13 16:15:37,065 [main] INFO  d.i.mongodb.perf.MongoDbAccessor - <<< init
2022-05-13 16:15:37,071 [main] INFO  org.mongodb.driver.cluster - Cluster description not yet available. Waiting for 30000 ms before timing out
2022-05-13 16:15:37,169 [cluster-ClusterId{value='627e680933c29138b9027198', description='null'}-35.198.67.211:27017] INFO  org.mongodb.driver.connection - Opened connection [connectionId{localValue:1, serverValue:687}] to 35.198.67.211:27017
2022-05-13 16:15:37,203 [cluster-ClusterId{value='627e680933c29138b9027198', description='null'}-35.198.67.211:27017] INFO  org.mongodb.driver.cluster - Monitor thread successfully connected to server with description ServerDescription{address=35.198.67.211:27017, type=REPLICA_SET_PRIMARY, state=CONNECTED, ok=true, version=ServerVersion{versionList=[5, 0, 8]}, minWireVersion=0, maxWireVersion=13, maxDocumentSize=16777216, logicalSessionTimeoutMinutes=30, roundTripTimeNanos=31992209, setName='rs0', canonicalAddress=35.198.67.211:27017, hosts=[34.159.169.88:27017, 35.198.67.211:27017, 34.159.223.31:27017], passives=[], arbiters=[mongodb-arbiter-0.mongodb-arbiter-headless.mongodb-slow.svc.cluster.local:27017], primary='35.198.67.211:27017', tagSet=TagSet{[]}, electionId=7fffffff0000000000000002, setVersion=8, lastWriteDate=Fri May 13 16:15:30 CEST 2022, lastUpdateTimeNanos=355682060175291}
2022-05-13 16:15:37,421 [main] INFO  org.mongodb.driver.connection - Opened connection [connectionId{localValue:2, serverValue:688}] to 35.198.67.211:27017
2022-05-13 16:15:37,520 [main] INFO  d.i.mongodb.perf.OperationExecutor - >>> OperationExecutor threadCount: 10, opsCount: 20000, maxDurationInSeconds: 3600, operation: CountOperation
2022-05-13 16:15:37,520 [main] INFO  d.i.mongodb.perf.OperationExecutor - java execution path: /Users/oscarorellana/Desktop/softcorp/doubble/mongodb-performance-test/latest-version/mongodb-performance-test.jar
2022-05-13 16:15:37,699 [pool-2-thread-2] INFO  org.mongodb.driver.connection - Opened connection [connectionId{localValue:6, serverValue:690}] to 35.198.67.211:27017
2022-05-13 16:15:37,712 [pool-2-thread-9] INFO  org.mongodb.driver.connection - Opened connection [connectionId{localValue:3, serverValue:691}] to 35.198.67.211:27017
2022-05-13 16:15:37,712 [pool-2-thread-6] INFO  org.mongodb.driver.connection - Opened connection [connectionId{localValue:10, serverValue:695}] to 35.198.67.211:27017
2022-05-13 16:15:37,712 [pool-2-thread-7] INFO  org.mongodb.driver.connection - Opened connection [connectionId{localValue:5, serverValue:689}] to 35.198.67.211:27017
2022-05-13 16:15:37,717 [pool-2-thread-8] INFO  org.mongodb.driver.connection - Opened connection [connectionId{localValue:4, serverValue:693}] to 35.198.67.211:27017
2022-05-13 16:15:37,719 [pool-2-thread-10] INFO  org.mongodb.driver.connection - Opened connection [connectionId{localValue:7, serverValue:692}] to 35.198.67.211:27017
2022-05-13 16:15:37,719 [pool-2-thread-1] INFO  org.mongodb.driver.connection - Opened connection [connectionId{localValue:9, serverValue:696}] to 35.198.67.211:27017
2022-05-13 16:15:37,719 [pool-2-thread-4] INFO  org.mongodb.driver.connection - Opened connection [connectionId{localValue:8, serverValue:694}] to 35.198.67.211:27017
2022-05-13 16:15:37,719 [pool-2-thread-5] INFO  org.mongodb.driver.connection - Opened connection [connectionId{localValue:11, serverValue:697}] to 35.198.67.211:27017
13.05.2022 16.15.38 ============================================================

-- Timers ----------------------------------------------------------------------
stats-per-second-COUNT_ONE
             count = 263
         mean rate = 260,22 calls/second
     1-minute rate = 0,00 calls/second
     5-minute rate = 0,00 calls/second
    15-minute rate = 0,00 calls/second
               min = 27,07 milliseconds
               max = 220,84 milliseconds
              mean = 37,54 milliseconds
            stddev = 33,67 milliseconds
            median = 30,85 milliseconds
              75% <= 32,48 milliseconds
              95% <= 37,30 milliseconds
              98% <= 217,59 milliseconds
              99% <= 219,52 milliseconds
            99.9% <= 220,84 milliseconds


13.05.2022 16.15.39 ============================================================

-- Timers ----------------------------------------------------------------------
stats-per-second-COUNT_ONE
             count = 578
         mean rate = 287,71 calls/second
     1-minute rate = 0,00 calls/second
     5-minute rate = 0,00 calls/second
    15-minute rate = 0,00 calls/second
               min = 26,92 milliseconds
               max = 56,56 milliseconds
              mean = 31,55 milliseconds
            stddev = 4,03 milliseconds
            median = 30,50 milliseconds
              75% <= 32,52 milliseconds
              95% <= 38,41 milliseconds
              98% <= 46,13 milliseconds
              99% <= 53,46 milliseconds
            99.9% <= 56,56 milliseconds


13.05.2022 16.15.40 ============================================================

-- Timers ----------------------------------------------------------------------
stats-per-second-COUNT_ONE
             count = 896
         mean rate = 297,34 calls/second
     1-minute rate = 0,00 calls/second
     5-minute rate = 0,00 calls/second
    15-minute rate = 0,00 calls/second
               min = 27,02 milliseconds
               max = 47,65 milliseconds
              mean = 31,89 milliseconds
            stddev = 3,19 milliseconds
            median = 31,32 milliseconds
              75% <= 33,23 milliseconds
              95% <= 38,41 milliseconds
              98% <= 41,76 milliseconds
              99% <= 44,05 milliseconds
            99.9% <= 47,65 milliseconds


13.05.2022 16.15.41 ============================================================

-- Timers ----------------------------------------------------------------------
stats-per-second-COUNT_ONE
             count = 1212
         mean rate = 302,26 calls/second
     1-minute rate = 0,00 calls/second
     5-minute rate = 0,00 calls/second
    15-minute rate = 0,00 calls/second
               min = 26,29 milliseconds
               max = 47,63 milliseconds
              mean = 31,43 milliseconds
            stddev = 3,22 milliseconds
            median = 30,81 milliseconds
              75% <= 32,81 milliseconds
              95% <= 37,29 milliseconds
              98% <= 41,37 milliseconds
              99% <= 45,46 milliseconds
            99.9% <= 47,63 milliseconds


13.05.2022 16.15.42 ============================================================

-- Timers ----------------------------------------------------------------------
stats-per-second-COUNT_ONE
             count = 1517
         mean rate = 302,84 calls/second
     1-minute rate = 303,40 calls/second
     5-minute rate = 303,40 calls/second
    15-minute rate = 303,40 calls/second
               min = 26,98 milliseconds
               max = 64,90 milliseconds
              mean = 32,39 milliseconds
            stddev = 4,40 milliseconds
            median = 31,56 milliseconds
              75% <= 33,88 milliseconds
              95% <= 40,83 milliseconds
              98% <= 46,10 milliseconds
              99% <= 51,46 milliseconds
            99.9% <= 64,90 milliseconds


13.05.2022 16.15.43 ============================================================

-- Timers ----------------------------------------------------------------------
stats-per-second-COUNT_ONE
             count = 1838
         mean rate = 305,75 calls/second
     1-minute rate = 303,40 calls/second
     5-minute rate = 303,40 calls/second
    15-minute rate = 303,40 calls/second
               min = 26,34 milliseconds
               max = 41,52 milliseconds
              mean = 31,31 milliseconds
            stddev = 2,59 milliseconds
            median = 30,93 milliseconds
              75% <= 32,87 milliseconds
              95% <= 35,98 milliseconds
              98% <= 38,51 milliseconds
              99% <= 39,60 milliseconds
            99.9% <= 41,52 milliseconds


13.05.2022 16.15.44 ============================================================

-- Timers ----------------------------------------------------------------------
stats-per-second-COUNT_ONE
             count = 2153
         mean rate = 307,00 calls/second
     1-minute rate = 303,40 calls/second
     5-minute rate = 303,40 calls/second
    15-minute rate = 303,40 calls/second
               min = 26,71 milliseconds
               max = 42,38 milliseconds
              mean = 31,73 milliseconds
            stddev = 2,71 milliseconds
            median = 31,43 milliseconds
              75% <= 33,61 milliseconds
              95% <= 36,93 milliseconds
              98% <= 37,52 milliseconds
              99% <= 40,13 milliseconds
            99.9% <= 42,38 milliseconds


13.05.2022 16.15.45 ============================================================

-- Timers ----------------------------------------------------------------------
stats-per-second-COUNT_ONE
             count = 2463
         mean rate = 307,64 calls/second
     1-minute rate = 303,40 calls/second
     5-minute rate = 303,40 calls/second
    15-minute rate = 303,40 calls/second
               min = 26,52 milliseconds
               max = 46,77 milliseconds
              mean = 32,07 milliseconds
            stddev = 3,27 milliseconds
            median = 31,38 milliseconds
              75% <= 33,58 milliseconds
              95% <= 37,71 milliseconds
              98% <= 45,41 milliseconds
              99% <= 45,80 milliseconds
            99.9% <= 46,77 milliseconds


13.05.2022 16.15.46 ============================================================

-- Timers ----------------------------------------------------------------------
stats-per-second-COUNT_ONE
             count = 2738
         mean rate = 304,09 calls/second
     1-minute rate = 303,40 calls/second
     5-minute rate = 303,40 calls/second
    15-minute rate = 303,40 calls/second
               min = 26,55 milliseconds
               max = 88,12 milliseconds
              mean = 36,29 milliseconds
            stddev = 12,42 milliseconds
            median = 31,95 milliseconds
              75% <= 35,23 milliseconds
              95% <= 69,92 milliseconds
              98% <= 73,83 milliseconds
              99% <= 77,97 milliseconds
            99.9% <= 88,12 milliseconds


13.05.2022 16.15.47 ============================================================

-- Timers ----------------------------------------------------------------------
stats-per-second-COUNT_ONE
             count = 3054
         mean rate = 305,00 calls/second
     1-minute rate = 303,72 calls/second
     5-minute rate = 303,47 calls/second
    15-minute rate = 303,42 calls/second
               min = 26,58 milliseconds
               max = 46,25 milliseconds
              mean = 31,73 milliseconds
            stddev = 3,70 milliseconds
            median = 30,87 milliseconds
              75% <= 33,28 milliseconds
              95% <= 38,56 milliseconds
              98% <= 44,97 milliseconds
              99% <= 46,11 milliseconds
            99.9% <= 46,25 milliseconds


13.05.2022 16.15.48 ============================================================

-- Timers ----------------------------------------------------------------------
stats-per-second-COUNT_ONE
             count = 3363
         mean rate = 305,46 calls/second
     1-minute rate = 303,72 calls/second
     5-minute rate = 303,47 calls/second
    15-minute rate = 303,42 calls/second
               min = 26,97 milliseconds
               max = 42,06 milliseconds
              mean = 32,25 milliseconds
            stddev = 2,82 milliseconds
            median = 31,94 milliseconds
              75% <= 33,90 milliseconds
              95% <= 37,34 milliseconds
              98% <= 39,26 milliseconds
              99% <= 41,51 milliseconds
            99.9% <= 42,06 milliseconds


13.05.2022 16.15.49 ============================================================

-- Timers ----------------------------------------------------------------------
stats-per-second-COUNT_ONE
             count = 3673
         mean rate = 305,82 calls/second
     1-minute rate = 303,72 calls/second
     5-minute rate = 303,47 calls/second
    15-minute rate = 303,42 calls/second
               min = 27,40 milliseconds
               max = 52,86 milliseconds
              mean = 32,45 milliseconds
            stddev = 3,55 milliseconds
            median = 31,77 milliseconds
              75% <= 33,79 milliseconds
              95% <= 38,21 milliseconds
              98% <= 45,41 milliseconds
              99% <= 46,63 milliseconds
            99.9% <= 52,86 milliseconds


13.05.2022 16.15.50 ============================================================

-- Timers ----------------------------------------------------------------------
stats-per-second-COUNT_ONE
             count = 3980
         mean rate = 305,85 calls/second
     1-minute rate = 303,72 calls/second
     5-minute rate = 303,47 calls/second
    15-minute rate = 303,42 calls/second
               min = 23,57 milliseconds
               max = 63,96 milliseconds
              mean = 32,34 milliseconds
            stddev = 5,28 milliseconds
            median = 31,19 milliseconds
              75% <= 33,69 milliseconds
              95% <= 40,51 milliseconds
              98% <= 56,77 milliseconds
              99% <= 61,14 milliseconds
            99.9% <= 63,96 milliseconds


13.05.2022 16.15.51 ============================================================

-- Timers ----------------------------------------------------------------------
stats-per-second-COUNT_ONE
             count = 4283
         mean rate = 305,64 calls/second
     1-minute rate = 303,72 calls/second
     5-minute rate = 303,47 calls/second
    15-minute rate = 303,42 calls/second
               min = 27,56 milliseconds
               max = 68,09 milliseconds
              mean = 32,93 milliseconds
            stddev = 5,47 milliseconds
            median = 31,37 milliseconds
              75% <= 34,37 milliseconds
              95% <= 41,84 milliseconds
              98% <= 47,37 milliseconds
              99% <= 66,94 milliseconds
            99.9% <= 68,09 milliseconds


13.05.2022 16.15.52 ============================================================

-- Timers ----------------------------------------------------------------------
stats-per-second-COUNT_ONE
             count = 4578
         mean rate = 305,06 calls/second
     1-minute rate = 303,76 calls/second
     5-minute rate = 303,48 calls/second
    15-minute rate = 303,43 calls/second
               min = 26,31 milliseconds
               max = 113,66 milliseconds
              mean = 33,89 milliseconds
            stddev = 13,62 milliseconds
            median = 30,60 milliseconds
              75% <= 33,13 milliseconds
              95% <= 42,62 milliseconds
              98% <= 108,70 milliseconds
              99% <= 110,40 milliseconds
            99.9% <= 113,66 milliseconds


13.05.2022 16.15.53 ============================================================

-- Timers ----------------------------------------------------------------------
stats-per-second-COUNT_ONE
             count = 4896
         mean rate = 305,58 calls/second
     1-minute rate = 303,76 calls/second
     5-minute rate = 303,48 calls/second
    15-minute rate = 303,43 calls/second
               min = 26,92 milliseconds
               max = 41,05 milliseconds
              mean = 31,74 milliseconds
            stddev = 2,77 milliseconds
            median = 31,51 milliseconds
              75% <= 33,44 milliseconds
              95% <= 36,83 milliseconds
              98% <= 38,96 milliseconds
              99% <= 40,33 milliseconds
            99.9% <= 41,05 milliseconds


13.05.2022 16.15.54 ============================================================

-- Timers ----------------------------------------------------------------------
stats-per-second-COUNT_ONE
             count = 5206
         mean rate = 306,09 calls/second
     1-minute rate = 303,76 calls/second
     5-minute rate = 303,48 calls/second
    15-minute rate = 303,43 calls/second
               min = 26,27 milliseconds
               max = 57,65 milliseconds
              mean = 31,94 milliseconds
            stddev = 3,92 milliseconds
            median = 31,28 milliseconds
              75% <= 33,30 milliseconds
              95% <= 38,98 milliseconds
              98% <= 44,24 milliseconds
              99% <= 46,65 milliseconds
            99.9% <= 57,65 milliseconds


13.05.2022 16.15.55 ============================================================

-- Timers ----------------------------------------------------------------------
stats-per-second-COUNT_ONE
             count = 5531
         mean rate = 307,15 calls/second
     1-minute rate = 303,76 calls/second
     5-minute rate = 303,48 calls/second
    15-minute rate = 303,43 calls/second
               min = 25,43 milliseconds
               max = 37,10 milliseconds
              mean = 30,91 milliseconds
            stddev = 2,12 milliseconds
            median = 30,63 milliseconds
              75% <= 32,26 milliseconds
              95% <= 35,20 milliseconds
              98% <= 36,15 milliseconds
              99% <= 36,58 milliseconds
            99.9% <= 37,10 milliseconds


13.05.2022 16.15.56 ============================================================

-- Timers ----------------------------------------------------------------------
stats-per-second-COUNT_ONE
             count = 5857
         mean rate = 308,10 calls/second
     1-minute rate = 303,76 calls/second
     5-minute rate = 303,48 calls/second
    15-minute rate = 303,43 calls/second
               min = 25,60 milliseconds
               max = 38,86 milliseconds
              mean = 30,71 milliseconds
            stddev = 2,44 milliseconds
            median = 30,33 milliseconds
              75% <= 31,91 milliseconds
              95% <= 35,89 milliseconds
              98% <= 37,63 milliseconds
              99% <= 38,33 milliseconds
            99.9% <= 38,86 milliseconds


13.05.2022 16.15.57 ============================================================

-- Timers ----------------------------------------------------------------------
stats-per-second-COUNT_ONE
             count = 6176
         mean rate = 308,67 calls/second
     1-minute rate = 305,04 calls/second
     5-minute rate = 303,75 calls/second
    15-minute rate = 303,52 calls/second
               min = 27,05 milliseconds
               max = 40,49 milliseconds
              mean = 31,11 milliseconds
            stddev = 2,39 milliseconds
            median = 30,68 milliseconds
              75% <= 32,78 milliseconds
              95% <= 35,66 milliseconds
              98% <= 37,60 milliseconds
              99% <= 38,68 milliseconds
            99.9% <= 40,49 milliseconds


13.05.2022 16.15.58 ============================================================

-- Timers ----------------------------------------------------------------------
stats-per-second-COUNT_ONE
             count = 6496
         mean rate = 309,17 calls/second
     1-minute rate = 305,04 calls/second
     5-minute rate = 303,75 calls/second
    15-minute rate = 303,52 calls/second
               min = 26,45 milliseconds
               max = 51,14 milliseconds
              mean = 31,53 milliseconds
            stddev = 3,39 milliseconds
            median = 30,86 milliseconds
              75% <= 32,69 milliseconds
              95% <= 37,31 milliseconds
              98% <= 40,44 milliseconds
              99% <= 47,91 milliseconds
            99.9% <= 51,14 milliseconds


13.05.2022 16.15.59 ============================================================

-- Timers ----------------------------------------------------------------------
stats-per-second-COUNT_ONE
             count = 6812
         mean rate = 309,49 calls/second
     1-minute rate = 305,04 calls/second
     5-minute rate = 303,75 calls/second
    15-minute rate = 303,52 calls/second
               min = 26,48 milliseconds
               max = 38,90 milliseconds
              mean = 31,49 milliseconds
            stddev = 2,41 milliseconds
            median = 31,34 milliseconds
              75% <= 33,01 milliseconds
              95% <= 35,83 milliseconds
              98% <= 37,30 milliseconds
              99% <= 38,10 milliseconds
            99.9% <= 38,90 milliseconds


13.05.2022 16.16.00 ============================================================

-- Timers ----------------------------------------------------------------------
stats-per-second-COUNT_ONE
             count = 7124
         mean rate = 309,59 calls/second
     1-minute rate = 305,04 calls/second
     5-minute rate = 303,75 calls/second
    15-minute rate = 303,52 calls/second
               min = 25,96 milliseconds
               max = 45,37 milliseconds
              mean = 31,97 milliseconds
            stddev = 3,22 milliseconds
            median = 31,27 milliseconds
              75% <= 33,48 milliseconds
              95% <= 38,67 milliseconds
              98% <= 41,50 milliseconds
              99% <= 43,41 milliseconds
            99.9% <= 45,37 milliseconds


13.05.2022 16.16.01 ============================================================

-- Timers ----------------------------------------------------------------------
stats-per-second-COUNT_ONE
             count = 7413
         mean rate = 308,78 calls/second
     1-minute rate = 305,04 calls/second
     5-minute rate = 303,75 calls/second
    15-minute rate = 303,52 calls/second
               min = 26,84 milliseconds
               max = 90,06 milliseconds
              mean = 34,66 milliseconds
            stddev = 7,78 milliseconds
            median = 32,68 milliseconds
              75% <= 36,28 milliseconds
              95% <= 48,14 milliseconds
              98% <= 63,25 milliseconds
              99% <= 78,02 milliseconds
            99.9% <= 90,06 milliseconds


13.05.2022 16.16.02 ============================================================

-- Timers ----------------------------------------------------------------------
stats-per-second-COUNT_ONE
             count = 7717
         mean rate = 308,60 calls/second
     1-minute rate = 305,33 calls/second
     5-minute rate = 303,83 calls/second
    15-minute rate = 303,55 calls/second
               min = 24,35 milliseconds
               max = 68,60 milliseconds
              mean = 32,60 milliseconds
            stddev = 5,55 milliseconds
            median = 31,37 milliseconds
              75% <= 33,50 milliseconds
              95% <= 40,58 milliseconds
              98% <= 52,77 milliseconds
              99% <= 61,70 milliseconds
            99.9% <= 68,60 milliseconds


13.05.2022 16.16.03 ============================================================

-- Timers ----------------------------------------------------------------------
stats-per-second-COUNT_ONE
             count = 8038
         mean rate = 308,97 calls/second
     1-minute rate = 305,33 calls/second
     5-minute rate = 303,83 calls/second
    15-minute rate = 303,55 calls/second
               min = 27,05 milliseconds
               max = 55,83 milliseconds
              mean = 31,96 milliseconds
            stddev = 3,20 milliseconds
            median = 31,56 milliseconds
              75% <= 33,34 milliseconds
              95% <= 37,12 milliseconds
              98% <= 39,55 milliseconds
              99% <= 46,11 milliseconds
            99.9% <= 55,83 milliseconds


13.05.2022 16.16.04 ============================================================

-- Timers ----------------------------------------------------------------------
stats-per-second-COUNT_ONE
             count = 8355
         mean rate = 309,31 calls/second
     1-minute rate = 305,33 calls/second
     5-minute rate = 303,83 calls/second
    15-minute rate = 303,55 calls/second
               min = 26,23 milliseconds
               max = 43,76 milliseconds
              mean = 31,06 milliseconds
            stddev = 2,51 milliseconds
            median = 30,63 milliseconds
              75% <= 32,46 milliseconds
              95% <= 35,53 milliseconds
              98% <= 37,71 milliseconds
              99% <= 39,07 milliseconds
            99.9% <= 43,76 milliseconds


13.05.2022 16.16.05 ============================================================

-- Timers ----------------------------------------------------------------------
stats-per-second-COUNT_ONE
             count = 8677
         mean rate = 309,79 calls/second
     1-minute rate = 305,33 calls/second
     5-minute rate = 303,83 calls/second
    15-minute rate = 303,55 calls/second
               min = 26,28 milliseconds
               max = 41,58 milliseconds
              mean = 30,99 milliseconds
            stddev = 2,49 milliseconds
            median = 30,35 milliseconds
              75% <= 32,12 milliseconds
              95% <= 35,52 milliseconds
              98% <= 37,42 milliseconds
              99% <= 38,66 milliseconds
            99.9% <= 41,58 milliseconds


13.05.2022 16.16.06 ============================================================

-- Timers ----------------------------------------------------------------------
stats-per-second-COUNT_ONE
             count = 8960
         mean rate = 308,84 calls/second
     1-minute rate = 305,33 calls/second
     5-minute rate = 303,83 calls/second
    15-minute rate = 303,55 calls/second
               min = 26,00 milliseconds
               max = 110,27 milliseconds
              mean = 35,28 milliseconds
            stddev = 14,30 milliseconds
            median = 31,14 milliseconds
              75% <= 33,74 milliseconds
              95% <= 70,77 milliseconds
              98% <= 94,86 milliseconds
              99% <= 109,56 milliseconds
            99.9% <= 110,27 milliseconds


13.05.2022 16.16.07 ============================================================

-- Timers ----------------------------------------------------------------------
stats-per-second-COUNT_ONE
             count = 9275
         mean rate = 309,10 calls/second
     1-minute rate = 305,81 calls/second
     5-minute rate = 303,95 calls/second
    15-minute rate = 303,59 calls/second
               min = 27,12 milliseconds
               max = 41,81 milliseconds
              mean = 31,76 milliseconds
            stddev = 2,50 milliseconds
            median = 31,43 milliseconds
              75% <= 33,14 milliseconds
              95% <= 36,00 milliseconds
              98% <= 37,83 milliseconds
              99% <= 38,95 milliseconds
            99.9% <= 41,81 milliseconds


13.05.2022 16.16.08 ============================================================

-- Timers ----------------------------------------------------------------------
stats-per-second-COUNT_ONE
             count = 9604
         mean rate = 309,63 calls/second
     1-minute rate = 305,81 calls/second
     5-minute rate = 303,95 calls/second
    15-minute rate = 303,59 calls/second
               min = 26,34 milliseconds
               max = 38,50 milliseconds
              mean = 30,85 milliseconds
            stddev = 2,38 milliseconds
            median = 30,52 milliseconds
              75% <= 32,67 milliseconds
              95% <= 35,38 milliseconds
              98% <= 36,74 milliseconds
              99% <= 37,17 milliseconds
            99.9% <= 38,50 milliseconds


13.05.2022 16.16.09 ============================================================

-- Timers ----------------------------------------------------------------------
stats-per-second-COUNT_ONE
             count = 9920
         mean rate = 309,90 calls/second
     1-minute rate = 305,81 calls/second
     5-minute rate = 303,95 calls/second
    15-minute rate = 303,59 calls/second
               min = 25,22 milliseconds
               max = 40,97 milliseconds
              mean = 31,34 milliseconds
            stddev = 2,56 milliseconds
            median = 31,20 milliseconds
              75% <= 33,09 milliseconds
              95% <= 35,31 milliseconds
              98% <= 37,91 milliseconds
              99% <= 40,03 milliseconds
            99.9% <= 40,97 milliseconds


13.05.2022 16.16.10 ============================================================

-- Timers ----------------------------------------------------------------------
stats-per-second-COUNT_ONE
             count = 10234
         mean rate = 310,06 calls/second
     1-minute rate = 305,81 calls/second
     5-minute rate = 303,95 calls/second
    15-minute rate = 303,59 calls/second
               min = 26,55 milliseconds
               max = 52,19 milliseconds
              mean = 31,86 milliseconds
            stddev = 4,29 milliseconds
            median = 30,68 milliseconds
              75% <= 33,45 milliseconds
              95% <= 39,55 milliseconds
              98% <= 50,64 milliseconds
              99% <= 52,08 milliseconds
            99.9% <= 52,19 milliseconds


13.05.2022 16.16.11 ============================================================

-- Timers ----------------------------------------------------------------------
stats-per-second-COUNT_ONE
             count = 10527
         mean rate = 309,51 calls/second
     1-minute rate = 305,81 calls/second
     5-minute rate = 303,95 calls/second
    15-minute rate = 303,59 calls/second
               min = 26,10 milliseconds
               max = 64,17 milliseconds
              mean = 33,58 milliseconds
            stddev = 7,24 milliseconds
            median = 31,41 milliseconds
              75% <= 34,69 milliseconds
              95% <= 51,97 milliseconds
              98% <= 61,69 milliseconds
              99% <= 62,94 milliseconds
            99.9% <= 64,17 milliseconds


13.05.2022 16.16.12 ============================================================

-- Timers ----------------------------------------------------------------------
stats-per-second-COUNT_ONE
             count = 10790
         mean rate = 308,20 calls/second
     1-minute rate = 305,52 calls/second
     5-minute rate = 303,92 calls/second
    15-minute rate = 303,58 calls/second
               min = 27,09 milliseconds
               max = 85,09 milliseconds
              mean = 38,47 milliseconds
            stddev = 11,65 milliseconds
            median = 34,12 milliseconds
              75% <= 39,40 milliseconds
              95% <= 67,29 milliseconds
              98% <= 74,20 milliseconds
              99% <= 84,71 milliseconds
            99.9% <= 85,09 milliseconds


13.05.2022 16.16.13 ============================================================

-- Timers ----------------------------------------------------------------------
stats-per-second-COUNT_ONE
             count = 11069
         mean rate = 307,41 calls/second
     1-minute rate = 305,52 calls/second
     5-minute rate = 303,92 calls/second
    15-minute rate = 303,58 calls/second
               min = 25,61 milliseconds
               max = 73,60 milliseconds
              mean = 35,67 milliseconds
            stddev = 10,54 milliseconds
            median = 32,15 milliseconds
              75% <= 34,44 milliseconds
              95% <= 64,87 milliseconds
              98% <= 72,42 milliseconds
              99% <= 73,15 milliseconds
            99.9% <= 73,60 milliseconds


13.05.2022 16.16.14 ============================================================

-- Timers ----------------------------------------------------------------------
stats-per-second-COUNT_ONE
             count = 11385
         mean rate = 307,61 calls/second
     1-minute rate = 305,52 calls/second
     5-minute rate = 303,92 calls/second
    15-minute rate = 303,58 calls/second
               min = 25,48 milliseconds
               max = 39,72 milliseconds
              mean = 31,79 milliseconds
            stddev = 2,78 milliseconds
            median = 31,57 milliseconds
              75% <= 33,35 milliseconds
              95% <= 37,18 milliseconds
              98% <= 39,19 milliseconds
              99% <= 39,61 milliseconds
            99.9% <= 39,72 milliseconds


13.05.2022 16.16.15 ============================================================

-- Timers ----------------------------------------------------------------------
stats-per-second-COUNT_ONE
             count = 11698
         mean rate = 307,75 calls/second
     1-minute rate = 305,52 calls/second
     5-minute rate = 303,92 calls/second
    15-minute rate = 303,58 calls/second
               min = 25,14 milliseconds
               max = 40,96 milliseconds
              mean = 32,00 milliseconds
            stddev = 2,63 milliseconds
            median = 31,69 milliseconds
              75% <= 33,90 milliseconds
              95% <= 36,59 milliseconds
              98% <= 37,70 milliseconds
              99% <= 39,03 milliseconds
            99.9% <= 40,96 milliseconds


13.05.2022 16.16.16 ============================================================

-- Timers ----------------------------------------------------------------------
stats-per-second-COUNT_ONE
             count = 12020
         mean rate = 308,13 calls/second
     1-minute rate = 305,52 calls/second
     5-minute rate = 303,92 calls/second
    15-minute rate = 303,58 calls/second
               min = 26,96 milliseconds
               max = 42,80 milliseconds
              mean = 30,96 milliseconds
            stddev = 2,65 milliseconds
            median = 30,63 milliseconds
              75% <= 32,21 milliseconds
              95% <= 36,61 milliseconds
              98% <= 37,70 milliseconds
              99% <= 38,14 milliseconds
            99.9% <= 42,80 milliseconds


13.05.2022 16.16.17 ============================================================

-- Timers ----------------------------------------------------------------------
stats-per-second-COUNT_ONE
             count = 12339
         mean rate = 308,42 calls/second
     1-minute rate = 305,93 calls/second
     5-minute rate = 304,03 calls/second
    15-minute rate = 303,62 calls/second
               min = 26,41 milliseconds
               max = 41,77 milliseconds
              mean = 31,09 milliseconds
            stddev = 2,82 milliseconds
            median = 30,22 milliseconds
              75% <= 32,82 milliseconds
              95% <= 36,57 milliseconds
              98% <= 38,48 milliseconds
              99% <= 40,52 milliseconds
            99.9% <= 41,77 milliseconds


13.05.2022 16.16.18 ============================================================

-- Timers ----------------------------------------------------------------------
stats-per-second-COUNT_ONE
             count = 12665
         mean rate = 308,85 calls/second
     1-minute rate = 305,93 calls/second
     5-minute rate = 304,03 calls/second
    15-minute rate = 303,62 calls/second
               min = 26,31 milliseconds
               max = 40,72 milliseconds
              mean = 30,87 milliseconds
            stddev = 2,47 milliseconds
            median = 30,68 milliseconds
              75% <= 32,27 milliseconds
              95% <= 35,59 milliseconds
              98% <= 37,12 milliseconds
              99% <= 37,77 milliseconds
            99.9% <= 40,72 milliseconds


13.05.2022 16.16.19 ============================================================

-- Timers ----------------------------------------------------------------------
stats-per-second-COUNT_ONE
             count = 12983
         mean rate = 309,04 calls/second
     1-minute rate = 305,93 calls/second
     5-minute rate = 304,03 calls/second
    15-minute rate = 303,62 calls/second
               min = 27,23 milliseconds
               max = 40,09 milliseconds
              mean = 31,45 milliseconds
            stddev = 2,89 milliseconds
            median = 30,69 milliseconds
              75% <= 32,99 milliseconds
              95% <= 37,45 milliseconds
              98% <= 38,97 milliseconds
              99% <= 39,36 milliseconds
            99.9% <= 40,09 milliseconds


13.05.2022 16.16.20 ============================================================

-- Timers ----------------------------------------------------------------------
stats-per-second-COUNT_ONE
             count = 13294
         mean rate = 309,10 calls/second
     1-minute rate = 305,93 calls/second
     5-minute rate = 304,03 calls/second
    15-minute rate = 303,62 calls/second
               min = 26,42 milliseconds
               max = 58,00 milliseconds
              mean = 31,95 milliseconds
            stddev = 3,86 milliseconds
            median = 31,57 milliseconds
              75% <= 33,39 milliseconds
              95% <= 38,06 milliseconds
              98% <= 43,55 milliseconds
              99% <= 49,44 milliseconds
            99.9% <= 58,00 milliseconds


13.05.2022 16.16.21 ============================================================

-- Timers ----------------------------------------------------------------------
stats-per-second-COUNT_ONE
             count = 13619
         mean rate = 309,46 calls/second
     1-minute rate = 305,93 calls/second
     5-minute rate = 304,03 calls/second
    15-minute rate = 303,62 calls/second
               min = 26,40 milliseconds
               max = 40,84 milliseconds
              mean = 30,81 milliseconds
            stddev = 2,40 milliseconds
            median = 30,32 milliseconds
              75% <= 32,14 milliseconds
              95% <= 35,19 milliseconds
              98% <= 36,94 milliseconds
              99% <= 38,61 milliseconds
            99.9% <= 40,84 milliseconds


13.05.2022 16.16.22 ============================================================

-- Timers ----------------------------------------------------------------------
stats-per-second-COUNT_ONE
             count = 13922
         mean rate = 309,32 calls/second
     1-minute rate = 306,80 calls/second
     5-minute rate = 304,25 calls/second
    15-minute rate = 303,69 calls/second
               min = 25,01 milliseconds
               max = 49,46 milliseconds
              mean = 32,84 milliseconds
            stddev = 4,10 milliseconds
            median = 31,81 milliseconds
              75% <= 34,74 milliseconds
              95% <= 42,54 milliseconds
              98% <= 44,89 milliseconds
              99% <= 46,85 milliseconds
            99.9% <= 49,46 milliseconds


13.05.2022 16.16.23 ============================================================

-- Timers ----------------------------------------------------------------------
stats-per-second-COUNT_ONE
             count = 14230
         mean rate = 309,27 calls/second
     1-minute rate = 306,80 calls/second
     5-minute rate = 304,25 calls/second
    15-minute rate = 303,69 calls/second
               min = 26,74 milliseconds
               max = 82,53 milliseconds
              mean = 32,56 milliseconds
            stddev = 6,36 milliseconds
            median = 31,40 milliseconds
              75% <= 33,36 milliseconds
              95% <= 38,29 milliseconds
              98% <= 47,09 milliseconds
              99% <= 77,84 milliseconds
            99.9% <= 82,53 milliseconds


13.05.2022 16.16.24 ============================================================

-- Timers ----------------------------------------------------------------------
stats-per-second-COUNT_ONE
             count = 14549
         mean rate = 309,48 calls/second
     1-minute rate = 306,80 calls/second
     5-minute rate = 304,25 calls/second
    15-minute rate = 303,69 calls/second
               min = 26,21 milliseconds
               max = 42,00 milliseconds
              mean = 31,58 milliseconds
            stddev = 2,65 milliseconds
            median = 31,33 milliseconds
              75% <= 32,91 milliseconds
              95% <= 36,93 milliseconds
              98% <= 37,65 milliseconds
              99% <= 39,43 milliseconds
            99.9% <= 42,00 milliseconds


13.05.2022 16.16.25 ============================================================

-- Timers ----------------------------------------------------------------------
stats-per-second-COUNT_ONE
             count = 14867
         mean rate = 309,68 calls/second
     1-minute rate = 306,80 calls/second
     5-minute rate = 304,25 calls/second
    15-minute rate = 303,69 calls/second
               min = 25,71 milliseconds
               max = 39,34 milliseconds
              mean = 31,05 milliseconds
            stddev = 2,54 milliseconds
            median = 30,51 milliseconds
              75% <= 32,56 milliseconds
              95% <= 35,95 milliseconds
              98% <= 37,68 milliseconds
              99% <= 38,29 milliseconds
            99.9% <= 39,34 milliseconds


13.05.2022 16.16.26 ============================================================

-- Timers ----------------------------------------------------------------------
stats-per-second-COUNT_ONE
             count = 15184
         mean rate = 309,80 calls/second
     1-minute rate = 306,80 calls/second
     5-minute rate = 304,25 calls/second
    15-minute rate = 303,69 calls/second
               min = 26,95 milliseconds
               max = 53,40 milliseconds
              mean = 31,85 milliseconds
            stddev = 3,68 milliseconds
            median = 31,02 milliseconds
              75% <= 33,07 milliseconds
              95% <= 36,67 milliseconds
              98% <= 48,24 milliseconds
              99% <= 51,45 milliseconds
            99.9% <= 53,40 milliseconds


13.05.2022 16.16.27 ============================================================

-- Timers ----------------------------------------------------------------------
stats-per-second-COUNT_ONE
             count = 15504
         mean rate = 310,00 calls/second
     1-minute rate = 307,47 calls/second
     5-minute rate = 304,43 calls/second
    15-minute rate = 303,76 calls/second
               min = 26,29 milliseconds
               max = 41,95 milliseconds
              mean = 31,29 milliseconds
            stddev = 2,61 milliseconds
            median = 30,87 milliseconds
              75% <= 32,93 milliseconds
              95% <= 35,71 milliseconds
              98% <= 39,38 milliseconds
              99% <= 40,03 milliseconds
            99.9% <= 41,95 milliseconds


13.05.2022 16.16.28 ============================================================

-- Timers ----------------------------------------------------------------------
stats-per-second-COUNT_ONE
             count = 15825
         mean rate = 310,25 calls/second
     1-minute rate = 307,47 calls/second
     5-minute rate = 304,43 calls/second
    15-minute rate = 303,76 calls/second
               min = 25,94 milliseconds
               max = 42,15 milliseconds
              mean = 30,83 milliseconds
            stddev = 2,63 milliseconds
            median = 30,37 milliseconds
              75% <= 32,18 milliseconds
              95% <= 36,40 milliseconds
              98% <= 37,54 milliseconds
              99% <= 38,04 milliseconds
            99.9% <= 42,15 milliseconds


13.05.2022 16.16.29 ============================================================

-- Timers ----------------------------------------------------------------------
stats-per-second-COUNT_ONE
             count = 16147
         mean rate = 310,49 calls/second
     1-minute rate = 307,47 calls/second
     5-minute rate = 304,43 calls/second
    15-minute rate = 303,76 calls/second
               min = 26,45 milliseconds
               max = 40,14 milliseconds
              mean = 31,04 milliseconds
            stddev = 2,75 milliseconds
            median = 30,57 milliseconds
              75% <= 32,94 milliseconds
              95% <= 35,79 milliseconds
              98% <= 36,58 milliseconds
              99% <= 38,63 milliseconds
            99.9% <= 40,14 milliseconds


13.05.2022 16.16.30 ============================================================

-- Timers ----------------------------------------------------------------------
stats-per-second-COUNT_ONE
             count = 16432
         mean rate = 309,97 calls/second
     1-minute rate = 307,47 calls/second
     5-minute rate = 304,43 calls/second
    15-minute rate = 303,76 calls/second
               min = 25,93 milliseconds
               max = 92,98 milliseconds
              mean = 35,31 milliseconds
            stddev = 12,77 milliseconds
            median = 31,60 milliseconds
              75% <= 33,81 milliseconds
              95% <= 66,44 milliseconds
              98% <= 91,15 milliseconds
              99% <= 92,43 milliseconds
            99.9% <= 92,98 milliseconds


13.05.2022 16.16.31 ============================================================

-- Timers ----------------------------------------------------------------------
stats-per-second-COUNT_ONE
             count = 16707
         mean rate = 309,34 calls/second
     1-minute rate = 307,47 calls/second
     5-minute rate = 304,43 calls/second
    15-minute rate = 303,76 calls/second
               min = 26,97 milliseconds
               max = 77,60 milliseconds
              mean = 36,11 milliseconds
            stddev = 11,57 milliseconds
            median = 32,16 milliseconds
              75% <= 34,64 milliseconds
              95% <= 68,51 milliseconds
              98% <= 75,55 milliseconds
              99% <= 77,51 milliseconds
            99.9% <= 77,60 milliseconds


13.05.2022 16.16.32 ============================================================

-- Timers ----------------------------------------------------------------------
stats-per-second-COUNT_ONE
             count = 17018
         mean rate = 309,36 calls/second
     1-minute rate = 307,11 calls/second
     5-minute rate = 304,41 calls/second
    15-minute rate = 303,75 calls/second
               min = 27,10 milliseconds
               max = 60,71 milliseconds
              mean = 32,53 milliseconds
            stddev = 4,56 milliseconds
            median = 31,52 milliseconds
              75% <= 33,96 milliseconds
              95% <= 40,52 milliseconds
              98% <= 46,62 milliseconds
              99% <= 57,90 milliseconds
            99.9% <= 60,71 milliseconds


13.05.2022 16.16.33 ============================================================

-- Timers ----------------------------------------------------------------------
stats-per-second-COUNT_ONE
             count = 17324
         mean rate = 309,30 calls/second
     1-minute rate = 307,11 calls/second
     5-minute rate = 304,41 calls/second
    15-minute rate = 303,75 calls/second
               min = 27,06 milliseconds
               max = 41,30 milliseconds
              mean = 32,10 milliseconds
            stddev = 2,86 milliseconds
            median = 31,56 milliseconds
              75% <= 33,40 milliseconds
              95% <= 38,10 milliseconds
              98% <= 39,36 milliseconds
              99% <= 39,90 milliseconds
            99.9% <= 41,30 milliseconds


13.05.2022 16.16.34 ============================================================

-- Timers ----------------------------------------------------------------------
stats-per-second-COUNT_ONE
             count = 17647
         mean rate = 309,55 calls/second
     1-minute rate = 307,11 calls/second
     5-minute rate = 304,41 calls/second
    15-minute rate = 303,75 calls/second
               min = 27,37 milliseconds
               max = 41,01 milliseconds
              mean = 31,35 milliseconds
            stddev = 2,43 milliseconds
            median = 31,09 milliseconds
              75% <= 32,61 milliseconds
              95% <= 35,85 milliseconds
              98% <= 36,69 milliseconds
              99% <= 38,49 milliseconds
            99.9% <= 41,01 milliseconds


13.05.2022 16.16.35 ============================================================

-- Timers ----------------------------------------------------------------------
stats-per-second-COUNT_ONE
             count = 17962
         mean rate = 309,65 calls/second
     1-minute rate = 307,11 calls/second
     5-minute rate = 304,41 calls/second
    15-minute rate = 303,75 calls/second
               min = 26,17 milliseconds
               max = 45,83 milliseconds
              mean = 31,38 milliseconds
            stddev = 2,64 milliseconds
            median = 30,90 milliseconds
              75% <= 33,17 milliseconds
              95% <= 35,78 milliseconds
              98% <= 37,17 milliseconds
              99% <= 38,27 milliseconds
            99.9% <= 45,83 milliseconds


13.05.2022 16.16.36 ============================================================

-- Timers ----------------------------------------------------------------------
stats-per-second-COUNT_ONE
             count = 18281
         mean rate = 309,81 calls/second
     1-minute rate = 307,11 calls/second
     5-minute rate = 304,41 calls/second
    15-minute rate = 303,75 calls/second
               min = 27,31 milliseconds
               max = 39,82 milliseconds
              mean = 31,53 milliseconds
            stddev = 2,57 milliseconds
            median = 31,44 milliseconds
              75% <= 33,10 milliseconds
              95% <= 36,31 milliseconds
              98% <= 37,95 milliseconds
              99% <= 39,59 milliseconds
            99.9% <= 39,82 milliseconds


13.05.2022 16.16.37 ============================================================

-- Timers ----------------------------------------------------------------------
stats-per-second-COUNT_ONE
             count = 18606
         mean rate = 310,07 calls/second
     1-minute rate = 308,01 calls/second
     5-minute rate = 304,64 calls/second
    15-minute rate = 303,83 calls/second
               min = 26,35 milliseconds
               max = 42,32 milliseconds
              mean = 30,80 milliseconds
            stddev = 2,84 milliseconds
            median = 30,17 milliseconds
              75% <= 32,32 milliseconds
              95% <= 36,28 milliseconds
              98% <= 38,90 milliseconds
              99% <= 39,32 milliseconds
            99.9% <= 42,32 milliseconds


13.05.2022 16.16.38 ============================================================

-- Timers ----------------------------------------------------------------------
stats-per-second-COUNT_ONE
             count = 18926
         mean rate = 310,20 calls/second
     1-minute rate = 308,01 calls/second
     5-minute rate = 304,64 calls/second
    15-minute rate = 303,83 calls/second
               min = 26,11 milliseconds
               max = 39,98 milliseconds
              mean = 31,30 milliseconds
            stddev = 2,59 milliseconds
            median = 30,88 milliseconds
              75% <= 33,02 milliseconds
              95% <= 36,80 milliseconds
              98% <= 37,61 milliseconds
              99% <= 37,92 milliseconds
            99.9% <= 39,98 milliseconds


13.05.2022 16.16.39 ============================================================

-- Timers ----------------------------------------------------------------------
stats-per-second-COUNT_ONE
             count = 19238
         mean rate = 310,25 calls/second
     1-minute rate = 308,01 calls/second
     5-minute rate = 304,64 calls/second
    15-minute rate = 303,83 calls/second
               min = 27,07 milliseconds
               max = 48,48 milliseconds
              mean = 32,07 milliseconds
            stddev = 3,25 milliseconds
            median = 31,66 milliseconds
              75% <= 33,43 milliseconds
              95% <= 36,55 milliseconds
              98% <= 45,47 milliseconds
              99% <= 47,98 milliseconds
            99.9% <= 48,48 milliseconds


13.05.2022 16.16.40 ============================================================

-- Timers ----------------------------------------------------------------------
stats-per-second-COUNT_ONE
             count = 19559
         mean rate = 310,42 calls/second
     1-minute rate = 308,01 calls/second
     5-minute rate = 304,64 calls/second
    15-minute rate = 303,83 calls/second
               min = 26,32 milliseconds
               max = 41,26 milliseconds
              mean = 31,08 milliseconds
            stddev = 2,95 milliseconds
            median = 30,28 milliseconds
              75% <= 32,55 milliseconds
              95% <= 36,73 milliseconds
              98% <= 40,46 milliseconds
              99% <= 41,07 milliseconds
            99.9% <= 41,26 milliseconds


13.05.2022 16.16.41 ============================================================

-- Timers ----------------------------------------------------------------------
stats-per-second-COUNT_ONE
             count = 19880
         mean rate = 310,58 calls/second
     1-minute rate = 308,01 calls/second
     5-minute rate = 304,64 calls/second
    15-minute rate = 303,83 calls/second
               min = 26,10 milliseconds
               max = 51,15 milliseconds
              mean = 31,34 milliseconds
            stddev = 3,21 milliseconds
            median = 30,65 milliseconds
              75% <= 32,93 milliseconds
              95% <= 36,55 milliseconds
              98% <= 39,75 milliseconds
              99% <= 45,32 milliseconds
            99.9% <= 51,15 milliseconds


2022-05-13 16:16:41,921 [pool-1-thread-1] INFO  d.i.mongodb.perf.OperationExecutor - Done (in time) in 64396 ms 
2022-05-13 16:16:41,922 [pool-1-thread-1] INFO  d.i.mongodb.perf.OperationExecutor - affected documents: 20000
2022-05-13 16:16:41,922 [main] INFO  d.i.mongodb.perf.MongoDbAccessor - >>> closeConnections 35.198.67.211:27017
2022-05-13 16:16:41,922 [pool-1-thread-1] INFO  d.i.mongodb.perf.OperationExecutor - count: 20000
2022-05-13 16:16:41,922 [pool-1-thread-1] INFO  d.i.mongodb.perf.OperationExecutor - FifteenMinuteRate: 303.83485133154403
2022-05-13 16:16:41,923 [pool-1-thread-1] INFO  d.i.mongodb.perf.OperationExecutor - FiveMinuteRate: 304.6375899300533
2022-05-13 16:16:41,923 [pool-1-thread-1] INFO  d.i.mongodb.perf.OperationExecutor - OneMinuteRate: 308.02659882299344
2022-05-13 16:16:41,923 [pool-1-thread-1] INFO  d.i.mongodb.perf.OperationExecutor - MeanRate: 310.564210211232
2022-05-13 16:16:41,927 [pool-1-thread-1] INFO  d.i.mongodb.perf.OperationExecutor - Snapshot 75thPercentile: 33.142333
2022-05-13 16:16:41,927 [pool-1-thread-1] INFO  d.i.mongodb.perf.OperationExecutor - Snapshot 95thPercentile: 38.177958
2022-05-13 16:16:41,927 [pool-1-thread-1] INFO  d.i.mongodb.perf.OperationExecutor - Snapshot 98thPercentile: 41.477292
2022-05-13 16:16:41,927 [pool-1-thread-1] INFO  d.i.mongodb.perf.OperationExecutor - Snapshot 99thPercentile: 53.356666999999995
2022-05-13 16:16:41,927 [pool-1-thread-1] INFO  d.i.mongodb.perf.OperationExecutor - Snapshot 999thPercentile: 72.181333
2022-05-13 16:16:41,927 [pool-1-thread-1] INFO  d.i.mongodb.perf.OperationExecutor - Snapshot Min: 26.272790999999998
2022-05-13 16:16:41,927 [pool-1-thread-1] INFO  d.i.mongodb.perf.OperationExecutor - Snapshot Max: 74.652625
2022-05-13 16:16:41,927 [pool-1-thread-1] INFO  d.i.mongodb.perf.OperationExecutor - Snapshot Mean: 31.87272262791946
2022-05-13 16:16:41,927 [pool-1-thread-1] INFO  d.i.mongodb.perf.OperationExecutor - Snapshot Median: 31.045042
2022-05-13 16:16:41,928 [pool-1-thread-1] INFO  d.i.mongodb.perf.OperationExecutor - Snapshot StdDev: 4.551422473226195
2022-05-13 16:16:41,928 [pool-1-thread-1] INFO  d.i.mongodb.perf.OperationExecutor - Snapshot Size: 1028
13.05.2022 16.16.41 ============================================================

-- Timers ----------------------------------------------------------------------
stats-per-run-COUNT_ONE
             count = 20000
         mean rate = 310,53 calls/second
     1-minute rate = 308,03 calls/second
     5-minute rate = 304,64 calls/second
    15-minute rate = 303,83 calls/second
               min = 26,27 milliseconds
               max = 74,65 milliseconds
              mean = 31,87 milliseconds
            stddev = 4,55 milliseconds
            median = 31,05 milliseconds
              75% <= 33,14 milliseconds
              95% <= 38,18 milliseconds
              98% <= 41,48 milliseconds
              99% <= 53,36 milliseconds
            99.9% <= 72,18 milliseconds


2022-05-13 16:16:41,933 [pool-1-thread-1] INFO  d.i.mongodb.perf.OperationExecutor - stopReporters
2022-05-13 16:16:41,933 [pool-1-thread-1] INFO  d.i.mongodb.perf.OperationExecutor - consoleReporter stopped
2022-05-13 16:16:41,933 [pool-1-thread-1] INFO  d.i.mongodb.perf.OperationExecutor - allConsoleReporter stopped
2022-05-13 16:16:41,933 [pool-1-thread-1] INFO  d.i.mongodb.perf.OperationExecutor - csvReporter stopped
2022-05-13 16:16:41,933 [pool-1-thread-1] INFO  d.i.mongodb.perf.OperationExecutor - If run took more than 1 second, csv-file 'stats-per-second-COUNT_ONE.csv' saved in folder: /Users/oscarorellana/Desktop/softcorp/doubble/mongodb-performance-test/latest-version
2022-05-13 16:16:41,934 [pool-1-thread-1] INFO  d.i.mongodb.perf.OperationExecutor - csvReporterAll stopped
2022-05-13 16:16:41,934 [pool-1-thread-1] INFO  d.i.mongodb.perf.OperationExecutor - Summary of statistics saved in csv-file 'stats-per-run-COUNT_ONE.csv' located in folder: /Users/oscarorellana/Desktop/softcorp/doubble/mongodb-performance-test/latest-version
2022-05-13 16:16:41,956 [main] INFO  org.mongodb.driver.connection - Closed connection [connectionId{localValue:8, serverValue:694}] to 35.198.67.211:27017 because the pool has been closed.
2022-05-13 16:16:41,958 [main] INFO  org.mongodb.driver.connection - Closed connection [connectionId{localValue:10, serverValue:695}] to 35.198.67.211:27017 because the pool has been closed.
2022-05-13 16:16:41,958 [main] INFO  org.mongodb.driver.connection - Closed connection [connectionId{localValue:11, serverValue:697}] to 35.198.67.211:27017 because the pool has been closed.
2022-05-13 16:16:41,958 [main] INFO  org.mongodb.driver.connection - Closed connection [connectionId{localValue:5, serverValue:689}] to 35.198.67.211:27017 because the pool has been closed.
2022-05-13 16:16:41,958 [main] INFO  org.mongodb.driver.connection - Closed connection [connectionId{localValue:9, serverValue:696}] to 35.198.67.211:27017 because the pool has been closed.
2022-05-13 16:16:41,958 [main] INFO  org.mongodb.driver.connection - Closed connection [connectionId{localValue:7, serverValue:692}] to 35.198.67.211:27017 because the pool has been closed.
2022-05-13 16:16:41,958 [main] INFO  org.mongodb.driver.connection - Closed connection [connectionId{localValue:4, serverValue:693}] to 35.198.67.211:27017 because the pool has been closed.
2022-05-13 16:16:41,958 [main] INFO  org.mongodb.driver.connection - Closed connection [connectionId{localValue:6, serverValue:690}] to 35.198.67.211:27017 because the pool has been closed.
2022-05-13 16:16:41,958 [main] INFO  org.mongodb.driver.connection - Closed connection [connectionId{localValue:2, serverValue:688}] to 35.198.67.211:27017 because the pool has been closed.
2022-05-13 16:16:41,959 [main] INFO  org.mongodb.driver.connection - Closed connection [connectionId{localValue:3, serverValue:691}] to 35.198.67.211:27017 because the pool has been closed.
2022-05-13 16:16:41,959 [main] INFO  d.i.mongodb.perf.MongoDbAccessor - <<< closeConnections 35.198.67.211:27017
