2022-05-13 16:11:25,370 [main] INFO  d.i.mongodb.perf.MongoDbAccessor - >>> init 35.198.67.211:27017
2022-05-13 16:11:25,458 [main] INFO  org.mongodb.driver.cluster - Cluster created with settings {hosts=[35.198.67.211:27017], mode=SINGLE, requiredClusterType=UNKNOWN, serverSelectionTimeout='30000 ms', maxWaitQueueSize=50000}
2022-05-13 16:11:25,470 [main] INFO  d.i.mongodb.perf.MongoDbAccessor - <<< init
2022-05-13 16:11:25,477 [main] INFO  org.mongodb.driver.cluster - Cluster description not yet available. Waiting for 30000 ms before timing out
2022-05-13 16:11:25,600 [cluster-ClusterId{value='627e670d43e7403f209085ec', description='null'}-35.198.67.211:27017] INFO  org.mongodb.driver.connection - Opened connection [connectionId{localValue:1, serverValue:524}] to 35.198.67.211:27017
2022-05-13 16:11:25,636 [cluster-ClusterId{value='627e670d43e7403f209085ec', description='null'}-35.198.67.211:27017] INFO  org.mongodb.driver.cluster - Monitor thread successfully connected to server with description ServerDescription{address=35.198.67.211:27017, type=REPLICA_SET_PRIMARY, state=CONNECTED, ok=true, version=ServerVersion{versionList=[5, 0, 8]}, minWireVersion=0, maxWireVersion=13, maxDocumentSize=16777216, logicalSessionTimeoutMinutes=30, roundTripTimeNanos=35246041, setName='rs0', canonicalAddress=35.198.67.211:27017, hosts=[34.159.169.88:27017, 35.198.67.211:27017, 34.159.223.31:27017], passives=[], arbiters=[mongodb-arbiter-0.mongodb-arbiter-headless.mongodb-slow.svc.cluster.local:27017], primary='35.198.67.211:27017', tagSet=TagSet{[]}, electionId=7fffffff0000000000000002, setVersion=8, lastWriteDate=Fri May 13 16:11:20 CEST 2022, lastUpdateTimeNanos=355430497467666}
2022-05-13 16:11:25,909 [main] INFO  org.mongodb.driver.connection - Opened connection [connectionId{localValue:2, serverValue:525}] to 35.198.67.211:27017
2022-05-13 16:11:26,011 [main] INFO  d.i.mongodb.perf.OperationExecutor - >>> OperationExecutor threadCount: 10, opsCount: 20000, maxDurationInSeconds: 3600, operation: InsertOperation
2022-05-13 16:11:26,012 [main] INFO  d.i.mongodb.perf.OperationExecutor - java execution path: /Users/oscarorellana/Desktop/softcorp/doubble/mongodb-performance-test/latest-version/mongodb-performance-test.jar
2022-05-13 16:11:26,211 [pool-2-thread-1] INFO  org.mongodb.driver.connection - Opened connection [connectionId{localValue:10, serverValue:529}] to 35.198.67.211:27017
2022-05-13 16:11:26,218 [pool-2-thread-8] INFO  org.mongodb.driver.connection - Opened connection [connectionId{localValue:6, serverValue:527}] to 35.198.67.211:27017
2022-05-13 16:11:26,219 [pool-2-thread-5] INFO  org.mongodb.driver.connection - Opened connection [connectionId{localValue:3, serverValue:526}] to 35.198.67.211:27017
2022-05-13 16:11:26,219 [pool-2-thread-10] INFO  org.mongodb.driver.connection - Opened connection [connectionId{localValue:7, serverValue:528}] to 35.198.67.211:27017
2022-05-13 16:11:26,220 [pool-2-thread-4] INFO  org.mongodb.driver.connection - Opened connection [connectionId{localValue:11, serverValue:534}] to 35.198.67.211:27017
2022-05-13 16:11:26,222 [pool-2-thread-2] INFO  org.mongodb.driver.connection - Opened connection [connectionId{localValue:9, serverValue:530}] to 35.198.67.211:27017
2022-05-13 16:11:26,222 [pool-2-thread-6] INFO  org.mongodb.driver.connection - Opened connection [connectionId{localValue:5, serverValue:532}] to 35.198.67.211:27017
2022-05-13 16:11:26,222 [pool-2-thread-9] INFO  org.mongodb.driver.connection - Opened connection [connectionId{localValue:8, serverValue:531}] to 35.198.67.211:27017
2022-05-13 16:11:26,223 [pool-2-thread-3] INFO  org.mongodb.driver.connection - Opened connection [connectionId{localValue:4, serverValue:533}] to 35.198.67.211:27017
13.05.2022 16.11.27 ============================================================

-- Timers ----------------------------------------------------------------------
stats-per-second-INSERT
             count = 188
         mean rate = 182,98 calls/second
     1-minute rate = 0,00 calls/second
     5-minute rate = 0,00 calls/second
    15-minute rate = 0,00 calls/second
               min = 30,68 milliseconds
               max = 241,84 milliseconds
              mean = 51,45 milliseconds
            stddev = 43,76 milliseconds
            median = 39,85 milliseconds
              75% <= 43,94 milliseconds
              95% <= 170,25 milliseconds
              98% <= 241,78 milliseconds
              99% <= 241,82 milliseconds
            99.9% <= 241,84 milliseconds


13.05.2022 16.11.28 ============================================================

-- Timers ----------------------------------------------------------------------
stats-per-second-INSERT
             count = 395
         mean rate = 196,51 calls/second
     1-minute rate = 0,00 calls/second
     5-minute rate = 0,00 calls/second
    15-minute rate = 0,00 calls/second
               min = 31,38 milliseconds
               max = 94,82 milliseconds
              mean = 49,47 milliseconds
            stddev = 12,95 milliseconds
            median = 44,73 milliseconds
              75% <= 60,38 milliseconds
              95% <= 71,36 milliseconds
              98% <= 77,98 milliseconds
              99% <= 89,69 milliseconds
            99.9% <= 94,82 milliseconds


13.05.2022 16.11.29 ============================================================

-- Timers ----------------------------------------------------------------------
stats-per-second-INSERT
             count = 569
         mean rate = 188,84 calls/second
     1-minute rate = 0,00 calls/second
     5-minute rate = 0,00 calls/second
    15-minute rate = 0,00 calls/second
               min = 32,20 milliseconds
               max = 150,96 milliseconds
              mean = 57,13 milliseconds
            stddev = 21,32 milliseconds
            median = 53,96 milliseconds
              75% <= 64,68 milliseconds
              95% <= 111,09 milliseconds
              98% <= 122,14 milliseconds
              99% <= 148,30 milliseconds
            99.9% <= 150,96 milliseconds


13.05.2022 16.11.30 ============================================================

-- Timers ----------------------------------------------------------------------
stats-per-second-INSERT
             count = 682
         mean rate = 170,12 calls/second
     1-minute rate = 0,00 calls/second
     5-minute rate = 0,00 calls/second
    15-minute rate = 0,00 calls/second
               min = 33,65 milliseconds
               max = 280,43 milliseconds
              mean = 82,39 milliseconds
            stddev = 67,38 milliseconds
            median = 53,87 milliseconds
              75% <= 84,12 milliseconds
              95% <= 269,38 milliseconds
              98% <= 277,93 milliseconds
              99% <= 280,40 milliseconds
            99.9% <= 280,43 milliseconds


13.05.2022 16.11.31 ============================================================

-- Timers ----------------------------------------------------------------------
stats-per-second-INSERT
             count = 855
         mean rate = 170,67 calls/second
     1-minute rate = 169,00 calls/second
     5-minute rate = 169,00 calls/second
    15-minute rate = 169,00 calls/second
               min = 34,04 milliseconds
               max = 176,73 milliseconds
              mean = 61,65 milliseconds
            stddev = 31,90 milliseconds
            median = 49,44 milliseconds
              75% <= 60,88 milliseconds
              95% <= 151,48 milliseconds
              98% <= 158,55 milliseconds
              99% <= 164,09 milliseconds
            99.9% <= 176,73 milliseconds


13.05.2022 16.11.32 ============================================================

-- Timers ----------------------------------------------------------------------
stats-per-second-INSERT
             count = 1063
         mean rate = 177,02 calls/second
     1-minute rate = 169,00 calls/second
     5-minute rate = 169,00 calls/second
    15-minute rate = 169,00 calls/second
               min = 32,37 milliseconds
               max = 94,33 milliseconds
              mean = 46,95 milliseconds
            stddev = 11,66 milliseconds
            median = 42,87 milliseconds
              75% <= 50,86 milliseconds
              95% <= 76,16 milliseconds
              98% <= 82,39 milliseconds
              99% <= 87,00 milliseconds
            99.9% <= 94,33 milliseconds


13.05.2022 16.11.33 ============================================================

-- Timers ----------------------------------------------------------------------
stats-per-second-INSERT
             count = 1258
         mean rate = 179,52 calls/second
     1-minute rate = 169,00 calls/second
     5-minute rate = 169,00 calls/second
    15-minute rate = 169,00 calls/second
               min = 32,66 milliseconds
               max = 107,47 milliseconds
              mean = 50,92 milliseconds
            stddev = 17,70 milliseconds
            median = 44,65 milliseconds
              75% <= 53,54 milliseconds
              95% <= 97,96 milliseconds
              98% <= 105,96 milliseconds
              99% <= 106,80 milliseconds
            99.9% <= 107,47 milliseconds


13.05.2022 16.11.34 ============================================================

-- Timers ----------------------------------------------------------------------
stats-per-second-INSERT
             count = 1510
         mean rate = 188,57 calls/second
     1-minute rate = 169,00 calls/second
     5-minute rate = 169,00 calls/second
    15-minute rate = 169,00 calls/second
               min = 28,47 milliseconds
               max = 74,10 milliseconds
              mean = 40,25 milliseconds
            stddev = 7,79 milliseconds
            median = 38,39 milliseconds
              75% <= 42,22 milliseconds
              95% <= 57,85 milliseconds
              98% <= 67,17 milliseconds
              99% <= 69,72 milliseconds
            99.9% <= 74,10 milliseconds


13.05.2022 16.11.35 ============================================================

-- Timers ----------------------------------------------------------------------
stats-per-second-INSERT
             count = 1743
         mean rate = 193,45 calls/second
     1-minute rate = 169,00 calls/second
     5-minute rate = 169,00 calls/second
    15-minute rate = 169,00 calls/second
               min = 29,79 milliseconds
               max = 66,35 milliseconds
              mean = 42,38 milliseconds
            stddev = 8,71 milliseconds
            median = 40,07 milliseconds
              75% <= 45,40 milliseconds
              95% <= 65,00 milliseconds
              98% <= 65,71 milliseconds
              99% <= 66,20 milliseconds
            99.9% <= 66,35 milliseconds


13.05.2022 16.11.36 ============================================================

-- Timers ----------------------------------------------------------------------
stats-per-second-INSERT
             count = 1939
         mean rate = 193,56 calls/second
     1-minute rate = 172,82 calls/second
     5-minute rate = 169,79 calls/second
    15-minute rate = 169,26 calls/second
               min = 29,98 milliseconds
               max = 104,62 milliseconds
              mean = 52,97 milliseconds
            stddev = 18,59 milliseconds
            median = 48,19 milliseconds
              75% <= 59,06 milliseconds
              95% <= 103,27 milliseconds
              98% <= 104,44 milliseconds
              99% <= 104,59 milliseconds
            99.9% <= 104,62 milliseconds


13.05.2022 16.11.37 ============================================================

-- Timers ----------------------------------------------------------------------
stats-per-second-INSERT
             count = 2118
         mean rate = 192,43 calls/second
     1-minute rate = 172,82 calls/second
     5-minute rate = 169,79 calls/second
    15-minute rate = 169,26 calls/second
               min = 30,66 milliseconds
               max = 96,24 milliseconds
              mean = 54,26 milliseconds
            stddev = 18,66 milliseconds
            median = 52,49 milliseconds
              75% <= 63,57 milliseconds
              95% <= 94,83 milliseconds
              98% <= 95,49 milliseconds
              99% <= 96,01 milliseconds
            99.9% <= 96,24 milliseconds


13.05.2022 16.11.38 ============================================================

-- Timers ----------------------------------------------------------------------
stats-per-second-INSERT
             count = 2366
         mean rate = 197,06 calls/second
     1-minute rate = 172,82 calls/second
     5-minute rate = 169,79 calls/second
    15-minute rate = 169,26 calls/second
               min = 29,48 milliseconds
               max = 62,79 milliseconds
              mean = 40,08 milliseconds
            stddev = 6,37 milliseconds
            median = 38,89 milliseconds
              75% <= 42,95 milliseconds
              95% <= 54,63 milliseconds
              98% <= 56,98 milliseconds
              99% <= 62,33 milliseconds
            99.9% <= 62,79 milliseconds


13.05.2022 16.11.39 ============================================================

-- Timers ----------------------------------------------------------------------
stats-per-second-INSERT
             count = 2614
         mean rate = 200,96 calls/second
     1-minute rate = 172,82 calls/second
     5-minute rate = 169,79 calls/second
    15-minute rate = 169,26 calls/second
               min = 29,48 milliseconds
               max = 79,80 milliseconds
              mean = 40,51 milliseconds
            stddev = 8,59 milliseconds
            median = 38,32 milliseconds
              75% <= 42,29 milliseconds
              95% <= 57,53 milliseconds
              98% <= 73,64 milliseconds
              99% <= 74,93 milliseconds
            99.9% <= 79,80 milliseconds


13.05.2022 16.11.40 ============================================================

-- Timers ----------------------------------------------------------------------
stats-per-second-INSERT
             count = 2790
         mean rate = 199,22 calls/second
     1-minute rate = 172,82 calls/second
     5-minute rate = 169,79 calls/second
    15-minute rate = 169,26 calls/second
               min = 32,25 milliseconds
               max = 118,94 milliseconds
              mean = 56,11 milliseconds
            stddev = 21,12 milliseconds
            median = 47,00 milliseconds
              75% <= 66,41 milliseconds
              95% <= 104,68 milliseconds
              98% <= 116,74 milliseconds
              99% <= 118,24 milliseconds
            99.9% <= 118,94 milliseconds


13.05.2022 16.11.41 ============================================================

-- Timers ----------------------------------------------------------------------
stats-per-second-INSERT
             count = 2944
         mean rate = 196,19 calls/second
     1-minute rate = 175,23 calls/second
     5-minute rate = 170,34 calls/second
    15-minute rate = 169,45 calls/second
               min = 32,67 milliseconds
               max = 183,07 milliseconds
              mean = 65,46 milliseconds
            stddev = 30,36 milliseconds
            median = 57,85 milliseconds
              75% <= 80,42 milliseconds
              95% <= 139,68 milliseconds
              98% <= 143,94 milliseconds
              99% <= 183,06 milliseconds
            99.9% <= 183,07 milliseconds


13.05.2022 16.11.42 ============================================================

-- Timers ----------------------------------------------------------------------
stats-per-second-INSERT
             count = 3175
         mean rate = 198,35 calls/second
     1-minute rate = 175,23 calls/second
     5-minute rate = 170,34 calls/second
    15-minute rate = 169,45 calls/second
               min = 30,22 milliseconds
               max = 79,46 milliseconds
              mean = 43,17 milliseconds
            stddev = 8,18 milliseconds
            median = 41,52 milliseconds
              75% <= 44,98 milliseconds
              95% <= 58,34 milliseconds
              98% <= 65,95 milliseconds
              99% <= 78,84 milliseconds
            99.9% <= 79,46 milliseconds


13.05.2022 16.11.43 ============================================================

-- Timers ----------------------------------------------------------------------
stats-per-second-INSERT
             count = 3407
         mean rate = 200,27 calls/second
     1-minute rate = 175,23 calls/second
     5-minute rate = 170,34 calls/second
    15-minute rate = 169,45 calls/second
               min = 30,96 milliseconds
               max = 86,02 milliseconds
              mean = 43,87 milliseconds
            stddev = 10,11 milliseconds
            median = 41,17 milliseconds
              75% <= 45,30 milliseconds
              95% <= 67,51 milliseconds
              98% <= 85,18 milliseconds
              99% <= 85,81 milliseconds
            99.9% <= 86,02 milliseconds


13.05.2022 16.11.44 ============================================================

-- Timers ----------------------------------------------------------------------
stats-per-second-INSERT
             count = 3629
         mean rate = 201,49 calls/second
     1-minute rate = 175,23 calls/second
     5-minute rate = 170,34 calls/second
    15-minute rate = 169,45 calls/second
               min = 30,47 milliseconds
               max = 71,24 milliseconds
              mean = 44,70 milliseconds
            stddev = 10,27 milliseconds
            median = 41,04 milliseconds
              75% <= 51,56 milliseconds
              95% <= 65,83 milliseconds
              98% <= 68,07 milliseconds
              99% <= 70,35 milliseconds
            99.9% <= 71,24 milliseconds


13.05.2022 16.11.45 ============================================================

-- Timers ----------------------------------------------------------------------
stats-per-second-INSERT
             count = 3858
         mean rate = 202,98 calls/second
     1-minute rate = 175,23 calls/second
     5-minute rate = 170,34 calls/second
    15-minute rate = 169,45 calls/second
               min = 30,07 milliseconds
               max = 80,77 milliseconds
              mean = 42,55 milliseconds
            stddev = 9,58 milliseconds
            median = 40,09 milliseconds
              75% <= 45,74 milliseconds
              95% <= 61,69 milliseconds
              98% <= 76,34 milliseconds
              99% <= 79,58 milliseconds
            99.9% <= 80,77 milliseconds


13.05.2022 16.11.46 ============================================================

-- Timers ----------------------------------------------------------------------
stats-per-second-INSERT
             count = 4061
         mean rate = 202,92 calls/second
     1-minute rate = 179,09 calls/second
     5-minute rate = 171,22 calls/second
    15-minute rate = 169,75 calls/second
               min = 32,73 milliseconds
               max = 97,06 milliseconds
              mean = 50,74 milliseconds
            stddev = 17,69 milliseconds
            median = 40,87 milliseconds
              75% <= 60,99 milliseconds
              95% <= 94,61 milliseconds
              98% <= 96,24 milliseconds
              99% <= 96,64 milliseconds
            99.9% <= 97,06 milliseconds


13.05.2022 16.11.47 ============================================================

-- Timers ----------------------------------------------------------------------
stats-per-second-INSERT
             count = 4260
         mean rate = 202,78 calls/second
     1-minute rate = 179,09 calls/second
     5-minute rate = 171,22 calls/second
    15-minute rate = 169,75 calls/second
               min = 30,33 milliseconds
               max = 82,33 milliseconds
              mean = 49,17 milliseconds
            stddev = 15,14 milliseconds
            median = 41,81 milliseconds
              75% <= 53,64 milliseconds
              95% <= 80,85 milliseconds
              98% <= 81,80 milliseconds
              99% <= 81,94 milliseconds
            99.9% <= 82,33 milliseconds


13.05.2022 16.11.48 ============================================================

-- Timers ----------------------------------------------------------------------
stats-per-second-INSERT
             count = 4486
         mean rate = 203,80 calls/second
     1-minute rate = 179,09 calls/second
     5-minute rate = 171,22 calls/second
    15-minute rate = 169,75 calls/second
               min = 30,97 milliseconds
               max = 67,81 milliseconds
              mean = 44,53 milliseconds
            stddev = 9,64 milliseconds
            median = 40,91 milliseconds
              75% <= 51,00 milliseconds
              95% <= 65,64 milliseconds
              98% <= 67,29 milliseconds
              99% <= 67,59 milliseconds
            99.9% <= 67,81 milliseconds


13.05.2022 16.11.49 ============================================================

-- Timers ----------------------------------------------------------------------
stats-per-second-INSERT
             count = 4690
         mean rate = 203,82 calls/second
     1-minute rate = 179,09 calls/second
     5-minute rate = 171,22 calls/second
    15-minute rate = 169,75 calls/second
               min = 30,94 milliseconds
               max = 128,64 milliseconds
              mean = 49,47 milliseconds
            stddev = 18,92 milliseconds
            median = 41,71 milliseconds
              75% <= 49,18 milliseconds
              95% <= 95,08 milliseconds
              98% <= 101,95 milliseconds
              99% <= 116,83 milliseconds
            99.9% <= 128,64 milliseconds


13.05.2022 16.11.50 ============================================================

-- Timers ----------------------------------------------------------------------
stats-per-second-INSERT
             count = 4906
         mean rate = 204,33 calls/second
     1-minute rate = 179,09 calls/second
     5-minute rate = 171,22 calls/second
    15-minute rate = 169,75 calls/second
               min = 30,90 milliseconds
               max = 101,28 milliseconds
              mean = 46,24 milliseconds
            stddev = 13,16 milliseconds
            median = 43,21 milliseconds
              75% <= 50,00 milliseconds
              95% <= 66,61 milliseconds
              98% <= 100,49 milliseconds
              99% <= 100,76 milliseconds
            99.9% <= 101,28 milliseconds


13.05.2022 16.11.51 ============================================================

-- Timers ----------------------------------------------------------------------
stats-per-second-INSERT
             count = 5149
         mean rate = 205,90 calls/second
     1-minute rate = 182,17 calls/second
     5-minute rate = 171,98 calls/second
    15-minute rate = 170,02 calls/second
               min = 30,61 milliseconds
               max = 67,83 milliseconds
              mean = 40,64 milliseconds
            stddev = 7,61 milliseconds
            median = 38,69 milliseconds
              75% <= 43,75 milliseconds
              95% <= 58,68 milliseconds
              98% <= 67,28 milliseconds
              99% <= 67,67 milliseconds
            99.9% <= 67,83 milliseconds


13.05.2022 16.11.52 ============================================================

-- Timers ----------------------------------------------------------------------
stats-per-second-INSERT
             count = 5407
         mean rate = 207,92 calls/second
     1-minute rate = 182,17 calls/second
     5-minute rate = 171,98 calls/second
    15-minute rate = 170,02 calls/second
               min = 30,05 milliseconds
               max = 58,77 milliseconds
              mean = 39,46 milliseconds
            stddev = 5,20 milliseconds
            median = 39,15 milliseconds
              75% <= 41,56 milliseconds
              95% <= 49,15 milliseconds
              98% <= 56,93 milliseconds
              99% <= 58,41 milliseconds
            99.9% <= 58,77 milliseconds


13.05.2022 16.11.53 ============================================================

-- Timers ----------------------------------------------------------------------
stats-per-second-INSERT
             count = 5667
         mean rate = 209,85 calls/second
     1-minute rate = 182,17 calls/second
     5-minute rate = 171,98 calls/second
    15-minute rate = 170,02 calls/second
               min = 29,25 milliseconds
               max = 77,75 milliseconds
              mean = 37,98 milliseconds
            stddev = 7,34 milliseconds
            median = 35,92 milliseconds
              75% <= 39,36 milliseconds
              95% <= 48,93 milliseconds
              98% <= 69,80 milliseconds
              99% <= 69,91 milliseconds
            99.9% <= 77,75 milliseconds


13.05.2022 16.11.54 ============================================================

-- Timers ----------------------------------------------------------------------
stats-per-second-INSERT
             count = 5934
         mean rate = 211,85 calls/second
     1-minute rate = 182,17 calls/second
     5-minute rate = 171,98 calls/second
    15-minute rate = 170,02 calls/second
               min = 30,19 milliseconds
               max = 66,83 milliseconds
              mean = 38,10 milliseconds
            stddev = 6,49 milliseconds
            median = 36,04 milliseconds
              75% <= 39,13 milliseconds
              95% <= 50,19 milliseconds
              98% <= 64,79 milliseconds
              99% <= 64,93 milliseconds
            99.9% <= 66,83 milliseconds


13.05.2022 16.11.55 ============================================================

-- Timers ----------------------------------------------------------------------
stats-per-second-INSERT
             count = 6185
         mean rate = 213,21 calls/second
     1-minute rate = 182,17 calls/second
     5-minute rate = 171,98 calls/second
    15-minute rate = 170,02 calls/second
               min = 30,26 milliseconds
               max = 57,00 milliseconds
              mean = 39,45 milliseconds
            stddev = 5,56 milliseconds
            median = 38,34 milliseconds
              75% <= 43,48 milliseconds
              95% <= 50,62 milliseconds
              98% <= 52,46 milliseconds
              99% <= 54,33 milliseconds
            99.9% <= 57,00 milliseconds


13.05.2022 16.11.56 ============================================================

-- Timers ----------------------------------------------------------------------
stats-per-second-INSERT
             count = 6427
         mean rate = 214,16 calls/second
     1-minute rate = 188,04 calls/second
     5-minute rate = 173,36 calls/second
    15-minute rate = 170,49 calls/second
               min = 29,90 milliseconds
               max = 58,08 milliseconds
              mean = 40,04 milliseconds
            stddev = 6,49 milliseconds
            median = 38,36 milliseconds
              75% <= 43,66 milliseconds
              95% <= 53,72 milliseconds
              98% <= 54,83 milliseconds
              99% <= 57,15 milliseconds
            99.9% <= 58,08 milliseconds


13.05.2022 16.11.57 ============================================================

-- Timers ----------------------------------------------------------------------
stats-per-second-INSERT
             count = 6658
         mean rate = 214,72 calls/second
     1-minute rate = 188,04 calls/second
     5-minute rate = 173,36 calls/second
    15-minute rate = 170,49 calls/second
               min = 30,54 milliseconds
               max = 90,74 milliseconds
              mean = 44,80 milliseconds
            stddev = 13,45 milliseconds
            median = 39,50 milliseconds
              75% <= 47,80 milliseconds
              95% <= 72,15 milliseconds
              98% <= 85,93 milliseconds
              99% <= 86,34 milliseconds
            99.9% <= 90,74 milliseconds


13.05.2022 16.11.58 ============================================================

-- Timers ----------------------------------------------------------------------
stats-per-second-INSERT
             count = 6751
         mean rate = 210,92 calls/second
     1-minute rate = 188,04 calls/second
     5-minute rate = 173,36 calls/second
    15-minute rate = 170,49 calls/second
               min = 33,43 milliseconds
               max = 216,96 milliseconds
              mean = 108,70 milliseconds
            stddev = 51,32 milliseconds
            median = 99,03 milliseconds
              75% <= 124,92 milliseconds
              95% <= 215,36 milliseconds
              98% <= 216,10 milliseconds
              99% <= 216,96 milliseconds
            99.9% <= 216,96 milliseconds


13.05.2022 16.11.59 ============================================================

-- Timers ----------------------------------------------------------------------
stats-per-second-INSERT
             count = 6933
         mean rate = 210,04 calls/second
     1-minute rate = 188,04 calls/second
     5-minute rate = 173,36 calls/second
    15-minute rate = 170,49 calls/second
               min = 31,78 milliseconds
               max = 116,85 milliseconds
              mean = 54,14 milliseconds
            stddev = 22,12 milliseconds
            median = 44,40 milliseconds
              75% <= 57,95 milliseconds
              95% <= 113,75 milliseconds
              98% <= 115,99 milliseconds
              99% <= 116,53 milliseconds
            99.9% <= 116,85 milliseconds


13.05.2022 16.12.00 ============================================================

-- Timers ----------------------------------------------------------------------
stats-per-second-INSERT
             count = 6999
         mean rate = 205,81 calls/second
     1-minute rate = 188,04 calls/second
     5-minute rate = 173,36 calls/second
    15-minute rate = 170,49 calls/second
               min = 30,46 milliseconds
               max = 405,26 milliseconds
              mean = 133,66 milliseconds
            stddev = 119,67 milliseconds
            median = 76,14 milliseconds
              75% <= 162,92 milliseconds
              95% <= 401,89 milliseconds
              98% <= 405,24 milliseconds
              99% <= 405,26 milliseconds
            99.9% <= 405,26 milliseconds


13.05.2022 16.12.01 ============================================================

-- Timers ----------------------------------------------------------------------
stats-per-second-INSERT
             count = 7160
         mean rate = 204,49 calls/second
     1-minute rate = 184,60 calls/second
     5-minute rate = 172,90 calls/second
    15-minute rate = 170,35 calls/second
               min = 30,96 milliseconds
               max = 320,60 milliseconds
              mean = 65,04 milliseconds
            stddev = 67,28 milliseconds
            median = 42,61 milliseconds
              75% <= 50,63 milliseconds
              95% <= 310,44 milliseconds
              98% <= 313,97 milliseconds
              99% <= 318,68 milliseconds
            99.9% <= 320,60 milliseconds


13.05.2022 16.12.02 ============================================================

-- Timers ----------------------------------------------------------------------
stats-per-second-INSERT
             count = 7373
         mean rate = 204,70 calls/second
     1-minute rate = 184,60 calls/second
     5-minute rate = 172,90 calls/second
    15-minute rate = 170,35 calls/second
               min = 30,75 milliseconds
               max = 139,93 milliseconds
              mean = 46,15 milliseconds
            stddev = 16,99 milliseconds
            median = 41,24 milliseconds
              75% <= 46,62 milliseconds
              95% <= 76,91 milliseconds
              98% <= 112,28 milliseconds
              99% <= 112,95 milliseconds
            99.9% <= 139,93 milliseconds


13.05.2022 16.12.03 ============================================================

-- Timers ----------------------------------------------------------------------
stats-per-second-INSERT
             count = 7592
         mean rate = 205,14 calls/second
     1-minute rate = 184,60 calls/second
     5-minute rate = 172,90 calls/second
    15-minute rate = 170,35 calls/second
               min = 31,43 milliseconds
               max = 126,69 milliseconds
              mean = 45,83 milliseconds
            stddev = 16,85 milliseconds
            median = 40,85 milliseconds
              75% <= 47,38 milliseconds
              95% <= 70,04 milliseconds
              98% <= 118,94 milliseconds
              99% <= 125,33 milliseconds
            99.9% <= 126,69 milliseconds


13.05.2022 16.12.04 ============================================================

-- Timers ----------------------------------------------------------------------
stats-per-second-INSERT
             count = 7845
         mean rate = 206,40 calls/second
     1-minute rate = 184,60 calls/second
     5-minute rate = 172,90 calls/second
    15-minute rate = 170,35 calls/second
               min = 30,60 milliseconds
               max = 60,19 milliseconds
              mean = 39,69 milliseconds
            stddev = 5,41 milliseconds
            median = 38,31 milliseconds
              75% <= 42,78 milliseconds
              95% <= 49,65 milliseconds
              98% <= 54,12 milliseconds
              99% <= 59,86 milliseconds
            99.9% <= 60,19 milliseconds


13.05.2022 16.12.05 ============================================================

-- Timers ----------------------------------------------------------------------
stats-per-second-INSERT
             count = 8080
         mean rate = 207,15 calls/second
     1-minute rate = 184,60 calls/second
     5-minute rate = 172,90 calls/second
    15-minute rate = 170,35 calls/second
               min = 29,02 milliseconds
               max = 88,47 milliseconds
              mean = 42,22 milliseconds
            stddev = 11,74 milliseconds
            median = 37,61 milliseconds
              75% <= 43,84 milliseconds
              95% <= 63,27 milliseconds
              98% <= 87,09 milliseconds
              99% <= 87,83 milliseconds
            99.9% <= 88,47 milliseconds


13.05.2022 16.12.06 ============================================================

-- Timers ----------------------------------------------------------------------
stats-per-second-INSERT
             count = 8316
         mean rate = 207,84 calls/second
     1-minute rate = 188,43 calls/second
     5-minute rate = 173,88 calls/second
    15-minute rate = 170,69 calls/second
               min = 30,70 milliseconds
               max = 89,10 milliseconds
              mean = 42,48 milliseconds
            stddev = 12,56 milliseconds
            median = 38,04 milliseconds
              75% <= 41,93 milliseconds
              95% <= 77,49 milliseconds
              98% <= 84,08 milliseconds
              99% <= 85,69 milliseconds
            99.9% <= 89,10 milliseconds


13.05.2022 16.12.07 ============================================================

-- Timers ----------------------------------------------------------------------
stats-per-second-INSERT
             count = 8578
         mean rate = 209,17 calls/second
     1-minute rate = 188,43 calls/second
     5-minute rate = 173,88 calls/second
    15-minute rate = 170,69 calls/second
               min = 30,66 milliseconds
               max = 69,95 milliseconds
              mean = 38,32 milliseconds
            stddev = 5,49 milliseconds
            median = 37,71 milliseconds
              75% <= 40,16 milliseconds
              95% <= 51,04 milliseconds
              98% <= 54,82 milliseconds
              99% <= 62,39 milliseconds
            99.9% <= 69,95 milliseconds


13.05.2022 16.12.08 ============================================================

-- Timers ----------------------------------------------------------------------
stats-per-second-INSERT
             count = 8840
         mean rate = 210,43 calls/second
     1-minute rate = 188,43 calls/second
     5-minute rate = 173,88 calls/second
    15-minute rate = 170,69 calls/second
               min = 30,20 milliseconds
               max = 60,21 milliseconds
              mean = 37,46 milliseconds
            stddev = 5,68 milliseconds
            median = 35,64 milliseconds
              75% <= 39,56 milliseconds
              95% <= 50,29 milliseconds
              98% <= 55,75 milliseconds
              99% <= 56,51 milliseconds
            99.9% <= 60,21 milliseconds


13.05.2022 16.12.09 ============================================================

-- Timers ----------------------------------------------------------------------
stats-per-second-INSERT
             count = 9062
         mean rate = 210,69 calls/second
     1-minute rate = 188,43 calls/second
     5-minute rate = 173,88 calls/second
    15-minute rate = 170,69 calls/second
               min = 31,27 milliseconds
               max = 123,48 milliseconds
              mean = 45,91 milliseconds
            stddev = 16,51 milliseconds
            median = 41,68 milliseconds
              75% <= 45,79 milliseconds
              95% <= 73,83 milliseconds
              98% <= 112,60 milliseconds
              99% <= 113,89 milliseconds
            99.9% <= 123,48 milliseconds


13.05.2022 16.12.10 ============================================================

-- Timers ----------------------------------------------------------------------
stats-per-second-INSERT
             count = 9286
         mean rate = 211,01 calls/second
     1-minute rate = 188,43 calls/second
     5-minute rate = 173,88 calls/second
    15-minute rate = 170,69 calls/second
               min = 30,83 milliseconds
               max = 85,21 milliseconds
              mean = 44,95 milliseconds
            stddev = 12,38 milliseconds
            median = 40,30 milliseconds
              75% <= 51,44 milliseconds
              95% <= 72,67 milliseconds
              98% <= 75,06 milliseconds
              99% <= 84,20 milliseconds
            99.9% <= 85,21 milliseconds


13.05.2022 16.12.11 ============================================================

-- Timers ----------------------------------------------------------------------
stats-per-second-INSERT
             count = 9518
         mean rate = 211,48 calls/second
     1-minute rate = 192,57 calls/second
     5-minute rate = 174,98 calls/second
    15-minute rate = 171,08 calls/second
               min = 30,66 milliseconds
               max = 62,55 milliseconds
              mean = 42,37 milliseconds
            stddev = 7,04 milliseconds
            median = 40,75 milliseconds
              75% <= 47,74 milliseconds
              95% <= 53,68 milliseconds
              98% <= 61,40 milliseconds
              99% <= 62,15 milliseconds
            99.9% <= 62,55 milliseconds


13.05.2022 16.12.12 ============================================================

-- Timers ----------------------------------------------------------------------
stats-per-second-INSERT
             count = 9771
         mean rate = 212,39 calls/second
     1-minute rate = 192,57 calls/second
     5-minute rate = 174,98 calls/second
    15-minute rate = 171,08 calls/second
               min = 30,18 milliseconds
               max = 68,48 milliseconds
              mean = 39,88 milliseconds
            stddev = 7,12 milliseconds
            median = 37,69 milliseconds
              75% <= 41,92 milliseconds
              95% <= 56,20 milliseconds
              98% <= 66,87 milliseconds
              99% <= 67,93 milliseconds
            99.9% <= 68,48 milliseconds


13.05.2022 16.12.13 ============================================================

-- Timers ----------------------------------------------------------------------
stats-per-second-INSERT
             count = 10024
         mean rate = 213,23 calls/second
     1-minute rate = 192,57 calls/second
     5-minute rate = 174,98 calls/second
    15-minute rate = 171,08 calls/second
               min = 27,99 milliseconds
               max = 72,38 milliseconds
              mean = 39,67 milliseconds
            stddev = 7,98 milliseconds
            median = 37,75 milliseconds
              75% <= 41,13 milliseconds
              95% <= 54,92 milliseconds
              98% <= 71,98 milliseconds
              99% <= 72,21 milliseconds
            99.9% <= 72,38 milliseconds


13.05.2022 16.12.14 ============================================================

-- Timers ----------------------------------------------------------------------
stats-per-second-INSERT
             count = 10274
         mean rate = 213,99 calls/second
     1-minute rate = 192,57 calls/second
     5-minute rate = 174,98 calls/second
    15-minute rate = 171,08 calls/second
               min = 29,35 milliseconds
               max = 80,17 milliseconds
              mean = 39,59 milliseconds
            stddev = 8,57 milliseconds
            median = 38,23 milliseconds
              75% <= 41,03 milliseconds
              95% <= 50,59 milliseconds
              98% <= 75,53 milliseconds
              99% <= 79,62 milliseconds
            99.9% <= 80,17 milliseconds


13.05.2022 16.12.15 ============================================================

-- Timers ----------------------------------------------------------------------
stats-per-second-INSERT
             count = 10501
         mean rate = 214,28 calls/second
     1-minute rate = 192,57 calls/second
     5-minute rate = 174,98 calls/second
    15-minute rate = 171,08 calls/second
               min = 29,93 milliseconds
               max = 147,27 milliseconds
              mean = 44,01 milliseconds
            stddev = 20,47 milliseconds
            median = 39,82 milliseconds
              75% <= 41,81 milliseconds
              95% <= 61,11 milliseconds
              98% <= 140,19 milliseconds
              99% <= 140,95 milliseconds
            99.9% <= 147,27 milliseconds


13.05.2022 16.12.16 ============================================================

-- Timers ----------------------------------------------------------------------
stats-per-second-INSERT
             count = 10763
         mean rate = 215,22 calls/second
     1-minute rate = 197,04 calls/second
     5-minute rate = 176,19 calls/second
    15-minute rate = 171,51 calls/second
               min = 30,97 milliseconds
               max = 58,73 milliseconds
              mean = 38,50 milliseconds
            stddev = 6,40 milliseconds
            median = 36,44 milliseconds
              75% <= 40,59 milliseconds
              95% <= 55,71 milliseconds
              98% <= 56,66 milliseconds
              99% <= 57,06 milliseconds
            99.9% <= 58,73 milliseconds


13.05.2022 16.12.17 ============================================================

-- Timers ----------------------------------------------------------------------
stats-per-second-INSERT
             count = 11010
         mean rate = 215,83 calls/second
     1-minute rate = 197,04 calls/second
     5-minute rate = 176,19 calls/second
    15-minute rate = 171,51 calls/second
               min = 30,75 milliseconds
               max = 80,61 milliseconds
              mean = 40,91 milliseconds
            stddev = 11,09 milliseconds
            median = 37,85 milliseconds
              75% <= 41,90 milliseconds
              95% <= 69,85 milliseconds
              98% <= 79,98 milliseconds
              99% <= 80,37 milliseconds
            99.9% <= 80,61 milliseconds


13.05.2022 16.12.18 ============================================================

-- Timers ----------------------------------------------------------------------
stats-per-second-INSERT
             count = 11270
         mean rate = 216,70 calls/second
     1-minute rate = 197,04 calls/second
     5-minute rate = 176,19 calls/second
    15-minute rate = 171,51 calls/second
               min = 29,49 milliseconds
               max = 49,17 milliseconds
              mean = 37,44 milliseconds
            stddev = 3,58 milliseconds
            median = 37,79 milliseconds
              75% <= 40,08 milliseconds
              95% <= 44,03 milliseconds
              98% <= 44,67 milliseconds
              99% <= 45,91 milliseconds
            99.9% <= 49,17 milliseconds


13.05.2022 16.12.19 ============================================================

-- Timers ----------------------------------------------------------------------
stats-per-second-INSERT
             count = 11526
         mean rate = 217,42 calls/second
     1-minute rate = 197,04 calls/second
     5-minute rate = 176,19 calls/second
    15-minute rate = 171,51 calls/second
               min = 30,46 milliseconds
               max = 57,56 milliseconds
              mean = 39,20 milliseconds
            stddev = 6,53 milliseconds
            median = 38,43 milliseconds
              75% <= 41,06 milliseconds
              95% <= 56,71 milliseconds
              98% <= 56,90 milliseconds
              99% <= 57,23 milliseconds
            99.9% <= 57,56 milliseconds


13.05.2022 16.12.20 ============================================================

-- Timers ----------------------------------------------------------------------
stats-per-second-INSERT
             count = 11767
         mean rate = 217,85 calls/second
     1-minute rate = 197,04 calls/second
     5-minute rate = 176,19 calls/second
    15-minute rate = 171,51 calls/second
               min = 30,06 milliseconds
               max = 68,80 milliseconds
              mean = 42,06 milliseconds
            stddev = 7,88 milliseconds
            median = 40,16 milliseconds
              75% <= 45,63 milliseconds
              95% <= 59,71 milliseconds
              98% <= 65,28 milliseconds
              99% <= 65,93 milliseconds
            99.9% <= 68,80 milliseconds


13.05.2022 16.12.21 ============================================================

-- Timers ----------------------------------------------------------------------
stats-per-second-INSERT
             count = 12013
         mean rate = 218,35 calls/second
     1-minute rate = 201,22 calls/second
     5-minute rate = 177,40 calls/second
    15-minute rate = 171,94 calls/second
               min = 30,45 milliseconds
               max = 84,94 milliseconds
              mean = 41,29 milliseconds
            stddev = 9,35 milliseconds
            median = 38,74 milliseconds
              75% <= 43,28 milliseconds
              95% <= 57,63 milliseconds
              98% <= 79,53 milliseconds
              99% <= 82,18 milliseconds
            99.9% <= 84,94 milliseconds


13.05.2022 16.12.22 ============================================================

-- Timers ----------------------------------------------------------------------
stats-per-second-INSERT
             count = 12267
         mean rate = 219,02 calls/second
     1-minute rate = 201,22 calls/second
     5-minute rate = 177,40 calls/second
    15-minute rate = 171,94 calls/second
               min = 29,94 milliseconds
               max = 53,97 milliseconds
              mean = 38,32 milliseconds
            stddev = 4,00 milliseconds
            median = 37,81 milliseconds
              75% <= 40,08 milliseconds
              95% <= 46,57 milliseconds
              98% <= 48,19 milliseconds
              99% <= 48,61 milliseconds
            99.9% <= 53,97 milliseconds


13.05.2022 16.12.23 ============================================================

-- Timers ----------------------------------------------------------------------
stats-per-second-INSERT
             count = 12496
         mean rate = 219,19 calls/second
     1-minute rate = 201,22 calls/second
     5-minute rate = 177,40 calls/second
    15-minute rate = 171,94 calls/second
               min = 32,02 milliseconds
               max = 67,40 milliseconds
              mean = 41,46 milliseconds
            stddev = 7,68 milliseconds
            median = 39,26 milliseconds
              75% <= 42,74 milliseconds
              95% <= 61,87 milliseconds
              98% <= 65,30 milliseconds
              99% <= 67,18 milliseconds
            99.9% <= 67,40 milliseconds


13.05.2022 16.12.24 ============================================================

-- Timers ----------------------------------------------------------------------
stats-per-second-INSERT
             count = 12674
         mean rate = 218,50 calls/second
     1-minute rate = 201,22 calls/second
     5-minute rate = 177,40 calls/second
    15-minute rate = 171,94 calls/second
               min = 31,33 milliseconds
               max = 143,89 milliseconds
              mean = 58,85 milliseconds
            stddev = 32,04 milliseconds
            median = 43,94 milliseconds
              75% <= 64,16 milliseconds
              95% <= 135,98 milliseconds
              98% <= 142,10 milliseconds
              99% <= 142,66 milliseconds
            99.9% <= 143,89 milliseconds


13.05.2022 16.12.25 ============================================================

-- Timers ----------------------------------------------------------------------
stats-per-second-INSERT
             count = 12881
         mean rate = 218,28 calls/second
     1-minute rate = 201,22 calls/second
     5-minute rate = 177,40 calls/second
    15-minute rate = 171,94 calls/second
               min = 33,15 milliseconds
               max = 92,23 milliseconds
              mean = 49,12 milliseconds
            stddev = 15,28 milliseconds
            median = 44,22 milliseconds
              75% <= 50,94 milliseconds
              95% <= 91,38 milliseconds
              98% <= 91,69 milliseconds
              99% <= 91,83 milliseconds
            99.9% <= 92,23 milliseconds


13.05.2022 16.12.26 ============================================================

-- Timers ----------------------------------------------------------------------
stats-per-second-INSERT
             count = 13120
         mean rate = 218,63 calls/second
     1-minute rate = 202,84 calls/second
     5-minute rate = 178,13 calls/second
    15-minute rate = 172,21 calls/second
               min = 31,24 milliseconds
               max = 60,55 milliseconds
              mean = 41,88 milliseconds
            stddev = 6,28 milliseconds
            median = 40,96 milliseconds
              75% <= 43,50 milliseconds
              95% <= 56,19 milliseconds
              98% <= 58,48 milliseconds
              99% <= 59,47 milliseconds
            99.9% <= 60,55 milliseconds


13.05.2022 16.12.27 ============================================================

-- Timers ----------------------------------------------------------------------
stats-per-second-INSERT
             count = 13391
         mean rate = 219,49 calls/second
     1-minute rate = 202,84 calls/second
     5-minute rate = 178,13 calls/second
    15-minute rate = 172,21 calls/second
               min = 29,91 milliseconds
               max = 58,53 milliseconds
              mean = 36,52 milliseconds
            stddev = 4,52 milliseconds
            median = 35,35 milliseconds
              75% <= 37,37 milliseconds
              95% <= 46,66 milliseconds
              98% <= 50,93 milliseconds
              99% <= 55,47 milliseconds
            99.9% <= 58,53 milliseconds


13.05.2022 16.12.28 ============================================================

-- Timers ----------------------------------------------------------------------
stats-per-second-INSERT
             count = 13646
         mean rate = 220,07 calls/second
     1-minute rate = 202,84 calls/second
     5-minute rate = 178,13 calls/second
    15-minute rate = 172,21 calls/second
               min = 30,11 milliseconds
               max = 70,96 milliseconds
              mean = 39,08 milliseconds
            stddev = 7,24 milliseconds
            median = 37,17 milliseconds
              75% <= 39,64 milliseconds
              95% <= 58,79 milliseconds
              98% <= 66,30 milliseconds
              99% <= 68,05 milliseconds
            99.9% <= 70,96 milliseconds


13.05.2022 16.12.29 ============================================================

-- Timers ----------------------------------------------------------------------
stats-per-second-INSERT
             count = 13890
         mean rate = 220,46 calls/second
     1-minute rate = 202,84 calls/second
     5-minute rate = 178,13 calls/second
    15-minute rate = 172,21 calls/second
               min = 29,80 milliseconds
               max = 115,22 milliseconds
              mean = 40,95 milliseconds
            stddev = 14,85 milliseconds
            median = 37,32 milliseconds
              75% <= 41,54 milliseconds
              95% <= 53,89 milliseconds
              98% <= 111,82 milliseconds
              99% <= 114,85 milliseconds
            99.9% <= 115,22 milliseconds


13.05.2022 16.12.30 ============================================================

-- Timers ----------------------------------------------------------------------
stats-per-second-INSERT
             count = 14133
         mean rate = 220,80 calls/second
     1-minute rate = 202,84 calls/second
     5-minute rate = 178,13 calls/second
    15-minute rate = 172,21 calls/second
               min = 31,23 milliseconds
               max = 76,77 milliseconds
              mean = 41,52 milliseconds
            stddev = 8,80 milliseconds
            median = 38,74 milliseconds
              75% <= 45,60 milliseconds
              95% <= 61,35 milliseconds
              98% <= 70,08 milliseconds
              99% <= 72,49 milliseconds
            99.9% <= 76,77 milliseconds


13.05.2022 16.12.31 ============================================================

-- Timers ----------------------------------------------------------------------
stats-per-second-INSERT
             count = 14364
         mean rate = 220,95 calls/second
     1-minute rate = 206,64 calls/second
     5-minute rate = 179,32 calls/second
    15-minute rate = 172,65 calls/second
               min = 29,25 milliseconds
               max = 70,20 milliseconds
              mean = 42,60 milliseconds
            stddev = 7,28 milliseconds
            median = 39,89 milliseconds
              75% <= 44,61 milliseconds
              95% <= 57,53 milliseconds
              98% <= 63,38 milliseconds
              99% <= 68,94 milliseconds
            99.9% <= 70,20 milliseconds


13.05.2022 16.12.32 ============================================================

-- Timers ----------------------------------------------------------------------
stats-per-second-INSERT
             count = 14601
         mean rate = 221,21 calls/second
     1-minute rate = 206,64 calls/second
     5-minute rate = 179,32 calls/second
    15-minute rate = 172,65 calls/second
               min = 31,35 milliseconds
               max = 61,85 milliseconds
              mean = 41,70 milliseconds
            stddev = 7,53 milliseconds
            median = 38,97 milliseconds
              75% <= 43,07 milliseconds
              95% <= 58,20 milliseconds
              98% <= 60,25 milliseconds
              99% <= 60,95 milliseconds
            99.9% <= 61,85 milliseconds


13.05.2022 16.12.33 ============================================================

-- Timers ----------------------------------------------------------------------
stats-per-second-INSERT
             count = 14879
         mean rate = 222,05 calls/second
     1-minute rate = 206,64 calls/second
     5-minute rate = 179,32 calls/second
    15-minute rate = 172,65 calls/second
               min = 29,75 milliseconds
               max = 52,90 milliseconds
              mean = 36,96 milliseconds
            stddev = 3,56 milliseconds
            median = 36,98 milliseconds
              75% <= 38,94 milliseconds
              95% <= 42,30 milliseconds
              98% <= 47,38 milliseconds
              99% <= 49,90 milliseconds
            99.9% <= 52,90 milliseconds


13.05.2022 16.12.34 ============================================================

-- Timers ----------------------------------------------------------------------
stats-per-second-INSERT
             count = 15104
         mean rate = 222,10 calls/second
     1-minute rate = 206,64 calls/second
     5-minute rate = 179,32 calls/second
    15-minute rate = 172,65 calls/second
               min = 30,36 milliseconds
               max = 108,67 milliseconds
              mean = 43,67 milliseconds
            stddev = 17,34 milliseconds
            median = 38,64 milliseconds
              75% <= 42,57 milliseconds
              95% <= 101,51 milliseconds
              98% <= 102,32 milliseconds
              99% <= 102,63 milliseconds
            99.9% <= 108,67 milliseconds


13.05.2022 16.12.35 ============================================================

-- Timers ----------------------------------------------------------------------
stats-per-second-INSERT
             count = 15251
         mean rate = 221,01 calls/second
     1-minute rate = 206,64 calls/second
     5-minute rate = 179,32 calls/second
    15-minute rate = 172,65 calls/second
               min = 30,59 milliseconds
               max = 274,76 milliseconds
              mean = 68,34 milliseconds
            stddev = 58,37 milliseconds
            median = 40,38 milliseconds
              75% <= 91,81 milliseconds
              95% <= 249,64 milliseconds
              98% <= 274,60 milliseconds
              99% <= 274,71 milliseconds
            99.9% <= 274,76 milliseconds


13.05.2022 16.12.36 ============================================================

-- Timers ----------------------------------------------------------------------
stats-per-second-INSERT
             count = 15448
         mean rate = 220,64 calls/second
     1-minute rate = 207,32 calls/second
     5-minute rate = 179,92 calls/second
    15-minute rate = 172,88 calls/second
               min = 30,35 milliseconds
               max = 159,85 milliseconds
              mean = 50,89 milliseconds
            stddev = 33,71 milliseconds
            median = 38,54 milliseconds
              75% <= 47,23 milliseconds
              95% <= 153,52 milliseconds
              98% <= 159,03 milliseconds
              99% <= 159,85 milliseconds
            99.9% <= 159,85 milliseconds


13.05.2022 16.12.37 ============================================================

-- Timers ----------------------------------------------------------------------
stats-per-second-INSERT
             count = 15700
         mean rate = 221,10 calls/second
     1-minute rate = 207,32 calls/second
     5-minute rate = 179,92 calls/second
    15-minute rate = 172,88 calls/second
               min = 29,89 milliseconds
               max = 72,55 milliseconds
              mean = 39,39 milliseconds
            stddev = 7,07 milliseconds
            median = 38,08 milliseconds
              75% <= 40,89 milliseconds
              95% <= 55,55 milliseconds
              98% <= 67,17 milliseconds
              99% <= 67,54 milliseconds
            99.9% <= 72,55 milliseconds


13.05.2022 16.12.38 ============================================================

-- Timers ----------------------------------------------------------------------
stats-per-second-INSERT
             count = 15945
         mean rate = 221,44 calls/second
     1-minute rate = 207,32 calls/second
     5-minute rate = 179,92 calls/second
    15-minute rate = 172,88 calls/second
               min = 30,25 milliseconds
               max = 65,12 milliseconds
              mean = 39,70 milliseconds
            stddev = 7,11 milliseconds
            median = 38,26 milliseconds
              75% <= 42,43 milliseconds
              95% <= 56,63 milliseconds
              98% <= 62,63 milliseconds
              99% <= 64,89 milliseconds
            99.9% <= 65,12 milliseconds


13.05.2022 16.12.39 ============================================================

-- Timers ----------------------------------------------------------------------
stats-per-second-INSERT
             count = 16164
         mean rate = 221,40 calls/second
     1-minute rate = 207,32 calls/second
     5-minute rate = 179,92 calls/second
    15-minute rate = 172,88 calls/second
               min = 30,67 milliseconds
               max = 106,66 milliseconds
              mean = 47,16 milliseconds
            stddev = 15,73 milliseconds
            median = 41,62 milliseconds
              75% <= 50,22 milliseconds
              95% <= 86,07 milliseconds
              98% <= 98,18 milliseconds
              99% <= 103,91 milliseconds
            99.9% <= 106,66 milliseconds


13.05.2022 16.12.40 ============================================================

-- Timers ----------------------------------------------------------------------
stats-per-second-INSERT
             count = 16345
         mean rate = 220,85 calls/second
     1-minute rate = 207,32 calls/second
     5-minute rate = 179,92 calls/second
    15-minute rate = 172,88 calls/second
               min = 32,45 milliseconds
               max = 95,01 milliseconds
              mean = 51,09 milliseconds
            stddev = 15,75 milliseconds
            median = 46,06 milliseconds
              75% <= 65,68 milliseconds
              95% <= 78,85 milliseconds
              98% <= 91,36 milliseconds
              99% <= 93,31 milliseconds
            99.9% <= 95,01 milliseconds


13.05.2022 16.12.41 ============================================================

-- Timers ----------------------------------------------------------------------
stats-per-second-INSERT
             count = 16497
         mean rate = 219,93 calls/second
     1-minute rate = 207,63 calls/second
     5-minute rate = 180,43 calls/second
    15-minute rate = 173,09 calls/second
               min = 30,15 milliseconds
               max = 211,97 milliseconds
              mean = 69,78 milliseconds
            stddev = 38,82 milliseconds
            median = 61,96 milliseconds
              75% <= 82,41 milliseconds
              95% <= 183,63 milliseconds
              98% <= 211,48 milliseconds
              99% <= 211,90 milliseconds
            99.9% <= 211,97 milliseconds


13.05.2022 16.12.42 ============================================================

-- Timers ----------------------------------------------------------------------
stats-per-second-INSERT
             count = 16745
         mean rate = 220,30 calls/second
     1-minute rate = 207,63 calls/second
     5-minute rate = 180,43 calls/second
    15-minute rate = 173,09 calls/second
               min = 28,54 milliseconds
               max = 79,30 milliseconds
              mean = 40,50 milliseconds
            stddev = 8,30 milliseconds
            median = 38,56 milliseconds
              75% <= 42,00 milliseconds
              95% <= 64,87 milliseconds
              98% <= 68,44 milliseconds
              99% <= 72,08 milliseconds
            99.9% <= 79,30 milliseconds


13.05.2022 16.12.43 ============================================================

-- Timers ----------------------------------------------------------------------
stats-per-second-INSERT
             count = 17014
         mean rate = 220,93 calls/second
     1-minute rate = 207,63 calls/second
     5-minute rate = 180,43 calls/second
    15-minute rate = 173,09 calls/second
               min = 30,56 milliseconds
               max = 50,76 milliseconds
              mean = 37,48 milliseconds
            stddev = 3,92 milliseconds
            median = 36,59 milliseconds
              75% <= 39,79 milliseconds
              95% <= 44,46 milliseconds
              98% <= 47,32 milliseconds
              99% <= 49,60 milliseconds
            99.9% <= 50,76 milliseconds


13.05.2022 16.12.44 ============================================================

-- Timers ----------------------------------------------------------------------
stats-per-second-INSERT
             count = 17264
         mean rate = 221,31 calls/second
     1-minute rate = 207,63 calls/second
     5-minute rate = 180,43 calls/second
    15-minute rate = 173,09 calls/second
               min = 31,26 milliseconds
               max = 63,66 milliseconds
              mean = 39,46 milliseconds
            stddev = 6,10 milliseconds
            median = 37,83 milliseconds
              75% <= 41,10 milliseconds
              95% <= 54,50 milliseconds
              98% <= 58,76 milliseconds
              99% <= 61,24 milliseconds
            99.9% <= 63,66 milliseconds


13.05.2022 16.12.45 ============================================================

-- Timers ----------------------------------------------------------------------
stats-per-second-INSERT
             count = 17469
         mean rate = 221,10 calls/second
     1-minute rate = 207,63 calls/second
     5-minute rate = 180,43 calls/second
    15-minute rate = 173,09 calls/second
               min = 30,59 milliseconds
               max = 122,38 milliseconds
              mean = 48,31 milliseconds
            stddev = 18,08 milliseconds
            median = 42,25 milliseconds
              75% <= 55,89 milliseconds
              95% <= 98,68 milliseconds
              98% <= 106,87 milliseconds
              99% <= 107,19 milliseconds
            99.9% <= 122,38 milliseconds


13.05.2022 16.12.46 ============================================================

-- Timers ----------------------------------------------------------------------
stats-per-second-INSERT
             count = 17651
         mean rate = 220,61 calls/second
     1-minute rate = 209,50 calls/second
     5-minute rate = 181,27 calls/second
    15-minute rate = 173,41 calls/second
               min = 30,98 milliseconds
               max = 122,96 milliseconds
              mean = 55,88 milliseconds
            stddev = 25,55 milliseconds
            median = 42,75 milliseconds
              75% <= 70,93 milliseconds
              95% <= 113,64 milliseconds
              98% <= 116,11 milliseconds
              99% <= 118,19 milliseconds
            99.9% <= 122,96 milliseconds


13.05.2022 16.12.47 ============================================================

-- Timers ----------------------------------------------------------------------
stats-per-second-INSERT
             count = 17868
         mean rate = 220,56 calls/second
     1-minute rate = 209,50 calls/second
     5-minute rate = 181,27 calls/second
    15-minute rate = 173,41 calls/second
               min = 31,59 milliseconds
               max = 135,79 milliseconds
              mean = 46,15 milliseconds
            stddev = 20,18 milliseconds
            median = 40,55 milliseconds
              75% <= 45,36 milliseconds
              95% <= 76,14 milliseconds
              98% <= 133,03 milliseconds
              99% <= 133,41 milliseconds
            99.9% <= 135,79 milliseconds


13.05.2022 16.12.48 ============================================================

-- Timers ----------------------------------------------------------------------
stats-per-second-INSERT
             count = 18029
         mean rate = 219,84 calls/second
     1-minute rate = 209,50 calls/second
     5-minute rate = 181,27 calls/second
    15-minute rate = 173,41 calls/second
               min = 32,41 milliseconds
               max = 111,95 milliseconds
              mean = 62,65 milliseconds
            stddev = 24,97 milliseconds
            median = 56,97 milliseconds
              75% <= 91,95 milliseconds
              95% <= 104,24 milliseconds
              98% <= 105,26 milliseconds
              99% <= 108,01 milliseconds
            99.9% <= 111,95 milliseconds


13.05.2022 16.12.49 ============================================================

-- Timers ----------------------------------------------------------------------
stats-per-second-INSERT
             count = 18227
         mean rate = 219,57 calls/second
     1-minute rate = 209,50 calls/second
     5-minute rate = 181,27 calls/second
    15-minute rate = 173,41 calls/second
               min = 30,96 milliseconds
               max = 143,12 milliseconds
              mean = 50,73 milliseconds
            stddev = 26,41 milliseconds
            median = 40,43 milliseconds
              75% <= 47,95 milliseconds
              95% <= 119,28 milliseconds
              98% <= 142,91 milliseconds
              99% <= 143,04 milliseconds
            99.9% <= 143,12 milliseconds


13.05.2022 16.12.50 ============================================================

-- Timers ----------------------------------------------------------------------
stats-per-second-INSERT
             count = 18428
         mean rate = 219,36 calls/second
     1-minute rate = 209,50 calls/second
     5-minute rate = 181,27 calls/second
    15-minute rate = 173,41 calls/second
               min = 30,36 milliseconds
               max = 206,94 milliseconds
              mean = 49,85 milliseconds
            stddev = 34,89 milliseconds
            median = 40,91 milliseconds
              75% <= 48,58 milliseconds
              95% <= 147,08 milliseconds
              98% <= 205,22 milliseconds
              99% <= 205,83 milliseconds
            99.9% <= 206,94 milliseconds


13.05.2022 16.12.51 ============================================================

-- Timers ----------------------------------------------------------------------
stats-per-second-INSERT
             count = 18649
         mean rate = 219,36 calls/second
     1-minute rate = 208,60 calls/second
     5-minute rate = 181,55 calls/second
    15-minute rate = 173,55 calls/second
               min = 31,50 milliseconds
               max = 71,55 milliseconds
              mean = 45,13 milliseconds
            stddev = 10,37 milliseconds
            median = 42,07 milliseconds
              75% <= 46,50 milliseconds
              95% <= 70,37 milliseconds
              98% <= 71,09 milliseconds
              99% <= 71,43 milliseconds
            99.9% <= 71,55 milliseconds


13.05.2022 16.12.52 ============================================================

-- Timers ----------------------------------------------------------------------
stats-per-second-INSERT
             count = 18897
         mean rate = 219,71 calls/second
     1-minute rate = 208,60 calls/second
     5-minute rate = 181,55 calls/second
    15-minute rate = 173,55 calls/second
               min = 31,32 milliseconds
               max = 77,03 milliseconds
              mean = 40,86 milliseconds
            stddev = 8,80 milliseconds
            median = 38,09 milliseconds
              75% <= 42,96 milliseconds
              95% <= 62,16 milliseconds
              98% <= 76,16 milliseconds
              99% <= 76,66 milliseconds
            99.9% <= 77,03 milliseconds


13.05.2022 16.12.53 ============================================================

-- Timers ----------------------------------------------------------------------
stats-per-second-INSERT
             count = 19158
         mean rate = 220,21 calls/second
     1-minute rate = 208,60 calls/second
     5-minute rate = 181,55 calls/second
    15-minute rate = 173,55 calls/second
               min = 30,57 milliseconds
               max = 60,93 milliseconds
              mean = 37,86 milliseconds
            stddev = 6,13 milliseconds
            median = 36,46 milliseconds
              75% <= 39,90 milliseconds
              95% <= 52,03 milliseconds
              98% <= 59,49 milliseconds
              99% <= 60,29 milliseconds
            99.9% <= 60,93 milliseconds


13.05.2022 16.12.54 ============================================================

-- Timers ----------------------------------------------------------------------
stats-per-second-INSERT
             count = 19425
         mean rate = 220,72 calls/second
     1-minute rate = 208,60 calls/second
     5-minute rate = 181,55 calls/second
    15-minute rate = 173,55 calls/second
               min = 30,38 milliseconds
               max = 79,15 milliseconds
              mean = 37,21 milliseconds
            stddev = 7,31 milliseconds
            median = 35,30 milliseconds
              75% <= 38,59 milliseconds
              95% <= 48,12 milliseconds
              98% <= 68,08 milliseconds
              99% <= 75,10 milliseconds
            99.9% <= 79,15 milliseconds


13.05.2022 16.12.55 ============================================================

-- Timers ----------------------------------------------------------------------
stats-per-second-INSERT
             count = 19684
         mean rate = 221,14 calls/second
     1-minute rate = 208,60 calls/second
     5-minute rate = 181,55 calls/second
    15-minute rate = 173,55 calls/second
               min = 29,44 milliseconds
               max = 56,76 milliseconds
              mean = 38,89 milliseconds
            stddev = 6,30 milliseconds
            median = 36,79 milliseconds
              75% <= 39,99 milliseconds
              95% <= 53,08 milliseconds
              98% <= 56,24 milliseconds
              99% <= 56,46 milliseconds
            99.9% <= 56,76 milliseconds


13.05.2022 16.12.56 ============================================================

-- Timers ----------------------------------------------------------------------
stats-per-second-INSERT
             count = 19939
         mean rate = 221,52 calls/second
     1-minute rate = 212,66 calls/second
     5-minute rate = 182,84 calls/second
    15-minute rate = 174,03 calls/second
               min = 30,70 milliseconds
               max = 59,19 milliseconds
              mean = 39,12 milliseconds
            stddev = 5,99 milliseconds
            median = 37,88 milliseconds
              75% <= 41,69 milliseconds
              95% <= 52,42 milliseconds
              98% <= 58,33 milliseconds
              99% <= 59,04 milliseconds
            99.9% <= 59,19 milliseconds


2022-05-13 16:12:56,238 [pool-1-thread-1] INFO  d.i.mongodb.perf.OperationExecutor - Done (in time) in 90221 ms 
2022-05-13 16:12:56,240 [pool-1-thread-1] INFO  d.i.mongodb.perf.OperationExecutor - affected documents: 20000
2022-05-13 16:12:56,243 [pool-1-thread-1] INFO  d.i.mongodb.perf.OperationExecutor - count: 20000
2022-05-13 16:12:56,243 [pool-1-thread-1] INFO  d.i.mongodb.perf.OperationExecutor - FifteenMinuteRate: 174.0274620731437
2022-05-13 16:12:56,243 [pool-1-thread-1] INFO  d.i.mongodb.perf.OperationExecutor - FiveMinuteRate: 182.8364956245567
2022-05-13 16:12:56,243 [pool-1-thread-1] INFO  d.i.mongodb.perf.OperationExecutor - OneMinuteRate: 212.660928003631
2022-05-13 16:12:56,243 [pool-1-thread-1] INFO  d.i.mongodb.perf.OperationExecutor - MeanRate: 221.6623298577573
2022-05-13 16:12:56,244 [main] INFO  d.i.mongodb.perf.MongoDbAccessor - >>> closeConnections 35.198.67.211:27017
2022-05-13 16:12:56,248 [pool-1-thread-1] INFO  d.i.mongodb.perf.OperationExecutor - Snapshot 75thPercentile: 43.787208
2022-05-13 16:12:56,248 [pool-1-thread-1] INFO  d.i.mongodb.perf.OperationExecutor - Snapshot 95thPercentile: 75.41645799999999
2022-05-13 16:12:56,249 [pool-1-thread-1] INFO  d.i.mongodb.perf.OperationExecutor - Snapshot 98thPercentile: 115.870542
2022-05-13 16:12:56,249 [pool-1-thread-1] INFO  d.i.mongodb.perf.OperationExecutor - Snapshot 99thPercentile: 153.768667
2022-05-13 16:12:56,249 [pool-1-thread-1] INFO  d.i.mongodb.perf.OperationExecutor - Snapshot 999thPercentile: 273.368166
2022-05-13 16:12:56,249 [pool-1-thread-1] INFO  d.i.mongodb.perf.OperationExecutor - Snapshot Min: 29.349207999999997
2022-05-13 16:12:56,249 [pool-1-thread-1] INFO  d.i.mongodb.perf.OperationExecutor - Snapshot Max: 313.97554199999996
2022-05-13 16:12:56,249 [pool-1-thread-1] INFO  d.i.mongodb.perf.OperationExecutor - Snapshot Mean: 44.33294492894447
2022-05-13 16:12:56,249 [pool-1-thread-1] INFO  d.i.mongodb.perf.OperationExecutor - Snapshot Median: 38.795
2022-05-13 16:12:56,249 [pool-1-thread-1] INFO  d.i.mongodb.perf.OperationExecutor - Snapshot StdDev: 22.26059951817436
2022-05-13 16:12:56,249 [pool-1-thread-1] INFO  d.i.mongodb.perf.OperationExecutor - Snapshot Size: 1028
13.05.2022 16.12.56 ============================================================

-- Timers ----------------------------------------------------------------------
stats-per-run-INSERT
             count = 20000
         mean rate = 221,64 calls/second
     1-minute rate = 212,66 calls/second
     5-minute rate = 182,84 calls/second
    15-minute rate = 174,03 calls/second
               min = 29,35 milliseconds
               max = 313,98 milliseconds
              mean = 44,33 milliseconds
            stddev = 22,26 milliseconds
            median = 38,80 milliseconds
              75% <= 43,79 milliseconds
              95% <= 75,42 milliseconds
              98% <= 115,87 milliseconds
              99% <= 153,77 milliseconds
            99.9% <= 273,37 milliseconds


2022-05-13 16:12:56,257 [pool-1-thread-1] INFO  d.i.mongodb.perf.OperationExecutor - stopReporters
2022-05-13 16:12:56,258 [pool-1-thread-1] INFO  d.i.mongodb.perf.OperationExecutor - consoleReporter stopped
2022-05-13 16:12:56,258 [pool-1-thread-1] INFO  d.i.mongodb.perf.OperationExecutor - allConsoleReporter stopped
2022-05-13 16:12:56,258 [pool-1-thread-1] INFO  d.i.mongodb.perf.OperationExecutor - csvReporter stopped
2022-05-13 16:12:56,258 [pool-1-thread-1] INFO  d.i.mongodb.perf.OperationExecutor - If run took more than 1 second, csv-file 'stats-per-second-INSERT.csv' saved in folder: /Users/oscarorellana/Desktop/softcorp/doubble/mongodb-performance-test/latest-version
2022-05-13 16:12:56,258 [pool-1-thread-1] INFO  d.i.mongodb.perf.OperationExecutor - csvReporterAll stopped
2022-05-13 16:12:56,258 [pool-1-thread-1] INFO  d.i.mongodb.perf.OperationExecutor - Summary of statistics saved in csv-file 'stats-per-run-INSERT.csv' located in folder: /Users/oscarorellana/Desktop/softcorp/doubble/mongodb-performance-test/latest-version
2022-05-13 16:12:56,276 [main] INFO  org.mongodb.driver.connection - Closed connection [connectionId{localValue:9, serverValue:530}] to 35.198.67.211:27017 because the pool has been closed.
2022-05-13 16:12:56,278 [main] INFO  org.mongodb.driver.connection - Closed connection [connectionId{localValue:5, serverValue:532}] to 35.198.67.211:27017 because the pool has been closed.
2022-05-13 16:12:56,278 [main] INFO  org.mongodb.driver.connection - Closed connection [connectionId{localValue:3, serverValue:526}] to 35.198.67.211:27017 because the pool has been closed.
2022-05-13 16:12:56,278 [main] INFO  org.mongodb.driver.connection - Closed connection [connectionId{localValue:8, serverValue:531}] to 35.198.67.211:27017 because the pool has been closed.
2022-05-13 16:12:56,278 [main] INFO  org.mongodb.driver.connection - Closed connection [connectionId{localValue:2, serverValue:525}] to 35.198.67.211:27017 because the pool has been closed.
2022-05-13 16:12:56,279 [main] INFO  org.mongodb.driver.connection - Closed connection [connectionId{localValue:11, serverValue:534}] to 35.198.67.211:27017 because the pool has been closed.
2022-05-13 16:12:56,279 [main] INFO  org.mongodb.driver.connection - Closed connection [connectionId{localValue:4, serverValue:533}] to 35.198.67.211:27017 because the pool has been closed.
2022-05-13 16:12:56,279 [main] INFO  org.mongodb.driver.connection - Closed connection [connectionId{localValue:10, serverValue:529}] to 35.198.67.211:27017 because the pool has been closed.
2022-05-13 16:12:56,279 [main] INFO  org.mongodb.driver.connection - Closed connection [connectionId{localValue:6, serverValue:527}] to 35.198.67.211:27017 because the pool has been closed.
2022-05-13 16:12:56,279 [main] INFO  org.mongodb.driver.connection - Closed connection [connectionId{localValue:7, serverValue:528}] to 35.198.67.211:27017 because the pool has been closed.
2022-05-13 16:12:56,280 [main] INFO  d.i.mongodb.perf.MongoDbAccessor - <<< closeConnections 35.198.67.211:27017
