2022-05-13 16:10:12,423 [main] INFO  d.i.mongodb.perf.MongoDbAccessor - >>> init 35.198.67.211:27017
2022-05-13 16:10:12,513 [main] INFO  org.mongodb.driver.cluster - Cluster created with settings {hosts=[35.198.67.211:27017], mode=SINGLE, requiredClusterType=UNKNOWN, serverSelectionTimeout='30000 ms', maxWaitQueueSize=50000}
2022-05-13 16:10:12,523 [main] INFO  d.i.mongodb.perf.MongoDbAccessor - <<< init
2022-05-13 16:10:12,530 [main] INFO  org.mongodb.driver.cluster - Cluster description not yet available. Waiting for 30000 ms before timing out
2022-05-13 16:10:12,636 [cluster-ClusterId{value='627e66c4c29c776637658ba9', description='null'}-35.198.67.211:27017] INFO  org.mongodb.driver.connection - Opened connection [connectionId{localValue:1, serverValue:444}] to 35.198.67.211:27017
2022-05-13 16:10:12,666 [cluster-ClusterId{value='627e66c4c29c776637658ba9', description='null'}-35.198.67.211:27017] INFO  org.mongodb.driver.cluster - Monitor thread successfully connected to server with description ServerDescription{address=35.198.67.211:27017, type=REPLICA_SET_PRIMARY, state=CONNECTED, ok=true, version=ServerVersion{versionList=[5, 0, 8]}, minWireVersion=0, maxWireVersion=13, maxDocumentSize=16777216, logicalSessionTimeoutMinutes=30, roundTripTimeNanos=29659458, setName='rs0', canonicalAddress=35.198.67.211:27017, hosts=[34.159.169.88:27017, 35.198.67.211:27017, 34.159.223.31:27017], passives=[], arbiters=[mongodb-arbiter-0.mongodb-arbiter-headless.mongodb-slow.svc.cluster.local:27017], primary='35.198.67.211:27017', tagSet=TagSet{[]}, electionId=7fffffff0000000000000002, setVersion=8, lastWriteDate=Fri May 13 16:10:10 CEST 2022, lastUpdateTimeNanos=355357528421666}
2022-05-13 16:10:12,938 [main] INFO  org.mongodb.driver.connection - Opened connection [connectionId{localValue:2, serverValue:445}] to 35.198.67.211:27017
2022-05-13 16:10:13,038 [main] INFO  d.i.mongodb.perf.OperationExecutor - >>> OperationExecutor threadCount: 10, opsCount: 5000, maxDurationInSeconds: 3600, operation: CountOperation
2022-05-13 16:10:13,038 [main] INFO  d.i.mongodb.perf.OperationExecutor - java execution path: /Users/oscarorellana/Desktop/softcorp/doubble/mongodb-performance-test/latest-version/mongodb-performance-test.jar
2022-05-13 16:10:13,224 [pool-2-thread-3] INFO  org.mongodb.driver.connection - Opened connection [connectionId{localValue:10, serverValue:450}] to 35.198.67.211:27017
2022-05-13 16:10:13,229 [pool-2-thread-1] INFO  org.mongodb.driver.connection - Opened connection [connectionId{localValue:5, serverValue:446}] to 35.198.67.211:27017
2022-05-13 16:10:13,232 [pool-2-thread-4] INFO  org.mongodb.driver.connection - Opened connection [connectionId{localValue:7, serverValue:448}] to 35.198.67.211:27017
2022-05-13 16:10:13,239 [pool-2-thread-9] INFO  org.mongodb.driver.connection - Opened connection [connectionId{localValue:6, serverValue:449}] to 35.198.67.211:27017
2022-05-13 16:10:13,239 [pool-2-thread-7] INFO  org.mongodb.driver.connection - Opened connection [connectionId{localValue:11, serverValue:452}] to 35.198.67.211:27017
2022-05-13 16:10:13,239 [pool-2-thread-10] INFO  org.mongodb.driver.connection - Opened connection [connectionId{localValue:4, serverValue:447}] to 35.198.67.211:27017
2022-05-13 16:10:13,239 [pool-2-thread-2] INFO  org.mongodb.driver.connection - Opened connection [connectionId{localValue:8, serverValue:451}] to 35.198.67.211:27017
2022-05-13 16:10:13,243 [pool-2-thread-6] INFO  org.mongodb.driver.connection - Opened connection [connectionId{localValue:9, serverValue:453}] to 35.198.67.211:27017
2022-05-13 16:10:13,246 [pool-2-thread-5] INFO  org.mongodb.driver.connection - Opened connection [connectionId{localValue:3, serverValue:454}] to 35.198.67.211:27017
13.05.2022 16.10.14 ============================================================

-- Timers ----------------------------------------------------------------------
stats-per-second-COUNT_ONE
             count = 249
         mean rate = 244,52 calls/second
     1-minute rate = 0,00 calls/second
     5-minute rate = 0,00 calls/second
    15-minute rate = 0,00 calls/second
               min = 27,30 milliseconds
               max = 232,46 milliseconds
              mean = 40,00 milliseconds
            stddev = 35,68 milliseconds
            median = 32,40 milliseconds
              75% <= 36,05 milliseconds
              95% <= 46,65 milliseconds
              98% <= 224,13 milliseconds
              99% <= 226,90 milliseconds
            99.9% <= 232,46 milliseconds


13.05.2022 16.10.15 ============================================================

-- Timers ----------------------------------------------------------------------
stats-per-second-COUNT_ONE
             count = 547
         mean rate = 271,57 calls/second
     1-minute rate = 0,00 calls/second
     5-minute rate = 0,00 calls/second
    15-minute rate = 0,00 calls/second
               min = 24,44 milliseconds
               max = 56,81 milliseconds
              mean = 33,79 milliseconds
            stddev = 4,34 milliseconds
            median = 32,63 milliseconds
              75% <= 36,70 milliseconds
              95% <= 41,21 milliseconds
              98% <= 44,61 milliseconds
              99% <= 46,33 milliseconds
            99.9% <= 56,81 milliseconds


13.05.2022 16.10.16 ============================================================

-- Timers ----------------------------------------------------------------------
stats-per-second-COUNT_ONE
             count = 854
         mean rate = 283,46 calls/second
     1-minute rate = 0,00 calls/second
     5-minute rate = 0,00 calls/second
    15-minute rate = 0,00 calls/second
               min = 22,56 milliseconds
               max = 48,63 milliseconds
              mean = 32,36 milliseconds
            stddev = 3,85 milliseconds
            median = 31,59 milliseconds
              75% <= 34,17 milliseconds
              95% <= 39,13 milliseconds
              98% <= 43,24 milliseconds
              99% <= 46,28 milliseconds
            99.9% <= 48,63 milliseconds


13.05.2022 16.10.17 ============================================================

-- Timers ----------------------------------------------------------------------
stats-per-second-COUNT_ONE
             count = 1131
         mean rate = 282,06 calls/second
     1-minute rate = 0,00 calls/second
     5-minute rate = 0,00 calls/second
    15-minute rate = 0,00 calls/second
               min = 25,15 milliseconds
               max = 74,45 milliseconds
              mean = 35,90 milliseconds
            stddev = 10,64 milliseconds
            median = 32,22 milliseconds
              75% <= 34,38 milliseconds
              95% <= 65,30 milliseconds
              98% <= 67,70 milliseconds
              99% <= 70,09 milliseconds
            99.9% <= 74,45 milliseconds


13.05.2022 16.10.18 ============================================================

-- Timers ----------------------------------------------------------------------
stats-per-second-COUNT_ONE
             count = 1427
         mean rate = 284,82 calls/second
     1-minute rate = 285,20 calls/second
     5-minute rate = 285,20 calls/second
    15-minute rate = 285,20 calls/second
               min = 26,31 milliseconds
               max = 69,48 milliseconds
              mean = 33,61 milliseconds
            stddev = 5,38 milliseconds
            median = 32,50 milliseconds
              75% <= 35,62 milliseconds
              95% <= 43,34 milliseconds
              98% <= 51,18 milliseconds
              99% <= 52,46 milliseconds
            99.9% <= 69,48 milliseconds


13.05.2022 16.10.19 ============================================================

-- Timers ----------------------------------------------------------------------
stats-per-second-COUNT_ONE
             count = 1729
         mean rate = 287,73 calls/second
     1-minute rate = 285,20 calls/second
     5-minute rate = 285,20 calls/second
    15-minute rate = 285,20 calls/second
               min = 25,48 milliseconds
               max = 45,85 milliseconds
              mean = 32,93 milliseconds
            stddev = 3,50 milliseconds
            median = 32,17 milliseconds
              75% <= 34,80 milliseconds
              95% <= 39,50 milliseconds
              98% <= 42,12 milliseconds
              99% <= 45,31 milliseconds
            99.9% <= 45,85 milliseconds


13.05.2022 16.10.20 ============================================================

-- Timers ----------------------------------------------------------------------
stats-per-second-COUNT_ONE
             count = 2035
         mean rate = 290,45 calls/second
     1-minute rate = 285,20 calls/second
     5-minute rate = 285,20 calls/second
    15-minute rate = 285,20 calls/second
               min = 25,82 milliseconds
               max = 48,10 milliseconds
              mean = 32,65 milliseconds
            stddev = 4,07 milliseconds
            median = 31,50 milliseconds
              75% <= 34,98 milliseconds
              95% <= 41,24 milliseconds
              98% <= 43,40 milliseconds
              99% <= 46,39 milliseconds
            99.9% <= 48,10 milliseconds


13.05.2022 16.10.21 ============================================================

-- Timers ----------------------------------------------------------------------
stats-per-second-COUNT_ONE
             count = 2345
         mean rate = 292,53 calls/second
     1-minute rate = 285,20 calls/second
     5-minute rate = 285,20 calls/second
    15-minute rate = 285,20 calls/second
               min = 26,86 milliseconds
               max = 45,61 milliseconds
              mean = 32,75 milliseconds
            stddev = 3,37 milliseconds
            median = 32,21 milliseconds
              75% <= 34,72 milliseconds
              95% <= 39,21 milliseconds
              98% <= 40,90 milliseconds
              99% <= 42,72 milliseconds
            99.9% <= 45,61 milliseconds


13.05.2022 16.10.22 ============================================================

-- Timers ----------------------------------------------------------------------
stats-per-second-COUNT_ONE
             count = 2630
         mean rate = 291,81 calls/second
     1-minute rate = 285,20 calls/second
     5-minute rate = 285,20 calls/second
    15-minute rate = 285,20 calls/second
               min = 25,75 milliseconds
               max = 66,34 milliseconds
              mean = 34,86 milliseconds
            stddev = 7,07 milliseconds
            median = 33,02 milliseconds
              75% <= 35,81 milliseconds
              95% <= 51,64 milliseconds
              98% <= 59,21 milliseconds
              99% <= 65,13 milliseconds
            99.9% <= 66,34 milliseconds


13.05.2022 16.10.23 ============================================================

-- Timers ----------------------------------------------------------------------
stats-per-second-COUNT_ONE
             count = 2933
         mean rate = 293,14 calls/second
     1-minute rate = 286,50 calls/second
     5-minute rate = 285,47 calls/second
    15-minute rate = 285,29 calls/second
               min = 26,02 milliseconds
               max = 46,59 milliseconds
              mean = 32,47 milliseconds
            stddev = 3,89 milliseconds
            median = 31,64 milliseconds
              75% <= 34,06 milliseconds
              95% <= 40,82 milliseconds
              98% <= 43,49 milliseconds
              99% <= 44,82 milliseconds
            99.9% <= 46,59 milliseconds


13.05.2022 16.10.24 ============================================================

-- Timers ----------------------------------------------------------------------
stats-per-second-COUNT_ONE
             count = 3232
         mean rate = 293,58 calls/second
     1-minute rate = 286,50 calls/second
     5-minute rate = 285,47 calls/second
    15-minute rate = 285,29 calls/second
               min = 26,96 milliseconds
               max = 80,91 milliseconds
              mean = 33,60 milliseconds
            stddev = 7,27 milliseconds
            median = 32,42 milliseconds
              75% <= 34,58 milliseconds
              95% <= 43,03 milliseconds
              98% <= 61,28 milliseconds
              99% <= 78,93 milliseconds
            99.9% <= 80,91 milliseconds


13.05.2022 16.10.25 ============================================================

-- Timers ----------------------------------------------------------------------
stats-per-second-COUNT_ONE
             count = 3538
         mean rate = 294,58 calls/second
     1-minute rate = 286,50 calls/second
     5-minute rate = 285,47 calls/second
    15-minute rate = 285,29 calls/second
               min = 26,26 milliseconds
               max = 43,03 milliseconds
              mean = 32,61 milliseconds
            stddev = 2,92 milliseconds
            median = 32,54 milliseconds
              75% <= 34,24 milliseconds
              95% <= 39,08 milliseconds
              98% <= 40,22 milliseconds
              99% <= 41,19 milliseconds
            99.9% <= 43,03 milliseconds


13.05.2022 16.10.26 ============================================================

-- Timers ----------------------------------------------------------------------
stats-per-second-COUNT_ONE
             count = 3806
         mean rate = 292,65 calls/second
     1-minute rate = 286,50 calls/second
     5-minute rate = 285,47 calls/second
    15-minute rate = 285,29 calls/second
               min = 27,67 milliseconds
               max = 94,59 milliseconds
              mean = 37,67 milliseconds
            stddev = 11,64 milliseconds
            median = 33,75 milliseconds
              75% <= 37,66 milliseconds
              95% <= 65,92 milliseconds
              98% <= 80,04 milliseconds
              99% <= 84,07 milliseconds
            99.9% <= 94,59 milliseconds


13.05.2022 16.10.27 ============================================================

-- Timers ----------------------------------------------------------------------
stats-per-second-COUNT_ONE
             count = 4109
         mean rate = 293,32 calls/second
     1-minute rate = 286,50 calls/second
     5-minute rate = 285,47 calls/second
    15-minute rate = 285,29 calls/second
               min = 26,85 milliseconds
               max = 47,83 milliseconds
              mean = 32,42 milliseconds
            stddev = 3,05 milliseconds
            median = 32,04 milliseconds
              75% <= 34,50 milliseconds
              95% <= 37,45 milliseconds
              98% <= 38,85 milliseconds
              99% <= 40,64 milliseconds
            99.9% <= 47,83 milliseconds


13.05.2022 16.10.28 ============================================================

-- Timers ----------------------------------------------------------------------
stats-per-second-COUNT_ONE
             count = 4403
         mean rate = 293,45 calls/second
     1-minute rate = 287,10 calls/second
     5-minute rate = 285,61 calls/second
    15-minute rate = 285,34 calls/second
               min = 26,97 milliseconds
               max = 65,50 milliseconds
              mean = 34,15 milliseconds
            stddev = 6,27 milliseconds
            median = 32,49 milliseconds
              75% <= 35,04 milliseconds
              95% <= 48,19 milliseconds
              98% <= 54,22 milliseconds
              99% <= 61,17 milliseconds
            99.9% <= 65,50 milliseconds


13.05.2022 16.10.29 ============================================================

-- Timers ----------------------------------------------------------------------
stats-per-second-COUNT_ONE
             count = 4710
         mean rate = 294,27 calls/second
     1-minute rate = 287,10 calls/second
     5-minute rate = 285,61 calls/second
    15-minute rate = 285,34 calls/second
               min = 27,00 milliseconds
               max = 45,38 milliseconds
              mean = 32,38 milliseconds
            stddev = 3,66 milliseconds
            median = 31,56 milliseconds
              75% <= 33,83 milliseconds
              95% <= 40,42 milliseconds
              98% <= 44,67 milliseconds
              99% <= 44,84 milliseconds
            99.9% <= 45,38 milliseconds


2022-05-13 16:10:29,980 [pool-1-thread-1] INFO  d.i.mongodb.perf.OperationExecutor - Done (in time) in 16937 ms 
2022-05-13 16:10:29,981 [pool-1-thread-1] INFO  d.i.mongodb.perf.OperationExecutor - affected documents: 5000
2022-05-13 16:10:29,981 [pool-1-thread-1] INFO  d.i.mongodb.perf.OperationExecutor - count: 5000
2022-05-13 16:10:29,981 [pool-1-thread-1] INFO  d.i.mongodb.perf.OperationExecutor - FifteenMinuteRate: 285.3380065686747
2022-05-13 16:10:29,982 [pool-1-thread-1] INFO  d.i.mongodb.perf.OperationExecutor - FiveMinuteRate: 285.60878793047146
2022-05-13 16:10:29,982 [pool-1-thread-1] INFO  d.i.mongodb.perf.OperationExecutor - OneMinuteRate: 287.095324725029
2022-05-13 16:10:29,982 [pool-1-thread-1] INFO  d.i.mongodb.perf.OperationExecutor - MeanRate: 295.1537016590811
2022-05-13 16:10:29,982 [main] INFO  d.i.mongodb.perf.MongoDbAccessor - >>> closeConnections 35.198.67.211:27017
2022-05-13 16:10:29,988 [pool-1-thread-1] INFO  d.i.mongodb.perf.OperationExecutor - Snapshot 75thPercentile: 34.985583
2022-05-13 16:10:29,989 [pool-1-thread-1] INFO  d.i.mongodb.perf.OperationExecutor - Snapshot 95thPercentile: 44.111166999999995
2022-05-13 16:10:29,989 [pool-1-thread-1] INFO  d.i.mongodb.perf.OperationExecutor - Snapshot 98thPercentile: 53.810083
2022-05-13 16:10:29,989 [pool-1-thread-1] INFO  d.i.mongodb.perf.OperationExecutor - Snapshot 99thPercentile: 62.805833
2022-05-13 16:10:29,989 [pool-1-thread-1] INFO  d.i.mongodb.perf.OperationExecutor - Snapshot 999thPercentile: 79.788083
2022-05-13 16:10:29,989 [pool-1-thread-1] INFO  d.i.mongodb.perf.OperationExecutor - Snapshot Min: 26.270291999999998
2022-05-13 16:10:29,989 [pool-1-thread-1] INFO  d.i.mongodb.perf.OperationExecutor - Snapshot Max: 79.788083
2022-05-13 16:10:29,989 [pool-1-thread-1] INFO  d.i.mongodb.perf.OperationExecutor - Snapshot Mean: 33.706003609484426
2022-05-13 16:10:29,990 [pool-1-thread-1] INFO  d.i.mongodb.perf.OperationExecutor - Snapshot Median: 32.268625
2022-05-13 16:10:29,990 [pool-1-thread-1] INFO  d.i.mongodb.perf.OperationExecutor - Snapshot StdDev: 6.009622415547315
2022-05-13 16:10:29,990 [pool-1-thread-1] INFO  d.i.mongodb.perf.OperationExecutor - Snapshot Size: 1028
13.05.2022 16.10.29 ============================================================

-- Timers ----------------------------------------------------------------------
stats-per-run-COUNT_ONE
             count = 5000
         mean rate = 294,93 calls/second
     1-minute rate = 287,10 calls/second
     5-minute rate = 285,61 calls/second
    15-minute rate = 285,34 calls/second
               min = 26,27 milliseconds
               max = 79,79 milliseconds
              mean = 33,71 milliseconds
            stddev = 6,01 milliseconds
            median = 32,27 milliseconds
              75% <= 34,99 milliseconds
              95% <= 44,11 milliseconds
              98% <= 53,81 milliseconds
              99% <= 62,81 milliseconds
            99.9% <= 79,79 milliseconds


2022-05-13 16:10:29,999 [pool-1-thread-1] INFO  d.i.mongodb.perf.OperationExecutor - stopReporters
2022-05-13 16:10:29,999 [pool-1-thread-1] INFO  d.i.mongodb.perf.OperationExecutor - consoleReporter stopped
2022-05-13 16:10:29,999 [pool-1-thread-1] INFO  d.i.mongodb.perf.OperationExecutor - allConsoleReporter stopped
2022-05-13 16:10:30,000 [pool-1-thread-1] INFO  d.i.mongodb.perf.OperationExecutor - csvReporter stopped
2022-05-13 16:10:30,000 [pool-1-thread-1] INFO  d.i.mongodb.perf.OperationExecutor - If run took more than 1 second, csv-file 'stats-per-second-COUNT_ONE.csv' saved in folder: /Users/oscarorellana/Desktop/softcorp/doubble/mongodb-performance-test/latest-version
2022-05-13 16:10:30,000 [pool-1-thread-1] INFO  d.i.mongodb.perf.OperationExecutor - csvReporterAll stopped
2022-05-13 16:10:30,000 [pool-1-thread-1] INFO  d.i.mongodb.perf.OperationExecutor - Summary of statistics saved in csv-file 'stats-per-run-COUNT_ONE.csv' located in folder: /Users/oscarorellana/Desktop/softcorp/doubble/mongodb-performance-test/latest-version
2022-05-13 16:10:30,012 [main] INFO  org.mongodb.driver.connection - Closed connection [connectionId{localValue:6, serverValue:449}] to 35.198.67.211:27017 because the pool has been closed.
2022-05-13 16:10:30,014 [main] INFO  org.mongodb.driver.connection - Closed connection [connectionId{localValue:11, serverValue:452}] to 35.198.67.211:27017 because the pool has been closed.
2022-05-13 16:10:30,014 [main] INFO  org.mongodb.driver.connection - Closed connection [connectionId{localValue:3, serverValue:454}] to 35.198.67.211:27017 because the pool has been closed.
2022-05-13 16:10:30,014 [main] INFO  org.mongodb.driver.connection - Closed connection [connectionId{localValue:5, serverValue:446}] to 35.198.67.211:27017 because the pool has been closed.
2022-05-13 16:10:30,014 [main] INFO  org.mongodb.driver.connection - Closed connection [connectionId{localValue:10, serverValue:450}] to 35.198.67.211:27017 because the pool has been closed.
2022-05-13 16:10:30,014 [main] INFO  org.mongodb.driver.connection - Closed connection [connectionId{localValue:7, serverValue:448}] to 35.198.67.211:27017 because the pool has been closed.
2022-05-13 16:10:30,014 [main] INFO  org.mongodb.driver.connection - Closed connection [connectionId{localValue:2, serverValue:445}] to 35.198.67.211:27017 because the pool has been closed.
2022-05-13 16:10:30,014 [main] INFO  org.mongodb.driver.connection - Closed connection [connectionId{localValue:4, serverValue:447}] to 35.198.67.211:27017 because the pool has been closed.
2022-05-13 16:10:30,015 [main] INFO  org.mongodb.driver.connection - Closed connection [connectionId{localValue:8, serverValue:451}] to 35.198.67.211:27017 because the pool has been closed.
2022-05-13 16:10:30,015 [main] INFO  org.mongodb.driver.connection - Closed connection [connectionId{localValue:9, serverValue:453}] to 35.198.67.211:27017 because the pool has been closed.
2022-05-13 16:10:30,015 [main] INFO  d.i.mongodb.perf.MongoDbAccessor - <<< closeConnections 35.198.67.211:27017
