2022-05-13 16:17:48,247 [main] INFO  d.i.mongodb.perf.MongoDbAccessor - >>> init 35.198.67.211:27017
2022-05-13 16:17:48,336 [main] INFO  org.mongodb.driver.cluster - Cluster created with settings {hosts=[35.198.67.211:27017], mode=SINGLE, requiredClusterType=UNKNOWN, serverSelectionTimeout='30000 ms', maxWaitQueueSize=50000}
2022-05-13 16:17:48,347 [main] INFO  d.i.mongodb.perf.MongoDbAccessor - <<< init
2022-05-13 16:17:48,353 [main] INFO  org.mongodb.driver.cluster - Cluster description not yet available. Waiting for 30000 ms before timing out
2022-05-13 16:17:48,450 [cluster-ClusterId{value='627e688ca1f70a3f6a798914', description='null'}-35.198.67.211:27017] INFO  org.mongodb.driver.connection - Opened connection [connectionId{localValue:1, serverValue:770}] to 35.198.67.211:27017
2022-05-13 16:17:48,484 [cluster-ClusterId{value='627e688ca1f70a3f6a798914', description='null'}-35.198.67.211:27017] INFO  org.mongodb.driver.cluster - Monitor thread successfully connected to server with description ServerDescription{address=35.198.67.211:27017, type=REPLICA_SET_PRIMARY, state=CONNECTED, ok=true, version=ServerVersion{versionList=[5, 0, 8]}, minWireVersion=0, maxWireVersion=13, maxDocumentSize=16777216, logicalSessionTimeoutMinutes=30, roundTripTimeNanos=33125833, setName='rs0', canonicalAddress=35.198.67.211:27017, hosts=[34.159.169.88:27017, 35.198.67.211:27017, 34.159.223.31:27017], passives=[], arbiters=[mongodb-arbiter-0.mongodb-arbiter-headless.mongodb-slow.svc.cluster.local:27017], primary='35.198.67.211:27017', tagSet=TagSet{[]}, electionId=7fffffff0000000000000002, setVersion=8, lastWriteDate=Fri May 13 16:17:40 CEST 2022, lastUpdateTimeNanos=355813340235166}
2022-05-13 16:17:48,724 [main] INFO  org.mongodb.driver.connection - Opened connection [connectionId{localValue:2, serverValue:771}] to 35.198.67.211:27017
2022-05-13 16:17:48,823 [main] INFO  d.i.mongodb.perf.OperationExecutor - >>> OperationExecutor threadCount: 10, opsCount: 20000, maxDurationInSeconds: 3600, operation: IterateOperation
2022-05-13 16:17:48,823 [main] INFO  d.i.mongodb.perf.OperationExecutor - java execution path: /Users/oscarorellana/Desktop/softcorp/doubble/mongodb-performance-test/latest-version/mongodb-performance-test.jar
2022-05-13 16:17:49,017 [pool-2-thread-5] INFO  org.mongodb.driver.connection - Opened connection [connectionId{localValue:8, serverValue:778}] to 35.198.67.211:27017
2022-05-13 16:17:49,017 [pool-2-thread-9] INFO  org.mongodb.driver.connection - Opened connection [connectionId{localValue:5, serverValue:774}] to 35.198.67.211:27017
2022-05-13 16:17:49,022 [pool-2-thread-4] INFO  org.mongodb.driver.connection - Opened connection [connectionId{localValue:9, serverValue:772}] to 35.198.67.211:27017
2022-05-13 16:17:49,022 [pool-2-thread-2] INFO  org.mongodb.driver.connection - Opened connection [connectionId{localValue:10, serverValue:776}] to 35.198.67.211:27017
2022-05-13 16:17:49,028 [pool-2-thread-1] INFO  org.mongodb.driver.connection - Opened connection [connectionId{localValue:7, serverValue:779}] to 35.198.67.211:27017
2022-05-13 16:17:49,028 [pool-2-thread-6] INFO  org.mongodb.driver.connection - Opened connection [connectionId{localValue:4, serverValue:775}] to 35.198.67.211:27017
2022-05-13 16:17:49,030 [pool-2-thread-3] INFO  org.mongodb.driver.connection - Opened connection [connectionId{localValue:11, serverValue:780}] to 35.198.67.211:27017
2022-05-13 16:17:49,030 [pool-2-thread-7] INFO  org.mongodb.driver.connection - Opened connection [connectionId{localValue:3, serverValue:773}] to 35.198.67.211:27017
2022-05-13 16:17:49,030 [pool-2-thread-10] INFO  org.mongodb.driver.connection - Opened connection [connectionId{localValue:6, serverValue:777}] to 35.198.67.211:27017
13.05.2022 16.17.49 ============================================================

-- Timers ----------------------------------------------------------------------
stats-per-second-ITERATE_ONE
             count = 250
         mean rate = 248,24 calls/second
     1-minute rate = 0,00 calls/second
     5-minute rate = 0,00 calls/second
    15-minute rate = 0,00 calls/second
               min = 27,13 milliseconds
               max = 233,19 milliseconds
              mean = 39,56 milliseconds
            stddev = 36,34 milliseconds
            median = 31,70 milliseconds
              75% <= 34,13 milliseconds
              95% <= 52,10 milliseconds
              98% <= 227,61 milliseconds
              99% <= 231,70 milliseconds
            99.9% <= 233,19 milliseconds


13.05.2022 16.17.50 ============================================================

-- Timers ----------------------------------------------------------------------
stats-per-second-ITERATE_ONE
             count = 566
         mean rate = 280,60 calls/second
     1-minute rate = 0,00 calls/second
     5-minute rate = 0,00 calls/second
    15-minute rate = 0,00 calls/second
               min = 26,19 milliseconds
               max = 43,01 milliseconds
              mean = 31,47 milliseconds
            stddev = 2,71 milliseconds
            median = 31,10 milliseconds
              75% <= 33,66 milliseconds
              95% <= 35,80 milliseconds
              98% <= 37,48 milliseconds
              99% <= 39,87 milliseconds
            99.9% <= 43,01 milliseconds


13.05.2022 16.17.51 ============================================================

-- Timers ----------------------------------------------------------------------
stats-per-second-ITERATE_ONE
             count = 882
         mean rate = 293,22 calls/second
     1-minute rate = 0,00 calls/second
     5-minute rate = 0,00 calls/second
    15-minute rate = 0,00 calls/second
               min = 26,38 milliseconds
               max = 43,07 milliseconds
              mean = 31,92 milliseconds
            stddev = 2,99 milliseconds
            median = 31,30 milliseconds
              75% <= 34,00 milliseconds
              95% <= 37,68 milliseconds
              98% <= 38,87 milliseconds
              99% <= 39,75 milliseconds
            99.9% <= 43,07 milliseconds


13.05.2022 16.17.52 ============================================================

-- Timers ----------------------------------------------------------------------
stats-per-second-ITERATE_ONE
             count = 1200
         mean rate = 299,35 calls/second
     1-minute rate = 0,00 calls/second
     5-minute rate = 0,00 calls/second
    15-minute rate = 0,00 calls/second
               min = 26,26 milliseconds
               max = 45,59 milliseconds
              mean = 31,24 milliseconds
            stddev = 2,80 milliseconds
            median = 30,69 milliseconds
              75% <= 32,93 milliseconds
              95% <= 36,71 milliseconds
              98% <= 38,17 milliseconds
              99% <= 40,13 milliseconds
            99.9% <= 45,59 milliseconds


13.05.2022 16.17.53 ============================================================

-- Timers ----------------------------------------------------------------------
stats-per-second-ITERATE_ONE
             count = 1515
         mean rate = 302,00 calls/second
     1-minute rate = 301,40 calls/second
     5-minute rate = 301,40 calls/second
    15-minute rate = 301,40 calls/second
               min = 26,81 milliseconds
               max = 47,18 milliseconds
              mean = 32,26 milliseconds
            stddev = 3,20 milliseconds
            median = 31,76 milliseconds
              75% <= 33,79 milliseconds
              95% <= 37,83 milliseconds
              98% <= 42,08 milliseconds
              99% <= 44,41 milliseconds
            99.9% <= 47,18 milliseconds


13.05.2022 16.17.54 ============================================================

-- Timers ----------------------------------------------------------------------
stats-per-second-ITERATE_ONE
             count = 1823
         mean rate = 303,31 calls/second
     1-minute rate = 301,40 calls/second
     5-minute rate = 301,40 calls/second
    15-minute rate = 301,40 calls/second
               min = 27,66 milliseconds
               max = 41,74 milliseconds
              mean = 31,96 milliseconds
            stddev = 2,66 milliseconds
            median = 31,58 milliseconds
              75% <= 33,30 milliseconds
              95% <= 37,33 milliseconds
              98% <= 40,00 milliseconds
              99% <= 41,01 milliseconds
            99.9% <= 41,74 milliseconds


13.05.2022 16.17.55 ============================================================

-- Timers ----------------------------------------------------------------------
stats-per-second-ITERATE_ONE
             count = 2134
         mean rate = 304,45 calls/second
     1-minute rate = 301,40 calls/second
     5-minute rate = 301,40 calls/second
    15-minute rate = 301,40 calls/second
               min = 26,59 milliseconds
               max = 45,93 milliseconds
              mean = 32,32 milliseconds
            stddev = 3,10 milliseconds
            median = 31,71 milliseconds
              75% <= 34,32 milliseconds
              95% <= 38,04 milliseconds
              98% <= 40,32 milliseconds
              99% <= 41,91 milliseconds
            99.9% <= 45,93 milliseconds


13.05.2022 16.17.56 ============================================================

-- Timers ----------------------------------------------------------------------
stats-per-second-ITERATE_ONE
             count = 2411
         mean rate = 301,11 calls/second
     1-minute rate = 301,40 calls/second
     5-minute rate = 301,40 calls/second
    15-minute rate = 301,40 calls/second
               min = 26,66 milliseconds
               max = 76,48 milliseconds
              mean = 35,62 milliseconds
            stddev = 9,66 milliseconds
            median = 33,11 milliseconds
              75% <= 35,82 milliseconds
              95% <= 63,25 milliseconds
              98% <= 74,30 milliseconds
              99% <= 76,39 milliseconds
            99.9% <= 76,48 milliseconds


13.05.2022 16.17.57 ============================================================

-- Timers ----------------------------------------------------------------------
stats-per-second-ITERATE_ONE
             count = 2688
         mean rate = 298,51 calls/second
     1-minute rate = 301,40 calls/second
     5-minute rate = 301,40 calls/second
    15-minute rate = 301,40 calls/second
               min = 27,13 milliseconds
               max = 84,85 milliseconds
              mean = 35,81 milliseconds
            stddev = 8,70 milliseconds
            median = 33,50 milliseconds
              75% <= 38,00 milliseconds
              95% <= 53,07 milliseconds
              98% <= 69,78 milliseconds
              99% <= 74,83 milliseconds
            99.9% <= 84,85 milliseconds


13.05.2022 16.17.58 ============================================================

-- Timers ----------------------------------------------------------------------
stats-per-second-ITERATE_ONE
             count = 3007
         mean rate = 300,41 calls/second
     1-minute rate = 301,27 calls/second
     5-minute rate = 301,37 calls/second
    15-minute rate = 301,39 calls/second
               min = 26,34 milliseconds
               max = 47,49 milliseconds
              mean = 31,81 milliseconds
            stddev = 3,40 milliseconds
            median = 30,71 milliseconds
              75% <= 33,61 milliseconds
              95% <= 37,74 milliseconds
              98% <= 41,54 milliseconds
              99% <= 46,74 milliseconds
            99.9% <= 47,49 milliseconds


13.05.2022 16.17.59 ============================================================

-- Timers ----------------------------------------------------------------------
stats-per-second-ITERATE_ONE
             count = 3320
         mean rate = 301,48 calls/second
     1-minute rate = 301,27 calls/second
     5-minute rate = 301,37 calls/second
    15-minute rate = 301,39 calls/second
               min = 26,00 milliseconds
               max = 40,05 milliseconds
              mean = 31,94 milliseconds
            stddev = 2,76 milliseconds
            median = 31,73 milliseconds
              75% <= 33,44 milliseconds
              95% <= 37,38 milliseconds
              98% <= 38,44 milliseconds
              99% <= 39,03 milliseconds
            99.9% <= 40,05 milliseconds


13.05.2022 16.18.00 ============================================================

-- Timers ----------------------------------------------------------------------
stats-per-second-ITERATE_ONE
             count = 3627
         mean rate = 301,41 calls/second
     1-minute rate = 301,27 calls/second
     5-minute rate = 301,37 calls/second
    15-minute rate = 301,39 calls/second
               min = 26,69 milliseconds
               max = 60,30 milliseconds
              mean = 33,32 milliseconds
            stddev = 4,14 milliseconds
            median = 32,59 milliseconds
              75% <= 35,14 milliseconds
              95% <= 39,55 milliseconds
              98% <= 46,15 milliseconds
              99% <= 49,13 milliseconds
            99.9% <= 60,30 milliseconds


13.05.2022 16.18.01 ============================================================

-- Timers ----------------------------------------------------------------------
stats-per-second-ITERATE_ONE
             count = 3911
         mean rate = 300,73 calls/second
     1-minute rate = 301,27 calls/second
     5-minute rate = 301,37 calls/second
    15-minute rate = 301,39 calls/second
               min = 26,67 milliseconds
               max = 61,12 milliseconds
              mean = 33,93 milliseconds
            stddev = 5,50 milliseconds
            median = 32,02 milliseconds
              75% <= 36,14 milliseconds
              95% <= 45,91 milliseconds
              98% <= 51,67 milliseconds
              99% <= 54,73 milliseconds
            99.9% <= 61,12 milliseconds


13.05.2022 16.18.02 ============================================================

-- Timers ----------------------------------------------------------------------
stats-per-second-ITERATE_ONE
             count = 4217
         mean rate = 301,05 calls/second
     1-minute rate = 301,27 calls/second
     5-minute rate = 301,37 calls/second
    15-minute rate = 301,39 calls/second
               min = 25,51 milliseconds
               max = 53,18 milliseconds
              mean = 33,12 milliseconds
            stddev = 3,77 milliseconds
            median = 32,28 milliseconds
              75% <= 35,44 milliseconds
              95% <= 39,60 milliseconds
              98% <= 43,08 milliseconds
              99% <= 44,05 milliseconds
            99.9% <= 53,18 milliseconds


13.05.2022 16.18.03 ============================================================

-- Timers ----------------------------------------------------------------------
stats-per-second-ITERATE_ONE
             count = 4525
         mean rate = 301,53 calls/second
     1-minute rate = 301,39 calls/second
     5-minute rate = 301,40 calls/second
    15-minute rate = 301,40 calls/second
               min = 27,03 milliseconds
               max = 59,82 milliseconds
              mean = 32,66 milliseconds
            stddev = 3,73 milliseconds
            median = 32,14 milliseconds
              75% <= 34,37 milliseconds
              95% <= 38,21 milliseconds
              98% <= 41,69 milliseconds
              99% <= 50,35 milliseconds
            99.9% <= 59,82 milliseconds


13.05.2022 16.18.04 ============================================================

-- Timers ----------------------------------------------------------------------
stats-per-second-ITERATE_ONE
             count = 4832
         mean rate = 301,77 calls/second
     1-minute rate = 301,39 calls/second
     5-minute rate = 301,40 calls/second
    15-minute rate = 301,40 calls/second
               min = 27,05 milliseconds
               max = 51,53 milliseconds
              mean = 32,32 milliseconds
            stddev = 3,67 milliseconds
            median = 31,55 milliseconds
              75% <= 33,60 milliseconds
              95% <= 37,49 milliseconds
              98% <= 48,64 milliseconds
              99% <= 49,53 milliseconds
            99.9% <= 51,53 milliseconds


13.05.2022 16.18.05 ============================================================

-- Timers ----------------------------------------------------------------------
stats-per-second-ITERATE_ONE
             count = 5146
         mean rate = 302,57 calls/second
     1-minute rate = 301,39 calls/second
     5-minute rate = 301,40 calls/second
    15-minute rate = 301,40 calls/second
               min = 25,33 milliseconds
               max = 39,91 milliseconds
              mean = 32,03 milliseconds
            stddev = 2,60 milliseconds
            median = 31,39 milliseconds
              75% <= 33,56 milliseconds
              95% <= 37,36 milliseconds
              98% <= 38,08 milliseconds
              99% <= 39,20 milliseconds
            99.9% <= 39,91 milliseconds


13.05.2022 16.18.06 ============================================================

-- Timers ----------------------------------------------------------------------
stats-per-second-ITERATE_ONE
             count = 5452
         mean rate = 302,81 calls/second
     1-minute rate = 301,39 calls/second
     5-minute rate = 301,40 calls/second
    15-minute rate = 301,40 calls/second
               min = 27,00 milliseconds
               max = 49,15 milliseconds
              mean = 32,24 milliseconds
            stddev = 3,43 milliseconds
            median = 31,20 milliseconds
              75% <= 34,37 milliseconds
              95% <= 38,64 milliseconds
              98% <= 40,81 milliseconds
              99% <= 46,38 milliseconds
            99.9% <= 49,15 milliseconds


13.05.2022 16.18.07 ============================================================

-- Timers ----------------------------------------------------------------------
stats-per-second-ITERATE_ONE
             count = 5775
         mean rate = 303,87 calls/second
     1-minute rate = 301,39 calls/second
     5-minute rate = 301,40 calls/second
    15-minute rate = 301,40 calls/second
               min = 26,00 milliseconds
               max = 39,04 milliseconds
              mean = 30,86 milliseconds
            stddev = 2,67 milliseconds
            median = 30,26 milliseconds
              75% <= 31,86 milliseconds
              95% <= 36,46 milliseconds
              98% <= 37,82 milliseconds
              99% <= 38,38 milliseconds
            99.9% <= 39,04 milliseconds


13.05.2022 16.18.08 ============================================================

-- Timers ----------------------------------------------------------------------
stats-per-second-ITERATE_ONE
             count = 6083
         mean rate = 304,03 calls/second
     1-minute rate = 302,29 calls/second
     5-minute rate = 301,58 calls/second
    15-minute rate = 301,46 calls/second
               min = 27,09 milliseconds
               max = 42,98 milliseconds
              mean = 32,47 milliseconds
            stddev = 2,84 milliseconds
            median = 31,80 milliseconds
              75% <= 34,49 milliseconds
              95% <= 37,50 milliseconds
              98% <= 39,55 milliseconds
              99% <= 41,01 milliseconds
            99.9% <= 42,98 milliseconds


13.05.2022 16.18.09 ============================================================

-- Timers ----------------------------------------------------------------------
stats-per-second-ITERATE_ONE
             count = 6399
         mean rate = 304,58 calls/second
     1-minute rate = 302,29 calls/second
     5-minute rate = 301,58 calls/second
    15-minute rate = 301,46 calls/second
               min = 26,17 milliseconds
               max = 47,26 milliseconds
              mean = 31,85 milliseconds
            stddev = 2,85 milliseconds
            median = 31,16 milliseconds
              75% <= 34,08 milliseconds
              95% <= 37,07 milliseconds
              98% <= 37,94 milliseconds
              99% <= 39,22 milliseconds
            99.9% <= 47,26 milliseconds


13.05.2022 16.18.10 ============================================================

-- Timers ----------------------------------------------------------------------
stats-per-second-ITERATE_ONE
             count = 6712
         mean rate = 304,99 calls/second
     1-minute rate = 302,29 calls/second
     5-minute rate = 301,58 calls/second
    15-minute rate = 301,46 calls/second
               min = 26,19 milliseconds
               max = 59,79 milliseconds
              mean = 31,98 milliseconds
            stddev = 4,60 milliseconds
            median = 30,77 milliseconds
              75% <= 32,75 milliseconds
              95% <= 38,16 milliseconds
              98% <= 52,05 milliseconds
              99% <= 52,77 milliseconds
            99.9% <= 59,79 milliseconds


13.05.2022 16.18.11 ============================================================

-- Timers ----------------------------------------------------------------------
stats-per-second-ITERATE_ONE
             count = 7024
         mean rate = 305,21 calls/second
     1-minute rate = 302,29 calls/second
     5-minute rate = 301,58 calls/second
    15-minute rate = 301,46 calls/second
               min = 26,89 milliseconds
               max = 54,34 milliseconds
              mean = 32,26 milliseconds
            stddev = 4,20 milliseconds
            median = 31,34 milliseconds
              75% <= 33,76 milliseconds
              95% <= 38,83 milliseconds
              98% <= 48,69 milliseconds
              99% <= 53,21 milliseconds
            99.9% <= 54,34 milliseconds


13.05.2022 16.18.12 ============================================================

-- Timers ----------------------------------------------------------------------
stats-per-second-ITERATE_ONE
             count = 7336
         mean rate = 305,57 calls/second
     1-minute rate = 302,29 calls/second
     5-minute rate = 301,58 calls/second
    15-minute rate = 301,46 calls/second
               min = 26,46 milliseconds
               max = 44,69 milliseconds
              mean = 31,98 milliseconds
            stddev = 3,30 milliseconds
            median = 31,43 milliseconds
              75% <= 34,04 milliseconds
              95% <= 38,28 milliseconds
              98% <= 39,99 milliseconds
              99% <= 41,35 milliseconds
            99.9% <= 44,69 milliseconds


13.05.2022 16.18.13 ============================================================

-- Timers ----------------------------------------------------------------------
stats-per-second-ITERATE_ONE
             count = 7656
         mean rate = 306,14 calls/second
     1-minute rate = 303,26 calls/second
     5-minute rate = 301,79 calls/second
    15-minute rate = 301,53 calls/second
               min = 26,26 milliseconds
               max = 40,22 milliseconds
              mean = 31,11 milliseconds
            stddev = 2,31 milliseconds
            median = 30,93 milliseconds
              75% <= 32,48 milliseconds
              95% <= 35,97 milliseconds
              98% <= 36,58 milliseconds
              99% <= 37,06 milliseconds
            99.9% <= 40,22 milliseconds


13.05.2022 16.18.14 ============================================================

-- Timers ----------------------------------------------------------------------
stats-per-second-ITERATE_ONE
             count = 7966
         mean rate = 306,26 calls/second
     1-minute rate = 303,26 calls/second
     5-minute rate = 301,79 calls/second
    15-minute rate = 301,53 calls/second
               min = 26,06 milliseconds
               max = 71,77 milliseconds
              mean = 32,74 milliseconds
            stddev = 6,72 milliseconds
            median = 31,48 milliseconds
              75% <= 33,51 milliseconds
              95% <= 38,92 milliseconds
              98% <= 70,45 milliseconds
              99% <= 70,78 milliseconds
            99.9% <= 71,77 milliseconds


13.05.2022 16.18.15 ============================================================

-- Timers ----------------------------------------------------------------------
stats-per-second-ITERATE_ONE
             count = 8245
         mean rate = 305,25 calls/second
     1-minute rate = 303,26 calls/second
     5-minute rate = 301,79 calls/second
    15-minute rate = 301,53 calls/second
               min = 27,25 milliseconds
               max = 70,79 milliseconds
              mean = 35,81 milliseconds
            stddev = 9,50 milliseconds
            median = 32,53 milliseconds
              75% <= 35,30 milliseconds
              95% <= 59,58 milliseconds
              98% <= 69,19 milliseconds
              99% <= 69,68 milliseconds
            99.9% <= 70,79 milliseconds


13.05.2022 16.18.16 ============================================================

-- Timers ----------------------------------------------------------------------
stats-per-second-ITERATE_ONE
             count = 8552
         mean rate = 305,30 calls/second
     1-minute rate = 303,26 calls/second
     5-minute rate = 301,79 calls/second
    15-minute rate = 301,53 calls/second
               min = 26,70 milliseconds
               max = 39,87 milliseconds
              mean = 31,91 milliseconds
            stddev = 2,59 milliseconds
            median = 31,54 milliseconds
              75% <= 33,44 milliseconds
              95% <= 37,01 milliseconds
              98% <= 39,09 milliseconds
              99% <= 39,46 milliseconds
            99.9% <= 39,87 milliseconds


13.05.2022 16.18.17 ============================================================

-- Timers ----------------------------------------------------------------------
stats-per-second-ITERATE_ONE
             count = 8866
         mean rate = 305,64 calls/second
     1-minute rate = 303,26 calls/second
     5-minute rate = 301,79 calls/second
    15-minute rate = 301,53 calls/second
               min = 22,57 milliseconds
               max = 43,89 milliseconds
              mean = 32,13 milliseconds
            stddev = 3,69 milliseconds
            median = 31,78 milliseconds
              75% <= 33,98 milliseconds
              95% <= 39,47 milliseconds
              98% <= 42,90 milliseconds
              99% <= 43,15 milliseconds
            99.9% <= 43,89 milliseconds


13.05.2022 16.18.18 ============================================================

-- Timers ----------------------------------------------------------------------
stats-per-second-ITERATE_ONE
             count = 9182
         mean rate = 306,00 calls/second
     1-minute rate = 303,40 calls/second
     5-minute rate = 301,85 calls/second
    15-minute rate = 301,55 calls/second
               min = 26,95 milliseconds
               max = 41,61 milliseconds
              mean = 31,52 milliseconds
            stddev = 2,63 milliseconds
            median = 31,46 milliseconds
              75% <= 33,14 milliseconds
              95% <= 36,48 milliseconds
              98% <= 37,13 milliseconds
              99% <= 38,76 milliseconds
            99.9% <= 41,61 milliseconds


13.05.2022 16.18.19 ============================================================

-- Timers ----------------------------------------------------------------------
stats-per-second-ITERATE_ONE
             count = 9474
         mean rate = 305,53 calls/second
     1-minute rate = 303,40 calls/second
     5-minute rate = 301,85 calls/second
    15-minute rate = 301,55 calls/second
               min = 26,56 milliseconds
               max = 55,10 milliseconds
              mean = 34,28 milliseconds
            stddev = 4,57 milliseconds
            median = 33,19 milliseconds
              75% <= 37,09 milliseconds
              95% <= 40,36 milliseconds
              98% <= 46,64 milliseconds
              99% <= 53,38 milliseconds
            99.9% <= 55,10 milliseconds


13.05.2022 16.18.20 ============================================================

-- Timers ----------------------------------------------------------------------
stats-per-second-ITERATE_ONE
             count = 9789
         mean rate = 305,83 calls/second
     1-minute rate = 303,40 calls/second
     5-minute rate = 301,85 calls/second
    15-minute rate = 301,55 calls/second
               min = 26,30 milliseconds
               max = 41,35 milliseconds
              mean = 31,73 milliseconds
            stddev = 2,68 milliseconds
            median = 31,38 milliseconds
              75% <= 33,41 milliseconds
              95% <= 36,78 milliseconds
              98% <= 38,15 milliseconds
              99% <= 39,63 milliseconds
            99.9% <= 41,35 milliseconds


13.05.2022 16.18.21 ============================================================

-- Timers ----------------------------------------------------------------------
stats-per-second-ITERATE_ONE
             count = 10101
         mean rate = 306,01 calls/second
     1-minute rate = 303,40 calls/second
     5-minute rate = 301,85 calls/second
    15-minute rate = 301,55 calls/second
               min = 26,92 milliseconds
               max = 40,45 milliseconds
              mean = 32,02 milliseconds
            stddev = 2,59 milliseconds
            median = 32,04 milliseconds
              75% <= 33,63 milliseconds
              95% <= 36,93 milliseconds
              98% <= 37,76 milliseconds
              99% <= 38,10 milliseconds
            99.9% <= 40,45 milliseconds


13.05.2022 16.18.22 ============================================================

-- Timers ----------------------------------------------------------------------
stats-per-second-ITERATE_ONE
             count = 10414
         mean rate = 306,21 calls/second
     1-minute rate = 303,40 calls/second
     5-minute rate = 301,85 calls/second
    15-minute rate = 301,55 calls/second
               min = 25,67 milliseconds
               max = 53,01 milliseconds
              mean = 31,93 milliseconds
            stddev = 3,47 milliseconds
            median = 31,35 milliseconds
              75% <= 33,53 milliseconds
              95% <= 38,03 milliseconds
              98% <= 43,71 milliseconds
              99% <= 45,99 milliseconds
            99.9% <= 53,01 milliseconds


13.05.2022 16.18.23 ============================================================

-- Timers ----------------------------------------------------------------------
stats-per-second-ITERATE_ONE
             count = 10724
         mean rate = 306,34 calls/second
     1-minute rate = 303,75 calls/second
     5-minute rate = 301,95 calls/second
    15-minute rate = 301,59 calls/second
               min = 26,87 milliseconds
               max = 82,49 milliseconds
              mean = 32,41 milliseconds
            stddev = 4,57 milliseconds
            median = 31,78 milliseconds
              75% <= 33,86 milliseconds
              95% <= 37,94 milliseconds
              98% <= 41,71 milliseconds
              99% <= 53,68 milliseconds
            99.9% <= 82,49 milliseconds


13.05.2022 16.18.24 ============================================================

-- Timers ----------------------------------------------------------------------
stats-per-second-ITERATE_ONE
             count = 11043
         mean rate = 306,64 calls/second
     1-minute rate = 303,75 calls/second
     5-minute rate = 301,95 calls/second
    15-minute rate = 301,59 calls/second
               min = 27,18 milliseconds
               max = 40,93 milliseconds
              mean = 31,53 milliseconds
            stddev = 2,53 milliseconds
            median = 30,98 milliseconds
              75% <= 33,04 milliseconds
              95% <= 36,21 milliseconds
              98% <= 37,67 milliseconds
              99% <= 40,11 milliseconds
            99.9% <= 40,93 milliseconds


13.05.2022 16.18.25 ============================================================

-- Timers ----------------------------------------------------------------------
stats-per-second-ITERATE_ONE
             count = 11356
         mean rate = 306,83 calls/second
     1-minute rate = 303,75 calls/second
     5-minute rate = 301,95 calls/second
    15-minute rate = 301,59 calls/second
               min = 27,07 milliseconds
               max = 42,25 milliseconds
              mean = 31,64 milliseconds
            stddev = 2,64 milliseconds
            median = 31,32 milliseconds
              75% <= 33,28 milliseconds
              95% <= 36,19 milliseconds
              98% <= 38,16 milliseconds
              99% <= 38,96 milliseconds
            99.9% <= 42,25 milliseconds


13.05.2022 16.18.26 ============================================================

-- Timers ----------------------------------------------------------------------
stats-per-second-ITERATE_ONE
             count = 11628
         mean rate = 305,94 calls/second
     1-minute rate = 303,75 calls/second
     5-minute rate = 301,95 calls/second
    15-minute rate = 301,59 calls/second
               min = 26,62 milliseconds
               max = 89,82 milliseconds
              mean = 36,44 milliseconds
            stddev = 10,84 milliseconds
            median = 32,90 milliseconds
              75% <= 36,67 milliseconds
              95% <= 62,00 milliseconds
              98% <= 79,83 milliseconds
              99% <= 83,28 milliseconds
            99.9% <= 89,82 milliseconds


13.05.2022 16.18.27 ============================================================

-- Timers ----------------------------------------------------------------------
stats-per-second-ITERATE_ONE
             count = 11936
         mean rate = 306,01 calls/second
     1-minute rate = 303,75 calls/second
     5-minute rate = 301,95 calls/second
    15-minute rate = 301,59 calls/second
               min = 26,36 milliseconds
               max = 45,50 milliseconds
              mean = 32,23 milliseconds
            stddev = 3,04 milliseconds
            median = 31,76 milliseconds
              75% <= 33,79 milliseconds
              95% <= 37,21 milliseconds
              98% <= 40,14 milliseconds
              99% <= 43,02 milliseconds
            99.9% <= 45,50 milliseconds


13.05.2022 16.18.28 ============================================================

-- Timers ----------------------------------------------------------------------
stats-per-second-ITERATE_ONE
             count = 12226
         mean rate = 305,62 calls/second
     1-minute rate = 303,55 calls/second
     5-minute rate = 301,93 calls/second
    15-minute rate = 301,58 calls/second
               min = 27,03 milliseconds
               max = 66,47 milliseconds
              mean = 34,52 milliseconds
            stddev = 7,08 milliseconds
            median = 32,42 milliseconds
              75% <= 35,53 milliseconds
              95% <= 50,11 milliseconds
              98% <= 60,03 milliseconds
              99% <= 64,75 milliseconds
            99.9% <= 66,47 milliseconds


13.05.2022 16.18.29 ============================================================

-- Timers ----------------------------------------------------------------------
stats-per-second-ITERATE_ONE
             count = 12499
         mean rate = 304,82 calls/second
     1-minute rate = 303,55 calls/second
     5-minute rate = 301,93 calls/second
    15-minute rate = 301,58 calls/second
               min = 27,31 milliseconds
               max = 101,17 milliseconds
              mean = 36,90 milliseconds
            stddev = 13,43 milliseconds
            median = 32,86 milliseconds
              75% <= 35,45 milliseconds
              95% <= 72,30 milliseconds
              98% <= 85,54 milliseconds
              99% <= 100,73 milliseconds
            99.9% <= 101,17 milliseconds


13.05.2022 16.18.30 ============================================================

-- Timers ----------------------------------------------------------------------
stats-per-second-ITERATE_ONE
             count = 12808
         mean rate = 304,90 calls/second
     1-minute rate = 303,55 calls/second
     5-minute rate = 301,93 calls/second
    15-minute rate = 301,58 calls/second
               min = 26,43 milliseconds
               max = 54,44 milliseconds
              mean = 32,21 milliseconds
            stddev = 4,02 milliseconds
            median = 31,54 milliseconds
              75% <= 33,61 milliseconds
              95% <= 38,56 milliseconds
              98% <= 47,61 milliseconds
              99% <= 51,18 milliseconds
            99.9% <= 54,44 milliseconds


13.05.2022 16.18.31 ============================================================

-- Timers ----------------------------------------------------------------------
stats-per-second-ITERATE_ONE
             count = 13106
         mean rate = 304,76 calls/second
     1-minute rate = 303,55 calls/second
     5-minute rate = 301,93 calls/second
    15-minute rate = 301,58 calls/second
               min = 26,77 milliseconds
               max = 84,79 milliseconds
              mean = 33,49 milliseconds
            stddev = 7,32 milliseconds
            median = 31,52 milliseconds
              75% <= 34,33 milliseconds
              95% <= 48,22 milliseconds
              98% <= 56,66 milliseconds
              99% <= 73,45 milliseconds
            99.9% <= 84,79 milliseconds


13.05.2022 16.18.32 ============================================================

-- Timers ----------------------------------------------------------------------
stats-per-second-ITERATE_ONE
             count = 13418
         mean rate = 304,88 calls/second
     1-minute rate = 303,55 calls/second
     5-minute rate = 301,93 calls/second
    15-minute rate = 301,58 calls/second
               min = 26,50 milliseconds
               max = 76,30 milliseconds
              mean = 32,36 milliseconds
            stddev = 6,69 milliseconds
            median = 30,81 milliseconds
              75% <= 33,33 milliseconds
              95% <= 38,52 milliseconds
              98% <= 70,77 milliseconds
              99% <= 71,87 milliseconds
            99.9% <= 76,30 milliseconds


13.05.2022 16.18.33 ============================================================

-- Timers ----------------------------------------------------------------------
stats-per-second-ITERATE_ONE
             count = 13731
         mean rate = 305,07 calls/second
     1-minute rate = 303,31 calls/second
     5-minute rate = 301,91 calls/second
    15-minute rate = 301,58 calls/second
               min = 27,01 milliseconds
               max = 51,87 milliseconds
              mean = 31,77 milliseconds
            stddev = 3,10 milliseconds
            median = 31,36 milliseconds
              75% <= 33,22 milliseconds
              95% <= 36,46 milliseconds
              98% <= 40,60 milliseconds
              99% <= 46,16 milliseconds
            99.9% <= 51,87 milliseconds


13.05.2022 16.18.34 ============================================================

-- Timers ----------------------------------------------------------------------
stats-per-second-ITERATE_ONE
             count = 14049
         mean rate = 305,37 calls/second
     1-minute rate = 303,31 calls/second
     5-minute rate = 301,91 calls/second
    15-minute rate = 301,58 calls/second
               min = 26,98 milliseconds
               max = 42,55 milliseconds
              mean = 31,46 milliseconds
            stddev = 2,72 milliseconds
            median = 31,15 milliseconds
              75% <= 33,15 milliseconds
              95% <= 36,11 milliseconds
              98% <= 38,97 milliseconds
              99% <= 40,58 milliseconds
            99.9% <= 42,55 milliseconds


13.05.2022 16.18.35 ============================================================

-- Timers ----------------------------------------------------------------------
stats-per-second-ITERATE_ONE
             count = 14371
         mean rate = 305,70 calls/second
     1-minute rate = 303,31 calls/second
     5-minute rate = 301,91 calls/second
    15-minute rate = 301,58 calls/second
               min = 26,59 milliseconds
               max = 40,86 milliseconds
              mean = 31,38 milliseconds
            stddev = 2,54 milliseconds
            median = 30,95 milliseconds
              75% <= 32,79 milliseconds
              95% <= 36,14 milliseconds
              98% <= 37,94 milliseconds
              99% <= 39,30 milliseconds
            99.9% <= 40,86 milliseconds


13.05.2022 16.18.36 ============================================================

-- Timers ----------------------------------------------------------------------
stats-per-second-ITERATE_ONE
             count = 14679
         mean rate = 305,75 calls/second
     1-minute rate = 303,31 calls/second
     5-minute rate = 301,91 calls/second
    15-minute rate = 301,58 calls/second
               min = 26,93 milliseconds
               max = 46,81 milliseconds
              mean = 32,21 milliseconds
            stddev = 3,77 milliseconds
            median = 31,22 milliseconds
              75% <= 33,30 milliseconds
              95% <= 42,75 milliseconds
              98% <= 45,82 milliseconds
              99% <= 46,41 milliseconds
            99.9% <= 46,81 milliseconds


13.05.2022 16.18.37 ============================================================

-- Timers ----------------------------------------------------------------------
stats-per-second-ITERATE_ONE
             count = 14992
         mean rate = 305,91 calls/second
     1-minute rate = 303,31 calls/second
     5-minute rate = 301,91 calls/second
    15-minute rate = 301,58 calls/second
               min = 26,49 milliseconds
               max = 48,05 milliseconds
              mean = 31,73 milliseconds
            stddev = 3,10 milliseconds
            median = 31,15 milliseconds
              75% <= 33,20 milliseconds
              95% <= 37,77 milliseconds
              98% <= 41,49 milliseconds
              99% <= 43,63 milliseconds
            99.9% <= 48,05 milliseconds


13.05.2022 16.18.38 ============================================================

-- Timers ----------------------------------------------------------------------
stats-per-second-ITERATE_ONE
             count = 15314
         mean rate = 306,22 calls/second
     1-minute rate = 304,34 calls/second
     5-minute rate = 302,15 calls/second
    15-minute rate = 301,66 calls/second
               min = 26,87 milliseconds
               max = 41,15 milliseconds
              mean = 31,49 milliseconds
            stddev = 2,48 milliseconds
            median = 31,25 milliseconds
              75% <= 32,89 milliseconds
              95% <= 36,30 milliseconds
              98% <= 37,72 milliseconds
              99% <= 38,79 milliseconds
            99.9% <= 41,15 milliseconds


13.05.2022 16.18.39 ============================================================

-- Timers ----------------------------------------------------------------------
stats-per-second-ITERATE_ONE
             count = 15624
         mean rate = 306,27 calls/second
     1-minute rate = 304,34 calls/second
     5-minute rate = 302,15 calls/second
    15-minute rate = 301,66 calls/second
               min = 24,28 milliseconds
               max = 41,73 milliseconds
              mean = 32,08 milliseconds
            stddev = 2,77 milliseconds
            median = 31,80 milliseconds
              75% <= 33,52 milliseconds
              95% <= 37,38 milliseconds
              98% <= 38,82 milliseconds
              99% <= 39,99 milliseconds
            99.9% <= 41,73 milliseconds


13.05.2022 16.18.40 ============================================================

-- Timers ----------------------------------------------------------------------
stats-per-second-ITERATE_ONE
             count = 15932
         mean rate = 306,35 calls/second
     1-minute rate = 304,34 calls/second
     5-minute rate = 302,15 calls/second
    15-minute rate = 301,66 calls/second
               min = 27,16 milliseconds
               max = 57,83 milliseconds
              mean = 32,02 milliseconds
            stddev = 4,43 milliseconds
            median = 31,25 milliseconds
              75% <= 33,10 milliseconds
              95% <= 41,60 milliseconds
              98% <= 50,39 milliseconds
              99% <= 52,10 milliseconds
            99.9% <= 57,83 milliseconds


13.05.2022 16.18.41 ============================================================

-- Timers ----------------------------------------------------------------------
stats-per-second-ITERATE_ONE
             count = 16252
         mean rate = 306,57 calls/second
     1-minute rate = 304,34 calls/second
     5-minute rate = 302,15 calls/second
    15-minute rate = 301,66 calls/second
               min = 25,78 milliseconds
               max = 51,99 milliseconds
              mean = 31,88 milliseconds
            stddev = 3,46 milliseconds
            median = 31,22 milliseconds
              75% <= 33,43 milliseconds
              95% <= 37,36 milliseconds
              98% <= 40,63 milliseconds
              99% <= 44,58 milliseconds
            99.9% <= 51,99 milliseconds


13.05.2022 16.18.42 ============================================================

-- Timers ----------------------------------------------------------------------
stats-per-second-ITERATE_ONE
             count = 16561
         mean rate = 306,62 calls/second
     1-minute rate = 304,34 calls/second
     5-minute rate = 302,15 calls/second
    15-minute rate = 301,66 calls/second
               min = 27,65 milliseconds
               max = 57,17 milliseconds
              mean = 32,08 milliseconds
            stddev = 3,56 milliseconds
            median = 31,58 milliseconds
              75% <= 33,11 milliseconds
              95% <= 37,28 milliseconds
              98% <= 44,54 milliseconds
              99% <= 49,59 milliseconds
            99.9% <= 57,17 milliseconds


13.05.2022 16.18.43 ============================================================

-- Timers ----------------------------------------------------------------------
stats-per-second-ITERATE_ONE
             count = 16875
         mean rate = 306,80 calls/second
     1-minute rate = 305,03 calls/second
     5-minute rate = 302,33 calls/second
    15-minute rate = 301,72 calls/second
               min = 26,84 milliseconds
               max = 40,80 milliseconds
              mean = 31,69 milliseconds
            stddev = 2,81 milliseconds
            median = 31,27 milliseconds
              75% <= 33,21 milliseconds
              95% <= 37,10 milliseconds
              98% <= 39,86 milliseconds
              99% <= 40,33 milliseconds
            99.9% <= 40,80 milliseconds


13.05.2022 16.18.44 ============================================================

-- Timers ----------------------------------------------------------------------
stats-per-second-ITERATE_ONE
             count = 17191
         mean rate = 306,90 calls/second
     1-minute rate = 305,03 calls/second
     5-minute rate = 302,33 calls/second
    15-minute rate = 301,72 calls/second
               min = 26,73 milliseconds
               max = 52,21 milliseconds
              mean = 31,68 milliseconds
            stddev = 3,41 milliseconds
            median = 30,96 milliseconds
              75% <= 32,64 milliseconds
              95% <= 37,87 milliseconds
              98% <= 38,63 milliseconds
              99% <= 51,86 milliseconds
            99.9% <= 52,21 milliseconds


13.05.2022 16.18.45 ============================================================

-- Timers ----------------------------------------------------------------------
stats-per-second-ITERATE_ONE
             count = 17505
         mean rate = 307,06 calls/second
     1-minute rate = 305,03 calls/second
     5-minute rate = 302,33 calls/second
    15-minute rate = 301,72 calls/second
               min = 26,47 milliseconds
               max = 42,43 milliseconds
              mean = 31,82 milliseconds
            stddev = 2,92 milliseconds
            median = 31,70 milliseconds
              75% <= 33,57 milliseconds
              95% <= 36,82 milliseconds
              98% <= 39,31 milliseconds
              99% <= 40,55 milliseconds
            99.9% <= 42,43 milliseconds


13.05.2022 16.18.46 ============================================================

-- Timers ----------------------------------------------------------------------
stats-per-second-ITERATE_ONE
             count = 17819
         mean rate = 307,18 calls/second
     1-minute rate = 305,03 calls/second
     5-minute rate = 302,33 calls/second
    15-minute rate = 301,72 calls/second
               min = 26,35 milliseconds
               max = 44,06 milliseconds
              mean = 31,96 milliseconds
            stddev = 2,87 milliseconds
            median = 31,41 milliseconds
              75% <= 33,40 milliseconds
              95% <= 38,05 milliseconds
              98% <= 39,37 milliseconds
              99% <= 39,97 milliseconds
            99.9% <= 44,06 milliseconds


13.05.2022 16.18.47 ============================================================

-- Timers ----------------------------------------------------------------------
stats-per-second-ITERATE_ONE
             count = 18138
         mean rate = 307,36 calls/second
     1-minute rate = 305,03 calls/second
     5-minute rate = 302,33 calls/second
    15-minute rate = 301,72 calls/second
               min = 27,17 milliseconds
               max = 40,02 milliseconds
              mean = 31,70 milliseconds
            stddev = 2,77 milliseconds
            median = 31,12 milliseconds
              75% <= 33,21 milliseconds
              95% <= 37,61 milliseconds
              98% <= 39,22 milliseconds
              99% <= 39,64 milliseconds
            99.9% <= 40,02 milliseconds


13.05.2022 16.18.48 ============================================================

-- Timers ----------------------------------------------------------------------
stats-per-second-ITERATE_ONE
             count = 18443
         mean rate = 307,34 calls/second
     1-minute rate = 305,70 calls/second
     5-minute rate = 302,51 calls/second
    15-minute rate = 301,79 calls/second
               min = 23,95 milliseconds
               max = 42,90 milliseconds
              mean = 32,42 milliseconds
            stddev = 3,48 milliseconds
            median = 31,98 milliseconds
              75% <= 34,65 milliseconds
              95% <= 39,24 milliseconds
              98% <= 39,75 milliseconds
              99% <= 40,89 milliseconds
            99.9% <= 42,90 milliseconds


13.05.2022 16.18.49 ============================================================

-- Timers ----------------------------------------------------------------------
stats-per-second-ITERATE_ONE
             count = 18761
         mean rate = 307,51 calls/second
     1-minute rate = 305,70 calls/second
     5-minute rate = 302,51 calls/second
    15-minute rate = 301,79 calls/second
               min = 26,94 milliseconds
               max = 40,72 milliseconds
              mean = 31,67 milliseconds
            stddev = 2,71 milliseconds
            median = 31,18 milliseconds
              75% <= 33,69 milliseconds
              95% <= 36,51 milliseconds
              98% <= 38,10 milliseconds
              99% <= 39,19 milliseconds
            99.9% <= 40,72 milliseconds


13.05.2022 16.18.50 ============================================================

-- Timers ----------------------------------------------------------------------
stats-per-second-ITERATE_ONE
             count = 19059
         mean rate = 307,37 calls/second
     1-minute rate = 305,70 calls/second
     5-minute rate = 302,51 calls/second
    15-minute rate = 301,79 calls/second
               min = 27,22 milliseconds
               max = 52,35 milliseconds
              mean = 33,50 milliseconds
            stddev = 3,29 milliseconds
            median = 33,30 milliseconds
              75% <= 34,83 milliseconds
              95% <= 39,62 milliseconds
              98% <= 42,01 milliseconds
              99% <= 44,27 milliseconds
            99.9% <= 52,35 milliseconds


13.05.2022 16.18.51 ============================================================

-- Timers ----------------------------------------------------------------------
stats-per-second-ITERATE_ONE
             count = 19359
         mean rate = 307,24 calls/second
     1-minute rate = 305,70 calls/second
     5-minute rate = 302,51 calls/second
    15-minute rate = 301,79 calls/second
               min = 26,63 milliseconds
               max = 47,62 milliseconds
              mean = 33,51 milliseconds
            stddev = 3,12 milliseconds
            median = 33,14 milliseconds
              75% <= 35,05 milliseconds
              95% <= 39,41 milliseconds
              98% <= 41,79 milliseconds
              99% <= 43,10 milliseconds
            99.9% <= 47,62 milliseconds


13.05.2022 16.18.52 ============================================================

-- Timers ----------------------------------------------------------------------
stats-per-second-ITERATE_ONE
             count = 19662
         mean rate = 307,17 calls/second
     1-minute rate = 305,70 calls/second
     5-minute rate = 302,51 calls/second
    15-minute rate = 301,79 calls/second
               min = 26,71 milliseconds
               max = 44,03 milliseconds
              mean = 32,65 milliseconds
            stddev = 2,91 milliseconds
            median = 32,47 milliseconds
              75% <= 34,01 milliseconds
              95% <= 38,34 milliseconds
              98% <= 40,90 milliseconds
              99% <= 42,00 milliseconds
            99.9% <= 44,03 milliseconds


13.05.2022 16.18.53 ============================================================

-- Timers ----------------------------------------------------------------------
stats-per-second-ITERATE_ONE
             count = 19971
         mean rate = 307,21 calls/second
     1-minute rate = 305,65 calls/second
     5-minute rate = 302,55 calls/second
    15-minute rate = 301,81 calls/second
               min = 22,47 milliseconds
               max = 45,50 milliseconds
              mean = 32,59 milliseconds
            stddev = 3,07 milliseconds
            median = 32,27 milliseconds
              75% <= 34,03 milliseconds
              95% <= 38,58 milliseconds
              98% <= 40,77 milliseconds
              99% <= 42,10 milliseconds
            99.9% <= 45,50 milliseconds


2022-05-13 16:18:53,936 [pool-1-thread-1] INFO  d.i.mongodb.perf.OperationExecutor - Done (in time) in 65109 ms 
2022-05-13 16:18:53,939 [pool-1-thread-1] INFO  d.i.mongodb.perf.OperationExecutor - affected documents: 20000
2022-05-13 16:18:53,939 [pool-1-thread-1] INFO  d.i.mongodb.perf.OperationExecutor - count: 20000
2022-05-13 16:18:53,939 [pool-1-thread-1] INFO  d.i.mongodb.perf.OperationExecutor - FifteenMinuteRate: 301.8052375505921
2022-05-13 16:18:53,940 [pool-1-thread-1] INFO  d.i.mongodb.perf.OperationExecutor - FiveMinuteRate: 302.55096518737594
2022-05-13 16:18:53,940 [pool-1-thread-1] INFO  d.i.mongodb.perf.OperationExecutor - OneMinuteRate: 305.64690249262696
2022-05-13 16:18:53,940 [main] INFO  d.i.mongodb.perf.MongoDbAccessor - >>> closeConnections 35.198.67.211:27017
2022-05-13 16:18:53,940 [pool-1-thread-1] INFO  d.i.mongodb.perf.OperationExecutor - MeanRate: 307.15550520936364
2022-05-13 16:18:53,943 [pool-1-thread-1] INFO  d.i.mongodb.perf.OperationExecutor - Snapshot 75thPercentile: 33.802416
2022-05-13 16:18:53,944 [pool-1-thread-1] INFO  d.i.mongodb.perf.OperationExecutor - Snapshot 95thPercentile: 38.66775
2022-05-13 16:18:53,944 [pool-1-thread-1] INFO  d.i.mongodb.perf.OperationExecutor - Snapshot 98thPercentile: 43.383542
2022-05-13 16:18:53,944 [pool-1-thread-1] INFO  d.i.mongodb.perf.OperationExecutor - Snapshot 99thPercentile: 49.641084
2022-05-13 16:18:53,944 [pool-1-thread-1] INFO  d.i.mongodb.perf.OperationExecutor - Snapshot 999thPercentile: 68.29175
2022-05-13 16:18:53,944 [pool-1-thread-1] INFO  d.i.mongodb.perf.OperationExecutor - Snapshot Min: 26.463417
2022-05-13 16:18:53,944 [pool-1-thread-1] INFO  d.i.mongodb.perf.OperationExecutor - Snapshot Max: 70.143416
2022-05-13 16:18:53,944 [pool-1-thread-1] INFO  d.i.mongodb.perf.OperationExecutor - Snapshot Mean: 32.38075020091557
2022-05-13 16:18:53,944 [pool-1-thread-1] INFO  d.i.mongodb.perf.OperationExecutor - Snapshot Median: 31.532791999999997
2022-05-13 16:18:53,944 [pool-1-thread-1] INFO  d.i.mongodb.perf.OperationExecutor - Snapshot StdDev: 4.085868336571104
2022-05-13 16:18:53,944 [pool-1-thread-1] INFO  d.i.mongodb.perf.OperationExecutor - Snapshot Size: 1028
13.05.2022 16.18.53 ============================================================

-- Timers ----------------------------------------------------------------------
stats-per-run-ITERATE_ONE
             count = 20000
         mean rate = 307,12 calls/second
     1-minute rate = 305,65 calls/second
     5-minute rate = 302,55 calls/second
    15-minute rate = 301,81 calls/second
               min = 26,46 milliseconds
               max = 70,14 milliseconds
              mean = 32,38 milliseconds
            stddev = 4,09 milliseconds
            median = 31,53 milliseconds
              75% <= 33,80 milliseconds
              95% <= 38,67 milliseconds
              98% <= 43,38 milliseconds
              99% <= 49,64 milliseconds
            99.9% <= 68,29 milliseconds


2022-05-13 16:18:53,951 [pool-1-thread-1] INFO  d.i.mongodb.perf.OperationExecutor - stopReporters
2022-05-13 16:18:53,952 [pool-1-thread-1] INFO  d.i.mongodb.perf.OperationExecutor - consoleReporter stopped
2022-05-13 16:18:53,952 [pool-1-thread-1] INFO  d.i.mongodb.perf.OperationExecutor - allConsoleReporter stopped
2022-05-13 16:18:53,952 [pool-1-thread-1] INFO  d.i.mongodb.perf.OperationExecutor - csvReporter stopped
2022-05-13 16:18:53,952 [pool-1-thread-1] INFO  d.i.mongodb.perf.OperationExecutor - If run took more than 1 second, csv-file 'stats-per-second-ITERATE_ONE.csv' saved in folder: /Users/oscarorellana/Desktop/softcorp/doubble/mongodb-performance-test/latest-version
2022-05-13 16:18:53,952 [pool-1-thread-1] INFO  d.i.mongodb.perf.OperationExecutor - csvReporterAll stopped
2022-05-13 16:18:53,952 [pool-1-thread-1] INFO  d.i.mongodb.perf.OperationExecutor - Summary of statistics saved in csv-file 'stats-per-run-ITERATE_ONE.csv' located in folder: /Users/oscarorellana/Desktop/softcorp/doubble/mongodb-performance-test/latest-version
2022-05-13 16:18:53,970 [main] INFO  org.mongodb.driver.connection - Closed connection [connectionId{localValue:5, serverValue:774}] to 35.198.67.211:27017 because the pool has been closed.
2022-05-13 16:18:53,972 [main] INFO  org.mongodb.driver.connection - Closed connection [connectionId{localValue:3, serverValue:773}] to 35.198.67.211:27017 because the pool has been closed.
2022-05-13 16:18:53,972 [main] INFO  org.mongodb.driver.connection - Closed connection [connectionId{localValue:4, serverValue:775}] to 35.198.67.211:27017 because the pool has been closed.
2022-05-13 16:18:53,972 [main] INFO  org.mongodb.driver.connection - Closed connection [connectionId{localValue:9, serverValue:772}] to 35.198.67.211:27017 because the pool has been closed.
2022-05-13 16:18:53,972 [main] INFO  org.mongodb.driver.connection - Closed connection [connectionId{localValue:6, serverValue:777}] to 35.198.67.211:27017 because the pool has been closed.
2022-05-13 16:18:53,972 [main] INFO  org.mongodb.driver.connection - Closed connection [connectionId{localValue:7, serverValue:779}] to 35.198.67.211:27017 because the pool has been closed.
2022-05-13 16:18:53,972 [main] INFO  org.mongodb.driver.connection - Closed connection [connectionId{localValue:11, serverValue:780}] to 35.198.67.211:27017 because the pool has been closed.
2022-05-13 16:18:53,972 [main] INFO  org.mongodb.driver.connection - Closed connection [connectionId{localValue:2, serverValue:771}] to 35.198.67.211:27017 because the pool has been closed.
2022-05-13 16:18:53,972 [main] INFO  org.mongodb.driver.connection - Closed connection [connectionId{localValue:8, serverValue:778}] to 35.198.67.211:27017 because the pool has been closed.
2022-05-13 16:18:53,972 [main] INFO  org.mongodb.driver.connection - Closed connection [connectionId{localValue:10, serverValue:776}] to 35.198.67.211:27017 because the pool has been closed.
2022-05-13 16:18:53,973 [main] INFO  d.i.mongodb.perf.MongoDbAccessor - <<< closeConnections 35.198.67.211:27017
