2022-05-13 16:10:48,401 [main] INFO  d.i.mongodb.perf.MongoDbAccessor - >>> init 35.198.67.211:27017
2022-05-13 16:10:48,491 [main] INFO  org.mongodb.driver.cluster - Cluster created with settings {hosts=[35.198.67.211:27017], mode=SINGLE, requiredClusterType=UNKNOWN, serverSelectionTimeout='30000 ms', maxWaitQueueSize=50000}
2022-05-13 16:10:48,502 [main] INFO  d.i.mongodb.perf.MongoDbAccessor - <<< init
2022-05-13 16:10:48,508 [main] INFO  org.mongodb.driver.cluster - Cluster description not yet available. Waiting for 30000 ms before timing out
2022-05-13 16:10:48,606 [cluster-ClusterId{value='627e66e8db611054bcf233ea', description='null'}-35.198.67.211:27017] INFO  org.mongodb.driver.connection - Opened connection [connectionId{localValue:1, serverValue:484}] to 35.198.67.211:27017
2022-05-13 16:10:48,641 [cluster-ClusterId{value='627e66e8db611054bcf233ea', description='null'}-35.198.67.211:27017] INFO  org.mongodb.driver.cluster - Monitor thread successfully connected to server with description ServerDescription{address=35.198.67.211:27017, type=REPLICA_SET_PRIMARY, state=CONNECTED, ok=true, version=ServerVersion{versionList=[5, 0, 8]}, minWireVersion=0, maxWireVersion=13, maxDocumentSize=16777216, logicalSessionTimeoutMinutes=30, roundTripTimeNanos=34216959, setName='rs0', canonicalAddress=35.198.67.211:27017, hosts=[34.159.169.88:27017, 35.198.67.211:27017, 34.159.223.31:27017], passives=[], arbiters=[mongodb-arbiter-0.mongodb-arbiter-headless.mongodb-slow.svc.cluster.local:27017], primary='35.198.67.211:27017', tagSet=TagSet{[]}, electionId=7fffffff0000000000000002, setVersion=8, lastWriteDate=Fri May 13 16:10:40 CEST 2022, lastUpdateTimeNanos=355393502726833}
2022-05-13 16:10:48,907 [main] INFO  org.mongodb.driver.connection - Opened connection [connectionId{localValue:2, serverValue:485}] to 35.198.67.211:27017
2022-05-13 16:10:49,007 [main] INFO  d.i.mongodb.perf.OperationExecutor - >>> OperationExecutor threadCount: 10, opsCount: 5000, maxDurationInSeconds: 3600, operation: IterateOperation
2022-05-13 16:10:49,007 [main] INFO  d.i.mongodb.perf.OperationExecutor - java execution path: /Users/oscarorellana/Desktop/softcorp/doubble/mongodb-performance-test/latest-version/mongodb-performance-test.jar
2022-05-13 16:10:49,199 [pool-2-thread-4] INFO  org.mongodb.driver.connection - Opened connection [connectionId{localValue:3, serverValue:488}] to 35.198.67.211:27017
2022-05-13 16:10:49,199 [pool-2-thread-8] INFO  org.mongodb.driver.connection - Opened connection [connectionId{localValue:10, serverValue:486}] to 35.198.67.211:27017
2022-05-13 16:10:49,207 [pool-2-thread-6] INFO  org.mongodb.driver.connection - Opened connection [connectionId{localValue:6, serverValue:493}] to 35.198.67.211:27017
2022-05-13 16:10:49,207 [pool-2-thread-10] INFO  org.mongodb.driver.connection - Opened connection [connectionId{localValue:9, serverValue:489}] to 35.198.67.211:27017
2022-05-13 16:10:49,208 [pool-2-thread-5] INFO  org.mongodb.driver.connection - Opened connection [connectionId{localValue:7, serverValue:492}] to 35.198.67.211:27017
2022-05-13 16:10:49,208 [pool-2-thread-1] INFO  org.mongodb.driver.connection - Opened connection [connectionId{localValue:4, serverValue:491}] to 35.198.67.211:27017
2022-05-13 16:10:49,208 [pool-2-thread-2] INFO  org.mongodb.driver.connection - Opened connection [connectionId{localValue:11, serverValue:494}] to 35.198.67.211:27017
2022-05-13 16:10:49,208 [pool-2-thread-3] INFO  org.mongodb.driver.connection - Opened connection [connectionId{localValue:5, serverValue:490}] to 35.198.67.211:27017
2022-05-13 16:10:49,209 [pool-2-thread-7] INFO  org.mongodb.driver.connection - Opened connection [connectionId{localValue:8, serverValue:487}] to 35.198.67.211:27017
13.05.2022 16.10.50 ============================================================

-- Timers ----------------------------------------------------------------------
stats-per-second-ITERATE_ONE
             count = 241
         mean rate = 239,13 calls/second
     1-minute rate = 0,00 calls/second
     5-minute rate = 0,00 calls/second
    15-minute rate = 0,00 calls/second
               min = 25,77 milliseconds
               max = 227,80 milliseconds
              mean = 40,91 milliseconds
            stddev = 36,76 milliseconds
            median = 32,72 milliseconds
              75% <= 34,99 milliseconds
              95% <= 61,01 milliseconds
              98% <= 227,41 milliseconds
              99% <= 227,45 milliseconds
            99.9% <= 227,80 milliseconds


13.05.2022 16.10.51 ============================================================

-- Timers ----------------------------------------------------------------------
stats-per-second-ITERATE_ONE
             count = 510
         mean rate = 254,06 calls/second
     1-minute rate = 0,00 calls/second
     5-minute rate = 0,00 calls/second
    15-minute rate = 0,00 calls/second
               min = 27,34 milliseconds
               max = 104,13 milliseconds
              mean = 36,75 milliseconds
            stddev = 11,19 milliseconds
            median = 33,60 milliseconds
              75% <= 37,64 milliseconds
              95% <= 60,72 milliseconds
              98% <= 80,61 milliseconds
              99% <= 85,67 milliseconds
            99.9% <= 104,13 milliseconds


13.05.2022 16.10.52 ============================================================

-- Timers ----------------------------------------------------------------------
stats-per-second-ITERATE_ONE
             count = 809
         mean rate = 268,13 calls/second
     1-minute rate = 0,00 calls/second
     5-minute rate = 0,00 calls/second
    15-minute rate = 0,00 calls/second
               min = 26,60 milliseconds
               max = 55,52 milliseconds
              mean = 34,37 milliseconds
            stddev = 5,60 milliseconds
            median = 33,01 milliseconds
              75% <= 36,31 milliseconds
              95% <= 48,96 milliseconds
              98% <= 53,25 milliseconds
              99% <= 54,25 milliseconds
            99.9% <= 55,52 milliseconds


13.05.2022 16.10.53 ============================================================

-- Timers ----------------------------------------------------------------------
stats-per-second-ITERATE_ONE
             count = 1111
         mean rate = 277,13 calls/second
     1-minute rate = 0,00 calls/second
     5-minute rate = 0,00 calls/second
    15-minute rate = 0,00 calls/second
               min = 27,21 milliseconds
               max = 51,44 milliseconds
              mean = 32,60 milliseconds
            stddev = 3,62 milliseconds
            median = 31,90 milliseconds
              75% <= 34,68 milliseconds
              95% <= 39,97 milliseconds
              98% <= 42,46 milliseconds
              99% <= 46,79 milliseconds
            99.9% <= 51,44 milliseconds


13.05.2022 16.10.54 ============================================================

-- Timers ----------------------------------------------------------------------
stats-per-second-ITERATE_ONE
             count = 1409
         mean rate = 281,31 calls/second
     1-minute rate = 281,40 calls/second
     5-minute rate = 281,40 calls/second
    15-minute rate = 281,40 calls/second
               min = 26,71 milliseconds
               max = 47,72 milliseconds
              mean = 33,38 milliseconds
            stddev = 3,67 milliseconds
            median = 32,87 milliseconds
              75% <= 35,21 milliseconds
              95% <= 41,09 milliseconds
              98% <= 42,88 milliseconds
              99% <= 45,85 milliseconds
            99.9% <= 47,72 milliseconds


13.05.2022 16.10.55 ============================================================

-- Timers ----------------------------------------------------------------------
stats-per-second-ITERATE_ONE
             count = 1708
         mean rate = 284,30 calls/second
     1-minute rate = 281,40 calls/second
     5-minute rate = 281,40 calls/second
    15-minute rate = 281,40 calls/second
               min = 26,62 milliseconds
               max = 44,69 milliseconds
              mean = 33,53 milliseconds
            stddev = 3,63 milliseconds
            median = 33,02 milliseconds
              75% <= 35,48 milliseconds
              95% <= 40,41 milliseconds
              98% <= 43,13 milliseconds
              99% <= 43,51 milliseconds
            99.9% <= 44,69 milliseconds


13.05.2022 16.10.56 ============================================================

-- Timers ----------------------------------------------------------------------
stats-per-second-ITERATE_ONE
             count = 2002
         mean rate = 285,55 calls/second
     1-minute rate = 281,40 calls/second
     5-minute rate = 281,40 calls/second
    15-minute rate = 281,40 calls/second
               min = 24,71 milliseconds
               max = 57,27 milliseconds
              mean = 33,64 milliseconds
            stddev = 5,47 milliseconds
            median = 32,43 milliseconds
              75% <= 34,49 milliseconds
              95% <= 44,00 milliseconds
              98% <= 54,79 milliseconds
              99% <= 54,92 milliseconds
            99.9% <= 57,27 milliseconds


13.05.2022 16.10.57 ============================================================

-- Timers ----------------------------------------------------------------------
stats-per-second-ITERATE_ONE
             count = 2297
         mean rate = 286,79 calls/second
     1-minute rate = 281,40 calls/second
     5-minute rate = 281,40 calls/second
    15-minute rate = 281,40 calls/second
               min = 25,65 milliseconds
               max = 49,93 milliseconds
              mean = 33,92 milliseconds
            stddev = 3,76 milliseconds
            median = 33,66 milliseconds
              75% <= 36,26 milliseconds
              95% <= 40,28 milliseconds
              98% <= 41,74 milliseconds
              99% <= 45,58 milliseconds
            99.9% <= 49,93 milliseconds


13.05.2022 16.10.58 ============================================================

-- Timers ----------------------------------------------------------------------
stats-per-second-ITERATE_ONE
             count = 2559
         mean rate = 284,06 calls/second
     1-minute rate = 281,40 calls/second
     5-minute rate = 281,40 calls/second
    15-minute rate = 281,40 calls/second
               min = 24,25 milliseconds
               max = 129,93 milliseconds
              mean = 38,49 milliseconds
            stddev = 15,62 milliseconds
            median = 35,29 milliseconds
              75% <= 39,06 milliseconds
              95% <= 49,59 milliseconds
              98% <= 112,61 milliseconds
              99% <= 129,17 milliseconds
            99.9% <= 129,93 milliseconds


13.05.2022 16.10.59 ============================================================

-- Timers ----------------------------------------------------------------------
stats-per-second-ITERATE_ONE
             count = 2852
         mean rate = 285,05 calls/second
     1-minute rate = 281,99 calls/second
     5-minute rate = 281,52 calls/second
    15-minute rate = 281,44 calls/second
               min = 27,12 milliseconds
               max = 51,22 milliseconds
              mean = 33,57 milliseconds
            stddev = 4,27 milliseconds
            median = 32,84 milliseconds
              75% <= 35,30 milliseconds
              95% <= 42,22 milliseconds
              98% <= 48,81 milliseconds
              99% <= 49,03 milliseconds
            99.9% <= 51,22 milliseconds


13.05.2022 16.11.00 ============================================================

-- Timers ----------------------------------------------------------------------
stats-per-second-ITERATE_ONE
             count = 3146
         mean rate = 285,50 calls/second
     1-minute rate = 281,99 calls/second
     5-minute rate = 281,52 calls/second
    15-minute rate = 281,44 calls/second
               min = 26,92 milliseconds
               max = 69,60 milliseconds
              mean = 34,44 milliseconds
            stddev = 5,21 milliseconds
            median = 33,54 milliseconds
              75% <= 36,33 milliseconds
              95% <= 39,83 milliseconds
              98% <= 54,29 milliseconds
              99% <= 56,41 milliseconds
            99.9% <= 69,60 milliseconds


13.05.2022 16.11.01 ============================================================

-- Timers ----------------------------------------------------------------------
stats-per-second-ITERATE_ONE
             count = 3424
         mean rate = 284,89 calls/second
     1-minute rate = 281,99 calls/second
     5-minute rate = 281,52 calls/second
    15-minute rate = 281,44 calls/second
               min = 25,80 milliseconds
               max = 92,90 milliseconds
              mean = 36,54 milliseconds
            stddev = 10,97 milliseconds
            median = 32,81 milliseconds
              75% <= 38,56 milliseconds
              95% <= 53,15 milliseconds
              98% <= 86,97 milliseconds
              99% <= 88,36 milliseconds
            99.9% <= 92,90 milliseconds


13.05.2022 16.11.02 ============================================================

-- Timers ----------------------------------------------------------------------
stats-per-second-ITERATE_ONE
             count = 3713
         mean rate = 285,42 calls/second
     1-minute rate = 281,99 calls/second
     5-minute rate = 281,52 calls/second
    15-minute rate = 281,44 calls/second
               min = 23,61 milliseconds
               max = 49,37 milliseconds
              mean = 34,03 milliseconds
            stddev = 4,03 milliseconds
            median = 32,68 milliseconds
              75% <= 36,54 milliseconds
              95% <= 41,93 milliseconds
              98% <= 44,92 milliseconds
              99% <= 45,42 milliseconds
            99.9% <= 49,37 milliseconds


13.05.2022 16.11.03 ============================================================

-- Timers ----------------------------------------------------------------------
stats-per-second-ITERATE_ONE
             count = 4012
         mean rate = 286,45 calls/second
     1-minute rate = 281,99 calls/second
     5-minute rate = 281,52 calls/second
    15-minute rate = 281,44 calls/second
               min = 27,21 milliseconds
               max = 45,11 milliseconds
              mean = 33,57 milliseconds
            stddev = 3,44 milliseconds
            median = 32,55 milliseconds
              75% <= 35,63 milliseconds
              95% <= 40,29 milliseconds
              98% <= 42,83 milliseconds
              99% <= 43,21 milliseconds
            99.9% <= 45,11 milliseconds


13.05.2022 16.11.04 ============================================================

-- Timers ----------------------------------------------------------------------
stats-per-second-ITERATE_ONE
             count = 4307
         mean rate = 287,05 calls/second
     1-minute rate = 282,73 calls/second
     5-minute rate = 281,68 calls/second
    15-minute rate = 281,50 calls/second
               min = 26,38 milliseconds
               max = 44,71 milliseconds
              mean = 33,49 milliseconds
            stddev = 3,84 milliseconds
            median = 32,97 milliseconds
              75% <= 35,91 milliseconds
              95% <= 40,79 milliseconds
              98% <= 43,42 milliseconds
              99% <= 43,79 milliseconds
            99.9% <= 44,71 milliseconds


13.05.2022 16.11.05 ============================================================

-- Timers ----------------------------------------------------------------------
stats-per-second-ITERATE_ONE
             count = 4614
         mean rate = 288,28 calls/second
     1-minute rate = 282,73 calls/second
     5-minute rate = 281,68 calls/second
    15-minute rate = 281,50 calls/second
               min = 26,39 milliseconds
               max = 49,78 milliseconds
              mean = 33,24 milliseconds
            stddev = 4,03 milliseconds
            median = 32,44 milliseconds
              75% <= 35,40 milliseconds
              95% <= 40,74 milliseconds
              98% <= 43,60 milliseconds
              99% <= 44,54 milliseconds
            99.9% <= 49,78 milliseconds


13.05.2022 16.11.06 ============================================================

-- Timers ----------------------------------------------------------------------
stats-per-second-ITERATE_ONE
             count = 4915
         mean rate = 288,80 calls/second
     1-minute rate = 282,73 calls/second
     5-minute rate = 281,68 calls/second
    15-minute rate = 281,50 calls/second
               min = 21,99 milliseconds
               max = 48,75 milliseconds
              mean = 33,66 milliseconds
            stddev = 3,74 milliseconds
            median = 33,47 milliseconds
              75% <= 35,46 milliseconds
              95% <= 41,13 milliseconds
              98% <= 44,19 milliseconds
              99% <= 46,66 milliseconds
            99.9% <= 48,75 milliseconds


2022-05-13 16:11:06,329 [pool-1-thread-1] INFO  d.i.mongodb.perf.OperationExecutor - Done (in time) in 17316 ms 
2022-05-13 16:11:06,332 [pool-1-thread-1] INFO  d.i.mongodb.perf.OperationExecutor - affected documents: 5000
2022-05-13 16:11:06,332 [pool-1-thread-1] INFO  d.i.mongodb.perf.OperationExecutor - count: 5000
2022-05-13 16:11:06,332 [pool-1-thread-1] INFO  d.i.mongodb.perf.OperationExecutor - FifteenMinuteRate: 281.49506962267003
2022-05-13 16:11:06,335 [main] INFO  d.i.mongodb.perf.MongoDbAccessor - >>> closeConnections 35.198.67.211:27017
2022-05-13 16:11:06,338 [pool-1-thread-1] INFO  d.i.mongodb.perf.OperationExecutor - FiveMinuteRate: 281.68232400582906
2022-05-13 16:11:06,339 [pool-1-thread-1] INFO  d.i.mongodb.perf.OperationExecutor - OneMinuteRate: 282.7292072198255
2022-05-13 16:11:06,339 [pool-1-thread-1] INFO  d.i.mongodb.perf.OperationExecutor - MeanRate: 288.548438019877
2022-05-13 16:11:06,343 [pool-1-thread-1] INFO  d.i.mongodb.perf.OperationExecutor - Snapshot 75thPercentile: 36.054792
2022-05-13 16:11:06,345 [pool-1-thread-1] INFO  d.i.mongodb.perf.OperationExecutor - Snapshot 95thPercentile: 43.421875
2022-05-13 16:11:06,345 [pool-1-thread-1] INFO  d.i.mongodb.perf.OperationExecutor - Snapshot 98thPercentile: 49.379708
2022-05-13 16:11:06,345 [pool-1-thread-1] INFO  d.i.mongodb.perf.OperationExecutor - Snapshot 99thPercentile: 54.309709
2022-05-13 16:11:06,346 [pool-1-thread-1] INFO  d.i.mongodb.perf.OperationExecutor - Snapshot 999thPercentile: 129.31870899999998
2022-05-13 16:11:06,351 [pool-1-thread-1] INFO  d.i.mongodb.perf.OperationExecutor - Snapshot Min: 24.247
2022-05-13 16:11:06,351 [pool-1-thread-1] INFO  d.i.mongodb.perf.OperationExecutor - Snapshot Max: 227.445709
2022-05-13 16:11:06,351 [pool-1-thread-1] INFO  d.i.mongodb.perf.OperationExecutor - Snapshot Mean: 34.325815359702936
2022-05-13 16:11:06,351 [pool-1-thread-1] INFO  d.i.mongodb.perf.OperationExecutor - Snapshot Median: 32.922791
2022-05-13 16:11:06,351 [pool-1-thread-1] INFO  d.i.mongodb.perf.OperationExecutor - Snapshot StdDev: 8.733430937341636
2022-05-13 16:11:06,352 [pool-1-thread-1] INFO  d.i.mongodb.perf.OperationExecutor - Snapshot Size: 1028
13.05.2022 16.11.06 ============================================================

-- Timers ----------------------------------------------------------------------
stats-per-run-ITERATE_ONE
             count = 5000
         mean rate = 288,27 calls/second
     1-minute rate = 282,73 calls/second
     5-minute rate = 281,68 calls/second
    15-minute rate = 281,50 calls/second
               min = 24,25 milliseconds
               max = 227,45 milliseconds
              mean = 34,33 milliseconds
            stddev = 8,73 milliseconds
            median = 32,92 milliseconds
              75% <= 36,05 milliseconds
              95% <= 43,42 milliseconds
              98% <= 49,38 milliseconds
              99% <= 54,31 milliseconds
            99.9% <= 129,32 milliseconds


2022-05-13 16:11:06,359 [pool-1-thread-1] INFO  d.i.mongodb.perf.OperationExecutor - stopReporters
2022-05-13 16:11:06,360 [pool-1-thread-1] INFO  d.i.mongodb.perf.OperationExecutor - consoleReporter stopped
2022-05-13 16:11:06,360 [pool-1-thread-1] INFO  d.i.mongodb.perf.OperationExecutor - allConsoleReporter stopped
2022-05-13 16:11:06,360 [pool-1-thread-1] INFO  d.i.mongodb.perf.OperationExecutor - csvReporter stopped
2022-05-13 16:11:06,360 [pool-1-thread-1] INFO  d.i.mongodb.perf.OperationExecutor - If run took more than 1 second, csv-file 'stats-per-second-ITERATE_ONE.csv' saved in folder: /Users/oscarorellana/Desktop/softcorp/doubble/mongodb-performance-test/latest-version
2022-05-13 16:11:06,361 [pool-1-thread-1] INFO  d.i.mongodb.perf.OperationExecutor - csvReporterAll stopped
2022-05-13 16:11:06,361 [pool-1-thread-1] INFO  d.i.mongodb.perf.OperationExecutor - Summary of statistics saved in csv-file 'stats-per-run-ITERATE_ONE.csv' located in folder: /Users/oscarorellana/Desktop/softcorp/doubble/mongodb-performance-test/latest-version
2022-05-13 16:11:06,369 [main] INFO  org.mongodb.driver.connection - Closed connection [connectionId{localValue:6, serverValue:493}] to 35.198.67.211:27017 because the pool has been closed.
2022-05-13 16:11:06,371 [main] INFO  org.mongodb.driver.connection - Closed connection [connectionId{localValue:3, serverValue:488}] to 35.198.67.211:27017 because the pool has been closed.
2022-05-13 16:11:06,371 [main] INFO  org.mongodb.driver.connection - Closed connection [connectionId{localValue:2, serverValue:485}] to 35.198.67.211:27017 because the pool has been closed.
2022-05-13 16:11:06,371 [main] INFO  org.mongodb.driver.connection - Closed connection [connectionId{localValue:8, serverValue:487}] to 35.198.67.211:27017 because the pool has been closed.
2022-05-13 16:11:06,371 [main] INFO  org.mongodb.driver.connection - Closed connection [connectionId{localValue:11, serverValue:494}] to 35.198.67.211:27017 because the pool has been closed.
2022-05-13 16:11:06,371 [main] INFO  org.mongodb.driver.connection - Closed connection [connectionId{localValue:4, serverValue:491}] to 35.198.67.211:27017 because the pool has been closed.
2022-05-13 16:11:06,371 [main] INFO  org.mongodb.driver.connection - Closed connection [connectionId{localValue:10, serverValue:486}] to 35.198.67.211:27017 because the pool has been closed.
2022-05-13 16:11:06,371 [main] INFO  org.mongodb.driver.connection - Closed connection [connectionId{localValue:5, serverValue:490}] to 35.198.67.211:27017 because the pool has been closed.
2022-05-13 16:11:06,372 [main] INFO  org.mongodb.driver.connection - Closed connection [connectionId{localValue:9, serverValue:489}] to 35.198.67.211:27017 because the pool has been closed.
2022-05-13 16:11:06,372 [main] INFO  org.mongodb.driver.connection - Closed connection [connectionId{localValue:7, serverValue:492}] to 35.198.67.211:27017 because the pool has been closed.
2022-05-13 16:11:06,372 [main] INFO  d.i.mongodb.perf.MongoDbAccessor - <<< closeConnections 35.198.67.211:27017
