2022-05-13 16:18:54,149 [main] INFO  d.i.mongodb.perf.MongoDbAccessor - >>> init 35.198.67.211:27017
2022-05-13 16:18:54,238 [main] INFO  org.mongodb.driver.cluster - Cluster created with settings {hosts=[35.198.67.211:27017], mode=SINGLE, requiredClusterType=UNKNOWN, serverSelectionTimeout='30000 ms', maxWaitQueueSize=50000}
2022-05-13 16:18:54,248 [main] INFO  d.i.mongodb.perf.MongoDbAccessor - <<< init
2022-05-13 16:18:54,254 [main] INFO  org.mongodb.driver.cluster - Cluster description not yet available. Waiting for 30000 ms before timing out
2022-05-13 16:18:54,359 [cluster-ClusterId{value='627e68ce4354d1138ae89ca4', description='null'}-35.198.67.211:27017] INFO  org.mongodb.driver.connection - Opened connection [connectionId{localValue:1, serverValue:812}] to 35.198.67.211:27017
2022-05-13 16:18:54,391 [cluster-ClusterId{value='627e68ce4354d1138ae89ca4', description='null'}-35.198.67.211:27017] INFO  org.mongodb.driver.cluster - Monitor thread successfully connected to server with description ServerDescription{address=35.198.67.211:27017, type=REPLICA_SET_PRIMARY, state=CONNECTED, ok=true, version=ServerVersion{versionList=[5, 0, 8]}, minWireVersion=0, maxWireVersion=13, maxDocumentSize=16777216, logicalSessionTimeoutMinutes=30, roundTripTimeNanos=31611791, setName='rs0', canonicalAddress=35.198.67.211:27017, hosts=[34.159.169.88:27017, 35.198.67.211:27017, 34.159.223.31:27017], passives=[], arbiters=[mongodb-arbiter-0.mongodb-arbiter-headless.mongodb-slow.svc.cluster.local:27017], primary='35.198.67.211:27017', tagSet=TagSet{[]}, electionId=7fffffff0000000000000002, setVersion=8, lastWriteDate=Fri May 13 16:18:50 CEST 2022, lastUpdateTimeNanos=355879246007166}
2022-05-13 16:18:54,659 [main] INFO  org.mongodb.driver.connection - Opened connection [connectionId{localValue:2, serverValue:813}] to 35.198.67.211:27017
2022-05-13 16:18:54,760 [main] INFO  d.i.mongodb.perf.OperationExecutor - >>> OperationExecutor threadCount: 10, opsCount: 20000, maxDurationInSeconds: 3600, operation: IterateOperation
2022-05-13 16:18:54,760 [main] INFO  d.i.mongodb.perf.OperationExecutor - java execution path: /Users/oscarorellana/Desktop/softcorp/doubble/mongodb-performance-test/latest-version/mongodb-performance-test.jar
2022-05-13 16:18:54,965 [pool-2-thread-7] INFO  org.mongodb.driver.connection - Opened connection [connectionId{localValue:11, serverValue:815}] to 35.198.67.211:27017
2022-05-13 16:18:54,965 [pool-2-thread-3] INFO  org.mongodb.driver.connection - Opened connection [connectionId{localValue:9, serverValue:816}] to 35.198.67.211:27017
2022-05-13 16:18:54,965 [pool-2-thread-9] INFO  org.mongodb.driver.connection - Opened connection [connectionId{localValue:6, serverValue:814}] to 35.198.67.211:27017
2022-05-13 16:18:54,972 [pool-2-thread-1] INFO  org.mongodb.driver.connection - Opened connection [connectionId{localValue:10, serverValue:821}] to 35.198.67.211:27017
2022-05-13 16:18:54,972 [pool-2-thread-6] INFO  org.mongodb.driver.connection - Opened connection [connectionId{localValue:5, serverValue:819}] to 35.198.67.211:27017
2022-05-13 16:18:54,972 [pool-2-thread-8] INFO  org.mongodb.driver.connection - Opened connection [connectionId{localValue:3, serverValue:818}] to 35.198.67.211:27017
2022-05-13 16:18:54,973 [pool-2-thread-4] INFO  org.mongodb.driver.connection - Opened connection [connectionId{localValue:4, serverValue:820}] to 35.198.67.211:27017
2022-05-13 16:18:54,973 [pool-2-thread-10] INFO  org.mongodb.driver.connection - Opened connection [connectionId{localValue:8, serverValue:817}] to 35.198.67.211:27017
2022-05-13 16:18:54,973 [pool-2-thread-2] INFO  org.mongodb.driver.connection - Opened connection [connectionId{localValue:7, serverValue:822}] to 35.198.67.211:27017
13.05.2022 16.18.55 ============================================================

-- Timers ----------------------------------------------------------------------
stats-per-second-ITERATE_MANY
             count = 246
         mean rate = 243,96 calls/second
     1-minute rate = 0,00 calls/second
     5-minute rate = 0,00 calls/second
    15-minute rate = 0,00 calls/second
               min = 27,20 milliseconds
               max = 242,58 milliseconds
              mean = 40,16 milliseconds
            stddev = 38,24 milliseconds
            median = 32,30 milliseconds
              75% <= 34,97 milliseconds
              95% <= 39,45 milliseconds
              98% <= 235,92 milliseconds
              99% <= 239,30 milliseconds
            99.9% <= 242,58 milliseconds


13.05.2022 16.18.56 ============================================================

-- Timers ----------------------------------------------------------------------
stats-per-second-ITERATE_MANY
             count = 550
         mean rate = 274,28 calls/second
     1-minute rate = 0,00 calls/second
     5-minute rate = 0,00 calls/second
    15-minute rate = 0,00 calls/second
               min = 26,72 milliseconds
               max = 46,49 milliseconds
              mean = 32,83 milliseconds
            stddev = 3,14 milliseconds
            median = 32,54 milliseconds
              75% <= 34,65 milliseconds
              95% <= 38,21 milliseconds
              98% <= 41,30 milliseconds
              99% <= 42,77 milliseconds
            99.9% <= 46,49 milliseconds


13.05.2022 16.18.57 ============================================================

-- Timers ----------------------------------------------------------------------
stats-per-second-ITERATE_MANY
             count = 845
         mean rate = 281,06 calls/second
     1-minute rate = 0,00 calls/second
     5-minute rate = 0,00 calls/second
    15-minute rate = 0,00 calls/second
               min = 27,37 milliseconds
               max = 51,64 milliseconds
              mean = 33,91 milliseconds
            stddev = 3,40 milliseconds
            median = 33,53 milliseconds
              75% <= 35,76 milliseconds
              95% <= 40,64 milliseconds
              98% <= 41,84 milliseconds
              99% <= 43,60 milliseconds
            99.9% <= 51,64 milliseconds


13.05.2022 16.18.58 ============================================================

-- Timers ----------------------------------------------------------------------
stats-per-second-ITERATE_MANY
             count = 1149
         mean rate = 286,65 calls/second
     1-minute rate = 0,00 calls/second
     5-minute rate = 0,00 calls/second
    15-minute rate = 0,00 calls/second
               min = 27,63 milliseconds
               max = 40,94 milliseconds
              mean = 32,77 milliseconds
            stddev = 2,81 milliseconds
            median = 32,56 milliseconds
              75% <= 34,30 milliseconds
              95% <= 38,34 milliseconds
              98% <= 39,70 milliseconds
              99% <= 39,94 milliseconds
            99.9% <= 40,94 milliseconds


13.05.2022 16.18.59 ============================================================

-- Timers ----------------------------------------------------------------------
stats-per-second-ITERATE_MANY
             count = 1418
         mean rate = 283,28 calls/second
     1-minute rate = 283,60 calls/second
     5-minute rate = 283,60 calls/second
    15-minute rate = 283,60 calls/second
               min = 28,43 milliseconds
               max = 100,08 milliseconds
              mean = 36,57 milliseconds
            stddev = 9,92 milliseconds
            median = 34,30 milliseconds
              75% <= 37,65 milliseconds
              95% <= 55,63 milliseconds
              98% <= 76,29 milliseconds
              99% <= 87,19 milliseconds
            99.9% <= 100,08 milliseconds


13.05.2022 16.19.00 ============================================================

-- Timers ----------------------------------------------------------------------
stats-per-second-ITERATE_MANY
             count = 1693
         mean rate = 281,61 calls/second
     1-minute rate = 283,60 calls/second
     5-minute rate = 283,60 calls/second
    15-minute rate = 283,60 calls/second
               min = 27,44 milliseconds
               max = 122,24 milliseconds
              mean = 36,80 milliseconds
            stddev = 14,60 milliseconds
            median = 32,99 milliseconds
              75% <= 36,35 milliseconds
              95% <= 66,05 milliseconds
              98% <= 99,19 milliseconds
              99% <= 114,70 milliseconds
            99.9% <= 122,24 milliseconds


13.05.2022 16.19.01 ============================================================

-- Timers ----------------------------------------------------------------------
stats-per-second-ITERATE_MANY
             count = 1916
         mean rate = 273,30 calls/second
     1-minute rate = 283,60 calls/second
     5-minute rate = 283,60 calls/second
    15-minute rate = 283,60 calls/second
               min = 28,30 milliseconds
               max = 116,21 milliseconds
              mean = 43,67 milliseconds
            stddev = 18,43 milliseconds
            median = 36,60 milliseconds
              75% <= 44,32 milliseconds
              95% <= 92,61 milliseconds
              98% <= 103,43 milliseconds
              99% <= 115,03 milliseconds
            99.9% <= 116,21 milliseconds


13.05.2022 16.19.02 ============================================================

-- Timers ----------------------------------------------------------------------
stats-per-second-ITERATE_MANY
             count = 2205
         mean rate = 275,29 calls/second
     1-minute rate = 283,60 calls/second
     5-minute rate = 283,60 calls/second
    15-minute rate = 283,60 calls/second
               min = 28,45 milliseconds
               max = 64,55 milliseconds
              mean = 35,73 milliseconds
            stddev = 4,66 milliseconds
            median = 34,62 milliseconds
              75% <= 37,55 milliseconds
              95% <= 45,48 milliseconds
              98% <= 51,19 milliseconds
              99% <= 53,34 milliseconds
            99.9% <= 64,55 milliseconds


13.05.2022 16.19.03 ============================================================

-- Timers ----------------------------------------------------------------------
stats-per-second-ITERATE_MANY
             count = 2487
         mean rate = 275,79 calls/second
     1-minute rate = 283,60 calls/second
     5-minute rate = 283,60 calls/second
    15-minute rate = 283,60 calls/second
               min = 27,39 milliseconds
               max = 50,58 milliseconds
              mean = 35,17 milliseconds
            stddev = 3,58 milliseconds
            median = 34,43 milliseconds
              75% <= 37,25 milliseconds
              95% <= 41,99 milliseconds
              98% <= 44,30 milliseconds
              99% <= 46,10 milliseconds
            99.9% <= 50,58 milliseconds


13.05.2022 16.19.04 ============================================================

-- Timers ----------------------------------------------------------------------
stats-per-second-ITERATE_MANY
             count = 2778
         mean rate = 277,56 calls/second
     1-minute rate = 282,66 calls/second
     5-minute rate = 283,40 calls/second
    15-minute rate = 283,53 calls/second
               min = 26,91 milliseconds
               max = 48,22 milliseconds
              mean = 34,40 milliseconds
            stddev = 3,24 milliseconds
            median = 33,80 milliseconds
              75% <= 36,31 milliseconds
              95% <= 39,90 milliseconds
              98% <= 42,43 milliseconds
              99% <= 46,58 milliseconds
            99.9% <= 48,22 milliseconds


13.05.2022 16.19.05 ============================================================

-- Timers ----------------------------------------------------------------------
stats-per-second-ITERATE_MANY
             count = 3078
         mean rate = 279,62 calls/second
     1-minute rate = 282,66 calls/second
     5-minute rate = 283,40 calls/second
    15-minute rate = 283,53 calls/second
               min = 27,68 milliseconds
               max = 48,29 milliseconds
              mean = 33,14 milliseconds
            stddev = 3,25 milliseconds
            median = 33,01 milliseconds
              75% <= 34,64 milliseconds
              95% <= 38,55 milliseconds
              98% <= 42,73 milliseconds
              99% <= 46,11 milliseconds
            99.9% <= 48,29 milliseconds


13.05.2022 16.19.06 ============================================================

-- Timers ----------------------------------------------------------------------
stats-per-second-ITERATE_MANY
             count = 3378
         mean rate = 281,40 calls/second
     1-minute rate = 282,66 calls/second
     5-minute rate = 283,40 calls/second
    15-minute rate = 283,53 calls/second
               min = 27,20 milliseconds
               max = 48,95 milliseconds
              mean = 33,41 milliseconds
            stddev = 3,34 milliseconds
            median = 32,53 milliseconds
              75% <= 35,28 milliseconds
              95% <= 41,27 milliseconds
              98% <= 42,75 milliseconds
              99% <= 43,76 milliseconds
            99.9% <= 48,95 milliseconds


13.05.2022 16.19.07 ============================================================

-- Timers ----------------------------------------------------------------------
stats-per-second-ITERATE_MANY
             count = 3666
         mean rate = 281,81 calls/second
     1-minute rate = 282,66 calls/second
     5-minute rate = 283,40 calls/second
    15-minute rate = 283,53 calls/second
               min = 27,94 milliseconds
               max = 47,33 milliseconds
              mean = 34,62 milliseconds
            stddev = 3,38 milliseconds
            median = 33,95 milliseconds
              75% <= 37,09 milliseconds
              95% <= 41,11 milliseconds
              98% <= 41,81 milliseconds
              99% <= 44,23 milliseconds
            99.9% <= 47,33 milliseconds


13.05.2022 16.19.08 ============================================================

-- Timers ----------------------------------------------------------------------
stats-per-second-ITERATE_MANY
             count = 3957
         mean rate = 282,41 calls/second
     1-minute rate = 282,66 calls/second
     5-minute rate = 283,40 calls/second
    15-minute rate = 283,53 calls/second
               min = 27,44 milliseconds
               max = 45,72 milliseconds
              mean = 34,25 milliseconds
            stddev = 3,10 milliseconds
            median = 33,94 milliseconds
              75% <= 36,19 milliseconds
              95% <= 40,08 milliseconds
              98% <= 42,01 milliseconds
              99% <= 42,53 milliseconds
            99.9% <= 45,72 milliseconds


13.05.2022 16.19.09 ============================================================

-- Timers ----------------------------------------------------------------------
stats-per-second-ITERATE_MANY
             count = 4256
         mean rate = 283,46 calls/second
     1-minute rate = 283,58 calls/second
     5-minute rate = 283,59 calls/second
    15-minute rate = 283,59 calls/second
               min = 27,29 milliseconds
               max = 48,99 milliseconds
              mean = 33,89 milliseconds
            stddev = 3,31 milliseconds
            median = 33,52 milliseconds
              75% <= 35,47 milliseconds
              95% <= 39,58 milliseconds
              98% <= 41,74 milliseconds
              99% <= 48,27 milliseconds
            99.9% <= 48,99 milliseconds


13.05.2022 16.19.10 ============================================================

-- Timers ----------------------------------------------------------------------
stats-per-second-ITERATE_MANY
             count = 4543
         mean rate = 283,72 calls/second
     1-minute rate = 283,58 calls/second
     5-minute rate = 283,59 calls/second
    15-minute rate = 283,59 calls/second
               min = 27,14 milliseconds
               max = 49,79 milliseconds
              mean = 34,47 milliseconds
            stddev = 3,73 milliseconds
            median = 33,91 milliseconds
              75% <= 36,66 milliseconds
              95% <= 41,72 milliseconds
              98% <= 42,54 milliseconds
              99% <= 45,08 milliseconds
            99.9% <= 49,79 milliseconds


13.05.2022 16.19.11 ============================================================

-- Timers ----------------------------------------------------------------------
stats-per-second-ITERATE_MANY
             count = 4833
         mean rate = 284,14 calls/second
     1-minute rate = 283,58 calls/second
     5-minute rate = 283,59 calls/second
    15-minute rate = 283,59 calls/second
               min = 27,24 milliseconds
               max = 49,10 milliseconds
              mean = 34,34 milliseconds
            stddev = 3,54 milliseconds
            median = 33,75 milliseconds
              75% <= 36,23 milliseconds
              95% <= 40,25 milliseconds
              98% <= 46,10 milliseconds
              99% <= 47,98 milliseconds
            99.9% <= 49,10 milliseconds


13.05.2022 16.19.12 ============================================================

-- Timers ----------------------------------------------------------------------
stats-per-second-ITERATE_MANY
             count = 5131
         mean rate = 284,90 calls/second
     1-minute rate = 283,58 calls/second
     5-minute rate = 283,59 calls/second
    15-minute rate = 283,59 calls/second
               min = 28,01 milliseconds
               max = 43,62 milliseconds
              mean = 33,73 milliseconds
            stddev = 3,23 milliseconds
            median = 33,08 milliseconds
              75% <= 36,20 milliseconds
              95% <= 39,17 milliseconds
              98% <= 41,32 milliseconds
              99% <= 41,80 milliseconds
            99.9% <= 43,62 milliseconds


13.05.2022 16.19.13 ============================================================

-- Timers ----------------------------------------------------------------------
stats-per-second-ITERATE_MANY
             count = 5427
         mean rate = 285,55 calls/second
     1-minute rate = 283,58 calls/second
     5-minute rate = 283,59 calls/second
    15-minute rate = 283,59 calls/second
               min = 27,48 milliseconds
               max = 57,03 milliseconds
              mean = 33,35 milliseconds
            stddev = 3,32 milliseconds
            median = 32,55 milliseconds
              75% <= 34,64 milliseconds
              95% <= 40,51 milliseconds
              98% <= 42,07 milliseconds
              99% <= 42,93 milliseconds
            99.9% <= 57,03 milliseconds


13.05.2022 16.19.14 ============================================================

-- Timers ----------------------------------------------------------------------
stats-per-second-ITERATE_MANY
             count = 5737
         mean rate = 286,75 calls/second
     1-minute rate = 284,68 calls/second
     5-minute rate = 283,81 calls/second
    15-minute rate = 283,67 calls/second
               min = 26,99 milliseconds
               max = 48,67 milliseconds
              mean = 32,49 milliseconds
            stddev = 3,38 milliseconds
            median = 31,47 milliseconds
              75% <= 34,47 milliseconds
              95% <= 38,62 milliseconds
              98% <= 42,10 milliseconds
              99% <= 44,75 milliseconds
            99.9% <= 48,67 milliseconds


13.05.2022 16.19.15 ============================================================

-- Timers ----------------------------------------------------------------------
stats-per-second-ITERATE_MANY
             count = 6040
         mean rate = 287,51 calls/second
     1-minute rate = 284,68 calls/second
     5-minute rate = 283,81 calls/second
    15-minute rate = 283,67 calls/second
               min = 27,14 milliseconds
               max = 49,12 milliseconds
              mean = 33,04 milliseconds
            stddev = 3,22 milliseconds
            median = 32,44 milliseconds
              75% <= 34,55 milliseconds
              95% <= 38,50 milliseconds
              98% <= 41,40 milliseconds
              99% <= 47,10 milliseconds
            99.9% <= 49,12 milliseconds


13.05.2022 16.19.16 ============================================================

-- Timers ----------------------------------------------------------------------
stats-per-second-ITERATE_MANY
             count = 6339
         mean rate = 287,93 calls/second
     1-minute rate = 284,68 calls/second
     5-minute rate = 283,81 calls/second
    15-minute rate = 283,67 calls/second
               min = 26,99 milliseconds
               max = 55,85 milliseconds
              mean = 33,85 milliseconds
            stddev = 4,13 milliseconds
            median = 33,01 milliseconds
              75% <= 35,23 milliseconds
              95% <= 39,33 milliseconds
              98% <= 46,40 milliseconds
              99% <= 55,56 milliseconds
            99.9% <= 55,85 milliseconds


13.05.2022 16.19.17 ============================================================

-- Timers ----------------------------------------------------------------------
stats-per-second-ITERATE_MANY
             count = 6636
         mean rate = 288,41 calls/second
     1-minute rate = 284,68 calls/second
     5-minute rate = 283,81 calls/second
    15-minute rate = 283,67 calls/second
               min = 27,39 milliseconds
               max = 43,51 milliseconds
              mean = 33,55 milliseconds
            stddev = 3,46 milliseconds
            median = 32,93 milliseconds
              75% <= 35,69 milliseconds
              95% <= 40,62 milliseconds
              98% <= 41,74 milliseconds
              99% <= 42,60 milliseconds
            99.9% <= 43,51 milliseconds


13.05.2022 16.19.18 ============================================================

-- Timers ----------------------------------------------------------------------
stats-per-second-ITERATE_MANY
             count = 6934
         mean rate = 288,78 calls/second
     1-minute rate = 284,68 calls/second
     5-minute rate = 283,81 calls/second
    15-minute rate = 283,67 calls/second
               min = 27,43 milliseconds
               max = 41,86 milliseconds
              mean = 33,50 milliseconds
            stddev = 2,98 milliseconds
            median = 33,04 milliseconds
              75% <= 35,17 milliseconds
              95% <= 39,59 milliseconds
              98% <= 40,70 milliseconds
              99% <= 41,41 milliseconds
            99.9% <= 41,86 milliseconds


13.05.2022 16.19.19 ============================================================

-- Timers ----------------------------------------------------------------------
stats-per-second-ITERATE_MANY
             count = 7234
         mean rate = 289,25 calls/second
     1-minute rate = 285,86 calls/second
     5-minute rate = 284,07 calls/second
    15-minute rate = 283,76 calls/second
               min = 27,69 milliseconds
               max = 43,18 milliseconds
              mean = 33,40 milliseconds
            stddev = 2,94 milliseconds
            median = 32,75 milliseconds
              75% <= 35,30 milliseconds
              95% <= 38,28 milliseconds
              98% <= 41,06 milliseconds
              99% <= 42,17 milliseconds
            99.9% <= 43,18 milliseconds


13.05.2022 16.19.20 ============================================================

-- Timers ----------------------------------------------------------------------
stats-per-second-ITERATE_MANY
             count = 7535
         mean rate = 289,68 calls/second
     1-minute rate = 285,86 calls/second
     5-minute rate = 284,07 calls/second
    15-minute rate = 283,76 calls/second
               min = 27,53 milliseconds
               max = 55,05 milliseconds
              mean = 33,38 milliseconds
            stddev = 3,68 milliseconds
            median = 32,66 milliseconds
              75% <= 35,37 milliseconds
              95% <= 39,14 milliseconds
              98% <= 42,12 milliseconds
              99% <= 47,11 milliseconds
            99.9% <= 55,05 milliseconds


13.05.2022 16.19.21 ============================================================

-- Timers ----------------------------------------------------------------------
stats-per-second-ITERATE_MANY
             count = 7826
         mean rate = 289,73 calls/second
     1-minute rate = 285,86 calls/second
     5-minute rate = 284,07 calls/second
    15-minute rate = 283,76 calls/second
               min = 25,35 milliseconds
               max = 78,28 milliseconds
              mean = 34,27 milliseconds
            stddev = 6,17 milliseconds
            median = 32,88 milliseconds
              75% <= 35,73 milliseconds
              95% <= 43,39 milliseconds
              98% <= 54,34 milliseconds
              99% <= 69,39 milliseconds
            99.9% <= 78,28 milliseconds


13.05.2022 16.19.22 ============================================================

-- Timers ----------------------------------------------------------------------
stats-per-second-ITERATE_MANY
             count = 8115
         mean rate = 289,74 calls/second
     1-minute rate = 285,86 calls/second
     5-minute rate = 284,07 calls/second
    15-minute rate = 283,76 calls/second
               min = 27,29 milliseconds
               max = 48,06 milliseconds
              mean = 34,02 milliseconds
            stddev = 3,47 milliseconds
            median = 33,58 milliseconds
              75% <= 36,36 milliseconds
              95% <= 40,16 milliseconds
              98% <= 42,12 milliseconds
              99% <= 43,84 milliseconds
            99.9% <= 48,06 milliseconds


13.05.2022 16.19.23 ============================================================

-- Timers ----------------------------------------------------------------------
stats-per-second-ITERATE_MANY
             count = 8418
         mean rate = 290,18 calls/second
     1-minute rate = 285,86 calls/second
     5-minute rate = 284,07 calls/second
    15-minute rate = 283,76 calls/second
               min = 26,83 milliseconds
               max = 43,23 milliseconds
              mean = 33,37 milliseconds
            stddev = 2,95 milliseconds
            median = 32,84 milliseconds
              75% <= 35,01 milliseconds
              95% <= 38,81 milliseconds
              98% <= 40,30 milliseconds
              99% <= 41,90 milliseconds
            99.9% <= 43,23 milliseconds


13.05.2022 16.19.24 ============================================================

-- Timers ----------------------------------------------------------------------
stats-per-second-ITERATE_MANY
             count = 8715
         mean rate = 290,44 calls/second
     1-minute rate = 286,70 calls/second
     5-minute rate = 284,27 calls/second
    15-minute rate = 283,83 calls/second
               min = 27,84 milliseconds
               max = 45,44 milliseconds
              mean = 33,33 milliseconds
            stddev = 3,40 milliseconds
            median = 32,52 milliseconds
              75% <= 35,18 milliseconds
              95% <= 39,73 milliseconds
              98% <= 42,01 milliseconds
              99% <= 44,15 milliseconds
            99.9% <= 45,44 milliseconds


13.05.2022 16.19.25 ============================================================

-- Timers ----------------------------------------------------------------------
stats-per-second-ITERATE_MANY
             count = 9011
         mean rate = 290,61 calls/second
     1-minute rate = 286,70 calls/second
     5-minute rate = 284,27 calls/second
    15-minute rate = 283,83 calls/second
               min = 27,40 milliseconds
               max = 47,82 milliseconds
              mean = 34,05 milliseconds
            stddev = 3,11 milliseconds
            median = 33,38 milliseconds
              75% <= 35,68 milliseconds
              95% <= 39,97 milliseconds
              98% <= 42,60 milliseconds
              99% <= 43,09 milliseconds
            99.9% <= 47,82 milliseconds


13.05.2022 16.19.26 ============================================================

-- Timers ----------------------------------------------------------------------
stats-per-second-ITERATE_MANY
             count = 9309
         mean rate = 290,81 calls/second
     1-minute rate = 286,70 calls/second
     5-minute rate = 284,27 calls/second
    15-minute rate = 283,83 calls/second
               min = 25,26 milliseconds
               max = 46,86 milliseconds
              mean = 33,54 milliseconds
            stddev = 3,37 milliseconds
            median = 33,15 milliseconds
              75% <= 35,55 milliseconds
              95% <= 39,80 milliseconds
              98% <= 41,84 milliseconds
              99% <= 42,85 milliseconds
            99.9% <= 46,86 milliseconds


13.05.2022 16.19.27 ============================================================

-- Timers ----------------------------------------------------------------------
stats-per-second-ITERATE_MANY
             count = 9604
         mean rate = 290,94 calls/second
     1-minute rate = 286,70 calls/second
     5-minute rate = 284,27 calls/second
    15-minute rate = 283,83 calls/second
               min = 28,30 milliseconds
               max = 46,00 milliseconds
              mean = 33,89 milliseconds
            stddev = 3,07 milliseconds
            median = 33,33 milliseconds
              75% <= 35,84 milliseconds
              95% <= 39,63 milliseconds
              98% <= 41,75 milliseconds
              99% <= 43,36 milliseconds
            99.9% <= 46,00 milliseconds


13.05.2022 16.19.28 ============================================================

-- Timers ----------------------------------------------------------------------
stats-per-second-ITERATE_MANY
             count = 9902
         mean rate = 291,14 calls/second
     1-minute rate = 286,70 calls/second
     5-minute rate = 284,27 calls/second
    15-minute rate = 283,83 calls/second
               min = 27,40 milliseconds
               max = 52,87 milliseconds
              mean = 33,78 milliseconds
            stddev = 3,69 milliseconds
            median = 32,96 milliseconds
              75% <= 35,40 milliseconds
              95% <= 39,81 milliseconds
              98% <= 43,59 milliseconds
              99% <= 48,70 milliseconds
            99.9% <= 52,87 milliseconds


13.05.2022 16.19.29 ============================================================

-- Timers ----------------------------------------------------------------------
stats-per-second-ITERATE_MANY
             count = 10192
         mean rate = 291,11 calls/second
     1-minute rate = 287,40 calls/second
     5-minute rate = 284,46 calls/second
    15-minute rate = 283,89 calls/second
               min = 27,33 milliseconds
               max = 48,59 milliseconds
              mean = 34,11 milliseconds
            stddev = 3,48 milliseconds
            median = 33,74 milliseconds
              75% <= 35,89 milliseconds
              95% <= 40,36 milliseconds
              98% <= 45,25 milliseconds
              99% <= 45,88 milliseconds
            99.9% <= 48,59 milliseconds


13.05.2022 16.19.30 ============================================================

-- Timers ----------------------------------------------------------------------
stats-per-second-ITERATE_MANY
             count = 10483
         mean rate = 291,12 calls/second
     1-minute rate = 287,40 calls/second
     5-minute rate = 284,46 calls/second
    15-minute rate = 283,89 calls/second
               min = 27,62 milliseconds
               max = 50,52 milliseconds
              mean = 34,67 milliseconds
            stddev = 3,89 milliseconds
            median = 34,02 milliseconds
              75% <= 37,02 milliseconds
              95% <= 42,09 milliseconds
              98% <= 44,45 milliseconds
              99% <= 46,44 milliseconds
            99.9% <= 50,52 milliseconds


13.05.2022 16.19.31 ============================================================

-- Timers ----------------------------------------------------------------------
stats-per-second-ITERATE_MANY
             count = 10764
         mean rate = 290,85 calls/second
     1-minute rate = 287,40 calls/second
     5-minute rate = 284,46 calls/second
    15-minute rate = 283,89 calls/second
               min = 24,77 milliseconds
               max = 50,77 milliseconds
              mean = 34,97 milliseconds
            stddev = 3,82 milliseconds
            median = 34,33 milliseconds
              75% <= 37,01 milliseconds
              95% <= 42,03 milliseconds
              98% <= 45,40 milliseconds
              99% <= 47,18 milliseconds
            99.9% <= 50,77 milliseconds


13.05.2022 16.19.32 ============================================================

-- Timers ----------------------------------------------------------------------
stats-per-second-ITERATE_MANY
             count = 11060
         mean rate = 290,99 calls/second
     1-minute rate = 287,40 calls/second
     5-minute rate = 284,46 calls/second
    15-minute rate = 283,89 calls/second
               min = 27,32 milliseconds
               max = 53,90 milliseconds
              mean = 34,25 milliseconds
            stddev = 3,43 milliseconds
            median = 33,55 milliseconds
              75% <= 36,44 milliseconds
              95% <= 39,84 milliseconds
              98% <= 42,77 milliseconds
              99% <= 44,50 milliseconds
            99.9% <= 53,90 milliseconds


13.05.2022 16.19.33 ============================================================

-- Timers ----------------------------------------------------------------------
stats-per-second-ITERATE_MANY
             count = 11356
         mean rate = 291,10 calls/second
     1-minute rate = 287,40 calls/second
     5-minute rate = 284,46 calls/second
    15-minute rate = 283,89 calls/second
               min = 27,63 milliseconds
               max = 49,18 milliseconds
              mean = 33,39 milliseconds
            stddev = 3,13 milliseconds
            median = 33,01 milliseconds
              75% <= 35,01 milliseconds
              95% <= 39,36 milliseconds
              98% <= 40,54 milliseconds
              99% <= 42,43 milliseconds
            99.9% <= 49,18 milliseconds


13.05.2022 16.19.34 ============================================================

-- Timers ----------------------------------------------------------------------
stats-per-second-ITERATE_MANY
             count = 11651
         mean rate = 291,19 calls/second
     1-minute rate = 287,73 calls/second
     5-minute rate = 284,58 calls/second
    15-minute rate = 283,93 calls/second
               min = 27,57 milliseconds
               max = 43,25 milliseconds
              mean = 33,90 milliseconds
            stddev = 3,28 milliseconds
            median = 33,38 milliseconds
              75% <= 36,00 milliseconds
              95% <= 40,62 milliseconds
              98% <= 42,04 milliseconds
              99% <= 42,69 milliseconds
            99.9% <= 43,25 milliseconds


13.05.2022 16.19.35 ============================================================

-- Timers ----------------------------------------------------------------------
stats-per-second-ITERATE_MANY
             count = 11945
         mean rate = 291,28 calls/second
     1-minute rate = 287,73 calls/second
     5-minute rate = 284,58 calls/second
    15-minute rate = 283,93 calls/second
               min = 27,64 milliseconds
               max = 50,62 milliseconds
              mean = 34,09 milliseconds
            stddev = 3,67 milliseconds
            median = 33,50 milliseconds
              75% <= 35,46 milliseconds
              95% <= 40,36 milliseconds
              98% <= 43,15 milliseconds
              99% <= 50,45 milliseconds
            99.9% <= 50,62 milliseconds


13.05.2022 16.19.36 ============================================================

-- Timers ----------------------------------------------------------------------
stats-per-second-ITERATE_MANY
             count = 12238
         mean rate = 291,31 calls/second
     1-minute rate = 287,73 calls/second
     5-minute rate = 284,58 calls/second
    15-minute rate = 283,93 calls/second
               min = 27,81 milliseconds
               max = 44,18 milliseconds
              mean = 34,24 milliseconds
            stddev = 3,16 milliseconds
            median = 33,89 milliseconds
              75% <= 35,99 milliseconds
              95% <= 40,12 milliseconds
              98% <= 42,54 milliseconds
              99% <= 42,81 milliseconds
            99.9% <= 44,18 milliseconds


13.05.2022 16.19.37 ============================================================

-- Timers ----------------------------------------------------------------------
stats-per-second-ITERATE_MANY
             count = 12534
         mean rate = 291,42 calls/second
     1-minute rate = 287,73 calls/second
     5-minute rate = 284,58 calls/second
    15-minute rate = 283,93 calls/second
               min = 27,25 milliseconds
               max = 45,01 milliseconds
              mean = 33,76 milliseconds
            stddev = 3,18 milliseconds
            median = 33,04 milliseconds
              75% <= 35,62 milliseconds
              95% <= 40,71 milliseconds
              98% <= 41,33 milliseconds
              99% <= 43,37 milliseconds
            99.9% <= 45,01 milliseconds


13.05.2022 16.19.38 ============================================================

-- Timers ----------------------------------------------------------------------
stats-per-second-ITERATE_MANY
             count = 12829
         mean rate = 291,49 calls/second
     1-minute rate = 287,73 calls/second
     5-minute rate = 284,58 calls/second
    15-minute rate = 283,93 calls/second
               min = 23,50 milliseconds
               max = 49,92 milliseconds
              mean = 34,03 milliseconds
            stddev = 3,66 milliseconds
            median = 33,44 milliseconds
              75% <= 35,87 milliseconds
              95% <= 40,22 milliseconds
              98% <= 45,07 milliseconds
              99% <= 47,20 milliseconds
            99.9% <= 49,92 milliseconds


13.05.2022 16.19.39 ============================================================

-- Timers ----------------------------------------------------------------------
stats-per-second-ITERATE_MANY
             count = 13121
         mean rate = 291,50 calls/second
     1-minute rate = 288,25 calls/second
     5-minute rate = 284,73 calls/second
    15-minute rate = 283,99 calls/second
               min = 27,85 milliseconds
               max = 47,57 milliseconds
              mean = 33,90 milliseconds
            stddev = 3,33 milliseconds
            median = 33,51 milliseconds
              75% <= 35,94 milliseconds
              95% <= 39,72 milliseconds
              98% <= 43,68 milliseconds
              99% <= 45,92 milliseconds
            99.9% <= 47,57 milliseconds


13.05.2022 16.19.40 ============================================================

-- Timers ----------------------------------------------------------------------
stats-per-second-ITERATE_MANY
             count = 13416
         mean rate = 291,58 calls/second
     1-minute rate = 288,25 calls/second
     5-minute rate = 284,73 calls/second
    15-minute rate = 283,99 calls/second
               min = 27,64 milliseconds
               max = 68,23 milliseconds
              mean = 34,23 milliseconds
            stddev = 4,00 milliseconds
            median = 33,47 milliseconds
              75% <= 36,13 milliseconds
              95% <= 40,68 milliseconds
              98% <= 44,67 milliseconds
              99% <= 47,26 milliseconds
            99.9% <= 68,23 milliseconds


13.05.2022 16.19.41 ============================================================

-- Timers ----------------------------------------------------------------------
stats-per-second-ITERATE_MANY
             count = 13695
         mean rate = 291,32 calls/second
     1-minute rate = 288,25 calls/second
     5-minute rate = 284,73 calls/second
    15-minute rate = 283,99 calls/second
               min = 27,74 milliseconds
               max = 53,33 milliseconds
              mean = 35,39 milliseconds
            stddev = 4,30 milliseconds
            median = 34,73 milliseconds
              75% <= 37,82 milliseconds
              95% <= 42,38 milliseconds
              98% <= 48,69 milliseconds
              99% <= 50,96 milliseconds
            99.9% <= 53,33 milliseconds


13.05.2022 16.19.42 ============================================================

-- Timers ----------------------------------------------------------------------
stats-per-second-ITERATE_MANY
             count = 13983
         mean rate = 291,25 calls/second
     1-minute rate = 288,25 calls/second
     5-minute rate = 284,73 calls/second
    15-minute rate = 283,99 calls/second
               min = 27,30 milliseconds
               max = 56,41 milliseconds
              mean = 34,94 milliseconds
            stddev = 4,17 milliseconds
            median = 34,32 milliseconds
              75% <= 36,17 milliseconds
              95% <= 43,09 milliseconds
              98% <= 49,73 milliseconds
              99% <= 54,06 milliseconds
            99.9% <= 56,41 milliseconds


13.05.2022 16.19.43 ============================================================

-- Timers ----------------------------------------------------------------------
stats-per-second-ITERATE_MANY
             count = 14277
         mean rate = 291,31 calls/second
     1-minute rate = 288,25 calls/second
     5-minute rate = 284,73 calls/second
    15-minute rate = 283,99 calls/second
               min = 27,55 milliseconds
               max = 45,69 milliseconds
              mean = 34,11 milliseconds
            stddev = 3,28 milliseconds
            median = 33,45 milliseconds
              75% <= 35,92 milliseconds
              95% <= 41,10 milliseconds
              98% <= 42,17 milliseconds
              99% <= 43,21 milliseconds
            99.9% <= 45,69 milliseconds


13.05.2022 16.19.44 ============================================================

-- Timers ----------------------------------------------------------------------
stats-per-second-ITERATE_MANY
             count = 14580
         mean rate = 291,56 calls/second
     1-minute rate = 288,54 calls/second
     5-minute rate = 284,85 calls/second
    15-minute rate = 284,03 calls/second
               min = 26,83 milliseconds
               max = 42,73 milliseconds
              mean = 32,90 milliseconds
            stddev = 3,14 milliseconds
            median = 32,59 milliseconds
              75% <= 34,56 milliseconds
              95% <= 38,80 milliseconds
              98% <= 41,15 milliseconds
              99% <= 42,31 milliseconds
            99.9% <= 42,73 milliseconds


13.05.2022 16.19.45 ============================================================

-- Timers ----------------------------------------------------------------------
stats-per-second-ITERATE_MANY
             count = 14892
         mean rate = 291,96 calls/second
     1-minute rate = 288,54 calls/second
     5-minute rate = 284,85 calls/second
    15-minute rate = 284,03 calls/second
               min = 26,71 milliseconds
               max = 39,97 milliseconds
              mean = 31,91 milliseconds
            stddev = 2,49 milliseconds
            median = 31,63 milliseconds
              75% <= 33,73 milliseconds
              95% <= 36,20 milliseconds
              98% <= 37,58 milliseconds
              99% <= 38,88 milliseconds
            99.9% <= 39,97 milliseconds


13.05.2022 16.19.46 ============================================================

-- Timers ----------------------------------------------------------------------
stats-per-second-ITERATE_MANY
             count = 15208
         mean rate = 292,42 calls/second
     1-minute rate = 288,54 calls/second
     5-minute rate = 284,85 calls/second
    15-minute rate = 284,03 calls/second
               min = 25,81 milliseconds
               max = 41,28 milliseconds
              mean = 31,81 milliseconds
            stddev = 2,72 milliseconds
            median = 31,36 milliseconds
              75% <= 33,23 milliseconds
              95% <= 37,34 milliseconds
              98% <= 38,18 milliseconds
              99% <= 39,76 milliseconds
            99.9% <= 41,28 milliseconds


13.05.2022 16.19.47 ============================================================

-- Timers ----------------------------------------------------------------------
stats-per-second-ITERATE_MANY
             count = 15519
         mean rate = 292,77 calls/second
     1-minute rate = 288,54 calls/second
     5-minute rate = 284,85 calls/second
    15-minute rate = 284,03 calls/second
               min = 26,96 milliseconds
               max = 40,17 milliseconds
              mean = 32,10 milliseconds
            stddev = 2,62 milliseconds
            median = 31,61 milliseconds
              75% <= 33,48 milliseconds
              95% <= 37,16 milliseconds
              98% <= 38,43 milliseconds
              99% <= 38,84 milliseconds
            99.9% <= 40,17 milliseconds


13.05.2022 16.19.48 ============================================================

-- Timers ----------------------------------------------------------------------
stats-per-second-ITERATE_MANY
             count = 15828
         mean rate = 293,06 calls/second
     1-minute rate = 288,54 calls/second
     5-minute rate = 284,85 calls/second
    15-minute rate = 284,03 calls/second
               min = 27,24 milliseconds
               max = 41,97 milliseconds
              mean = 32,39 milliseconds
            stddev = 3,01 milliseconds
            median = 31,66 milliseconds
              75% <= 34,19 milliseconds
              95% <= 38,41 milliseconds
              98% <= 39,75 milliseconds
              99% <= 40,86 milliseconds
            99.9% <= 41,97 milliseconds


13.05.2022 16.19.49 ============================================================

-- Timers ----------------------------------------------------------------------
stats-per-second-ITERATE_MANY
             count = 16142
         mean rate = 293,46 calls/second
     1-minute rate = 290,43 calls/second
     5-minute rate = 285,30 calls/second
    15-minute rate = 284,19 calls/second
               min = 26,98 milliseconds
               max = 41,66 milliseconds
              mean = 31,86 milliseconds
            stddev = 2,70 milliseconds
            median = 31,42 milliseconds
              75% <= 33,35 milliseconds
              95% <= 36,89 milliseconds
              98% <= 38,90 milliseconds
              99% <= 41,23 milliseconds
            99.9% <= 41,66 milliseconds


13.05.2022 16.19.50 ============================================================

-- Timers ----------------------------------------------------------------------
stats-per-second-ITERATE_MANY
             count = 16441
         mean rate = 293,54 calls/second
     1-minute rate = 290,43 calls/second
     5-minute rate = 285,30 calls/second
    15-minute rate = 284,19 calls/second
               min = 27,37 milliseconds
               max = 74,02 milliseconds
              mean = 33,38 milliseconds
            stddev = 6,73 milliseconds
            median = 31,94 milliseconds
              75% <= 34,22 milliseconds
              95% <= 47,27 milliseconds
              98% <= 61,57 milliseconds
              99% <= 66,92 milliseconds
            99.9% <= 74,02 milliseconds


13.05.2022 16.19.51 ============================================================

-- Timers ----------------------------------------------------------------------
stats-per-second-ITERATE_MANY
             count = 16741
         mean rate = 293,64 calls/second
     1-minute rate = 290,43 calls/second
     5-minute rate = 285,30 calls/second
    15-minute rate = 284,19 calls/second
               min = 27,51 milliseconds
               max = 45,73 milliseconds
              mean = 33,33 milliseconds
            stddev = 3,41 milliseconds
            median = 32,94 milliseconds
              75% <= 34,90 milliseconds
              95% <= 40,71 milliseconds
              98% <= 42,41 milliseconds
              99% <= 44,72 milliseconds
            99.9% <= 45,73 milliseconds


13.05.2022 16.19.52 ============================================================

-- Timers ----------------------------------------------------------------------
stats-per-second-ITERATE_MANY
             count = 17051
         mean rate = 293,93 calls/second
     1-minute rate = 290,43 calls/second
     5-minute rate = 285,30 calls/second
    15-minute rate = 284,19 calls/second
               min = 27,42 milliseconds
               max = 47,26 milliseconds
              mean = 32,31 milliseconds
            stddev = 2,92 milliseconds
            median = 32,05 milliseconds
              75% <= 33,80 milliseconds
              95% <= 37,72 milliseconds
              98% <= 40,64 milliseconds
              99% <= 42,09 milliseconds
            99.9% <= 47,26 milliseconds


13.05.2022 16.19.53 ============================================================

-- Timers ----------------------------------------------------------------------
stats-per-second-ITERATE_MANY
             count = 17355
         mean rate = 294,12 calls/second
     1-minute rate = 290,43 calls/second
     5-minute rate = 285,30 calls/second
    15-minute rate = 284,19 calls/second
               min = 27,61 milliseconds
               max = 50,90 milliseconds
              mean = 33,00 milliseconds
            stddev = 3,35 milliseconds
            median = 32,42 milliseconds
              75% <= 34,01 milliseconds
              95% <= 39,45 milliseconds
              98% <= 43,83 milliseconds
              99% <= 45,47 milliseconds
            99.9% <= 50,90 milliseconds


13.05.2022 16.19.54 ============================================================

-- Timers ----------------------------------------------------------------------
stats-per-second-ITERATE_MANY
             count = 17659
         mean rate = 294,27 calls/second
     1-minute rate = 291,37 calls/second
     5-minute rate = 285,58 calls/second
    15-minute rate = 284,29 calls/second
               min = 26,09 milliseconds
               max = 43,17 milliseconds
              mean = 32,98 milliseconds
            stddev = 2,93 milliseconds
            median = 32,92 milliseconds
              75% <= 34,77 milliseconds
              95% <= 37,59 milliseconds
              98% <= 40,48 milliseconds
              99% <= 42,06 milliseconds
            99.9% <= 43,17 milliseconds


13.05.2022 16.19.55 ============================================================

-- Timers ----------------------------------------------------------------------
stats-per-second-ITERATE_MANY
             count = 17963
         mean rate = 294,43 calls/second
     1-minute rate = 291,37 calls/second
     5-minute rate = 285,58 calls/second
    15-minute rate = 284,29 calls/second
               min = 26,98 milliseconds
               max = 43,04 milliseconds
              mean = 32,74 milliseconds
            stddev = 2,78 milliseconds
            median = 32,56 milliseconds
              75% <= 34,70 milliseconds
              95% <= 37,55 milliseconds
              98% <= 38,76 milliseconds
              99% <= 39,79 milliseconds
            99.9% <= 43,04 milliseconds


13.05.2022 16.19.56 ============================================================

-- Timers ----------------------------------------------------------------------
stats-per-second-ITERATE_MANY
             count = 18270
         mean rate = 294,65 calls/second
     1-minute rate = 291,37 calls/second
     5-minute rate = 285,58 calls/second
    15-minute rate = 284,29 calls/second
               min = 27,15 milliseconds
               max = 44,90 milliseconds
              mean = 32,67 milliseconds
            stddev = 3,31 milliseconds
            median = 32,36 milliseconds
              75% <= 34,83 milliseconds
              95% <= 38,98 milliseconds
              98% <= 41,58 milliseconds
              99% <= 42,95 milliseconds
            99.9% <= 44,90 milliseconds


13.05.2022 16.19.57 ============================================================

-- Timers ----------------------------------------------------------------------
stats-per-second-ITERATE_MANY
             count = 18576
         mean rate = 294,81 calls/second
     1-minute rate = 291,37 calls/second
     5-minute rate = 285,58 calls/second
    15-minute rate = 284,29 calls/second
               min = 26,20 milliseconds
               max = 50,88 milliseconds
              mean = 32,37 milliseconds
            stddev = 3,03 milliseconds
            median = 32,03 milliseconds
              75% <= 33,92 milliseconds
              95% <= 37,13 milliseconds
              98% <= 40,42 milliseconds
              99% <= 42,21 milliseconds
            99.9% <= 50,88 milliseconds


13.05.2022 16.19.58 ============================================================

-- Timers ----------------------------------------------------------------------
stats-per-second-ITERATE_MANY
             count = 18889
         mean rate = 295,10 calls/second
     1-minute rate = 291,37 calls/second
     5-minute rate = 285,58 calls/second
    15-minute rate = 284,29 calls/second
               min = 26,99 milliseconds
               max = 41,43 milliseconds
              mean = 31,68 milliseconds
            stddev = 2,70 milliseconds
            median = 31,47 milliseconds
              75% <= 33,14 milliseconds
              95% <= 36,80 milliseconds
              98% <= 38,80 milliseconds
              99% <= 40,01 milliseconds
            99.9% <= 41,43 milliseconds


13.05.2022 16.19.59 ============================================================

-- Timers ----------------------------------------------------------------------
stats-per-second-ITERATE_MANY
             count = 19202
         mean rate = 295,38 calls/second
     1-minute rate = 292,79 calls/second
     5-minute rate = 285,97 calls/second
    15-minute rate = 284,43 calls/second
               min = 26,44 milliseconds
               max = 43,60 milliseconds
              mean = 32,31 milliseconds
            stddev = 2,57 milliseconds
            median = 32,38 milliseconds
              75% <= 33,78 milliseconds
              95% <= 36,28 milliseconds
              98% <= 39,66 milliseconds
              99% <= 40,52 milliseconds
            99.9% <= 43,60 milliseconds


13.05.2022 16.20.00 ============================================================

-- Timers ----------------------------------------------------------------------
stats-per-second-ITERATE_MANY
             count = 19501
         mean rate = 295,43 calls/second
     1-minute rate = 292,79 calls/second
     5-minute rate = 285,97 calls/second
    15-minute rate = 284,43 calls/second
               min = 25,80 milliseconds
               max = 55,93 milliseconds
              mean = 33,27 milliseconds
            stddev = 4,12 milliseconds
            median = 32,47 milliseconds
              75% <= 35,00 milliseconds
              95% <= 39,96 milliseconds
              98% <= 47,08 milliseconds
              99% <= 50,71 milliseconds
            99.9% <= 55,93 milliseconds


13.05.2022 16.20.01 ============================================================

-- Timers ----------------------------------------------------------------------
stats-per-second-ITERATE_MANY
             count = 19803
         mean rate = 295,53 calls/second
     1-minute rate = 292,79 calls/second
     5-minute rate = 285,97 calls/second
    15-minute rate = 284,43 calls/second
               min = 26,89 milliseconds
               max = 85,14 milliseconds
              mean = 33,08 milliseconds
            stddev = 6,74 milliseconds
            median = 31,71 milliseconds
              75% <= 33,44 milliseconds
              95% <= 40,89 milliseconds
              98% <= 59,60 milliseconds
              99% <= 78,79 milliseconds
            99.9% <= 85,14 milliseconds


2022-05-13 16:20:02,395 [pool-1-thread-1] INFO  d.i.mongodb.perf.OperationExecutor - Done (in time) in 67629 ms 
2022-05-13 16:20:02,396 [pool-1-thread-1] INFO  d.i.mongodb.perf.OperationExecutor - affected documents: 254664
2022-05-13 16:20:02,396 [main] INFO  d.i.mongodb.perf.MongoDbAccessor - >>> closeConnections 35.198.67.211:27017
2022-05-13 16:20:02,396 [pool-1-thread-1] INFO  d.i.mongodb.perf.OperationExecutor - count: 20000
2022-05-13 16:20:02,396 [pool-1-thread-1] INFO  d.i.mongodb.perf.OperationExecutor - FifteenMinuteRate: 284.4292539816632
2022-05-13 16:20:02,396 [pool-1-thread-1] INFO  d.i.mongodb.perf.OperationExecutor - FiveMinuteRate: 285.9758490950122
2022-05-13 16:20:02,396 [pool-1-thread-1] INFO  d.i.mongodb.perf.OperationExecutor - OneMinuteRate: 292.80858321212764
2022-05-13 16:20:02,396 [pool-1-thread-1] INFO  d.i.mongodb.perf.OperationExecutor - MeanRate: 295.7203582617357
2022-05-13 16:20:02,397 [pool-1-thread-1] INFO  d.i.mongodb.perf.OperationExecutor - Snapshot 75thPercentile: 34.768
2022-05-13 16:20:02,397 [pool-1-thread-1] INFO  d.i.mongodb.perf.OperationExecutor - Snapshot 95thPercentile: 39.273624999999996
2022-05-13 16:20:02,397 [pool-1-thread-1] INFO  d.i.mongodb.perf.OperationExecutor - Snapshot 98thPercentile: 41.754208
2022-05-13 16:20:02,397 [pool-1-thread-1] INFO  d.i.mongodb.perf.OperationExecutor - Snapshot 99thPercentile: 42.98925
2022-05-13 16:20:02,397 [pool-1-thread-1] INFO  d.i.mongodb.perf.OperationExecutor - Snapshot 999thPercentile: 66.402333
2022-05-13 16:20:02,397 [pool-1-thread-1] INFO  d.i.mongodb.perf.OperationExecutor - Snapshot Min: 23.506124999999997
2022-05-13 16:20:02,397 [pool-1-thread-1] INFO  d.i.mongodb.perf.OperationExecutor - Snapshot Max: 236.036542
2022-05-13 16:20:02,397 [pool-1-thread-1] INFO  d.i.mongodb.perf.OperationExecutor - Snapshot Mean: 33.21371189015253
2022-05-13 16:20:02,397 [pool-1-thread-1] INFO  d.i.mongodb.perf.OperationExecutor - Snapshot Median: 32.687292
2022-05-13 16:20:02,397 [pool-1-thread-1] INFO  d.i.mongodb.perf.OperationExecutor - Snapshot StdDev: 5.844202686537327
2022-05-13 16:20:02,397 [pool-1-thread-1] INFO  d.i.mongodb.perf.OperationExecutor - Snapshot Size: 1028
13.05.2022 16.20.02 ============================================================

-- Timers ----------------------------------------------------------------------
stats-per-run-ITERATE_MANY
             count = 20000
         mean rate = 295,71 calls/second
     1-minute rate = 292,81 calls/second
     5-minute rate = 285,98 calls/second
    15-minute rate = 284,43 calls/second
               min = 23,51 milliseconds
               max = 236,04 milliseconds
              mean = 33,21 milliseconds
            stddev = 5,84 milliseconds
            median = 32,69 milliseconds
              75% <= 34,77 milliseconds
              95% <= 39,27 milliseconds
              98% <= 41,75 milliseconds
              99% <= 42,99 milliseconds
            99.9% <= 66,40 milliseconds


2022-05-13 16:20:02,400 [pool-1-thread-1] INFO  d.i.mongodb.perf.OperationExecutor - stopReporters
2022-05-13 16:20:02,400 [pool-1-thread-1] INFO  d.i.mongodb.perf.OperationExecutor - consoleReporter stopped
2022-05-13 16:20:02,400 [pool-1-thread-1] INFO  d.i.mongodb.perf.OperationExecutor - allConsoleReporter stopped
2022-05-13 16:20:02,400 [pool-1-thread-1] INFO  d.i.mongodb.perf.OperationExecutor - csvReporter stopped
2022-05-13 16:20:02,400 [pool-1-thread-1] INFO  d.i.mongodb.perf.OperationExecutor - If run took more than 1 second, csv-file 'stats-per-second-ITERATE_MANY.csv' saved in folder: /Users/oscarorellana/Desktop/softcorp/doubble/mongodb-performance-test/latest-version
2022-05-13 16:20:02,400 [pool-1-thread-1] INFO  d.i.mongodb.perf.OperationExecutor - csvReporterAll stopped
2022-05-13 16:20:02,400 [pool-1-thread-1] INFO  d.i.mongodb.perf.OperationExecutor - Summary of statistics saved in csv-file 'stats-per-run-ITERATE_MANY.csv' located in folder: /Users/oscarorellana/Desktop/softcorp/doubble/mongodb-performance-test/latest-version
2022-05-13 16:20:02,426 [main] INFO  org.mongodb.driver.connection - Closed connection [connectionId{localValue:11, serverValue:815}] to 35.198.67.211:27017 because the pool has been closed.
2022-05-13 16:20:02,426 [main] INFO  org.mongodb.driver.connection - Closed connection [connectionId{localValue:10, serverValue:821}] to 35.198.67.211:27017 because the pool has been closed.
2022-05-13 16:20:02,426 [main] INFO  org.mongodb.driver.connection - Closed connection [connectionId{localValue:7, serverValue:822}] to 35.198.67.211:27017 because the pool has been closed.
2022-05-13 16:20:02,426 [main] INFO  org.mongodb.driver.connection - Closed connection [connectionId{localValue:5, serverValue:819}] to 35.198.67.211:27017 because the pool has been closed.
2022-05-13 16:20:02,427 [main] INFO  org.mongodb.driver.connection - Closed connection [connectionId{localValue:4, serverValue:820}] to 35.198.67.211:27017 because the pool has been closed.
2022-05-13 16:20:02,427 [main] INFO  org.mongodb.driver.connection - Closed connection [connectionId{localValue:9, serverValue:816}] to 35.198.67.211:27017 because the pool has been closed.
2022-05-13 16:20:02,427 [main] INFO  org.mongodb.driver.connection - Closed connection [connectionId{localValue:3, serverValue:818}] to 35.198.67.211:27017 because the pool has been closed.
2022-05-13 16:20:02,427 [main] INFO  org.mongodb.driver.connection - Closed connection [connectionId{localValue:6, serverValue:814}] to 35.198.67.211:27017 because the pool has been closed.
2022-05-13 16:20:02,427 [main] INFO  org.mongodb.driver.connection - Closed connection [connectionId{localValue:2, serverValue:813}] to 35.198.67.211:27017 because the pool has been closed.
2022-05-13 16:20:02,427 [main] INFO  org.mongodb.driver.connection - Closed connection [connectionId{localValue:8, serverValue:817}] to 35.198.67.211:27017 because the pool has been closed.
2022-05-13 16:20:02,427 [main] INFO  d.i.mongodb.perf.MongoDbAccessor - <<< closeConnections 35.198.67.211:27017
