2022-05-13 16:11:06,537 [main] INFO  d.i.mongodb.perf.MongoDbAccessor - >>> init 35.198.67.211:27017
2022-05-13 16:11:06,634 [main] INFO  org.mongodb.driver.cluster - Cluster created with settings {hosts=[35.198.67.211:27017], mode=SINGLE, requiredClusterType=UNKNOWN, serverSelectionTimeout='30000 ms', maxWaitQueueSize=50000}
2022-05-13 16:11:06,644 [main] INFO  d.i.mongodb.perf.MongoDbAccessor - <<< init
2022-05-13 16:11:06,651 [main] INFO  org.mongodb.driver.cluster - Cluster description not yet available. Waiting for 30000 ms before timing out
2022-05-13 16:11:06,753 [cluster-ClusterId{value='627e66fa5514db742f6edb8c', description='null'}-35.198.67.211:27017] INFO  org.mongodb.driver.connection - Opened connection [connectionId{localValue:1, serverValue:504}] to 35.198.67.211:27017
2022-05-13 16:11:06,785 [cluster-ClusterId{value='627e66fa5514db742f6edb8c', description='null'}-35.198.67.211:27017] INFO  org.mongodb.driver.cluster - Monitor thread successfully connected to server with description ServerDescription{address=35.198.67.211:27017, type=REPLICA_SET_PRIMARY, state=CONNECTED, ok=true, version=ServerVersion{versionList=[5, 0, 8]}, minWireVersion=0, maxWireVersion=13, maxDocumentSize=16777216, logicalSessionTimeoutMinutes=30, roundTripTimeNanos=30279083, setName='rs0', canonicalAddress=35.198.67.211:27017, hosts=[34.159.169.88:27017, 35.198.67.211:27017, 34.159.223.31:27017], passives=[], arbiters=[mongodb-arbiter-0.mongodb-arbiter-headless.mongodb-slow.svc.cluster.local:27017], primary='35.198.67.211:27017', tagSet=TagSet{[]}, electionId=7fffffff0000000000000002, setVersion=8, lastWriteDate=Fri May 13 16:11:00 CEST 2022, lastUpdateTimeNanos=355411645974541}
2022-05-13 16:11:07,042 [main] INFO  org.mongodb.driver.connection - Opened connection [connectionId{localValue:2, serverValue:505}] to 35.198.67.211:27017
2022-05-13 16:11:07,147 [main] INFO  d.i.mongodb.perf.OperationExecutor - >>> OperationExecutor threadCount: 10, opsCount: 5000, maxDurationInSeconds: 3600, operation: IterateOperation
2022-05-13 16:11:07,147 [main] INFO  d.i.mongodb.perf.OperationExecutor - java execution path: /Users/oscarorellana/Desktop/softcorp/doubble/mongodb-performance-test/latest-version/mongodb-performance-test.jar
2022-05-13 16:11:07,352 [pool-2-thread-7] INFO  org.mongodb.driver.connection - Opened connection [connectionId{localValue:3, serverValue:509}] to 35.198.67.211:27017
2022-05-13 16:11:07,355 [pool-2-thread-8] INFO  org.mongodb.driver.connection - Opened connection [connectionId{localValue:7, serverValue:508}] to 35.198.67.211:27017
2022-05-13 16:11:07,355 [pool-2-thread-4] INFO  org.mongodb.driver.connection - Opened connection [connectionId{localValue:6, serverValue:511}] to 35.198.67.211:27017
2022-05-13 16:11:07,355 [pool-2-thread-6] INFO  org.mongodb.driver.connection - Opened connection [connectionId{localValue:11, serverValue:513}] to 35.198.67.211:27017
2022-05-13 16:11:07,355 [pool-2-thread-2] INFO  org.mongodb.driver.connection - Opened connection [connectionId{localValue:9, serverValue:510}] to 35.198.67.211:27017
2022-05-13 16:11:07,355 [pool-2-thread-3] INFO  org.mongodb.driver.connection - Opened connection [connectionId{localValue:4, serverValue:507}] to 35.198.67.211:27017
2022-05-13 16:11:07,357 [pool-2-thread-1] INFO  org.mongodb.driver.connection - Opened connection [connectionId{localValue:10, serverValue:506}] to 35.198.67.211:27017
2022-05-13 16:11:07,357 [pool-2-thread-5] INFO  org.mongodb.driver.connection - Opened connection [connectionId{localValue:5, serverValue:514}] to 35.198.67.211:27017
2022-05-13 16:11:07,359 [pool-2-thread-10] INFO  org.mongodb.driver.connection - Opened connection [connectionId{localValue:8, serverValue:512}] to 35.198.67.211:27017
13.05.2022 16.11.08 ============================================================

-- Timers ----------------------------------------------------------------------
stats-per-second-ITERATE_MANY
             count = 250
         mean rate = 244,99 calls/second
     1-minute rate = 0,00 calls/second
     5-minute rate = 0,00 calls/second
    15-minute rate = 0,00 calls/second
               min = 27,90 milliseconds
               max = 235,80 milliseconds
              mean = 40,50 milliseconds
            stddev = 37,76 milliseconds
            median = 32,77 milliseconds
              75% <= 35,01 milliseconds
              95% <= 40,42 milliseconds
              98% <= 234,22 milliseconds
              99% <= 235,35 milliseconds
            99.9% <= 235,80 milliseconds


13.05.2022 16.11.09 ============================================================

-- Timers ----------------------------------------------------------------------
stats-per-second-ITERATE_MANY
             count = 545
         mean rate = 271,59 calls/second
     1-minute rate = 0,00 calls/second
     5-minute rate = 0,00 calls/second
    15-minute rate = 0,00 calls/second
               min = 28,19 milliseconds
               max = 53,20 milliseconds
              mean = 32,99 milliseconds
            stddev = 4,23 milliseconds
            median = 31,82 milliseconds
              75% <= 34,53 milliseconds
              95% <= 40,59 milliseconds
              98% <= 49,32 milliseconds
              99% <= 52,45 milliseconds
            99.9% <= 53,20 milliseconds


13.05.2022 16.11.10 ============================================================

-- Timers ----------------------------------------------------------------------
stats-per-second-ITERATE_MANY
             count = 835
         mean rate = 277,85 calls/second
     1-minute rate = 0,00 calls/second
     5-minute rate = 0,00 calls/second
    15-minute rate = 0,00 calls/second
               min = 27,12 milliseconds
               max = 55,53 milliseconds
              mean = 34,26 milliseconds
            stddev = 4,45 milliseconds
            median = 33,60 milliseconds
              75% <= 36,37 milliseconds
              95% <= 42,88 milliseconds
              98% <= 45,78 milliseconds
              99% <= 52,72 milliseconds
            99.9% <= 55,53 milliseconds


13.05.2022 16.11.11 ============================================================

-- Timers ----------------------------------------------------------------------
stats-per-second-ITERATE_MANY
             count = 1118
         mean rate = 278,80 calls/second
     1-minute rate = 0,00 calls/second
     5-minute rate = 0,00 calls/second
    15-minute rate = 0,00 calls/second
               min = 27,88 milliseconds
               max = 69,54 milliseconds
              mean = 35,86 milliseconds
            stddev = 7,96 milliseconds
            median = 32,47 milliseconds
              75% <= 37,35 milliseconds
              95% <= 53,52 milliseconds
              98% <= 61,03 milliseconds
              99% <= 63,93 milliseconds
            99.9% <= 69,54 milliseconds


13.05.2022 16.11.12 ============================================================

-- Timers ----------------------------------------------------------------------
stats-per-second-ITERATE_MANY
             count = 1411
         mean rate = 281,45 calls/second
     1-minute rate = 281,80 calls/second
     5-minute rate = 281,80 calls/second
    15-minute rate = 281,80 calls/second
               min = 27,51 milliseconds
               max = 52,51 milliseconds
              mean = 34,11 milliseconds
            stddev = 4,32 milliseconds
            median = 33,24 milliseconds
              75% <= 36,13 milliseconds
              95% <= 43,59 milliseconds
              98% <= 45,50 milliseconds
              99% <= 48,64 milliseconds
            99.9% <= 52,51 milliseconds


13.05.2022 16.11.13 ============================================================

-- Timers ----------------------------------------------------------------------
stats-per-second-ITERATE_MANY
             count = 1710
         mean rate = 284,42 calls/second
     1-minute rate = 281,80 calls/second
     5-minute rate = 281,80 calls/second
    15-minute rate = 281,80 calls/second
               min = 27,08 milliseconds
               max = 48,56 milliseconds
              mean = 33,31 milliseconds
            stddev = 3,25 milliseconds
            median = 32,89 milliseconds
              75% <= 34,95 milliseconds
              95% <= 40,39 milliseconds
              98% <= 42,39 milliseconds
              99% <= 47,14 milliseconds
            99.9% <= 48,56 milliseconds


13.05.2022 16.11.14 ============================================================

-- Timers ----------------------------------------------------------------------
stats-per-second-ITERATE_MANY
             count = 2015
         mean rate = 287,54 calls/second
     1-minute rate = 281,80 calls/second
     5-minute rate = 281,80 calls/second
    15-minute rate = 281,80 calls/second
               min = 27,20 milliseconds
               max = 44,44 milliseconds
              mean = 32,33 milliseconds
            stddev = 3,20 milliseconds
            median = 31,67 milliseconds
              75% <= 33,71 milliseconds
              95% <= 38,20 milliseconds
              98% <= 42,80 milliseconds
              99% <= 43,33 milliseconds
            99.9% <= 44,44 milliseconds


13.05.2022 16.11.15 ============================================================

-- Timers ----------------------------------------------------------------------
stats-per-second-ITERATE_MANY
             count = 2317
         mean rate = 289,44 calls/second
     1-minute rate = 281,80 calls/second
     5-minute rate = 281,80 calls/second
    15-minute rate = 281,80 calls/second
               min = 26,35 milliseconds
               max = 46,57 milliseconds
              mean = 32,97 milliseconds
            stddev = 3,13 milliseconds
            median = 32,71 milliseconds
              75% <= 34,84 milliseconds
              95% <= 38,69 milliseconds
              98% <= 39,94 milliseconds
              99% <= 41,56 milliseconds
            99.9% <= 46,57 milliseconds


13.05.2022 16.11.16 ============================================================

-- Timers ----------------------------------------------------------------------
stats-per-second-ITERATE_MANY
             count = 2624
         mean rate = 291,27 calls/second
     1-minute rate = 281,80 calls/second
     5-minute rate = 281,80 calls/second
    15-minute rate = 281,80 calls/second
               min = 27,32 milliseconds
               max = 44,54 milliseconds
              mean = 32,79 milliseconds
            stddev = 3,35 milliseconds
            median = 32,34 milliseconds
              75% <= 34,62 milliseconds
              95% <= 39,98 milliseconds
              98% <= 41,44 milliseconds
              99% <= 43,24 milliseconds
            99.9% <= 44,54 milliseconds


13.05.2022 16.11.17 ============================================================

-- Timers ----------------------------------------------------------------------
stats-per-second-ITERATE_MANY
             count = 2903
         mean rate = 289,94 calls/second
     1-minute rate = 283,02 calls/second
     5-minute rate = 282,05 calls/second
    15-minute rate = 281,88 calls/second
               min = 26,86 milliseconds
               max = 80,63 milliseconds
              mean = 36,23 milliseconds
            stddev = 9,03 milliseconds
            median = 33,21 milliseconds
              75% <= 38,31 milliseconds
              95% <= 53,27 milliseconds
              98% <= 69,36 milliseconds
              99% <= 76,36 milliseconds
            99.9% <= 80,63 milliseconds


13.05.2022 16.11.18 ============================================================

-- Timers ----------------------------------------------------------------------
stats-per-second-ITERATE_MANY
             count = 3151
         mean rate = 286,11 calls/second
     1-minute rate = 283,02 calls/second
     5-minute rate = 282,05 calls/second
    15-minute rate = 281,88 calls/second
               min = 27,89 milliseconds
               max = 84,89 milliseconds
              mean = 39,62 milliseconds
            stddev = 11,54 milliseconds
            median = 36,09 milliseconds
              75% <= 40,76 milliseconds
              95% <= 64,24 milliseconds
              98% <= 81,97 milliseconds
              99% <= 83,38 milliseconds
            99.9% <= 84,89 milliseconds


13.05.2022 16.11.19 ============================================================

-- Timers ----------------------------------------------------------------------
stats-per-second-ITERATE_MANY
             count = 3418
         mean rate = 284,69 calls/second
     1-minute rate = 283,02 calls/second
     5-minute rate = 282,05 calls/second
    15-minute rate = 281,88 calls/second
               min = 25,44 milliseconds
               max = 93,02 milliseconds
              mean = 37,94 milliseconds
            stddev = 11,95 milliseconds
            median = 34,27 milliseconds
              75% <= 38,10 milliseconds
              95% <= 62,87 milliseconds
              98% <= 85,05 milliseconds
              99% <= 86,44 milliseconds
            99.9% <= 93,02 milliseconds


13.05.2022 16.11.20 ============================================================

-- Timers ----------------------------------------------------------------------
stats-per-second-ITERATE_MANY
             count = 3690
         mean rate = 283,59 calls/second
     1-minute rate = 283,02 calls/second
     5-minute rate = 282,05 calls/second
    15-minute rate = 281,88 calls/second
               min = 26,18 milliseconds
               max = 92,49 milliseconds
              mean = 36,68 milliseconds
            stddev = 10,12 milliseconds
            median = 33,66 milliseconds
              75% <= 38,13 milliseconds
              95% <= 51,22 milliseconds
              98% <= 83,93 milliseconds
              99% <= 86,46 milliseconds
            99.9% <= 92,49 milliseconds


13.05.2022 16.11.21 ============================================================

-- Timers ----------------------------------------------------------------------
stats-per-second-ITERATE_MANY
             count = 3961
         mean rate = 282,70 calls/second
     1-minute rate = 283,02 calls/second
     5-minute rate = 282,05 calls/second
    15-minute rate = 281,88 calls/second
               min = 23,81 milliseconds
               max = 88,46 milliseconds
              mean = 37,09 milliseconds
            stddev = 11,99 milliseconds
            median = 33,39 milliseconds
              75% <= 35,93 milliseconds
              95% <= 72,02 milliseconds
              98% <= 77,56 milliseconds
              99% <= 83,28 milliseconds
            99.9% <= 88,46 milliseconds


13.05.2022 16.11.22 ============================================================

-- Timers ----------------------------------------------------------------------
stats-per-second-ITERATE_MANY
             count = 4242
         mean rate = 282,58 calls/second
     1-minute rate = 281,88 calls/second
     5-minute rate = 281,83 calls/second
    15-minute rate = 281,81 calls/second
               min = 23,44 milliseconds
               max = 102,12 milliseconds
              mean = 35,24 milliseconds
            stddev = 10,42 milliseconds
            median = 32,52 milliseconds
              75% <= 35,17 milliseconds
              95% <= 54,89 milliseconds
              98% <= 81,17 milliseconds
              99% <= 84,98 milliseconds
            99.9% <= 102,12 milliseconds


13.05.2022 16.11.23 ============================================================

-- Timers ----------------------------------------------------------------------
stats-per-second-ITERATE_MANY
             count = 4489
         mean rate = 280,40 calls/second
     1-minute rate = 281,88 calls/second
     5-minute rate = 281,83 calls/second
    15-minute rate = 281,81 calls/second
               min = 25,61 milliseconds
               max = 92,95 milliseconds
              mean = 40,70 milliseconds
            stddev = 16,20 milliseconds
            median = 35,04 milliseconds
              75% <= 40,63 milliseconds
              95% <= 87,38 milliseconds
              98% <= 90,56 milliseconds
              99% <= 92,24 milliseconds
            99.9% <= 92,95 milliseconds


13.05.2022 16.11.24 ============================================================

-- Timers ----------------------------------------------------------------------
stats-per-second-ITERATE_MANY
             count = 4709
         mean rate = 276,86 calls/second
     1-minute rate = 281,88 calls/second
     5-minute rate = 281,83 calls/second
    15-minute rate = 281,81 calls/second
               min = 27,40 milliseconds
               max = 111,33 milliseconds
              mean = 44,26 milliseconds
            stddev = 17,60 milliseconds
            median = 36,15 milliseconds
              75% <= 52,46 milliseconds
              95% <= 81,74 milliseconds
              98% <= 100,11 milliseconds
              99% <= 103,45 milliseconds
            99.9% <= 111,33 milliseconds


13.05.2022 16.11.25 ============================================================

-- Timers ----------------------------------------------------------------------
stats-per-second-ITERATE_MANY
             count = 4998
         mean rate = 277,48 calls/second
     1-minute rate = 281,88 calls/second
     5-minute rate = 281,83 calls/second
    15-minute rate = 281,81 calls/second
               min = 25,89 milliseconds
               max = 83,84 milliseconds
              mean = 34,84 milliseconds
            stddev = 5,75 milliseconds
            median = 33,44 milliseconds
              75% <= 37,19 milliseconds
              95% <= 44,93 milliseconds
              98% <= 49,19 milliseconds
              99% <= 51,52 milliseconds
            99.9% <= 83,84 milliseconds


2022-05-13 16:11:25,166 [pool-1-thread-1] INFO  d.i.mongodb.perf.OperationExecutor - Done (in time) in 18013 ms 
2022-05-13 16:11:25,167 [pool-1-thread-1] INFO  d.i.mongodb.perf.OperationExecutor - affected documents: 53980
2022-05-13 16:11:25,167 [main] INFO  d.i.mongodb.perf.MongoDbAccessor - >>> closeConnections 35.198.67.211:27017
2022-05-13 16:11:25,167 [pool-1-thread-1] INFO  d.i.mongodb.perf.OperationExecutor - count: 5000
2022-05-13 16:11:25,168 [pool-1-thread-1] INFO  d.i.mongodb.perf.OperationExecutor - FifteenMinuteRate: 281.81172179647047
2022-05-13 16:11:25,168 [pool-1-thread-1] INFO  d.i.mongodb.perf.OperationExecutor - FiveMinuteRate: 281.8322102704431
2022-05-13 16:11:25,168 [pool-1-thread-1] INFO  d.i.mongodb.perf.OperationExecutor - OneMinuteRate: 281.7241464671792
2022-05-13 16:11:25,168 [pool-1-thread-1] INFO  d.i.mongodb.perf.OperationExecutor - MeanRate: 277.51796186955966
2022-05-13 16:11:25,171 [pool-1-thread-1] INFO  d.i.mongodb.perf.OperationExecutor - Snapshot 75thPercentile: 36.399708
2022-05-13 16:11:25,171 [pool-1-thread-1] INFO  d.i.mongodb.perf.OperationExecutor - Snapshot 95thPercentile: 53.621292
2022-05-13 16:11:25,171 [pool-1-thread-1] INFO  d.i.mongodb.perf.OperationExecutor - Snapshot 98thPercentile: 71.213792
2022-05-13 16:11:25,171 [pool-1-thread-1] INFO  d.i.mongodb.perf.OperationExecutor - Snapshot 99thPercentile: 83.360125
2022-05-13 16:11:25,171 [pool-1-thread-1] INFO  d.i.mongodb.perf.OperationExecutor - Snapshot 999thPercentile: 101.87795899999999
2022-05-13 16:11:25,171 [pool-1-thread-1] INFO  d.i.mongodb.perf.OperationExecutor - Snapshot Min: 24.507375
2022-05-13 16:11:25,171 [pool-1-thread-1] INFO  d.i.mongodb.perf.OperationExecutor - Snapshot Max: 232.637959
2022-05-13 16:11:25,172 [pool-1-thread-1] INFO  d.i.mongodb.perf.OperationExecutor - Snapshot Mean: 35.82410273707706
2022-05-13 16:11:25,172 [pool-1-thread-1] INFO  d.i.mongodb.perf.OperationExecutor - Snapshot Median: 33.116375
2022-05-13 16:11:25,172 [pool-1-thread-1] INFO  d.i.mongodb.perf.OperationExecutor - Snapshot StdDev: 11.002965875181646
2022-05-13 16:11:25,172 [pool-1-thread-1] INFO  d.i.mongodb.perf.OperationExecutor - Snapshot Size: 1028
13.05.2022 16.11.25 ============================================================

-- Timers ----------------------------------------------------------------------
stats-per-run-ITERATE_MANY
             count = 5000
         mean rate = 277,42 calls/second
     1-minute rate = 281,72 calls/second
     5-minute rate = 281,83 calls/second
    15-minute rate = 281,81 calls/second
               min = 24,51 milliseconds
               max = 232,64 milliseconds
              mean = 35,82 milliseconds
            stddev = 11,00 milliseconds
            median = 33,12 milliseconds
              75% <= 36,40 milliseconds
              95% <= 53,62 milliseconds
              98% <= 71,21 milliseconds
              99% <= 83,36 milliseconds
            99.9% <= 101,88 milliseconds


2022-05-13 16:11:25,179 [pool-1-thread-1] INFO  d.i.mongodb.perf.OperationExecutor - stopReporters
2022-05-13 16:11:25,180 [pool-1-thread-1] INFO  d.i.mongodb.perf.OperationExecutor - consoleReporter stopped
2022-05-13 16:11:25,180 [pool-1-thread-1] INFO  d.i.mongodb.perf.OperationExecutor - allConsoleReporter stopped
2022-05-13 16:11:25,180 [pool-1-thread-1] INFO  d.i.mongodb.perf.OperationExecutor - csvReporter stopped
2022-05-13 16:11:25,180 [pool-1-thread-1] INFO  d.i.mongodb.perf.OperationExecutor - If run took more than 1 second, csv-file 'stats-per-second-ITERATE_MANY.csv' saved in folder: /Users/oscarorellana/Desktop/softcorp/doubble/mongodb-performance-test/latest-version
2022-05-13 16:11:25,181 [pool-1-thread-1] INFO  d.i.mongodb.perf.OperationExecutor - csvReporterAll stopped
2022-05-13 16:11:25,181 [pool-1-thread-1] INFO  d.i.mongodb.perf.OperationExecutor - Summary of statistics saved in csv-file 'stats-per-run-ITERATE_MANY.csv' located in folder: /Users/oscarorellana/Desktop/softcorp/doubble/mongodb-performance-test/latest-version
2022-05-13 16:11:25,198 [main] INFO  org.mongodb.driver.connection - Closed connection [connectionId{localValue:3, serverValue:509}] to 35.198.67.211:27017 because the pool has been closed.
2022-05-13 16:11:25,199 [main] INFO  org.mongodb.driver.connection - Closed connection [connectionId{localValue:4, serverValue:507}] to 35.198.67.211:27017 because the pool has been closed.
2022-05-13 16:11:25,199 [main] INFO  org.mongodb.driver.connection - Closed connection [connectionId{localValue:9, serverValue:510}] to 35.198.67.211:27017 because the pool has been closed.
2022-05-13 16:11:25,200 [main] INFO  org.mongodb.driver.connection - Closed connection [connectionId{localValue:10, serverValue:506}] to 35.198.67.211:27017 because the pool has been closed.
2022-05-13 16:11:25,200 [main] INFO  org.mongodb.driver.connection - Closed connection [connectionId{localValue:7, serverValue:508}] to 35.198.67.211:27017 because the pool has been closed.
2022-05-13 16:11:25,200 [main] INFO  org.mongodb.driver.connection - Closed connection [connectionId{localValue:5, serverValue:514}] to 35.198.67.211:27017 because the pool has been closed.
2022-05-13 16:11:25,200 [main] INFO  org.mongodb.driver.connection - Closed connection [connectionId{localValue:2, serverValue:505}] to 35.198.67.211:27017 because the pool has been closed.
2022-05-13 16:11:25,200 [main] INFO  org.mongodb.driver.connection - Closed connection [connectionId{localValue:6, serverValue:511}] to 35.198.67.211:27017 because the pool has been closed.
2022-05-13 16:11:25,200 [main] INFO  org.mongodb.driver.connection - Closed connection [connectionId{localValue:11, serverValue:513}] to 35.198.67.211:27017 because the pool has been closed.
2022-05-13 16:11:25,200 [main] INFO  org.mongodb.driver.connection - Closed connection [connectionId{localValue:8, serverValue:512}] to 35.198.67.211:27017 because the pool has been closed.
2022-05-13 16:11:25,201 [main] INFO  d.i.mongodb.perf.MongoDbAccessor - <<< closeConnections 35.198.67.211:27017
