2022-05-13 16:12:56,460 [main] INFO  d.i.mongodb.perf.MongoDbAccessor - >>> init 35.198.67.211:27017
2022-05-13 16:12:56,546 [main] INFO  org.mongodb.driver.cluster - Cluster created with settings {hosts=[35.198.67.211:27017], mode=SINGLE, requiredClusterType=UNKNOWN, serverSelectionTimeout='30000 ms', maxWaitQueueSize=50000}
2022-05-13 16:12:56,556 [main] INFO  d.i.mongodb.perf.MongoDbAccessor - <<< init
2022-05-13 16:12:56,562 [main] INFO  org.mongodb.driver.cluster - Cluster description not yet available. Waiting for 30000 ms before timing out
2022-05-13 16:12:56,655 [cluster-ClusterId{value='627e6768fd9156425ff8d607', description='null'}-35.198.67.211:27017] INFO  org.mongodb.driver.connection - Opened connection [connectionId{localValue:1, serverValue:581}] to 35.198.67.211:27017
2022-05-13 16:12:56,691 [cluster-ClusterId{value='627e6768fd9156425ff8d607', description='null'}-35.198.67.211:27017] INFO  org.mongodb.driver.cluster - Monitor thread successfully connected to server with description ServerDescription{address=35.198.67.211:27017, type=REPLICA_SET_PRIMARY, state=CONNECTED, ok=true, version=ServerVersion{versionList=[5, 0, 8]}, minWireVersion=0, maxWireVersion=13, maxDocumentSize=16777216, logicalSessionTimeoutMinutes=30, roundTripTimeNanos=34619458, setName='rs0', canonicalAddress=35.198.67.211:27017, hosts=[34.159.169.88:27017, 35.198.67.211:27017, 34.159.223.31:27017], passives=[], arbiters=[mongodb-arbiter-0.mongodb-arbiter-headless.mongodb-slow.svc.cluster.local:27017], primary='35.198.67.211:27017', tagSet=TagSet{[]}, electionId=7fffffff0000000000000002, setVersion=8, lastWriteDate=Fri May 13 16:12:56 CEST 2022, lastUpdateTimeNanos=355521551001875}
2022-05-13 16:12:56,930 [main] INFO  org.mongodb.driver.connection - Opened connection [connectionId{localValue:2, serverValue:582}] to 35.198.67.211:27017
2022-05-13 16:12:57,027 [main] INFO  d.i.mongodb.perf.OperationExecutor - >>> OperationExecutor threadCount: 10, opsCount: 20000, maxDurationInSeconds: 3600, operation: UpdateOperation
2022-05-13 16:12:57,027 [main] INFO  d.i.mongodb.perf.OperationExecutor - java execution path: /Users/oscarorellana/Desktop/softcorp/doubble/mongodb-performance-test/latest-version/mongodb-performance-test.jar
2022-05-13 16:12:57,207 [pool-2-thread-7] INFO  org.mongodb.driver.connection - Opened connection [connectionId{localValue:5, serverValue:584}] to 35.198.67.211:27017
2022-05-13 16:12:57,215 [pool-2-thread-2] INFO  org.mongodb.driver.connection - Opened connection [connectionId{localValue:8, serverValue:585}] to 35.198.67.211:27017
2022-05-13 16:12:57,223 [pool-2-thread-3] INFO  org.mongodb.driver.connection - Opened connection [connectionId{localValue:6, serverValue:591}] to 35.198.67.211:27017
2022-05-13 16:12:57,225 [pool-2-thread-8] INFO  org.mongodb.driver.connection - Opened connection [connectionId{localValue:3, serverValue:583}] to 35.198.67.211:27017
2022-05-13 16:12:57,228 [pool-2-thread-4] INFO  org.mongodb.driver.connection - Opened connection [connectionId{localValue:10, serverValue:589}] to 35.198.67.211:27017
2022-05-13 16:12:57,229 [pool-2-thread-10] INFO  org.mongodb.driver.connection - Opened connection [connectionId{localValue:9, serverValue:586}] to 35.198.67.211:27017
2022-05-13 16:12:57,235 [pool-2-thread-1] INFO  org.mongodb.driver.connection - Opened connection [connectionId{localValue:11, serverValue:588}] to 35.198.67.211:27017
2022-05-13 16:12:57,244 [pool-2-thread-6] INFO  org.mongodb.driver.connection - Opened connection [connectionId{localValue:7, serverValue:590}] to 35.198.67.211:27017
2022-05-13 16:12:57,250 [pool-2-thread-5] INFO  org.mongodb.driver.connection - Opened connection [connectionId{localValue:4, serverValue:587}] to 35.198.67.211:27017
13.05.2022 16.12.58 ============================================================

-- Timers ----------------------------------------------------------------------
stats-per-second-UPDATE_ONE
             count = 220
         mean rate = 217,22 calls/second
     1-minute rate = 0,00 calls/second
     5-minute rate = 0,00 calls/second
    15-minute rate = 0,00 calls/second
               min = 30,13 milliseconds
               max = 260,61 milliseconds
              mean = 45,18 milliseconds
            stddev = 40,00 milliseconds
            median = 36,17 milliseconds
              75% <= 39,56 milliseconds
              95% <= 53,21 milliseconds
              98% <= 238,48 milliseconds
              99% <= 247,42 milliseconds
            99.9% <= 260,61 milliseconds


13.05.2022 16.12.59 ============================================================

-- Timers ----------------------------------------------------------------------
stats-per-second-UPDATE_ONE
             count = 472
         mean rate = 234,37 calls/second
     1-minute rate = 0,00 calls/second
     5-minute rate = 0,00 calls/second
    15-minute rate = 0,00 calls/second
               min = 29,85 milliseconds
               max = 54,00 milliseconds
              mean = 38,86 milliseconds
            stddev = 4,55 milliseconds
            median = 38,17 milliseconds
              75% <= 41,81 milliseconds
              95% <= 47,76 milliseconds
              98% <= 48,72 milliseconds
              99% <= 49,70 milliseconds
            99.9% <= 54,00 milliseconds


13.05.2022 16.13.00 ============================================================

-- Timers ----------------------------------------------------------------------
stats-per-second-UPDATE_ONE
             count = 664
         mean rate = 219,77 calls/second
     1-minute rate = 0,00 calls/second
     5-minute rate = 0,00 calls/second
    15-minute rate = 0,00 calls/second
               min = 29,83 milliseconds
               max = 132,61 milliseconds
              mean = 54,04 milliseconds
            stddev = 21,58 milliseconds
            median = 45,76 milliseconds
              75% <= 55,99 milliseconds
              95% <= 126,22 milliseconds
              98% <= 126,50 milliseconds
              99% <= 127,14 milliseconds
            99.9% <= 132,61 milliseconds


13.05.2022 16.13.01 ============================================================

-- Timers ----------------------------------------------------------------------
stats-per-second-UPDATE_ONE
             count = 844
         mean rate = 210,56 calls/second
     1-minute rate = 0,00 calls/second
     5-minute rate = 0,00 calls/second
    15-minute rate = 0,00 calls/second
               min = 33,48 milliseconds
               max = 132,61 milliseconds
              mean = 56,33 milliseconds
            stddev = 23,35 milliseconds
            median = 48,68 milliseconds
              75% <= 63,97 milliseconds
              95% <= 126,22 milliseconds
              98% <= 126,51 milliseconds
              99% <= 127,26 milliseconds
            99.9% <= 132,61 milliseconds


13.05.2022 16.13.02 ============================================================

-- Timers ----------------------------------------------------------------------
stats-per-second-UPDATE_ONE
             count = 944
         mean rate = 188,55 calls/second
     1-minute rate = 188,80 calls/second
     5-minute rate = 188,80 calls/second
    15-minute rate = 188,80 calls/second
               min = 38,25 milliseconds
               max = 201,50 milliseconds
              mean = 102,26 milliseconds
            stddev = 49,50 milliseconds
            median = 86,77 milliseconds
              75% <= 126,91 milliseconds
              95% <= 198,63 milliseconds
              98% <= 199,36 milliseconds
              99% <= 201,48 milliseconds
            99.9% <= 201,50 milliseconds


13.05.2022 16.13.03 ============================================================

-- Timers ----------------------------------------------------------------------
stats-per-second-UPDATE_ONE
             count = 1123
         mean rate = 186,91 calls/second
     1-minute rate = 188,80 calls/second
     5-minute rate = 188,80 calls/second
    15-minute rate = 188,80 calls/second
               min = 31,30 milliseconds
               max = 118,63 milliseconds
              mean = 55,45 milliseconds
            stddev = 22,50 milliseconds
            median = 45,17 milliseconds
              75% <= 72,25 milliseconds
              95% <= 99,51 milliseconds
              98% <= 112,29 milliseconds
              99% <= 114,35 milliseconds
            99.9% <= 118,63 milliseconds


13.05.2022 16.13.04 ============================================================

-- Timers ----------------------------------------------------------------------
stats-per-second-UPDATE_ONE
             count = 1364
         mean rate = 194,62 calls/second
     1-minute rate = 188,80 calls/second
     5-minute rate = 188,80 calls/second
    15-minute rate = 188,80 calls/second
               min = 31,06 milliseconds
               max = 66,13 milliseconds
              mean = 41,73 milliseconds
            stddev = 7,02 milliseconds
            median = 39,34 milliseconds
              75% <= 44,74 milliseconds
              95% <= 61,21 milliseconds
              98% <= 63,30 milliseconds
              99% <= 64,93 milliseconds
            99.9% <= 66,13 milliseconds


13.05.2022 16.13.05 ============================================================

-- Timers ----------------------------------------------------------------------
stats-per-second-UPDATE_ONE
             count = 1592
         mean rate = 198,69 calls/second
     1-minute rate = 188,80 calls/second
     5-minute rate = 188,80 calls/second
    15-minute rate = 188,80 calls/second
               min = 30,86 milliseconds
               max = 91,42 milliseconds
              mean = 44,36 milliseconds
            stddev = 13,13 milliseconds
            median = 39,94 milliseconds
              75% <= 47,01 milliseconds
              95% <= 70,99 milliseconds
              98% <= 86,67 milliseconds
              99% <= 89,31 milliseconds
            99.9% <= 91,42 milliseconds


13.05.2022 16.13.06 ============================================================

-- Timers ----------------------------------------------------------------------
stats-per-second-UPDATE_ONE
             count = 1840
         mean rate = 204,25 calls/second
     1-minute rate = 188,80 calls/second
     5-minute rate = 188,80 calls/second
    15-minute rate = 188,80 calls/second
               min = 29,76 milliseconds
               max = 60,02 milliseconds
              mean = 40,06 milliseconds
            stddev = 6,83 milliseconds
            median = 38,72 milliseconds
              75% <= 42,74 milliseconds
              95% <= 54,20 milliseconds
              98% <= 59,10 milliseconds
              99% <= 59,91 milliseconds
            99.9% <= 60,02 milliseconds


13.05.2022 16.13.07 ============================================================

-- Timers ----------------------------------------------------------------------
stats-per-second-UPDATE_ONE
             count = 2077
         mean rate = 207,52 calls/second
     1-minute rate = 191,81 calls/second
     5-minute rate = 189,42 calls/second
    15-minute rate = 189,01 calls/second
               min = 28,48 milliseconds
               max = 67,90 milliseconds
              mean = 41,63 milliseconds
            stddev = 6,33 milliseconds
            median = 40,62 milliseconds
              75% <= 44,14 milliseconds
              95% <= 56,96 milliseconds
              98% <= 61,44 milliseconds
              99% <= 62,62 milliseconds
            99.9% <= 67,90 milliseconds


13.05.2022 16.13.08 ============================================================

-- Timers ----------------------------------------------------------------------
stats-per-second-UPDATE_ONE
             count = 2291
         mean rate = 208,05 calls/second
     1-minute rate = 191,81 calls/second
     5-minute rate = 189,42 calls/second
    15-minute rate = 189,01 calls/second
               min = 30,70 milliseconds
               max = 89,82 milliseconds
              mean = 43,97 milliseconds
            stddev = 10,21 milliseconds
            median = 40,69 milliseconds
              75% <= 47,86 milliseconds
              95% <= 64,02 milliseconds
              98% <= 85,90 milliseconds
              99% <= 89,74 milliseconds
            99.9% <= 89,82 milliseconds


13.05.2022 16.13.09 ============================================================

-- Timers ----------------------------------------------------------------------
stats-per-second-UPDATE_ONE
             count = 2412
         mean rate = 200,83 calls/second
     1-minute rate = 191,81 calls/second
     5-minute rate = 189,42 calls/second
    15-minute rate = 189,01 calls/second
               min = 36,39 milliseconds
               max = 142,35 milliseconds
              mean = 82,46 milliseconds
            stddev = 31,57 milliseconds
            median = 85,66 milliseconds
              75% <= 111,67 milliseconds
              95% <= 140,57 milliseconds
              98% <= 140,94 milliseconds
              99% <= 142,06 milliseconds
            99.9% <= 142,35 milliseconds


13.05.2022 16.13.10 ============================================================

-- Timers ----------------------------------------------------------------------
stats-per-second-UPDATE_ONE
             count = 2526
         mean rate = 194,16 calls/second
     1-minute rate = 191,81 calls/second
     5-minute rate = 189,42 calls/second
    15-minute rate = 189,01 calls/second
               min = 36,09 milliseconds
               max = 242,37 milliseconds
              mean = 91,87 milliseconds
            stddev = 57,37 milliseconds
            median = 76,99 milliseconds
              75% <= 125,77 milliseconds
              95% <= 241,76 milliseconds
              98% <= 242,18 milliseconds
              99% <= 242,35 milliseconds
            99.9% <= 242,37 milliseconds


13.05.2022 16.13.11 ============================================================

-- Timers ----------------------------------------------------------------------
stats-per-second-UPDATE_ONE
             count = 2686
         mean rate = 191,74 calls/second
     1-minute rate = 191,81 calls/second
     5-minute rate = 189,42 calls/second
    15-minute rate = 189,01 calls/second
               min = 31,74 milliseconds
               max = 161,02 milliseconds
              mean = 63,92 milliseconds
            stddev = 35,65 milliseconds
            median = 52,67 milliseconds
              75% <= 71,26 milliseconds
              95% <= 157,22 milliseconds
              98% <= 159,85 milliseconds
              99% <= 160,55 milliseconds
            99.9% <= 161,02 milliseconds


13.05.2022 16.13.12 ============================================================

-- Timers ----------------------------------------------------------------------
stats-per-second-UPDATE_ONE
             count = 2902
         mean rate = 193,36 calls/second
     1-minute rate = 189,63 calls/second
     5-minute rate = 189,01 calls/second
    15-minute rate = 188,87 calls/second
               min = 29,17 milliseconds
               max = 89,73 milliseconds
              mean = 46,70 milliseconds
            stddev = 13,69 milliseconds
            median = 42,27 milliseconds
              75% <= 47,54 milliseconds
              95% <= 81,10 milliseconds
              98% <= 89,29 milliseconds
              99% <= 89,64 milliseconds
            99.9% <= 89,73 milliseconds


13.05.2022 16.13.13 ============================================================

-- Timers ----------------------------------------------------------------------
stats-per-second-UPDATE_ONE
             count = 3161
         mean rate = 197,41 calls/second
     1-minute rate = 189,63 calls/second
     5-minute rate = 189,01 calls/second
    15-minute rate = 188,87 calls/second
               min = 30,33 milliseconds
               max = 58,16 milliseconds
              mean = 38,34 milliseconds
            stddev = 5,24 milliseconds
            median = 37,22 milliseconds
              75% <= 40,18 milliseconds
              95% <= 51,33 milliseconds
              98% <= 51,93 milliseconds
              99% <= 52,55 milliseconds
            99.9% <= 58,16 milliseconds


13.05.2022 16.13.14 ============================================================

-- Timers ----------------------------------------------------------------------
stats-per-second-UPDATE_ONE
             count = 3432
         mean rate = 201,80 calls/second
     1-minute rate = 189,63 calls/second
     5-minute rate = 189,01 calls/second
    15-minute rate = 188,87 calls/second
               min = 30,01 milliseconds
               max = 49,63 milliseconds
              mean = 36,55 milliseconds
            stddev = 3,79 milliseconds
            median = 36,10 milliseconds
              75% <= 39,23 milliseconds
              95% <= 43,67 milliseconds
              98% <= 45,62 milliseconds
              99% <= 47,00 milliseconds
            99.9% <= 49,63 milliseconds


13.05.2022 16.13.15 ============================================================

-- Timers ----------------------------------------------------------------------
stats-per-second-UPDATE_ONE
             count = 3681
         mean rate = 204,39 calls/second
     1-minute rate = 189,63 calls/second
     5-minute rate = 189,01 calls/second
    15-minute rate = 188,87 calls/second
               min = 30,06 milliseconds
               max = 66,02 milliseconds
              mean = 40,18 milliseconds
            stddev = 7,20 milliseconds
            median = 38,13 milliseconds
              75% <= 42,45 milliseconds
              95% <= 55,21 milliseconds
              98% <= 59,04 milliseconds
              99% <= 64,72 milliseconds
            99.9% <= 66,02 milliseconds


13.05.2022 16.13.16 ============================================================

-- Timers ----------------------------------------------------------------------
stats-per-second-UPDATE_ONE
             count = 3905
         mean rate = 205,34 calls/second
     1-minute rate = 189,63 calls/second
     5-minute rate = 189,01 calls/second
    15-minute rate = 188,87 calls/second
               min = 29,78 milliseconds
               max = 221,35 milliseconds
              mean = 45,84 milliseconds
            stddev = 32,32 milliseconds
            median = 37,79 milliseconds
              75% <= 42,62 milliseconds
              95% <= 103,35 milliseconds
              98% <= 204,81 milliseconds
              99% <= 209,47 milliseconds
            99.9% <= 221,35 milliseconds


13.05.2022 16.13.17 ============================================================

-- Timers ----------------------------------------------------------------------
stats-per-second-UPDATE_ONE
             count = 4143
         mean rate = 207,08 calls/second
     1-minute rate = 194,31 calls/second
     5-minute rate = 189,99 calls/second
    15-minute rate = 189,20 calls/second
               min = 30,83 milliseconds
               max = 103,74 milliseconds
              mean = 41,33 milliseconds
            stddev = 14,69 milliseconds
            median = 36,93 milliseconds
              75% <= 41,61 milliseconds
              95% <= 77,51 milliseconds
              98% <= 100,86 milliseconds
              99% <= 102,10 milliseconds
            99.9% <= 103,74 milliseconds


13.05.2022 16.13.18 ============================================================

-- Timers ----------------------------------------------------------------------
stats-per-second-UPDATE_ONE
             count = 4408
         mean rate = 209,80 calls/second
     1-minute rate = 194,31 calls/second
     5-minute rate = 189,99 calls/second
    15-minute rate = 189,20 calls/second
               min = 30,37 milliseconds
               max = 51,05 milliseconds
              mean = 36,48 milliseconds
            stddev = 3,41 milliseconds
            median = 36,12 milliseconds
              75% <= 38,76 milliseconds
              95% <= 42,52 milliseconds
              98% <= 45,01 milliseconds
              99% <= 47,49 milliseconds
            99.9% <= 51,05 milliseconds


13.05.2022 16.13.19 ============================================================

-- Timers ----------------------------------------------------------------------
stats-per-second-UPDATE_ONE
             count = 4666
         mean rate = 212,01 calls/second
     1-minute rate = 194,31 calls/second
     5-minute rate = 189,99 calls/second
    15-minute rate = 189,20 calls/second
               min = 30,59 milliseconds
               max = 69,83 milliseconds
              mean = 39,64 milliseconds
            stddev = 7,37 milliseconds
            median = 38,66 milliseconds
              75% <= 42,02 milliseconds
              95% <= 61,39 milliseconds
              98% <= 66,41 milliseconds
              99% <= 67,10 milliseconds
            99.9% <= 69,83 milliseconds


13.05.2022 16.13.20 ============================================================

-- Timers ----------------------------------------------------------------------
stats-per-second-UPDATE_ONE
             count = 4882
         mean rate = 212,14 calls/second
     1-minute rate = 194,31 calls/second
     5-minute rate = 189,99 calls/second
    15-minute rate = 189,20 calls/second
               min = 31,55 milliseconds
               max = 79,65 milliseconds
              mean = 47,12 milliseconds
            stddev = 12,96 milliseconds
            median = 42,10 milliseconds
              75% <= 53,96 milliseconds
              95% <= 73,51 milliseconds
              98% <= 79,27 milliseconds
              99% <= 79,40 milliseconds
            99.9% <= 79,65 milliseconds


13.05.2022 16.13.21 ============================================================

-- Timers ----------------------------------------------------------------------
stats-per-second-UPDATE_ONE
             count = 5099
         mean rate = 212,33 calls/second
     1-minute rate = 194,31 calls/second
     5-minute rate = 189,99 calls/second
    15-minute rate = 189,20 calls/second
               min = 31,32 milliseconds
               max = 78,80 milliseconds
              mean = 45,23 milliseconds
            stddev = 11,82 milliseconds
            median = 40,87 milliseconds
              75% <= 49,49 milliseconds
              95% <= 71,95 milliseconds
              98% <= 78,23 milliseconds
              99% <= 78,68 milliseconds
            99.9% <= 78,80 milliseconds


13.05.2022 16.13.22 ============================================================

-- Timers ----------------------------------------------------------------------
stats-per-second-UPDATE_ONE
             count = 5296
         mean rate = 211,76 calls/second
     1-minute rate = 197,26 calls/second
     5-minute rate = 190,67 calls/second
    15-minute rate = 189,43 calls/second
               min = 32,09 milliseconds
               max = 82,14 milliseconds
              mean = 44,35 milliseconds
            stddev = 10,36 milliseconds
            median = 41,11 milliseconds
              75% <= 49,18 milliseconds
              95% <= 66,60 milliseconds
              98% <= 77,94 milliseconds
              99% <= 81,93 milliseconds
            99.9% <= 82,14 milliseconds


13.05.2022 16.13.23 ============================================================

-- Timers ----------------------------------------------------------------------
stats-per-second-UPDATE_ONE
             count = 5416
         mean rate = 208,24 calls/second
     1-minute rate = 197,26 calls/second
     5-minute rate = 190,67 calls/second
    15-minute rate = 189,43 calls/second
               min = 38,20 milliseconds
               max = 210,27 milliseconds
              mean = 93,61 milliseconds
            stddev = 50,80 milliseconds
            median = 87,96 milliseconds
              75% <= 125,34 milliseconds
              95% <= 209,57 milliseconds
              98% <= 209,86 milliseconds
              99% <= 210,19 milliseconds
            99.9% <= 210,27 milliseconds


13.05.2022 16.13.24 ============================================================

-- Timers ----------------------------------------------------------------------
stats-per-second-UPDATE_ONE
             count = 5620
         mean rate = 208,09 calls/second
     1-minute rate = 197,26 calls/second
     5-minute rate = 190,67 calls/second
    15-minute rate = 189,43 calls/second
               min = 30,43 milliseconds
               max = 188,47 milliseconds
              mean = 49,92 milliseconds
            stddev = 34,88 milliseconds
            median = 38,85 milliseconds
              75% <= 42,44 milliseconds
              95% <= 155,17 milliseconds
              98% <= 164,02 milliseconds
              99% <= 184,97 milliseconds
            99.9% <= 188,47 milliseconds


13.05.2022 16.13.25 ============================================================

-- Timers ----------------------------------------------------------------------
stats-per-second-UPDATE_ONE
             count = 5783
         mean rate = 206,49 calls/second
     1-minute rate = 197,26 calls/second
     5-minute rate = 190,67 calls/second
    15-minute rate = 189,43 calls/second
               min = 31,53 milliseconds
               max = 181,64 milliseconds
              mean = 60,17 milliseconds
            stddev = 36,19 milliseconds
            median = 44,86 milliseconds
              75% <= 63,88 milliseconds
              95% <= 158,30 milliseconds
              98% <= 180,17 milliseconds
              99% <= 180,91 milliseconds
            99.9% <= 181,64 milliseconds


13.05.2022 16.13.26 ============================================================

-- Timers ----------------------------------------------------------------------
stats-per-second-UPDATE_ONE
             count = 6030
         mean rate = 207,87 calls/second
     1-minute rate = 197,26 calls/second
     5-minute rate = 190,67 calls/second
    15-minute rate = 189,43 calls/second
               min = 30,42 milliseconds
               max = 63,49 milliseconds
              mean = 40,47 milliseconds
            stddev = 6,77 milliseconds
            median = 39,31 milliseconds
              75% <= 42,98 milliseconds
              95% <= 55,22 milliseconds
              98% <= 63,41 milliseconds
              99% <= 63,47 milliseconds
            99.9% <= 63,49 milliseconds


13.05.2022 16.13.27 ============================================================

-- Timers ----------------------------------------------------------------------
stats-per-second-UPDATE_ONE
             count = 6246
         mean rate = 208,13 calls/second
     1-minute rate = 196,62 calls/second
     5-minute rate = 190,65 calls/second
    15-minute rate = 189,43 calls/second
               min = 30,26 milliseconds
               max = 110,74 milliseconds
              mean = 46,92 milliseconds
            stddev = 18,01 milliseconds
            median = 40,35 milliseconds
              75% <= 47,18 milliseconds
              95% <= 88,34 milliseconds
              98% <= 110,05 milliseconds
              99% <= 110,66 milliseconds
            99.9% <= 110,74 milliseconds


13.05.2022 16.13.28 ============================================================

-- Timers ----------------------------------------------------------------------
stats-per-second-UPDATE_ONE
             count = 6498
         mean rate = 209,52 calls/second
     1-minute rate = 196,62 calls/second
     5-minute rate = 190,65 calls/second
    15-minute rate = 189,43 calls/second
               min = 30,25 milliseconds
               max = 70,51 milliseconds
              mean = 39,18 milliseconds
            stddev = 6,20 milliseconds
            median = 37,83 milliseconds
              75% <= 41,19 milliseconds
              95% <= 55,68 milliseconds
              98% <= 58,70 milliseconds
              99% <= 61,95 milliseconds
            99.9% <= 70,51 milliseconds


13.05.2022 16.13.29 ============================================================

-- Timers ----------------------------------------------------------------------
stats-per-second-UPDATE_ONE
             count = 6772
         mean rate = 211,57 calls/second
     1-minute rate = 196,62 calls/second
     5-minute rate = 190,65 calls/second
    15-minute rate = 189,43 calls/second
               min = 29,50 milliseconds
               max = 52,74 milliseconds
              mean = 36,71 milliseconds
            stddev = 4,21 milliseconds
            median = 36,08 milliseconds
              75% <= 39,05 milliseconds
              95% <= 45,14 milliseconds
              98% <= 47,59 milliseconds
              99% <= 48,62 milliseconds
            99.9% <= 52,74 milliseconds


13.05.2022 16.13.30 ============================================================

-- Timers ----------------------------------------------------------------------
stats-per-second-UPDATE_ONE
             count = 7026
         mean rate = 212,86 calls/second
     1-minute rate = 196,62 calls/second
     5-minute rate = 190,65 calls/second
    15-minute rate = 189,43 calls/second
               min = 30,92 milliseconds
               max = 66,18 milliseconds
              mean = 39,39 milliseconds
            stddev = 6,94 milliseconds
            median = 37,19 milliseconds
              75% <= 41,98 milliseconds
              95% <= 55,11 milliseconds
              98% <= 62,18 milliseconds
              99% <= 64,14 milliseconds
            99.9% <= 66,18 milliseconds


13.05.2022 16.13.31 ============================================================

-- Timers ----------------------------------------------------------------------
stats-per-second-UPDATE_ONE
             count = 7246
         mean rate = 213,06 calls/second
     1-minute rate = 196,62 calls/second
     5-minute rate = 190,65 calls/second
    15-minute rate = 189,43 calls/second
               min = 31,65 milliseconds
               max = 77,35 milliseconds
              mean = 45,73 milliseconds
            stddev = 12,46 milliseconds
            median = 40,56 milliseconds
              75% <= 50,09 milliseconds
              95% <= 74,58 milliseconds
              98% <= 76,30 milliseconds
              99% <= 77,23 milliseconds
            99.9% <= 77,35 milliseconds


13.05.2022 16.13.32 ============================================================

-- Timers ----------------------------------------------------------------------
stats-per-second-UPDATE_ONE
             count = 7486
         mean rate = 213,81 calls/second
     1-minute rate = 200,77 calls/second
     5-minute rate = 191,60 calls/second
    15-minute rate = 189,76 calls/second
               min = 30,83 milliseconds
               max = 87,02 milliseconds
              mean = 41,43 milliseconds
            stddev = 8,16 milliseconds
            median = 40,26 milliseconds
              75% <= 42,62 milliseconds
              95% <= 54,40 milliseconds
              98% <= 71,89 milliseconds
              99% <= 85,76 milliseconds
            99.9% <= 87,02 milliseconds


13.05.2022 16.13.33 ============================================================

-- Timers ----------------------------------------------------------------------
stats-per-second-UPDATE_ONE
             count = 7748
         mean rate = 215,17 calls/second
     1-minute rate = 200,77 calls/second
     5-minute rate = 191,60 calls/second
    15-minute rate = 189,76 calls/second
               min = 29,98 milliseconds
               max = 64,80 milliseconds
              mean = 38,53 milliseconds
            stddev = 6,25 milliseconds
            median = 37,10 milliseconds
              75% <= 39,66 milliseconds
              95% <= 54,38 milliseconds
              98% <= 56,29 milliseconds
              99% <= 57,16 milliseconds
            99.9% <= 64,80 milliseconds


13.05.2022 16.13.34 ============================================================

-- Timers ----------------------------------------------------------------------
stats-per-second-UPDATE_ONE
             count = 8018
         mean rate = 216,64 calls/second
     1-minute rate = 200,77 calls/second
     5-minute rate = 191,60 calls/second
    15-minute rate = 189,76 calls/second
               min = 29,78 milliseconds
               max = 66,11 milliseconds
              mean = 36,71 milliseconds
            stddev = 5,91 milliseconds
            median = 35,37 milliseconds
              75% <= 37,56 milliseconds
              95% <= 46,85 milliseconds
              98% <= 62,90 milliseconds
              99% <= 64,88 milliseconds
            99.9% <= 66,11 milliseconds


13.05.2022 16.13.35 ============================================================

-- Timers ----------------------------------------------------------------------
stats-per-second-UPDATE_ONE
             count = 8282
         mean rate = 217,90 calls/second
     1-minute rate = 200,77 calls/second
     5-minute rate = 191,60 calls/second
    15-minute rate = 189,76 calls/second
               min = 29,21 milliseconds
               max = 90,45 milliseconds
              mean = 37,47 milliseconds
            stddev = 7,73 milliseconds
            median = 35,90 milliseconds
              75% <= 38,71 milliseconds
              95% <= 50,43 milliseconds
              98% <= 66,94 milliseconds
              99% <= 83,63 milliseconds
            99.9% <= 90,45 milliseconds


13.05.2022 16.13.36 ============================================================

-- Timers ----------------------------------------------------------------------
stats-per-second-UPDATE_ONE
             count = 8551
         mean rate = 219,23 calls/second
     1-minute rate = 200,77 calls/second
     5-minute rate = 191,60 calls/second
    15-minute rate = 189,76 calls/second
               min = 25,19 milliseconds
               max = 57,98 milliseconds
              mean = 37,29 milliseconds
            stddev = 5,55 milliseconds
            median = 35,83 milliseconds
              75% <= 39,55 milliseconds
              95% <= 48,63 milliseconds
              98% <= 54,64 milliseconds
              99% <= 55,79 milliseconds
            99.9% <= 57,98 milliseconds


13.05.2022 16.13.37 ============================================================

-- Timers ----------------------------------------------------------------------
stats-per-second-UPDATE_ONE
             count = 8770
         mean rate = 219,18 calls/second
     1-minute rate = 205,27 calls/second
     5-minute rate = 192,69 calls/second
    15-minute rate = 190,13 calls/second
               min = 29,59 milliseconds
               max = 179,48 milliseconds
              mean = 44,27 milliseconds
            stddev = 27,35 milliseconds
            median = 38,05 milliseconds
              75% <= 41,96 milliseconds
              95% <= 59,92 milliseconds
              98% <= 177,77 milliseconds
              99% <= 178,84 milliseconds
            99.9% <= 179,48 milliseconds


13.05.2022 16.13.38 ============================================================

-- Timers ----------------------------------------------------------------------
stats-per-second-UPDATE_ONE
             count = 8897
         mean rate = 216,96 calls/second
     1-minute rate = 205,27 calls/second
     5-minute rate = 192,69 calls/second
    15-minute rate = 190,13 calls/second
               min = 32,37 milliseconds
               max = 110,10 milliseconds
              mean = 71,82 milliseconds
            stddev = 26,02 milliseconds
            median = 80,93 milliseconds
              75% <= 97,20 milliseconds
              95% <= 103,56 milliseconds
              98% <= 104,13 milliseconds
              99% <= 108,45 milliseconds
            99.9% <= 110,10 milliseconds


13.05.2022 16.13.39 ============================================================

-- Timers ----------------------------------------------------------------------
stats-per-second-UPDATE_ONE
             count = 9124
         mean rate = 217,20 calls/second
     1-minute rate = 205,27 calls/second
     5-minute rate = 192,69 calls/second
    15-minute rate = 190,13 calls/second
               min = 31,32 milliseconds
               max = 199,98 milliseconds
              mean = 49,13 milliseconds
            stddev = 33,07 milliseconds
            median = 40,10 milliseconds
              75% <= 47,61 milliseconds
              95% <= 72,70 milliseconds
              98% <= 197,90 milliseconds
              99% <= 198,55 milliseconds
            99.9% <= 199,98 milliseconds


13.05.2022 16.13.40 ============================================================

-- Timers ----------------------------------------------------------------------
stats-per-second-UPDATE_ONE
             count = 9350
         mean rate = 217,39 calls/second
     1-minute rate = 205,27 calls/second
     5-minute rate = 192,69 calls/second
    15-minute rate = 190,13 calls/second
               min = 30,74 milliseconds
               max = 80,63 milliseconds
              mean = 44,59 milliseconds
            stddev = 13,35 milliseconds
            median = 39,27 milliseconds
              75% <= 48,61 milliseconds
              95% <= 77,30 milliseconds
              98% <= 79,71 milliseconds
              99% <= 80,44 milliseconds
            99.9% <= 80,63 milliseconds


13.05.2022 16.13.41 ============================================================

-- Timers ----------------------------------------------------------------------
stats-per-second-UPDATE_ONE
             count = 9593
         mean rate = 217,98 calls/second
     1-minute rate = 205,27 calls/second
     5-minute rate = 192,69 calls/second
    15-minute rate = 190,13 calls/second
               min = 31,34 milliseconds
               max = 61,75 milliseconds
              mean = 40,68 milliseconds
            stddev = 6,38 milliseconds
            median = 39,13 milliseconds
              75% <= 44,45 milliseconds
              95% <= 53,36 milliseconds
              98% <= 57,21 milliseconds
              99% <= 59,45 milliseconds
            99.9% <= 61,75 milliseconds


13.05.2022 16.13.42 ============================================================

-- Timers ----------------------------------------------------------------------
stats-per-second-UPDATE_ONE
             count = 9789
         mean rate = 217,49 calls/second
     1-minute rate = 205,15 calls/second
     5-minute rate = 192,87 calls/second
    15-minute rate = 190,21 calls/second
               min = 30,57 milliseconds
               max = 162,75 milliseconds
              mean = 51,51 milliseconds
            stddev = 32,78 milliseconds
            median = 38,85 milliseconds
              75% <= 47,64 milliseconds
              95% <= 139,71 milliseconds
              98% <= 160,98 milliseconds
              99% <= 161,18 milliseconds
            99.9% <= 162,75 milliseconds


13.05.2022 16.13.43 ============================================================

-- Timers ----------------------------------------------------------------------
stats-per-second-UPDATE_ONE
             count = 9973
         mean rate = 216,76 calls/second
     1-minute rate = 205,15 calls/second
     5-minute rate = 192,87 calls/second
    15-minute rate = 190,21 calls/second
               min = 29,56 milliseconds
               max = 222,73 milliseconds
              mean = 50,48 milliseconds
            stddev = 34,46 milliseconds
            median = 40,46 milliseconds
              75% <= 47,93 milliseconds
              95% <= 169,65 milliseconds
              98% <= 184,94 milliseconds
              99% <= 218,59 milliseconds
            99.9% <= 222,73 milliseconds


13.05.2022 16.13.44 ============================================================

-- Timers ----------------------------------------------------------------------
stats-per-second-UPDATE_ONE
             count = 10107
         mean rate = 215,00 calls/second
     1-minute rate = 205,15 calls/second
     5-minute rate = 192,87 calls/second
    15-minute rate = 190,21 calls/second
               min = 31,74 milliseconds
               max = 357,11 milliseconds
              mean = 79,94 milliseconds
            stddev = 83,35 milliseconds
            median = 43,44 milliseconds
              75% <= 66,59 milliseconds
              95% <= 349,83 milliseconds
              98% <= 356,40 milliseconds
              99% <= 357,00 milliseconds
            99.9% <= 357,11 milliseconds


13.05.2022 16.13.45 ============================================================

-- Timers ----------------------------------------------------------------------
stats-per-second-UPDATE_ONE
             count = 10342
         mean rate = 215,42 calls/second
     1-minute rate = 205,15 calls/second
     5-minute rate = 192,87 calls/second
    15-minute rate = 190,21 calls/second
               min = 30,52 milliseconds
               max = 84,70 milliseconds
              mean = 42,60 milliseconds
            stddev = 10,66 milliseconds
            median = 38,89 milliseconds
              75% <= 44,44 milliseconds
              95% <= 64,30 milliseconds
              98% <= 71,57 milliseconds
              99% <= 79,78 milliseconds
            99.9% <= 84,70 milliseconds


13.05.2022 16.13.46 ============================================================

-- Timers ----------------------------------------------------------------------
stats-per-second-UPDATE_ONE
             count = 10607
         mean rate = 216,43 calls/second
     1-minute rate = 205,15 calls/second
     5-minute rate = 192,87 calls/second
    15-minute rate = 190,21 calls/second
               min = 30,41 milliseconds
               max = 54,33 milliseconds
              mean = 37,34 milliseconds
            stddev = 4,47 milliseconds
            median = 36,78 milliseconds
              75% <= 39,27 milliseconds
              95% <= 47,68 milliseconds
              98% <= 51,03 milliseconds
              99% <= 52,46 milliseconds
            99.9% <= 54,33 milliseconds


13.05.2022 16.13.47 ============================================================

-- Timers ----------------------------------------------------------------------
stats-per-second-UPDATE_ONE
             count = 10854
         mean rate = 217,05 calls/second
     1-minute rate = 205,78 calls/second
     5-minute rate = 193,20 calls/second
    15-minute rate = 190,34 calls/second
               min = 30,38 milliseconds
               max = 81,00 milliseconds
              mean = 39,68 milliseconds
            stddev = 8,65 milliseconds
            median = 38,25 milliseconds
              75% <= 41,08 milliseconds
              95% <= 50,63 milliseconds
              98% <= 79,77 milliseconds
              99% <= 80,31 milliseconds
            99.9% <= 81,00 milliseconds


13.05.2022 16.13.48 ============================================================

-- Timers ----------------------------------------------------------------------
stats-per-second-UPDATE_ONE
             count = 11098
         mean rate = 217,56 calls/second
     1-minute rate = 205,78 calls/second
     5-minute rate = 193,20 calls/second
    15-minute rate = 190,34 calls/second
               min = 30,36 milliseconds
               max = 105,29 milliseconds
              mean = 42,14 milliseconds
            stddev = 15,07 milliseconds
            median = 36,60 milliseconds
              75% <= 40,92 milliseconds
              95% <= 70,06 milliseconds
              98% <= 105,06 milliseconds
              99% <= 105,20 milliseconds
            99.9% <= 105,29 milliseconds


13.05.2022 16.13.49 ============================================================

-- Timers ----------------------------------------------------------------------
stats-per-second-UPDATE_ONE
             count = 11351
         mean rate = 218,25 calls/second
     1-minute rate = 205,78 calls/second
     5-minute rate = 193,20 calls/second
    15-minute rate = 190,34 calls/second
               min = 29,58 milliseconds
               max = 65,13 milliseconds
              mean = 39,12 milliseconds
            stddev = 5,09 milliseconds
            median = 38,64 milliseconds
              75% <= 41,33 milliseconds
              95% <= 47,28 milliseconds
              98% <= 54,12 milliseconds
              99% <= 58,42 milliseconds
            99.9% <= 65,13 milliseconds


13.05.2022 16.13.50 ============================================================

-- Timers ----------------------------------------------------------------------
stats-per-second-UPDATE_ONE
             count = 11566
         mean rate = 218,18 calls/second
     1-minute rate = 205,78 calls/second
     5-minute rate = 193,20 calls/second
    15-minute rate = 190,34 calls/second
               min = 29,49 milliseconds
               max = 129,82 milliseconds
              mean = 46,40 milliseconds
            stddev = 18,99 milliseconds
            median = 39,32 milliseconds
              75% <= 51,49 milliseconds
              95% <= 81,55 milliseconds
              98% <= 125,54 milliseconds
              99% <= 127,21 milliseconds
            99.9% <= 129,82 milliseconds


13.05.2022 16.13.51 ============================================================

-- Timers ----------------------------------------------------------------------
stats-per-second-UPDATE_ONE
             count = 11808
         mean rate = 218,63 calls/second
     1-minute rate = 205,78 calls/second
     5-minute rate = 193,20 calls/second
    15-minute rate = 190,34 calls/second
               min = 31,28 milliseconds
               max = 79,71 milliseconds
              mean = 41,76 milliseconds
            stddev = 7,18 milliseconds
            median = 40,28 milliseconds
              75% <= 45,49 milliseconds
              95% <= 49,60 milliseconds
              98% <= 76,36 milliseconds
              99% <= 76,99 milliseconds
            99.9% <= 79,71 milliseconds


13.05.2022 16.13.52 ============================================================

-- Timers ----------------------------------------------------------------------
stats-per-second-UPDATE_ONE
             count = 12010
         mean rate = 218,33 calls/second
     1-minute rate = 207,81 calls/second
     5-minute rate = 193,83 calls/second
    15-minute rate = 190,56 calls/second
               min = 31,90 milliseconds
               max = 109,34 milliseconds
              mean = 48,75 milliseconds
            stddev = 18,92 milliseconds
            median = 42,55 milliseconds
              75% <= 51,38 milliseconds
              95% <= 103,23 milliseconds
              98% <= 104,60 milliseconds
              99% <= 106,39 milliseconds
            99.9% <= 109,34 milliseconds


13.05.2022 16.13.53 ============================================================

-- Timers ----------------------------------------------------------------------
stats-per-second-UPDATE_ONE
             count = 12273
         mean rate = 219,13 calls/second
     1-minute rate = 207,81 calls/second
     5-minute rate = 193,83 calls/second
    15-minute rate = 190,56 calls/second
               min = 30,60 milliseconds
               max = 53,27 milliseconds
              mean = 38,07 milliseconds
            stddev = 4,57 milliseconds
            median = 37,42 milliseconds
              75% <= 39,89 milliseconds
              95% <= 48,07 milliseconds
              98% <= 49,82 milliseconds
              99% <= 52,28 milliseconds
            99.9% <= 53,27 milliseconds


13.05.2022 16.13.54 ============================================================

-- Timers ----------------------------------------------------------------------
stats-per-second-UPDATE_ONE
             count = 12544
         mean rate = 220,03 calls/second
     1-minute rate = 207,81 calls/second
     5-minute rate = 193,83 calls/second
    15-minute rate = 190,56 calls/second
               min = 28,62 milliseconds
               max = 70,41 milliseconds
              mean = 37,54 milliseconds
            stddev = 5,01 milliseconds
            median = 37,12 milliseconds
              75% <= 38,92 milliseconds
              95% <= 43,94 milliseconds
              98% <= 48,39 milliseconds
              99% <= 69,08 milliseconds
            99.9% <= 70,41 milliseconds


13.05.2022 16.13.55 ============================================================

-- Timers ----------------------------------------------------------------------
stats-per-second-UPDATE_ONE
             count = 12792
         mean rate = 220,52 calls/second
     1-minute rate = 207,81 calls/second
     5-minute rate = 193,83 calls/second
    15-minute rate = 190,56 calls/second
               min = 29,79 milliseconds
               max = 62,34 milliseconds
              mean = 39,83 milliseconds
            stddev = 7,47 milliseconds
            median = 37,51 milliseconds
              75% <= 43,37 milliseconds
              95% <= 55,25 milliseconds
              98% <= 59,70 milliseconds
              99% <= 60,96 milliseconds
            99.9% <= 62,34 milliseconds


13.05.2022 16.13.56 ============================================================

-- Timers ----------------------------------------------------------------------
stats-per-second-UPDATE_ONE
             count = 13032
         mean rate = 220,86 calls/second
     1-minute rate = 207,81 calls/second
     5-minute rate = 193,83 calls/second
    15-minute rate = 190,56 calls/second
               min = 30,12 milliseconds
               max = 94,39 milliseconds
              mean = 41,46 milliseconds
            stddev = 11,27 milliseconds
            median = 38,38 milliseconds
              75% <= 43,28 milliseconds
              95% <= 63,35 milliseconds
              98% <= 88,44 milliseconds
              99% <= 89,01 milliseconds
            99.9% <= 94,39 milliseconds


13.05.2022 16.13.57 ============================================================

-- Timers ----------------------------------------------------------------------
stats-per-second-UPDATE_ONE
             count = 13296
         mean rate = 221,56 calls/second
     1-minute rate = 211,70 calls/second
     5-minute rate = 194,86 calls/second
    15-minute rate = 190,93 calls/second
               min = 30,07 milliseconds
               max = 80,29 milliseconds
              mean = 38,11 milliseconds
            stddev = 7,31 milliseconds
            median = 36,47 milliseconds
              75% <= 39,99 milliseconds
              95% <= 48,75 milliseconds
              98% <= 68,84 milliseconds
              99% <= 70,64 milliseconds
            99.9% <= 80,29 milliseconds


13.05.2022 16.13.58 ============================================================

-- Timers ----------------------------------------------------------------------
stats-per-second-UPDATE_ONE
             count = 13541
         mean rate = 221,95 calls/second
     1-minute rate = 211,70 calls/second
     5-minute rate = 194,86 calls/second
    15-minute rate = 190,93 calls/second
               min = 30,40 milliseconds
               max = 110,20 milliseconds
              mean = 40,89 milliseconds
            stddev = 15,02 milliseconds
            median = 37,00 milliseconds
              75% <= 41,30 milliseconds
              95% <= 52,84 milliseconds
              98% <= 109,63 milliseconds
              99% <= 109,78 milliseconds
            99.9% <= 110,20 milliseconds


13.05.2022 16.13.59 ============================================================

-- Timers ----------------------------------------------------------------------
stats-per-second-UPDATE_ONE
             count = 13749
         mean rate = 221,73 calls/second
     1-minute rate = 211,70 calls/second
     5-minute rate = 194,86 calls/second
    15-minute rate = 190,93 calls/second
               min = 31,23 milliseconds
               max = 118,29 milliseconds
              mean = 47,61 milliseconds
            stddev = 15,44 milliseconds
            median = 42,36 milliseconds
              75% <= 52,91 milliseconds
              95% <= 72,39 milliseconds
              98% <= 112,33 milliseconds
              99% <= 115,94 milliseconds
            99.9% <= 118,29 milliseconds


13.05.2022 16.14.00 ============================================================

-- Timers ----------------------------------------------------------------------
stats-per-second-UPDATE_ONE
             count = 14024
         mean rate = 221,99 calls/second
     1-minute rate = 211,70 calls/second
     5-minute rate = 194,86 calls/second
    15-minute rate = 190,93 calls/second
               min = 30,07 milliseconds
               max = 71,10 milliseconds
              mean = 43,55 milliseconds
            stddev = 9,41 milliseconds
            median = 40,62 milliseconds
              75% <= 47,33 milliseconds
              95% <= 66,04 milliseconds
              98% <= 68,65 milliseconds
              99% <= 70,27 milliseconds
            99.9% <= 71,10 milliseconds


13.05.2022 16.14.01 ============================================================

-- Timers ----------------------------------------------------------------------
stats-per-second-UPDATE_ONE
             count = 14197
         mean rate = 221,80 calls/second
     1-minute rate = 211,70 calls/second
     5-minute rate = 194,86 calls/second
    15-minute rate = 190,93 calls/second
               min = 31,88 milliseconds
               max = 84,07 milliseconds
              mean = 46,13 milliseconds
            stddev = 12,86 milliseconds
            median = 40,96 milliseconds
              75% <= 49,01 milliseconds
              95% <= 72,27 milliseconds
              98% <= 81,48 milliseconds
              99% <= 83,62 milliseconds
            99.9% <= 84,07 milliseconds


13.05.2022 16.14.02 ============================================================

-- Timers ----------------------------------------------------------------------
stats-per-second-UPDATE_ONE
             count = 14428
         mean rate = 221,95 calls/second
     1-minute rate = 212,94 calls/second
     5-minute rate = 195,40 calls/second
    15-minute rate = 191,13 calls/second
               min = 30,51 milliseconds
               max = 74,96 milliseconds
              mean = 42,69 milliseconds
            stddev = 8,28 milliseconds
            median = 40,86 milliseconds
              75% <= 46,49 milliseconds
              95% <= 53,24 milliseconds
              98% <= 73,93 milliseconds
              99% <= 74,50 milliseconds
            99.9% <= 74,96 milliseconds


13.05.2022 16.14.03 ============================================================

-- Timers ----------------------------------------------------------------------
stats-per-second-UPDATE_ONE
             count = 14675
         mean rate = 222,32 calls/second
     1-minute rate = 212,94 calls/second
     5-minute rate = 195,40 calls/second
    15-minute rate = 191,13 calls/second
               min = 29,78 milliseconds
               max = 69,46 milliseconds
              mean = 41,76 milliseconds
            stddev = 6,79 milliseconds
            median = 39,97 milliseconds
              75% <= 45,79 milliseconds
              95% <= 55,40 milliseconds
              98% <= 58,02 milliseconds
              99% <= 69,08 milliseconds
            99.9% <= 69,46 milliseconds


13.05.2022 16.14.04 ============================================================

-- Timers ----------------------------------------------------------------------
stats-per-second-UPDATE_ONE
             count = 14917
         mean rate = 222,60 calls/second
     1-minute rate = 212,94 calls/second
     5-minute rate = 195,40 calls/second
    15-minute rate = 191,13 calls/second
               min = 30,74 milliseconds
               max = 61,61 milliseconds
              mean = 40,67 milliseconds
            stddev = 6,21 milliseconds
            median = 39,59 milliseconds
              75% <= 44,24 milliseconds
              95% <= 52,77 milliseconds
              98% <= 57,42 milliseconds
              99% <= 58,72 milliseconds
            99.9% <= 61,61 milliseconds


13.05.2022 16.14.05 ============================================================

-- Timers ----------------------------------------------------------------------
stats-per-second-UPDATE_ONE
             count = 15137
         mean rate = 222,58 calls/second
     1-minute rate = 212,94 calls/second
     5-minute rate = 195,40 calls/second
    15-minute rate = 191,13 calls/second
               min = 31,21 milliseconds
               max = 79,12 milliseconds
              mean = 45,59 milliseconds
            stddev = 11,46 milliseconds
            median = 41,75 milliseconds
              75% <= 50,13 milliseconds
              95% <= 71,10 milliseconds
              98% <= 74,57 milliseconds
              99% <= 78,64 milliseconds
            99.9% <= 79,12 milliseconds


13.05.2022 16.14.06 ============================================================

-- Timers ----------------------------------------------------------------------
stats-per-second-UPDATE_ONE
             count = 15394
         mean rate = 223,08 calls/second
     1-minute rate = 212,94 calls/second
     5-minute rate = 195,40 calls/second
    15-minute rate = 191,13 calls/second
               min = 29,68 milliseconds
               max = 76,98 milliseconds
              mean = 38,93 milliseconds
            stddev = 7,49 milliseconds
            median = 37,37 milliseconds
              75% <= 42,19 milliseconds
              95% <= 55,60 milliseconds
              98% <= 61,52 milliseconds
              99% <= 70,33 milliseconds
            99.9% <= 76,98 milliseconds


13.05.2022 16.14.07 ============================================================

-- Timers ----------------------------------------------------------------------
stats-per-second-UPDATE_ONE
             count = 15660
         mean rate = 223,69 calls/second
     1-minute rate = 215,56 calls/second
     5-minute rate = 196,23 calls/second
    15-minute rate = 191,43 calls/second
               min = 30,31 milliseconds
               max = 52,05 milliseconds
              mean = 37,54 milliseconds
            stddev = 4,33 milliseconds
            median = 36,99 milliseconds
              75% <= 39,95 milliseconds
              95% <= 45,91 milliseconds
              98% <= 49,39 milliseconds
              99% <= 50,81 milliseconds
            99.9% <= 52,05 milliseconds


13.05.2022 16.14.08 ============================================================

-- Timers ----------------------------------------------------------------------
stats-per-second-UPDATE_ONE
             count = 15921
         mean rate = 224,22 calls/second
     1-minute rate = 215,56 calls/second
     5-minute rate = 196,23 calls/second
    15-minute rate = 191,43 calls/second
               min = 30,69 milliseconds
               max = 55,46 milliseconds
              mean = 38,39 milliseconds
            stddev = 5,38 milliseconds
            median = 36,92 milliseconds
              75% <= 39,68 milliseconds
              95% <= 51,52 milliseconds
              98% <= 53,96 milliseconds
              99% <= 55,05 milliseconds
            99.9% <= 55,46 milliseconds


13.05.2022 16.14.09 ============================================================

-- Timers ----------------------------------------------------------------------
stats-per-second-UPDATE_ONE
             count = 16171
         mean rate = 224,56 calls/second
     1-minute rate = 215,56 calls/second
     5-minute rate = 196,23 calls/second
    15-minute rate = 191,43 calls/second
               min = 30,79 milliseconds
               max = 55,11 milliseconds
              mean = 40,01 milliseconds
            stddev = 5,08 milliseconds
            median = 39,48 milliseconds
              75% <= 42,39 milliseconds
              95% <= 51,90 milliseconds
              98% <= 54,56 milliseconds
              99% <= 54,96 milliseconds
            99.9% <= 55,11 milliseconds


13.05.2022 16.14.10 ============================================================

-- Timers ----------------------------------------------------------------------
stats-per-second-UPDATE_ONE
             count = 16386
         mean rate = 224,44 calls/second
     1-minute rate = 215,56 calls/second
     5-minute rate = 196,23 calls/second
    15-minute rate = 191,43 calls/second
               min = 29,87 milliseconds
               max = 134,69 milliseconds
              mean = 46,17 milliseconds
            stddev = 19,18 milliseconds
            median = 40,43 milliseconds
              75% <= 49,10 milliseconds
              95% <= 73,02 milliseconds
              98% <= 133,83 milliseconds
              99% <= 134,29 milliseconds
            99.9% <= 134,69 milliseconds


13.05.2022 16.14.11 ============================================================

-- Timers ----------------------------------------------------------------------
stats-per-second-UPDATE_ONE
             count = 16481
         mean rate = 222,68 calls/second
     1-minute rate = 215,56 calls/second
     5-minute rate = 196,23 calls/second
    15-minute rate = 191,43 calls/second
               min = 36,34 milliseconds
               max = 424,71 milliseconds
              mean = 103,21 milliseconds
            stddev = 110,45 milliseconds
            median = 63,01 milliseconds
              75% <= 105,29 milliseconds
              95% <= 424,28 milliseconds
              98% <= 424,67 milliseconds
              99% <= 424,71 milliseconds
            99.9% <= 424,71 milliseconds


13.05.2022 16.14.12 ============================================================

-- Timers ----------------------------------------------------------------------
stats-per-second-UPDATE_ONE
             count = 16703
         mean rate = 222,69 calls/second
     1-minute rate = 215,04 calls/second
     5-minute rate = 196,44 calls/second
    15-minute rate = 191,53 calls/second
               min = 28,65 milliseconds
               max = 92,64 milliseconds
              mean = 46,31 milliseconds
            stddev = 11,79 milliseconds
            median = 43,18 milliseconds
              75% <= 47,87 milliseconds
              95% <= 65,39 milliseconds
              98% <= 92,42 milliseconds
              99% <= 92,62 milliseconds
            99.9% <= 92,64 milliseconds


13.05.2022 16.14.13 ============================================================

-- Timers ----------------------------------------------------------------------
stats-per-second-UPDATE_ONE
             count = 16957
         mean rate = 223,10 calls/second
     1-minute rate = 215,04 calls/second
     5-minute rate = 196,44 calls/second
    15-minute rate = 191,53 calls/second
               min = 30,33 milliseconds
               max = 75,44 milliseconds
              mean = 39,85 milliseconds
            stddev = 6,08 milliseconds
            median = 38,88 milliseconds
              75% <= 41,84 milliseconds
              95% <= 48,20 milliseconds
              98% <= 56,83 milliseconds
              99% <= 70,80 milliseconds
            99.9% <= 75,44 milliseconds


13.05.2022 16.14.14 ============================================================

-- Timers ----------------------------------------------------------------------
stats-per-second-UPDATE_ONE
             count = 17217
         mean rate = 223,57 calls/second
     1-minute rate = 215,04 calls/second
     5-minute rate = 196,44 calls/second
    15-minute rate = 191,53 calls/second
               min = 29,92 milliseconds
               max = 53,44 milliseconds
              mean = 37,98 milliseconds
            stddev = 4,05 milliseconds
            median = 37,58 milliseconds
              75% <= 40,05 milliseconds
              95% <= 46,11 milliseconds
              98% <= 47,32 milliseconds
              99% <= 48,15 milliseconds
            99.9% <= 53,44 milliseconds


13.05.2022 16.14.15 ============================================================

-- Timers ----------------------------------------------------------------------
stats-per-second-UPDATE_ONE
             count = 17460
         mean rate = 223,83 calls/second
     1-minute rate = 215,04 calls/second
     5-minute rate = 196,44 calls/second
    15-minute rate = 191,53 calls/second
               min = 29,66 milliseconds
               max = 62,69 milliseconds
              mean = 41,21 milliseconds
            stddev = 6,55 milliseconds
            median = 39,33 milliseconds
              75% <= 44,07 milliseconds
              95% <= 55,63 milliseconds
              98% <= 60,12 milliseconds
              99% <= 60,34 milliseconds
            99.9% <= 62,69 milliseconds


13.05.2022 16.14.16 ============================================================

-- Timers ----------------------------------------------------------------------
stats-per-second-UPDATE_ONE
             count = 17716
         mean rate = 224,23 calls/second
     1-minute rate = 215,04 calls/second
     5-minute rate = 196,44 calls/second
    15-minute rate = 191,53 calls/second
               min = 30,58 milliseconds
               max = 59,90 milliseconds
              mean = 39,36 milliseconds
            stddev = 6,24 milliseconds
            median = 38,44 milliseconds
              75% <= 41,06 milliseconds
              95% <= 54,30 milliseconds
              98% <= 57,43 milliseconds
              99% <= 58,40 milliseconds
            99.9% <= 59,90 milliseconds


13.05.2022 16.14.17 ============================================================

-- Timers ----------------------------------------------------------------------
stats-per-second-UPDATE_ONE
             count = 17951
         mean rate = 224,37 calls/second
     1-minute rate = 217,80 calls/second
     5-minute rate = 197,32 calls/second
    15-minute rate = 191,85 calls/second
               min = 30,58 milliseconds
               max = 68,69 milliseconds
              mean = 41,55 milliseconds
            stddev = 7,61 milliseconds
            median = 40,21 milliseconds
              75% <= 44,35 milliseconds
              95% <= 60,83 milliseconds
              98% <= 63,83 milliseconds
              99% <= 64,35 milliseconds
            99.9% <= 68,69 milliseconds


13.05.2022 16.14.18 ============================================================

-- Timers ----------------------------------------------------------------------
stats-per-second-UPDATE_ONE
             count = 18193
         mean rate = 224,58 calls/second
     1-minute rate = 217,80 calls/second
     5-minute rate = 197,32 calls/second
    15-minute rate = 191,85 calls/second
               min = 29,70 milliseconds
               max = 78,84 milliseconds
              mean = 42,26 milliseconds
            stddev = 11,51 milliseconds
            median = 38,64 milliseconds
              75% <= 42,56 milliseconds
              95% <= 75,28 milliseconds
              98% <= 76,30 milliseconds
              99% <= 77,61 milliseconds
            99.9% <= 78,84 milliseconds


13.05.2022 16.14.19 ============================================================

-- Timers ----------------------------------------------------------------------
stats-per-second-UPDATE_ONE
             count = 18424
         mean rate = 224,66 calls/second
     1-minute rate = 217,80 calls/second
     5-minute rate = 197,32 calls/second
    15-minute rate = 191,85 calls/second
               min = 31,57 milliseconds
               max = 69,56 milliseconds
              mean = 39,14 milliseconds
            stddev = 5,47 milliseconds
            median = 38,65 milliseconds
              75% <= 41,96 milliseconds
              95% <= 48,28 milliseconds
              98% <= 53,30 milliseconds
              99% <= 55,91 milliseconds
            99.9% <= 69,56 milliseconds


13.05.2022 16.14.20 ============================================================

-- Timers ----------------------------------------------------------------------
stats-per-second-UPDATE_ONE
             count = 18518
         mean rate = 223,08 calls/second
     1-minute rate = 217,80 calls/second
     5-minute rate = 197,32 calls/second
    15-minute rate = 191,85 calls/second
               min = 33,74 milliseconds
               max = 339,22 milliseconds
              mean = 114,57 milliseconds
            stddev = 84,84 milliseconds
            median = 94,79 milliseconds
              75% <= 166,67 milliseconds
              95% <= 335,93 milliseconds
              98% <= 338,64 milliseconds
              99% <= 339,22 milliseconds
            99.9% <= 339,22 milliseconds


13.05.2022 16.14.21 ============================================================

-- Timers ----------------------------------------------------------------------
stats-per-second-UPDATE_ONE
             count = 18710
         mean rate = 222,72 calls/second
     1-minute rate = 217,80 calls/second
     5-minute rate = 197,32 calls/second
    15-minute rate = 191,85 calls/second
               min = 31,57 milliseconds
               max = 155,42 milliseconds
              mean = 52,25 milliseconds
            stddev = 27,98 milliseconds
            median = 42,42 milliseconds
              75% <= 50,83 milliseconds
              95% <= 151,76 milliseconds
              98% <= 154,92 milliseconds
              99% <= 155,29 milliseconds
            99.9% <= 155,42 milliseconds


13.05.2022 16.14.22 ============================================================

-- Timers ----------------------------------------------------------------------
stats-per-second-UPDATE_ONE
             count = 18825
         mean rate = 221,45 calls/second
     1-minute rate = 214,38 calls/second
     5-minute rate = 196,95 calls/second
    15-minute rate = 191,76 calls/second
               min = 37,94 milliseconds
               max = 273,16 milliseconds
              mean = 86,80 milliseconds
            stddev = 61,75 milliseconds
            median = 63,71 milliseconds
              75% <= 101,21 milliseconds
              95% <= 272,23 milliseconds
              98% <= 273,09 milliseconds
              99% <= 273,16 milliseconds
            99.9% <= 273,16 milliseconds


13.05.2022 16.14.23 ============================================================

-- Timers ----------------------------------------------------------------------
stats-per-second-UPDATE_ONE
             count = 18987
         mean rate = 220,76 calls/second
     1-minute rate = 214,38 calls/second
     5-minute rate = 196,95 calls/second
    15-minute rate = 191,76 calls/second
               min = 31,57 milliseconds
               max = 142,58 milliseconds
              mean = 62,05 milliseconds
            stddev = 26,44 milliseconds
            median = 52,15 milliseconds
              75% <= 73,62 milliseconds
              95% <= 129,27 milliseconds
              98% <= 139,19 milliseconds
              99% <= 142,14 milliseconds
            99.9% <= 142,58 milliseconds


13.05.2022 16.14.24 ============================================================

-- Timers ----------------------------------------------------------------------
stats-per-second-UPDATE_ONE
             count = 19229
         mean rate = 221,00 calls/second
     1-minute rate = 214,38 calls/second
     5-minute rate = 196,95 calls/second
    15-minute rate = 191,76 calls/second
               min = 30,31 milliseconds
               max = 86,95 milliseconds
              mean = 41,59 milliseconds
            stddev = 8,80 milliseconds
            median = 38,89 milliseconds
              75% <= 43,78 milliseconds
              95% <= 55,62 milliseconds
              98% <= 71,55 milliseconds
              99% <= 85,56 milliseconds
            99.9% <= 86,95 milliseconds


13.05.2022 16.14.25 ============================================================

-- Timers ----------------------------------------------------------------------
stats-per-second-UPDATE_ONE
             count = 19460
         mean rate = 221,12 calls/second
     1-minute rate = 214,38 calls/second
     5-minute rate = 196,95 calls/second
    15-minute rate = 191,76 calls/second
               min = 30,96 milliseconds
               max = 102,00 milliseconds
              mean = 43,37 milliseconds
            stddev = 12,78 milliseconds
            median = 38,91 milliseconds
              75% <= 48,06 milliseconds
              95% <= 64,86 milliseconds
              98% <= 94,77 milliseconds
              99% <= 98,84 milliseconds
            99.9% <= 102,00 milliseconds


13.05.2022 16.14.26 ============================================================

-- Timers ----------------------------------------------------------------------
stats-per-second-UPDATE_ONE
             count = 19641
         mean rate = 220,67 calls/second
     1-minute rate = 214,38 calls/second
     5-minute rate = 196,95 calls/second
    15-minute rate = 191,76 calls/second
               min = 30,45 milliseconds
               max = 96,12 milliseconds
              mean = 52,43 milliseconds
            stddev = 18,15 milliseconds
            median = 47,44 milliseconds
              75% <= 58,70 milliseconds
              95% <= 92,84 milliseconds
              98% <= 95,45 milliseconds
              99% <= 95,85 milliseconds
            99.9% <= 96,12 milliseconds


13.05.2022 16.14.27 ============================================================

-- Timers ----------------------------------------------------------------------
stats-per-second-UPDATE_ONE
             count = 19832
         mean rate = 220,34 calls/second
     1-minute rate = 213,33 calls/second
     5-minute rate = 197,02 calls/second
    15-minute rate = 191,81 calls/second
               min = 31,88 milliseconds
               max = 114,82 milliseconds
              mean = 54,88 milliseconds
            stddev = 24,62 milliseconds
            median = 42,67 milliseconds
              75% <= 63,15 milliseconds
              95% <= 107,69 milliseconds
              98% <= 113,28 milliseconds
              99% <= 113,75 milliseconds
            99.9% <= 114,82 milliseconds


2022-05-13 16:14:27,767 [pool-1-thread-1] INFO  d.i.mongodb.perf.OperationExecutor - Done (in time) in 90735 ms 
2022-05-13 16:14:27,771 [main] INFO  d.i.mongodb.perf.MongoDbAccessor - >>> closeConnections 35.198.67.211:27017
2022-05-13 16:14:27,772 [pool-1-thread-1] INFO  d.i.mongodb.perf.OperationExecutor - affected documents: 20000
2022-05-13 16:14:27,772 [pool-1-thread-1] INFO  d.i.mongodb.perf.OperationExecutor - count: 20000
2022-05-13 16:14:27,773 [pool-1-thread-1] INFO  d.i.mongodb.perf.OperationExecutor - FifteenMinuteRate: 191.80844863231442
2022-05-13 16:14:27,773 [pool-1-thread-1] INFO  d.i.mongodb.perf.OperationExecutor - FiveMinuteRate: 197.02215148104386
2022-05-13 16:14:27,773 [pool-1-thread-1] INFO  d.i.mongodb.perf.OperationExecutor - OneMinuteRate: 213.32555945137716
2022-05-13 16:14:27,773 [pool-1-thread-1] INFO  d.i.mongodb.perf.OperationExecutor - MeanRate: 220.4058878122829
2022-05-13 16:14:27,777 [pool-1-thread-1] INFO  d.i.mongodb.perf.OperationExecutor - Snapshot 75thPercentile: 45.02075
2022-05-13 16:14:27,777 [pool-1-thread-1] INFO  d.i.mongodb.perf.OperationExecutor - Snapshot 95thPercentile: 78.822834
2022-05-13 16:14:27,777 [pool-1-thread-1] INFO  d.i.mongodb.perf.OperationExecutor - Snapshot 98thPercentile: 107.16791599999999
2022-05-13 16:14:27,777 [pool-1-thread-1] INFO  d.i.mongodb.perf.OperationExecutor - Snapshot 99thPercentile: 128.311791
2022-05-13 16:14:27,777 [pool-1-thread-1] INFO  d.i.mongodb.perf.OperationExecutor - Snapshot 999thPercentile: 222.733208
2022-05-13 16:14:27,777 [pool-1-thread-1] INFO  d.i.mongodb.perf.OperationExecutor - Snapshot Min: 29.799
2022-05-13 16:14:27,777 [pool-1-thread-1] INFO  d.i.mongodb.perf.OperationExecutor - Snapshot Max: 356.786208
2022-05-13 16:14:27,778 [pool-1-thread-1] INFO  d.i.mongodb.perf.OperationExecutor - Snapshot Mean: 45.008088075233594
2022-05-13 16:14:27,778 [pool-1-thread-1] INFO  d.i.mongodb.perf.OperationExecutor - Snapshot Median: 39.512291
2022-05-13 16:14:27,778 [pool-1-thread-1] INFO  d.i.mongodb.perf.OperationExecutor - Snapshot StdDev: 20.56596232664811
2022-05-13 16:14:27,778 [pool-1-thread-1] INFO  d.i.mongodb.perf.OperationExecutor - Snapshot Size: 1028
13.05.2022 16.14.27 ============================================================

-- Timers ----------------------------------------------------------------------
stats-per-run-UPDATE_ONE
             count = 20000
         mean rate = 220,39 calls/second
     1-minute rate = 213,33 calls/second
     5-minute rate = 197,02 calls/second
    15-minute rate = 191,81 calls/second
               min = 29,80 milliseconds
               max = 356,79 milliseconds
              mean = 45,01 milliseconds
            stddev = 20,57 milliseconds
            median = 39,51 milliseconds
              75% <= 45,02 milliseconds
              95% <= 78,82 milliseconds
              98% <= 107,17 milliseconds
              99% <= 128,31 milliseconds
            99.9% <= 222,73 milliseconds


2022-05-13 16:14:27,783 [pool-1-thread-1] INFO  d.i.mongodb.perf.OperationExecutor - stopReporters
2022-05-13 16:14:27,784 [pool-1-thread-1] INFO  d.i.mongodb.perf.OperationExecutor - consoleReporter stopped
2022-05-13 16:14:27,784 [pool-1-thread-1] INFO  d.i.mongodb.perf.OperationExecutor - allConsoleReporter stopped
2022-05-13 16:14:27,785 [pool-1-thread-1] INFO  d.i.mongodb.perf.OperationExecutor - csvReporter stopped
2022-05-13 16:14:27,785 [pool-1-thread-1] INFO  d.i.mongodb.perf.OperationExecutor - If run took more than 1 second, csv-file 'stats-per-second-UPDATE_ONE.csv' saved in folder: /Users/oscarorellana/Desktop/softcorp/doubble/mongodb-performance-test/latest-version
2022-05-13 16:14:27,785 [pool-1-thread-1] INFO  d.i.mongodb.perf.OperationExecutor - csvReporterAll stopped
2022-05-13 16:14:27,785 [pool-1-thread-1] INFO  d.i.mongodb.perf.OperationExecutor - Summary of statistics saved in csv-file 'stats-per-run-UPDATE_ONE.csv' located in folder: /Users/oscarorellana/Desktop/softcorp/doubble/mongodb-performance-test/latest-version
2022-05-13 16:14:27,801 [main] INFO  org.mongodb.driver.connection - Closed connection [connectionId{localValue:4, serverValue:587}] to 35.198.67.211:27017 because the pool has been closed.
2022-05-13 16:14:27,802 [main] INFO  org.mongodb.driver.connection - Closed connection [connectionId{localValue:11, serverValue:588}] to 35.198.67.211:27017 because the pool has been closed.
2022-05-13 16:14:27,802 [main] INFO  org.mongodb.driver.connection - Closed connection [connectionId{localValue:10, serverValue:589}] to 35.198.67.211:27017 because the pool has been closed.
2022-05-13 16:14:27,802 [main] INFO  org.mongodb.driver.connection - Closed connection [connectionId{localValue:3, serverValue:583}] to 35.198.67.211:27017 because the pool has been closed.
2022-05-13 16:14:27,802 [main] INFO  org.mongodb.driver.connection - Closed connection [connectionId{localValue:9, serverValue:586}] to 35.198.67.211:27017 because the pool has been closed.
2022-05-13 16:14:27,802 [main] INFO  org.mongodb.driver.connection - Closed connection [connectionId{localValue:2, serverValue:582}] to 35.198.67.211:27017 because the pool has been closed.
2022-05-13 16:14:27,802 [main] INFO  org.mongodb.driver.connection - Closed connection [connectionId{localValue:5, serverValue:584}] to 35.198.67.211:27017 because the pool has been closed.
2022-05-13 16:14:27,802 [main] INFO  org.mongodb.driver.connection - Closed connection [connectionId{localValue:7, serverValue:590}] to 35.198.67.211:27017 because the pool has been closed.
2022-05-13 16:14:27,803 [main] INFO  org.mongodb.driver.connection - Closed connection [connectionId{localValue:6, serverValue:591}] to 35.198.67.211:27017 because the pool has been closed.
2022-05-13 16:14:27,803 [main] INFO  org.mongodb.driver.connection - Closed connection [connectionId{localValue:8, serverValue:585}] to 35.198.67.211:27017 because the pool has been closed.
2022-05-13 16:14:27,803 [main] INFO  d.i.mongodb.perf.MongoDbAccessor - <<< closeConnections 35.198.67.211:27017
