2022-05-13 16:09:54,199 [main] INFO  d.i.mongodb.perf.MongoDbAccessor - >>> init 35.198.67.211:27017
2022-05-13 16:09:54,291 [main] INFO  org.mongodb.driver.cluster - Cluster created with settings {hosts=[35.198.67.211:27017], mode=SINGLE, requiredClusterType=UNKNOWN, serverSelectionTimeout='30000 ms', maxWaitQueueSize=50000}
2022-05-13 16:09:54,301 [main] INFO  d.i.mongodb.perf.MongoDbAccessor - <<< init
2022-05-13 16:09:54,308 [main] INFO  org.mongodb.driver.cluster - Cluster description not yet available. Waiting for 30000 ms before timing out
2022-05-13 16:09:54,405 [cluster-ClusterId{value='627e66b25fb0313dc1fb3a5e', description='null'}-35.198.67.211:27017] INFO  org.mongodb.driver.connection - Opened connection [connectionId{localValue:1, serverValue:424}] to 35.198.67.211:27017
2022-05-13 16:09:54,435 [cluster-ClusterId{value='627e66b25fb0313dc1fb3a5e', description='null'}-35.198.67.211:27017] INFO  org.mongodb.driver.cluster - Monitor thread successfully connected to server with description ServerDescription{address=35.198.67.211:27017, type=REPLICA_SET_PRIMARY, state=CONNECTED, ok=true, version=ServerVersion{versionList=[5, 0, 8]}, minWireVersion=0, maxWireVersion=13, maxDocumentSize=16777216, logicalSessionTimeoutMinutes=30, roundTripTimeNanos=28575459, setName='rs0', canonicalAddress=35.198.67.211:27017, hosts=[34.159.169.88:27017, 35.198.67.211:27017, 34.159.223.31:27017], passives=[], arbiters=[mongodb-arbiter-0.mongodb-arbiter-headless.mongodb-slow.svc.cluster.local:27017], primary='35.198.67.211:27017', tagSet=TagSet{[]}, electionId=7fffffff0000000000000002, setVersion=8, lastWriteDate=Fri May 13 16:09:53 CEST 2022, lastUpdateTimeNanos=355339297443375}
2022-05-13 16:09:54,743 [main] INFO  org.mongodb.driver.connection - Opened connection [connectionId{localValue:2, serverValue:425}] to 35.198.67.211:27017
2022-05-13 16:09:54,843 [main] INFO  d.i.mongodb.perf.OperationExecutor - >>> OperationExecutor threadCount: 10, opsCount: 5000, maxDurationInSeconds: 3600, operation: UpdateOperation
2022-05-13 16:09:54,843 [main] INFO  d.i.mongodb.perf.OperationExecutor - java execution path: /Users/oscarorellana/Desktop/softcorp/doubble/mongodb-performance-test/latest-version/mongodb-performance-test.jar
2022-05-13 16:09:55,034 [pool-2-thread-9] INFO  org.mongodb.driver.connection - Opened connection [connectionId{localValue:6, serverValue:426}] to 35.198.67.211:27017
2022-05-13 16:09:55,034 [pool-2-thread-1] INFO  org.mongodb.driver.connection - Opened connection [connectionId{localValue:7, serverValue:428}] to 35.198.67.211:27017
2022-05-13 16:09:55,046 [pool-2-thread-4] INFO  org.mongodb.driver.connection - Opened connection [connectionId{localValue:8, serverValue:434}] to 35.198.67.211:27017
2022-05-13 16:09:55,048 [pool-2-thread-8] INFO  org.mongodb.driver.connection - Opened connection [connectionId{localValue:9, serverValue:429}] to 35.198.67.211:27017
2022-05-13 16:09:55,048 [pool-2-thread-7] INFO  org.mongodb.driver.connection - Opened connection [connectionId{localValue:5, serverValue:427}] to 35.198.67.211:27017
2022-05-13 16:09:55,049 [pool-2-thread-5] INFO  org.mongodb.driver.connection - Opened connection [connectionId{localValue:4, serverValue:430}] to 35.198.67.211:27017
2022-05-13 16:09:55,049 [pool-2-thread-6] INFO  org.mongodb.driver.connection - Opened connection [connectionId{localValue:3, serverValue:433}] to 35.198.67.211:27017
2022-05-13 16:09:55,049 [pool-2-thread-10] INFO  org.mongodb.driver.connection - Opened connection [connectionId{localValue:11, serverValue:431}] to 35.198.67.211:27017
2022-05-13 16:09:55,049 [pool-2-thread-2] INFO  org.mongodb.driver.connection - Opened connection [connectionId{localValue:10, serverValue:432}] to 35.198.67.211:27017
13.05.2022 16.09.55 ============================================================

-- Timers ----------------------------------------------------------------------
stats-per-second-UPDATE_MANY
             count = 215
         mean rate = 212,96 calls/second
     1-minute rate = 0,00 calls/second
     5-minute rate = 0,00 calls/second
    15-minute rate = 0,00 calls/second
               min = 27,13 milliseconds
               max = 239,42 milliseconds
              mean = 46,20 milliseconds
            stddev = 40,35 milliseconds
            median = 33,74 milliseconds
              75% <= 40,30 milliseconds
              95% <= 85,15 milliseconds
              98% <= 232,26 milliseconds
              99% <= 233,03 milliseconds
            99.9% <= 239,42 milliseconds


13.05.2022 16.09.56 ============================================================

-- Timers ----------------------------------------------------------------------
stats-per-second-UPDATE_MANY
             count = 492
         mean rate = 244,81 calls/second
     1-minute rate = 0,00 calls/second
     5-minute rate = 0,00 calls/second
    15-minute rate = 0,00 calls/second
               min = 27,33 milliseconds
               max = 66,64 milliseconds
              mean = 35,11 milliseconds
            stddev = 6,57 milliseconds
            median = 33,44 milliseconds
              75% <= 36,11 milliseconds
              95% <= 48,44 milliseconds
              98% <= 65,77 milliseconds
              99% <= 66,60 milliseconds
            99.9% <= 66,64 milliseconds


13.05.2022 16.09.57 ============================================================

-- Timers ----------------------------------------------------------------------
stats-per-second-UPDATE_MANY
             count = 744
         mean rate = 247,42 calls/second
     1-minute rate = 0,00 calls/second
     5-minute rate = 0,00 calls/second
    15-minute rate = 0,00 calls/second
               min = 25,14 milliseconds
               max = 93,19 milliseconds
              mean = 39,84 milliseconds
            stddev = 12,36 milliseconds
            median = 35,74 milliseconds
              75% <= 42,20 milliseconds
              95% <= 67,26 milliseconds
              98% <= 82,29 milliseconds
              99% <= 89,47 milliseconds
            99.9% <= 93,19 milliseconds


13.05.2022 16.09.58 ============================================================

-- Timers ----------------------------------------------------------------------
stats-per-second-UPDATE_MANY
             count = 1052
         mean rate = 262,41 calls/second
     1-minute rate = 0,00 calls/second
     5-minute rate = 0,00 calls/second
    15-minute rate = 0,00 calls/second
               min = 26,90 milliseconds
               max = 55,76 milliseconds
              mean = 32,80 milliseconds
            stddev = 4,15 milliseconds
            median = 31,92 milliseconds
              75% <= 34,66 milliseconds
              95% <= 39,08 milliseconds
              98% <= 47,45 milliseconds
              99% <= 47,75 milliseconds
            99.9% <= 55,76 milliseconds


13.05.2022 16.09.59 ============================================================

-- Timers ----------------------------------------------------------------------
stats-per-second-UPDATE_MANY
             count = 1354
         mean rate = 270,20 calls/second
     1-minute rate = 270,80 calls/second
     5-minute rate = 270,80 calls/second
    15-minute rate = 270,80 calls/second
               min = 27,28 milliseconds
               max = 62,56 milliseconds
              mean = 32,87 milliseconds
            stddev = 4,70 milliseconds
            median = 31,86 milliseconds
              75% <= 34,21 milliseconds
              95% <= 39,48 milliseconds
              98% <= 52,09 milliseconds
              99% <= 56,67 milliseconds
            99.9% <= 62,56 milliseconds


13.05.2022 16.10.00 ============================================================

-- Timers ----------------------------------------------------------------------
stats-per-second-UPDATE_MANY
             count = 1659
         mean rate = 275,79 calls/second
     1-minute rate = 270,80 calls/second
     5-minute rate = 270,80 calls/second
    15-minute rate = 270,80 calls/second
               min = 26,88 milliseconds
               max = 43,42 milliseconds
              mean = 32,75 milliseconds
            stddev = 3,42 milliseconds
            median = 31,72 milliseconds
              75% <= 34,57 milliseconds
              95% <= 39,89 milliseconds
              98% <= 40,96 milliseconds
              99% <= 43,19 milliseconds
            99.9% <= 43,42 milliseconds


13.05.2022 16.10.01 ============================================================

-- Timers ----------------------------------------------------------------------
stats-per-second-UPDATE_MANY
             count = 1946
         mean rate = 277,67 calls/second
     1-minute rate = 270,80 calls/second
     5-minute rate = 270,80 calls/second
    15-minute rate = 270,80 calls/second
               min = 26,74 milliseconds
               max = 66,41 milliseconds
              mean = 34,99 milliseconds
            stddev = 4,64 milliseconds
            median = 33,93 milliseconds
              75% <= 37,88 milliseconds
              95% <= 41,27 milliseconds
              98% <= 46,06 milliseconds
              99% <= 53,82 milliseconds
            99.9% <= 66,41 milliseconds


13.05.2022 16.10.02 ============================================================

-- Timers ----------------------------------------------------------------------
stats-per-second-UPDATE_MANY
             count = 2237
         mean rate = 279,32 calls/second
     1-minute rate = 270,80 calls/second
     5-minute rate = 270,80 calls/second
    15-minute rate = 270,80 calls/second
               min = 27,25 milliseconds
               max = 55,19 milliseconds
              mean = 34,45 milliseconds
            stddev = 4,49 milliseconds
            median = 33,37 milliseconds
              75% <= 37,11 milliseconds
              95% <= 43,88 milliseconds
              98% <= 46,66 milliseconds
              99% <= 47,02 milliseconds
            99.9% <= 55,19 milliseconds


13.05.2022 16.10.03 ============================================================

-- Timers ----------------------------------------------------------------------
stats-per-second-UPDATE_MANY
             count = 2537
         mean rate = 281,64 calls/second
     1-minute rate = 270,80 calls/second
     5-minute rate = 270,80 calls/second
    15-minute rate = 270,80 calls/second
               min = 27,66 milliseconds
               max = 47,31 milliseconds
              mean = 33,22 milliseconds
            stddev = 3,45 milliseconds
            median = 32,65 milliseconds
              75% <= 34,59 milliseconds
              95% <= 40,34 milliseconds
              98% <= 43,98 milliseconds
              99% <= 47,06 milliseconds
            99.9% <= 47,31 milliseconds


13.05.2022 16.10.04 ============================================================

-- Timers ----------------------------------------------------------------------
stats-per-second-UPDATE_MANY
             count = 2845
         mean rate = 284,29 calls/second
     1-minute rate = 272,89 calls/second
     5-minute rate = 271,23 calls/second
    15-minute rate = 270,95 calls/second
               min = 24,05 milliseconds
               max = 46,67 milliseconds
              mean = 32,56 milliseconds
            stddev = 3,56 milliseconds
            median = 31,89 milliseconds
              75% <= 34,12 milliseconds
              95% <= 39,51 milliseconds
              98% <= 42,48 milliseconds
              99% <= 46,00 milliseconds
            99.9% <= 46,67 milliseconds


13.05.2022 16.10.05 ============================================================

-- Timers ----------------------------------------------------------------------
stats-per-second-UPDATE_MANY
             count = 3145
         mean rate = 285,63 calls/second
     1-minute rate = 272,89 calls/second
     5-minute rate = 271,23 calls/second
    15-minute rate = 270,95 calls/second
               min = 26,56 milliseconds
               max = 47,59 milliseconds
              mean = 33,13 milliseconds
            stddev = 4,10 milliseconds
            median = 32,35 milliseconds
              75% <= 34,92 milliseconds
              95% <= 42,16 milliseconds
              98% <= 44,15 milliseconds
              99% <= 46,26 milliseconds
            99.9% <= 47,59 milliseconds


13.05.2022 16.10.06 ============================================================

-- Timers ----------------------------------------------------------------------
stats-per-second-UPDATE_MANY
             count = 3438
         mean rate = 286,28 calls/second
     1-minute rate = 272,89 calls/second
     5-minute rate = 271,23 calls/second
    15-minute rate = 270,95 calls/second
               min = 25,18 milliseconds
               max = 47,91 milliseconds
              mean = 33,92 milliseconds
            stddev = 3,98 milliseconds
            median = 33,64 milliseconds
              75% <= 35,73 milliseconds
              95% <= 41,74 milliseconds
              98% <= 45,37 milliseconds
              99% <= 47,15 milliseconds
            99.9% <= 47,91 milliseconds


13.05.2022 16.10.07 ============================================================

-- Timers ----------------------------------------------------------------------
stats-per-second-UPDATE_MANY
             count = 3747
         mean rate = 288,07 calls/second
     1-minute rate = 272,89 calls/second
     5-minute rate = 271,23 calls/second
    15-minute rate = 270,95 calls/second
               min = 27,35 milliseconds
               max = 45,95 milliseconds
              mean = 32,79 milliseconds
            stddev = 3,16 milliseconds
            median = 32,67 milliseconds
              75% <= 34,38 milliseconds
              95% <= 38,76 milliseconds
              98% <= 40,80 milliseconds
              99% <= 42,73 milliseconds
            99.9% <= 45,95 milliseconds


13.05.2022 16.10.08 ============================================================

-- Timers ----------------------------------------------------------------------
stats-per-second-UPDATE_MANY
             count = 4044
         mean rate = 288,65 calls/second
     1-minute rate = 272,89 calls/second
     5-minute rate = 271,23 calls/second
    15-minute rate = 270,95 calls/second
               min = 27,11 milliseconds
               max = 44,94 milliseconds
              mean = 33,55 milliseconds
            stddev = 3,36 milliseconds
            median = 32,66 milliseconds
              75% <= 35,97 milliseconds
              95% <= 39,60 milliseconds
              98% <= 42,16 milliseconds
              99% <= 43,08 milliseconds
            99.9% <= 44,94 milliseconds


13.05.2022 16.10.09 ============================================================

-- Timers ----------------------------------------------------------------------
stats-per-second-UPDATE_MANY
             count = 4340
         mean rate = 289,17 calls/second
     1-minute rate = 275,06 calls/second
     5-minute rate = 271,71 calls/second
    15-minute rate = 271,11 calls/second
               min = 26,54 milliseconds
               max = 42,08 milliseconds
              mean = 33,63 milliseconds
            stddev = 3,19 milliseconds
            median = 33,60 milliseconds
              75% <= 35,44 milliseconds
              95% <= 39,69 milliseconds
              98% <= 41,11 milliseconds
              99% <= 41,36 milliseconds
            99.9% <= 42,08 milliseconds


13.05.2022 16.10.10 ============================================================

-- Timers ----------------------------------------------------------------------
stats-per-second-UPDATE_MANY
             count = 4615
         mean rate = 288,32 calls/second
     1-minute rate = 275,06 calls/second
     5-minute rate = 271,71 calls/second
    15-minute rate = 271,11 calls/second
               min = 27,17 milliseconds
               max = 86,29 milliseconds
              mean = 36,01 milliseconds
            stddev = 9,10 milliseconds
            median = 33,83 milliseconds
              75% <= 36,53 milliseconds
              95% <= 57,12 milliseconds
              98% <= 70,01 milliseconds
              99% <= 72,93 milliseconds
            99.9% <= 86,29 milliseconds


13.05.2022 16.10.11 ============================================================

-- Timers ----------------------------------------------------------------------
stats-per-second-UPDATE_MANY
             count = 4908
         mean rate = 288,49 calls/second
     1-minute rate = 275,06 calls/second
     5-minute rate = 271,71 calls/second
    15-minute rate = 271,11 calls/second
               min = 27,79 milliseconds
               max = 51,83 milliseconds
              mean = 34,51 milliseconds
            stddev = 4,38 milliseconds
            median = 33,58 milliseconds
              75% <= 36,99 milliseconds
              95% <= 42,53 milliseconds
              98% <= 45,18 milliseconds
              99% <= 45,79 milliseconds
            99.9% <= 51,83 milliseconds


2022-05-13 16:10:12,175 [pool-1-thread-1] INFO  d.i.mongodb.perf.OperationExecutor - Done (in time) in 17327 ms 
2022-05-13 16:10:12,179 [pool-1-thread-1] INFO  d.i.mongodb.perf.OperationExecutor - affected documents: 0
2022-05-13 16:10:12,179 [pool-1-thread-1] INFO  d.i.mongodb.perf.OperationExecutor - count: 5000
2022-05-13 16:10:12,179 [pool-1-thread-1] INFO  d.i.mongodb.perf.OperationExecutor - FifteenMinuteRate: 271.10612025648453
2022-05-13 16:10:12,179 [pool-1-thread-1] INFO  d.i.mongodb.perf.OperationExecutor - FiveMinuteRate: 271.7085238059066
2022-05-13 16:10:12,179 [pool-1-thread-1] INFO  d.i.mongodb.perf.OperationExecutor - OneMinuteRate: 275.06204556397796
2022-05-13 16:10:12,180 [pool-1-thread-1] INFO  d.i.mongodb.perf.OperationExecutor - MeanRate: 288.4658481135722
2022-05-13 16:10:12,181 [main] INFO  d.i.mongodb.perf.MongoDbAccessor - >>> closeConnections 35.198.67.211:27017
2022-05-13 16:10:12,188 [pool-1-thread-1] INFO  d.i.mongodb.perf.OperationExecutor - Snapshot 75thPercentile: 35.745416999999996
2022-05-13 16:10:12,189 [pool-1-thread-1] INFO  d.i.mongodb.perf.OperationExecutor - Snapshot 95thPercentile: 42.130917
2022-05-13 16:10:12,189 [pool-1-thread-1] INFO  d.i.mongodb.perf.OperationExecutor - Snapshot 98thPercentile: 48.600415999999996
2022-05-13 16:10:12,189 [pool-1-thread-1] INFO  d.i.mongodb.perf.OperationExecutor - Snapshot 99thPercentile: 66.646084
2022-05-13 16:10:12,189 [pool-1-thread-1] INFO  d.i.mongodb.perf.OperationExecutor - Snapshot 999thPercentile: 82.723417
2022-05-13 16:10:12,189 [pool-1-thread-1] INFO  d.i.mongodb.perf.OperationExecutor - Snapshot Min: 25.186166
2022-05-13 16:10:12,189 [pool-1-thread-1] INFO  d.i.mongodb.perf.OperationExecutor - Snapshot Max: 85.42725
2022-05-13 16:10:12,189 [pool-1-thread-1] INFO  d.i.mongodb.perf.OperationExecutor - Snapshot Mean: 34.168614776045885
2022-05-13 16:10:12,189 [pool-1-thread-1] INFO  d.i.mongodb.perf.OperationExecutor - Snapshot Median: 32.98825
2022-05-13 16:10:12,189 [pool-1-thread-1] INFO  d.i.mongodb.perf.OperationExecutor - Snapshot StdDev: 6.130625619918337
2022-05-13 16:10:12,189 [pool-1-thread-1] INFO  d.i.mongodb.perf.OperationExecutor - Snapshot Size: 1028
13.05.2022 16.10.12 ============================================================

-- Timers ----------------------------------------------------------------------
stats-per-run-UPDATE_MANY
             count = 5000
         mean rate = 288,27 calls/second
     1-minute rate = 275,06 calls/second
     5-minute rate = 271,71 calls/second
    15-minute rate = 271,11 calls/second
               min = 25,19 milliseconds
               max = 85,43 milliseconds
              mean = 34,17 milliseconds
            stddev = 6,13 milliseconds
            median = 32,99 milliseconds
              75% <= 35,75 milliseconds
              95% <= 42,13 milliseconds
              98% <= 48,60 milliseconds
              99% <= 66,65 milliseconds
            99.9% <= 82,72 milliseconds


2022-05-13 16:10:12,200 [pool-1-thread-1] INFO  d.i.mongodb.perf.OperationExecutor - stopReporters
2022-05-13 16:10:12,201 [pool-1-thread-1] INFO  d.i.mongodb.perf.OperationExecutor - consoleReporter stopped
2022-05-13 16:10:12,201 [pool-1-thread-1] INFO  d.i.mongodb.perf.OperationExecutor - allConsoleReporter stopped
2022-05-13 16:10:12,201 [pool-1-thread-1] INFO  d.i.mongodb.perf.OperationExecutor - csvReporter stopped
2022-05-13 16:10:12,202 [pool-1-thread-1] INFO  d.i.mongodb.perf.OperationExecutor - If run took more than 1 second, csv-file 'stats-per-second-UPDATE_MANY.csv' saved in folder: /Users/oscarorellana/Desktop/softcorp/doubble/mongodb-performance-test/latest-version
2022-05-13 16:10:12,202 [pool-1-thread-1] INFO  d.i.mongodb.perf.OperationExecutor - csvReporterAll stopped
2022-05-13 16:10:12,202 [pool-1-thread-1] INFO  d.i.mongodb.perf.OperationExecutor - Summary of statistics saved in csv-file 'stats-per-run-UPDATE_MANY.csv' located in folder: /Users/oscarorellana/Desktop/softcorp/doubble/mongodb-performance-test/latest-version
2022-05-13 16:10:12,215 [main] INFO  org.mongodb.driver.connection - Closed connection [connectionId{localValue:7, serverValue:428}] to 35.198.67.211:27017 because the pool has been closed.
2022-05-13 16:10:12,219 [main] INFO  org.mongodb.driver.connection - Closed connection [connectionId{localValue:5, serverValue:427}] to 35.198.67.211:27017 because the pool has been closed.
2022-05-13 16:10:12,220 [main] INFO  org.mongodb.driver.connection - Closed connection [connectionId{localValue:2, serverValue:425}] to 35.198.67.211:27017 because the pool has been closed.
2022-05-13 16:10:12,220 [main] INFO  org.mongodb.driver.connection - Closed connection [connectionId{localValue:11, serverValue:431}] to 35.198.67.211:27017 because the pool has been closed.
2022-05-13 16:10:12,221 [main] INFO  org.mongodb.driver.connection - Closed connection [connectionId{localValue:3, serverValue:433}] to 35.198.67.211:27017 because the pool has been closed.
2022-05-13 16:10:12,221 [main] INFO  org.mongodb.driver.connection - Closed connection [connectionId{localValue:10, serverValue:432}] to 35.198.67.211:27017 because the pool has been closed.
2022-05-13 16:10:12,221 [main] INFO  org.mongodb.driver.connection - Closed connection [connectionId{localValue:6, serverValue:426}] to 35.198.67.211:27017 because the pool has been closed.
2022-05-13 16:10:12,221 [main] INFO  org.mongodb.driver.connection - Closed connection [connectionId{localValue:9, serverValue:429}] to 35.198.67.211:27017 because the pool has been closed.
2022-05-13 16:10:12,221 [main] INFO  org.mongodb.driver.connection - Closed connection [connectionId{localValue:8, serverValue:434}] to 35.198.67.211:27017 because the pool has been closed.
2022-05-13 16:10:12,221 [main] INFO  org.mongodb.driver.connection - Closed connection [connectionId{localValue:4, serverValue:430}] to 35.198.67.211:27017 because the pool has been closed.
2022-05-13 16:10:12,222 [main] INFO  d.i.mongodb.perf.MongoDbAccessor - <<< closeConnections 35.198.67.211:27017
