2022-05-13 16:49:36,919 [main] INFO  d.i.mongodb.perf.MongoDbAccessor - >>> init 34.89.191.200:27017
2022-05-13 16:49:37,006 [main] INFO  org.mongodb.driver.cluster - Cluster created with settings {hosts=[34.89.191.200:27017], mode=SINGLE, requiredClusterType=UNKNOWN, serverSelectionTimeout='30000 ms', maxWaitQueueSize=50000}
2022-05-13 16:49:37,017 [main] INFO  d.i.mongodb.perf.MongoDbAccessor - <<< init
2022-05-13 16:49:37,023 [main] INFO  org.mongodb.driver.cluster - Cluster description not yet available. Waiting for 30000 ms before timing out
2022-05-13 16:49:37,120 [cluster-ClusterId{value='627e700175f542151c72aed9', description='null'}-34.89.191.200:27017] INFO  org.mongodb.driver.connection - Opened connection [connectionId{localValue:1, serverValue:1335}] to 34.89.191.200:27017
2022-05-13 16:49:37,166 [cluster-ClusterId{value='627e700175f542151c72aed9', description='null'}-34.89.191.200:27017] INFO  org.mongodb.driver.cluster - Monitor thread successfully connected to server with description ServerDescription{address=34.89.191.200:27017, type=REPLICA_SET_PRIMARY, state=CONNECTED, ok=true, version=ServerVersion{versionList=[5, 0, 8]}, minWireVersion=0, maxWireVersion=13, maxDocumentSize=16777216, logicalSessionTimeoutMinutes=30, roundTripTimeNanos=45186916, setName='rs0', canonicalAddress=mongodb-0.mongodb-headless.mongodb-fast-repl.svc.cluster.local:27017, hosts=[mongodb-5.mongodb-headless.mongodb-fast-repl.svc.cluster.local:27017, mongodb-2.mongodb-headless.mongodb-fast-repl.svc.cluster.local:27017, mongodb-1.mongodb-headless.mongodb-fast-repl.svc.cluster.local:27017, mongodb-0.mongodb-headless.mongodb-fast-repl.svc.cluster.local:27017, mongodb-3.mongodb-headless.mongodb-fast-repl.svc.cluster.local:27017, mongodb-4.mongodb-headless.mongodb-fast-repl.svc.cluster.local:27017], passives=[mongodb-6.mongodb-headless.mongodb-fast-repl.svc.cluster.local:27017], arbiters=[mongodb-arbiter-0.mongodb-arbiter-headless.mongodb-fast-repl.svc.cluster.local:27017], primary='mongodb-0.mongodb-headless.mongodb-fast-repl.svc.cluster.local:27017', tagSet=TagSet{[]}, electionId=7fffffff0000000000000002, setVersion=18, lastWriteDate=Fri May 13 16:49:30 CEST 2022, lastUpdateTimeNanos=357722046026958}
2022-05-13 16:49:37,412 [main] INFO  org.mongodb.driver.connection - Opened connection [connectionId{localValue:2, serverValue:1336}] to 34.89.191.200:27017
2022-05-13 16:49:37,508 [main] INFO  d.i.mongodb.perf.OperationExecutor - >>> OperationExecutor threadCount: 10, opsCount: 5000, maxDurationInSeconds: 3600, operation: CountOperation
2022-05-13 16:49:37,508 [main] INFO  d.i.mongodb.perf.OperationExecutor - java execution path: /Users/oscarorellana/Desktop/softcorp/doubble/mongodb-performance-test/latest-version/mongodb-performance-test.jar
2022-05-13 16:49:37,702 [pool-2-thread-10] INFO  org.mongodb.driver.connection - Opened connection [connectionId{localValue:6, serverValue:1338}] to 34.89.191.200:27017
2022-05-13 16:49:37,713 [pool-2-thread-5] INFO  org.mongodb.driver.connection - Opened connection [connectionId{localValue:10, serverValue:1337}] to 34.89.191.200:27017
2022-05-13 16:49:37,713 [pool-2-thread-7] INFO  org.mongodb.driver.connection - Opened connection [connectionId{localValue:5, serverValue:1345}] to 34.89.191.200:27017
2022-05-13 16:49:37,713 [pool-2-thread-6] INFO  org.mongodb.driver.connection - Opened connection [connectionId{localValue:7, serverValue:1339}] to 34.89.191.200:27017
2022-05-13 16:49:37,713 [pool-2-thread-9] INFO  org.mongodb.driver.connection - Opened connection [connectionId{localValue:4, serverValue:1341}] to 34.89.191.200:27017
2022-05-13 16:49:37,713 [pool-2-thread-4] INFO  org.mongodb.driver.connection - Opened connection [connectionId{localValue:9, serverValue:1342}] to 34.89.191.200:27017
2022-05-13 16:49:37,713 [pool-2-thread-1] INFO  org.mongodb.driver.connection - Opened connection [connectionId{localValue:3, serverValue:1340}] to 34.89.191.200:27017
2022-05-13 16:49:37,713 [pool-2-thread-3] INFO  org.mongodb.driver.connection - Opened connection [connectionId{localValue:8, serverValue:1344}] to 34.89.191.200:27017
2022-05-13 16:49:37,718 [pool-2-thread-8] INFO  org.mongodb.driver.connection - Opened connection [connectionId{localValue:11, serverValue:1343}] to 34.89.191.200:27017
13.05.2022 16.49.38 ============================================================

-- Timers ----------------------------------------------------------------------
stats-per-second-COUNT_ONE
             count = 259
         mean rate = 255,96 calls/second
     1-minute rate = 0,00 calls/second
     5-minute rate = 0,00 calls/second
    15-minute rate = 0,00 calls/second
               min = 26,13 milliseconds
               max = 235,67 milliseconds
              mean = 38,54 milliseconds
            stddev = 36,32 milliseconds
            median = 31,53 milliseconds
              75% <= 33,47 milliseconds
              95% <= 40,02 milliseconds
              98% <= 229,40 milliseconds
              99% <= 231,75 milliseconds
            99.9% <= 235,67 milliseconds


13.05.2022 16.49.39 ============================================================

-- Timers ----------------------------------------------------------------------
stats-per-second-COUNT_ONE
             count = 558
         mean rate = 277,59 calls/second
     1-minute rate = 0,00 calls/second
     5-minute rate = 0,00 calls/second
    15-minute rate = 0,00 calls/second
               min = 26,71 milliseconds
               max = 57,74 milliseconds
              mean = 33,26 milliseconds
            stddev = 3,81 milliseconds
            median = 32,96 milliseconds
              75% <= 34,92 milliseconds
              95% <= 38,31 milliseconds
              98% <= 39,92 milliseconds
              99% <= 55,74 milliseconds
            99.9% <= 57,74 milliseconds


13.05.2022 16.49.40 ============================================================

-- Timers ----------------------------------------------------------------------
stats-per-second-COUNT_ONE
             count = 864
         mean rate = 286,86 calls/second
     1-minute rate = 0,00 calls/second
     5-minute rate = 0,00 calls/second
    15-minute rate = 0,00 calls/second
               min = 27,74 milliseconds
               max = 42,25 milliseconds
              mean = 32,38 milliseconds
            stddev = 2,51 milliseconds
            median = 32,25 milliseconds
              75% <= 33,87 milliseconds
              95% <= 36,80 milliseconds
              98% <= 38,71 milliseconds
              99% <= 40,29 milliseconds
            99.9% <= 42,25 milliseconds


13.05.2022 16.49.41 ============================================================

-- Timers ----------------------------------------------------------------------
stats-per-second-COUNT_ONE
             count = 1169
         mean rate = 291,33 calls/second
     1-minute rate = 0,00 calls/second
     5-minute rate = 0,00 calls/second
    15-minute rate = 0,00 calls/second
               min = 26,55 milliseconds
               max = 43,19 milliseconds
              mean = 32,78 milliseconds
            stddev = 2,91 milliseconds
            median = 32,24 milliseconds
              75% <= 33,99 milliseconds
              95% <= 38,29 milliseconds
              98% <= 42,73 milliseconds
              99% <= 42,82 milliseconds
            99.9% <= 43,19 milliseconds


13.05.2022 16.49.42 ============================================================

-- Timers ----------------------------------------------------------------------
stats-per-second-COUNT_ONE
             count = 1482
         mean rate = 295,78 calls/second
     1-minute rate = 296,20 calls/second
     5-minute rate = 296,20 calls/second
    15-minute rate = 296,20 calls/second
               min = 24,61 milliseconds
               max = 41,87 milliseconds
              mean = 31,83 milliseconds
            stddev = 3,02 milliseconds
            median = 31,40 milliseconds
              75% <= 33,43 milliseconds
              95% <= 37,62 milliseconds
              98% <= 40,17 milliseconds
              99% <= 40,66 milliseconds
            99.9% <= 41,87 milliseconds


13.05.2022 16.49.43 ============================================================

-- Timers ----------------------------------------------------------------------
stats-per-second-COUNT_ONE
             count = 1795
         mean rate = 298,79 calls/second
     1-minute rate = 296,20 calls/second
     5-minute rate = 296,20 calls/second
    15-minute rate = 296,20 calls/second
               min = 26,09 milliseconds
               max = 38,64 milliseconds
              mean = 32,08 milliseconds
            stddev = 2,37 milliseconds
            median = 32,14 milliseconds
              75% <= 33,58 milliseconds
              95% <= 35,87 milliseconds
              98% <= 37,36 milliseconds
              99% <= 38,11 milliseconds
            99.9% <= 38,64 milliseconds


13.05.2022 16.49.44 ============================================================

-- Timers ----------------------------------------------------------------------
stats-per-second-COUNT_ONE
             count = 2104
         mean rate = 300,08 calls/second
     1-minute rate = 296,20 calls/second
     5-minute rate = 296,20 calls/second
    15-minute rate = 296,20 calls/second
               min = 27,05 milliseconds
               max = 47,01 milliseconds
              mean = 32,15 milliseconds
            stddev = 3,06 milliseconds
            median = 31,68 milliseconds
              75% <= 33,51 milliseconds
              95% <= 37,69 milliseconds
              98% <= 40,01 milliseconds
              99% <= 46,33 milliseconds
            99.9% <= 47,01 milliseconds


13.05.2022 16.49.45 ============================================================

-- Timers ----------------------------------------------------------------------
stats-per-second-COUNT_ONE
             count = 2412
         mean rate = 301,10 calls/second
     1-minute rate = 296,20 calls/second
     5-minute rate = 296,20 calls/second
    15-minute rate = 296,20 calls/second
               min = 27,31 milliseconds
               max = 43,72 milliseconds
              mean = 32,72 milliseconds
            stddev = 3,01 milliseconds
            median = 32,36 milliseconds
              75% <= 34,41 milliseconds
              95% <= 38,67 milliseconds
              98% <= 40,44 milliseconds
              99% <= 41,71 milliseconds
            99.9% <= 43,72 milliseconds


13.05.2022 16.49.46 ============================================================

-- Timers ----------------------------------------------------------------------
stats-per-second-COUNT_ONE
             count = 2713
         mean rate = 301,27 calls/second
     1-minute rate = 296,20 calls/second
     5-minute rate = 296,20 calls/second
    15-minute rate = 296,20 calls/second
               min = 26,07 milliseconds
               max = 41,52 milliseconds
              mean = 33,00 milliseconds
            stddev = 2,86 milliseconds
            median = 32,79 milliseconds
              75% <= 35,01 milliseconds
              95% <= 37,90 milliseconds
              98% <= 39,52 milliseconds
              99% <= 40,33 milliseconds
            99.9% <= 41,52 milliseconds


13.05.2022 16.49.47 ============================================================

-- Timers ----------------------------------------------------------------------
stats-per-second-COUNT_ONE
             count = 3021
         mean rate = 301,74 calls/second
     1-minute rate = 297,08 calls/second
     5-minute rate = 296,38 calls/second
    15-minute rate = 296,26 calls/second
               min = 23,94 milliseconds
               max = 39,60 milliseconds
              mean = 32,54 milliseconds
            stddev = 2,71 milliseconds
            median = 32,16 milliseconds
              75% <= 34,27 milliseconds
              95% <= 38,22 milliseconds
              98% <= 38,87 milliseconds
              99% <= 39,22 milliseconds
            99.9% <= 39,60 milliseconds


13.05.2022 16.49.48 ============================================================

-- Timers ----------------------------------------------------------------------
stats-per-second-COUNT_ONE
             count = 3325
         mean rate = 302,01 calls/second
     1-minute rate = 297,08 calls/second
     5-minute rate = 296,38 calls/second
    15-minute rate = 296,26 calls/second
               min = 27,56 milliseconds
               max = 49,90 milliseconds
              mean = 32,58 milliseconds
            stddev = 3,07 milliseconds
            median = 32,47 milliseconds
              75% <= 34,11 milliseconds
              95% <= 37,61 milliseconds
              98% <= 40,79 milliseconds
              99% <= 45,01 milliseconds
            99.9% <= 49,90 milliseconds


13.05.2022 16.49.49 ============================================================

-- Timers ----------------------------------------------------------------------
stats-per-second-COUNT_ONE
             count = 3640
         mean rate = 303,17 calls/second
     1-minute rate = 297,08 calls/second
     5-minute rate = 296,38 calls/second
    15-minute rate = 296,26 calls/second
               min = 26,16 milliseconds
               max = 40,67 milliseconds
              mean = 31,74 milliseconds
            stddev = 2,61 milliseconds
            median = 31,38 milliseconds
              75% <= 33,19 milliseconds
              95% <= 36,83 milliseconds
              98% <= 38,21 milliseconds
              99% <= 39,65 milliseconds
            99.9% <= 40,67 milliseconds


13.05.2022 16.49.50 ============================================================

-- Timers ----------------------------------------------------------------------
stats-per-second-COUNT_ONE
             count = 3954
         mean rate = 304,00 calls/second
     1-minute rate = 297,08 calls/second
     5-minute rate = 296,38 calls/second
    15-minute rate = 296,26 calls/second
               min = 25,83 milliseconds
               max = 39,69 milliseconds
              mean = 32,34 milliseconds
            stddev = 2,54 milliseconds
            median = 32,01 milliseconds
              75% <= 33,73 milliseconds
              95% <= 37,27 milliseconds
              98% <= 38,59 milliseconds
              99% <= 39,16 milliseconds
            99.9% <= 39,69 milliseconds


13.05.2022 16.49.51 ============================================================

-- Timers ----------------------------------------------------------------------
stats-per-second-COUNT_ONE
             count = 4258
         mean rate = 303,95 calls/second
     1-minute rate = 297,08 calls/second
     5-minute rate = 296,38 calls/second
    15-minute rate = 296,26 calls/second
               min = 27,08 milliseconds
               max = 41,73 milliseconds
              mean = 32,30 milliseconds
            stddev = 2,63 milliseconds
            median = 31,95 milliseconds
              75% <= 33,71 milliseconds
              95% <= 37,65 milliseconds
              98% <= 39,93 milliseconds
              99% <= 41,33 milliseconds
            99.9% <= 41,73 milliseconds


13.05.2022 16.49.52 ============================================================

-- Timers ----------------------------------------------------------------------
stats-per-second-COUNT_ONE
             count = 4570
         mean rate = 304,40 calls/second
     1-minute rate = 298,10 calls/second
     5-minute rate = 296,60 calls/second
    15-minute rate = 296,34 calls/second
               min = 26,73 milliseconds
               max = 46,13 milliseconds
              mean = 32,48 milliseconds
            stddev = 2,96 milliseconds
            median = 31,98 milliseconds
              75% <= 34,01 milliseconds
              95% <= 37,67 milliseconds
              98% <= 40,08 milliseconds
              99% <= 44,63 milliseconds
            99.9% <= 46,13 milliseconds


13.05.2022 16.49.53 ============================================================

-- Timers ----------------------------------------------------------------------
stats-per-second-COUNT_ONE
             count = 4881
         mean rate = 304,96 calls/second
     1-minute rate = 298,10 calls/second
     5-minute rate = 296,60 calls/second
    15-minute rate = 296,34 calls/second
               min = 26,85 milliseconds
               max = 46,35 milliseconds
              mean = 31,95 milliseconds
            stddev = 2,79 milliseconds
            median = 31,49 milliseconds
              75% <= 33,55 milliseconds
              95% <= 37,34 milliseconds
              98% <= 38,79 milliseconds
              99% <= 40,98 milliseconds
            99.9% <= 46,35 milliseconds


2022-05-13 16:49:53,901 [pool-1-thread-1] INFO  d.i.mongodb.perf.OperationExecutor - Done (in time) in 16388 ms 
2022-05-13 16:49:53,905 [pool-1-thread-1] INFO  d.i.mongodb.perf.OperationExecutor - affected documents: 5000
2022-05-13 16:49:53,906 [main] INFO  d.i.mongodb.perf.MongoDbAccessor - >>> closeConnections 34.89.191.200:27017
2022-05-13 16:49:53,908 [pool-1-thread-1] INFO  d.i.mongodb.perf.OperationExecutor - count: 5000
2022-05-13 16:49:53,908 [pool-1-thread-1] INFO  d.i.mongodb.perf.OperationExecutor - FifteenMinuteRate: 296.33595011295415
2022-05-13 16:49:53,908 [pool-1-thread-1] INFO  d.i.mongodb.perf.OperationExecutor - FiveMinuteRate: 296.6035971147618
2022-05-13 16:49:53,908 [pool-1-thread-1] INFO  d.i.mongodb.perf.OperationExecutor - OneMinuteRate: 298.096585548167
2022-05-13 16:49:53,909 [pool-1-thread-1] INFO  d.i.mongodb.perf.OperationExecutor - MeanRate: 304.9323919720412
2022-05-13 16:49:53,912 [pool-1-thread-1] INFO  d.i.mongodb.perf.OperationExecutor - Snapshot 75thPercentile: 33.909167
2022-05-13 16:49:53,913 [pool-1-thread-1] INFO  d.i.mongodb.perf.OperationExecutor - Snapshot 95thPercentile: 37.530958999999996
2022-05-13 16:49:53,913 [pool-1-thread-1] INFO  d.i.mongodb.perf.OperationExecutor - Snapshot 98thPercentile: 39.99225
2022-05-13 16:49:53,913 [pool-1-thread-1] INFO  d.i.mongodb.perf.OperationExecutor - Snapshot 99thPercentile: 42.263875
2022-05-13 16:49:53,913 [pool-1-thread-1] INFO  d.i.mongodb.perf.OperationExecutor - Snapshot 999thPercentile: 229.448625
2022-05-13 16:49:53,913 [pool-1-thread-1] INFO  d.i.mongodb.perf.OperationExecutor - Snapshot Min: 26.07675
2022-05-13 16:49:53,913 [pool-1-thread-1] INFO  d.i.mongodb.perf.OperationExecutor - Snapshot Max: 234.473042
2022-05-13 16:49:53,913 [pool-1-thread-1] INFO  d.i.mongodb.perf.OperationExecutor - Snapshot Mean: 32.8327126034774
2022-05-13 16:49:53,913 [pool-1-thread-1] INFO  d.i.mongodb.perf.OperationExecutor - Snapshot Median: 31.975541
2022-05-13 16:49:53,913 [pool-1-thread-1] INFO  d.i.mongodb.perf.OperationExecutor - Snapshot StdDev: 10.22428218303336
2022-05-13 16:49:53,914 [pool-1-thread-1] INFO  d.i.mongodb.perf.OperationExecutor - Snapshot Size: 1028
13.05.2022 16.49.53 ============================================================

-- Timers ----------------------------------------------------------------------
stats-per-run-COUNT_ONE
             count = 5000
         mean rate = 304,79 calls/second
     1-minute rate = 298,10 calls/second
     5-minute rate = 296,60 calls/second
    15-minute rate = 296,34 calls/second
               min = 26,08 milliseconds
               max = 234,47 milliseconds
              mean = 32,83 milliseconds
            stddev = 10,22 milliseconds
            median = 31,98 milliseconds
              75% <= 33,91 milliseconds
              95% <= 37,53 milliseconds
              98% <= 39,99 milliseconds
              99% <= 42,26 milliseconds
            99.9% <= 229,45 milliseconds


2022-05-13 16:49:53,920 [pool-1-thread-1] INFO  d.i.mongodb.perf.OperationExecutor - stopReporters
2022-05-13 16:49:53,920 [pool-1-thread-1] INFO  d.i.mongodb.perf.OperationExecutor - consoleReporter stopped
2022-05-13 16:49:53,920 [pool-1-thread-1] INFO  d.i.mongodb.perf.OperationExecutor - allConsoleReporter stopped
2022-05-13 16:49:53,920 [pool-1-thread-1] INFO  d.i.mongodb.perf.OperationExecutor - csvReporter stopped
2022-05-13 16:49:53,920 [pool-1-thread-1] INFO  d.i.mongodb.perf.OperationExecutor - If run took more than 1 second, csv-file 'stats-per-second-COUNT_ONE.csv' saved in folder: /Users/oscarorellana/Desktop/softcorp/doubble/mongodb-performance-test/latest-version
2022-05-13 16:49:53,920 [pool-1-thread-1] INFO  d.i.mongodb.perf.OperationExecutor - csvReporterAll stopped
2022-05-13 16:49:53,921 [pool-1-thread-1] INFO  d.i.mongodb.perf.OperationExecutor - Summary of statistics saved in csv-file 'stats-per-run-COUNT_ONE.csv' located in folder: /Users/oscarorellana/Desktop/softcorp/doubble/mongodb-performance-test/latest-version
2022-05-13 16:49:53,937 [main] INFO  org.mongodb.driver.connection - Closed connection [connectionId{localValue:8, serverValue:1344}] to 34.89.191.200:27017 because the pool has been closed.
2022-05-13 16:49:53,938 [main] INFO  org.mongodb.driver.connection - Closed connection [connectionId{localValue:7, serverValue:1339}] to 34.89.191.200:27017 because the pool has been closed.
2022-05-13 16:49:53,938 [main] INFO  org.mongodb.driver.connection - Closed connection [connectionId{localValue:4, serverValue:1341}] to 34.89.191.200:27017 because the pool has been closed.
2022-05-13 16:49:53,938 [main] INFO  org.mongodb.driver.connection - Closed connection [connectionId{localValue:2, serverValue:1336}] to 34.89.191.200:27017 because the pool has been closed.
2022-05-13 16:49:53,938 [main] INFO  org.mongodb.driver.connection - Closed connection [connectionId{localValue:5, serverValue:1345}] to 34.89.191.200:27017 because the pool has been closed.
2022-05-13 16:49:53,938 [main] INFO  org.mongodb.driver.connection - Closed connection [connectionId{localValue:6, serverValue:1338}] to 34.89.191.200:27017 because the pool has been closed.
2022-05-13 16:49:53,938 [main] INFO  org.mongodb.driver.connection - Closed connection [connectionId{localValue:9, serverValue:1342}] to 34.89.191.200:27017 because the pool has been closed.
2022-05-13 16:49:53,939 [main] INFO  org.mongodb.driver.connection - Closed connection [connectionId{localValue:11, serverValue:1343}] to 34.89.191.200:27017 because the pool has been closed.
2022-05-13 16:49:53,939 [main] INFO  org.mongodb.driver.connection - Closed connection [connectionId{localValue:10, serverValue:1337}] to 34.89.191.200:27017 because the pool has been closed.
2022-05-13 16:49:53,939 [main] INFO  org.mongodb.driver.connection - Closed connection [connectionId{localValue:3, serverValue:1340}] to 34.89.191.200:27017 because the pool has been closed.
2022-05-13 16:49:53,939 [main] INFO  d.i.mongodb.perf.MongoDbAccessor - <<< closeConnections 34.89.191.200:27017
