2022-05-13 16:50:28,193 [main] INFO  d.i.mongodb.perf.MongoDbAccessor - >>> init 34.89.191.200:27017
2022-05-13 16:50:28,287 [main] INFO  org.mongodb.driver.cluster - Cluster created with settings {hosts=[34.89.191.200:27017], mode=SINGLE, requiredClusterType=UNKNOWN, serverSelectionTimeout='30000 ms', maxWaitQueueSize=50000}
2022-05-13 16:50:28,298 [main] INFO  d.i.mongodb.perf.MongoDbAccessor - <<< init
2022-05-13 16:50:28,305 [main] INFO  org.mongodb.driver.cluster - Cluster description not yet available. Waiting for 30000 ms before timing out
2022-05-13 16:50:28,401 [cluster-ClusterId{value='627e70347e88b458e10f6357', description='null'}-34.89.191.200:27017] INFO  org.mongodb.driver.connection - Opened connection [connectionId{localValue:1, serverValue:1392}] to 34.89.191.200:27017
2022-05-13 16:50:28,431 [cluster-ClusterId{value='627e70347e88b458e10f6357', description='null'}-34.89.191.200:27017] INFO  org.mongodb.driver.cluster - Monitor thread successfully connected to server with description ServerDescription{address=34.89.191.200:27017, type=REPLICA_SET_PRIMARY, state=CONNECTED, ok=true, version=ServerVersion{versionList=[5, 0, 8]}, minWireVersion=0, maxWireVersion=13, maxDocumentSize=16777216, logicalSessionTimeoutMinutes=30, roundTripTimeNanos=28720958, setName='rs0', canonicalAddress=mongodb-0.mongodb-headless.mongodb-fast-repl.svc.cluster.local:27017, hosts=[mongodb-5.mongodb-headless.mongodb-fast-repl.svc.cluster.local:27017, mongodb-2.mongodb-headless.mongodb-fast-repl.svc.cluster.local:27017, mongodb-1.mongodb-headless.mongodb-fast-repl.svc.cluster.local:27017, mongodb-0.mongodb-headless.mongodb-fast-repl.svc.cluster.local:27017, mongodb-3.mongodb-headless.mongodb-fast-repl.svc.cluster.local:27017, mongodb-4.mongodb-headless.mongodb-fast-repl.svc.cluster.local:27017], passives=[mongodb-6.mongodb-headless.mongodb-fast-repl.svc.cluster.local:27017], arbiters=[mongodb-arbiter-0.mongodb-arbiter-headless.mongodb-fast-repl.svc.cluster.local:27017], primary='mongodb-0.mongodb-headless.mongodb-fast-repl.svc.cluster.local:27017', tagSet=TagSet{[]}, electionId=7fffffff0000000000000002, setVersion=18, lastWriteDate=Fri May 13 16:50:20 CEST 2022, lastUpdateTimeNanos=357773310722625}
2022-05-13 16:50:28,644 [main] INFO  org.mongodb.driver.connection - Opened connection [connectionId{localValue:2, serverValue:1393}] to 34.89.191.200:27017
2022-05-13 16:50:28,741 [main] INFO  d.i.mongodb.perf.OperationExecutor - >>> OperationExecutor threadCount: 10, opsCount: 5000, maxDurationInSeconds: 3600, operation: IterateOperation
2022-05-13 16:50:28,742 [main] INFO  d.i.mongodb.perf.OperationExecutor - java execution path: /Users/oscarorellana/Desktop/softcorp/doubble/mongodb-performance-test/latest-version/mongodb-performance-test.jar
2022-05-13 16:50:28,924 [pool-2-thread-2] INFO  org.mongodb.driver.connection - Opened connection [connectionId{localValue:8, serverValue:1400}] to 34.89.191.200:27017
2022-05-13 16:50:28,931 [pool-2-thread-5] INFO  org.mongodb.driver.connection - Opened connection [connectionId{localValue:5, serverValue:1397}] to 34.89.191.200:27017
2022-05-13 16:50:28,935 [pool-2-thread-10] INFO  org.mongodb.driver.connection - Opened connection [connectionId{localValue:7, serverValue:1395}] to 34.89.191.200:27017
2022-05-13 16:50:28,938 [pool-2-thread-4] INFO  org.mongodb.driver.connection - Opened connection [connectionId{localValue:6, serverValue:1394}] to 34.89.191.200:27017
2022-05-13 16:50:28,938 [pool-2-thread-8] INFO  org.mongodb.driver.connection - Opened connection [connectionId{localValue:10, serverValue:1401}] to 34.89.191.200:27017
2022-05-13 16:50:28,938 [pool-2-thread-3] INFO  org.mongodb.driver.connection - Opened connection [connectionId{localValue:4, serverValue:1398}] to 34.89.191.200:27017
2022-05-13 16:50:28,938 [pool-2-thread-1] INFO  org.mongodb.driver.connection - Opened connection [connectionId{localValue:11, serverValue:1399}] to 34.89.191.200:27017
2022-05-13 16:50:28,939 [pool-2-thread-9] INFO  org.mongodb.driver.connection - Opened connection [connectionId{localValue:3, serverValue:1396}] to 34.89.191.200:27017
2022-05-13 16:50:28,939 [pool-2-thread-6] INFO  org.mongodb.driver.connection - Opened connection [connectionId{localValue:9, serverValue:1402}] to 34.89.191.200:27017
13.05.2022 16.50.29 ============================================================

-- Timers ----------------------------------------------------------------------
stats-per-second-ITERATE_MANY
             count = 262
         mean rate = 259,89 calls/second
     1-minute rate = 0,00 calls/second
     5-minute rate = 0,00 calls/second
    15-minute rate = 0,00 calls/second
               min = 26,17 milliseconds
               max = 225,88 milliseconds
              mean = 37,62 milliseconds
            stddev = 34,71 milliseconds
            median = 30,87 milliseconds
              75% <= 32,92 milliseconds
              95% <= 37,37 milliseconds
              98% <= 223,75 milliseconds
              99% <= 225,65 milliseconds
            99.9% <= 225,88 milliseconds


13.05.2022 16.50.30 ============================================================

-- Timers ----------------------------------------------------------------------
stats-per-second-ITERATE_MANY
             count = 583
         mean rate = 289,75 calls/second
     1-minute rate = 0,00 calls/second
     5-minute rate = 0,00 calls/second
    15-minute rate = 0,00 calls/second
               min = 27,58 milliseconds
               max = 39,49 milliseconds
              mean = 31,38 milliseconds
            stddev = 2,32 milliseconds
            median = 31,13 milliseconds
              75% <= 32,71 milliseconds
              95% <= 35,88 milliseconds
              98% <= 37,23 milliseconds
              99% <= 37,93 milliseconds
            99.9% <= 39,49 milliseconds


13.05.2022 16.50.31 ============================================================

-- Timers ----------------------------------------------------------------------
stats-per-second-ITERATE_MANY
             count = 890
         mean rate = 295,90 calls/second
     1-minute rate = 0,00 calls/second
     5-minute rate = 0,00 calls/second
    15-minute rate = 0,00 calls/second
               min = 27,51 milliseconds
               max = 41,35 milliseconds
              mean = 32,20 milliseconds
            stddev = 2,78 milliseconds
            median = 31,88 milliseconds
              75% <= 33,90 milliseconds
              95% <= 37,08 milliseconds
              98% <= 39,50 milliseconds
              99% <= 40,57 milliseconds
            99.9% <= 41,35 milliseconds


13.05.2022 16.50.32 ============================================================

-- Timers ----------------------------------------------------------------------
stats-per-second-ITERATE_MANY
             count = 1209
         mean rate = 301,59 calls/second
     1-minute rate = 0,00 calls/second
     5-minute rate = 0,00 calls/second
    15-minute rate = 0,00 calls/second
               min = 27,23 milliseconds
               max = 41,22 milliseconds
              mean = 31,40 milliseconds
            stddev = 2,47 milliseconds
            median = 30,89 milliseconds
              75% <= 32,75 milliseconds
              95% <= 36,11 milliseconds
              98% <= 37,84 milliseconds
              99% <= 39,46 milliseconds
            99.9% <= 41,22 milliseconds


13.05.2022 16.50.33 ============================================================

-- Timers ----------------------------------------------------------------------
stats-per-second-ITERATE_MANY
             count = 1511
         mean rate = 301,98 calls/second
     1-minute rate = 301,40 calls/second
     5-minute rate = 301,40 calls/second
    15-minute rate = 301,40 calls/second
               min = 27,91 milliseconds
               max = 62,20 milliseconds
              mean = 33,19 milliseconds
            stddev = 4,91 milliseconds
            median = 32,43 milliseconds
              75% <= 34,31 milliseconds
              95% <= 40,10 milliseconds
              98% <= 54,27 milliseconds
              99% <= 60,82 milliseconds
            99.9% <= 62,20 milliseconds


13.05.2022 16.50.34 ============================================================

-- Timers ----------------------------------------------------------------------
stats-per-second-ITERATE_MANY
             count = 1826
         mean rate = 304,04 calls/second
     1-minute rate = 301,40 calls/second
     5-minute rate = 301,40 calls/second
    15-minute rate = 301,40 calls/second
               min = 27,18 milliseconds
               max = 40,31 milliseconds
              mean = 31,68 milliseconds
            stddev = 2,61 milliseconds
            median = 31,22 milliseconds
              75% <= 33,19 milliseconds
              95% <= 37,12 milliseconds
              98% <= 38,32 milliseconds
              99% <= 38,54 milliseconds
            99.9% <= 40,31 milliseconds


13.05.2022 16.50.35 ============================================================

-- Timers ----------------------------------------------------------------------
stats-per-second-ITERATE_MANY
             count = 2135
         mean rate = 304,59 calls/second
     1-minute rate = 301,40 calls/second
     5-minute rate = 301,40 calls/second
    15-minute rate = 301,40 calls/second
               min = 27,69 milliseconds
               max = 40,86 milliseconds
              mean = 32,35 milliseconds
            stddev = 2,53 milliseconds
            median = 32,25 milliseconds
              75% <= 34,07 milliseconds
              95% <= 36,73 milliseconds
              98% <= 37,54 milliseconds
              99% <= 38,36 milliseconds
            99.9% <= 40,86 milliseconds


13.05.2022 16.50.36 ============================================================

-- Timers ----------------------------------------------------------------------
stats-per-second-ITERATE_MANY
             count = 2436
         mean rate = 304,19 calls/second
     1-minute rate = 301,40 calls/second
     5-minute rate = 301,40 calls/second
    15-minute rate = 301,40 calls/second
               min = 23,05 milliseconds
               max = 49,37 milliseconds
              mean = 32,93 milliseconds
            stddev = 3,17 milliseconds
            median = 32,56 milliseconds
              75% <= 34,47 milliseconds
              95% <= 38,66 milliseconds
              98% <= 42,36 milliseconds
              99% <= 42,56 milliseconds
            99.9% <= 49,37 milliseconds


13.05.2022 16.50.37 ============================================================

-- Timers ----------------------------------------------------------------------
stats-per-second-ITERATE_MANY
             count = 2746
         mean rate = 305,01 calls/second
     1-minute rate = 301,40 calls/second
     5-minute rate = 301,40 calls/second
    15-minute rate = 301,40 calls/second
               min = 27,71 milliseconds
               max = 41,52 milliseconds
              mean = 32,33 milliseconds
            stddev = 2,59 milliseconds
            median = 32,19 milliseconds
              75% <= 33,68 milliseconds
              95% <= 37,93 milliseconds
              98% <= 38,64 milliseconds
              99% <= 39,60 milliseconds
            99.9% <= 41,52 milliseconds


13.05.2022 16.50.38 ============================================================

-- Timers ----------------------------------------------------------------------
stats-per-second-ITERATE_MANY
             count = 3065
         mean rate = 306,22 calls/second
     1-minute rate = 302,15 calls/second
     5-minute rate = 301,56 calls/second
    15-minute rate = 301,45 calls/second
               min = 26,15 milliseconds
               max = 41,19 milliseconds
              mean = 31,58 milliseconds
            stddev = 2,65 milliseconds
            median = 31,10 milliseconds
              75% <= 32,94 milliseconds
              95% <= 36,75 milliseconds
              98% <= 38,54 milliseconds
              99% <= 40,01 milliseconds
            99.9% <= 41,19 milliseconds


13.05.2022 16.50.39 ============================================================

-- Timers ----------------------------------------------------------------------
stats-per-second-ITERATE_MANY
             count = 3370
         mean rate = 306,12 calls/second
     1-minute rate = 302,15 calls/second
     5-minute rate = 301,56 calls/second
    15-minute rate = 301,45 calls/second
               min = 27,31 milliseconds
               max = 42,17 milliseconds
              mean = 32,87 milliseconds
            stddev = 3,03 milliseconds
            median = 32,63 milliseconds
              75% <= 34,87 milliseconds
              95% <= 38,31 milliseconds
              98% <= 40,33 milliseconds
              99% <= 41,00 milliseconds
            99.9% <= 42,17 milliseconds


13.05.2022 16.50.40 ============================================================

-- Timers ----------------------------------------------------------------------
stats-per-second-ITERATE_MANY
             count = 3677
         mean rate = 306,19 calls/second
     1-minute rate = 302,15 calls/second
     5-minute rate = 301,56 calls/second
    15-minute rate = 301,45 calls/second
               min = 27,56 milliseconds
               max = 49,55 milliseconds
              mean = 32,41 milliseconds
            stddev = 2,99 milliseconds
            median = 32,14 milliseconds
              75% <= 33,98 milliseconds
              95% <= 37,36 milliseconds
              98% <= 41,63 milliseconds
              99% <= 43,55 milliseconds
            99.9% <= 49,55 milliseconds


13.05.2022 16.50.41 ============================================================

-- Timers ----------------------------------------------------------------------
stats-per-second-ITERATE_MANY
             count = 3955
         mean rate = 304,05 calls/second
     1-minute rate = 302,15 calls/second
     5-minute rate = 301,56 calls/second
    15-minute rate = 301,45 calls/second
               min = 28,21 milliseconds
               max = 85,14 milliseconds
              mean = 35,76 milliseconds
            stddev = 8,68 milliseconds
            median = 34,07 milliseconds
              75% <= 36,98 milliseconds
              95% <= 43,76 milliseconds
              98% <= 81,26 milliseconds
              99% <= 83,18 milliseconds
            99.9% <= 85,14 milliseconds


13.05.2022 16.50.42 ============================================================

-- Timers ----------------------------------------------------------------------
stats-per-second-ITERATE_MANY
             count = 4189
         mean rate = 298,98 calls/second
     1-minute rate = 302,15 calls/second
     5-minute rate = 301,56 calls/second
    15-minute rate = 301,45 calls/second
               min = 26,82 milliseconds
               max = 172,07 milliseconds
              mean = 42,32 milliseconds
            stddev = 26,45 milliseconds
            median = 34,79 milliseconds
              75% <= 39,01 milliseconds
              95% <= 79,21 milliseconds
              98% <= 161,27 milliseconds
              99% <= 166,65 milliseconds
            99.9% <= 172,07 milliseconds


13.05.2022 16.50.43 ============================================================

-- Timers ----------------------------------------------------------------------
stats-per-second-ITERATE_MANY
             count = 4481
         mean rate = 298,61 calls/second
     1-minute rate = 300,70 calls/second
     5-minute rate = 301,27 calls/second
    15-minute rate = 301,36 calls/second
               min = 26,00 milliseconds
               max = 69,30 milliseconds
              mean = 34,47 milliseconds
            stddev = 5,24 milliseconds
            median = 33,46 milliseconds
              75% <= 35,64 milliseconds
              95% <= 42,96 milliseconds
              98% <= 49,68 milliseconds
              99% <= 62,89 milliseconds
            99.9% <= 69,30 milliseconds


13.05.2022 16.50.44 ============================================================

-- Timers ----------------------------------------------------------------------
stats-per-second-ITERATE_MANY
             count = 4745
         mean rate = 296,39 calls/second
     1-minute rate = 300,70 calls/second
     5-minute rate = 301,27 calls/second
    15-minute rate = 301,36 calls/second
               min = 27,30 milliseconds
               max = 70,54 milliseconds
              mean = 36,10 milliseconds
            stddev = 7,70 milliseconds
            median = 34,62 milliseconds
              75% <= 37,00 milliseconds
              95% <= 52,56 milliseconds
              98% <= 67,94 milliseconds
              99% <= 70,18 milliseconds
            99.9% <= 70,54 milliseconds


2022-05-13 16:50:45,602 [pool-1-thread-1] INFO  d.i.mongodb.perf.OperationExecutor - Done (in time) in 16856 ms 
2022-05-13 16:50:45,604 [main] INFO  d.i.mongodb.perf.MongoDbAccessor - >>> closeConnections 34.89.191.200:27017
2022-05-13 16:50:45,603 [pool-1-thread-1] INFO  d.i.mongodb.perf.OperationExecutor - affected documents: 54828
2022-05-13 16:50:45,605 [pool-1-thread-1] INFO  d.i.mongodb.perf.OperationExecutor - count: 5000
2022-05-13 16:50:45,605 [pool-1-thread-1] INFO  d.i.mongodb.perf.OperationExecutor - FifteenMinuteRate: 301.35539026716833
2022-05-13 16:50:45,605 [pool-1-thread-1] INFO  d.i.mongodb.perf.OperationExecutor - FiveMinuteRate: 301.26520361788846
2022-05-13 16:50:45,605 [pool-1-thread-1] INFO  d.i.mongodb.perf.OperationExecutor - OneMinuteRate: 300.7002620980941
2022-05-13 16:50:45,605 [pool-1-thread-1] INFO  d.i.mongodb.perf.OperationExecutor - MeanRate: 296.5417772522305
2022-05-13 16:50:45,609 [pool-1-thread-1] INFO  d.i.mongodb.perf.OperationExecutor - Snapshot 75thPercentile: 34.589917
2022-05-13 16:50:45,610 [pool-1-thread-1] INFO  d.i.mongodb.perf.OperationExecutor - Snapshot 95thPercentile: 39.264041999999996
2022-05-13 16:50:45,610 [pool-1-thread-1] INFO  d.i.mongodb.perf.OperationExecutor - Snapshot 98thPercentile: 43.708915999999995
2022-05-13 16:50:45,610 [pool-1-thread-1] INFO  d.i.mongodb.perf.OperationExecutor - Snapshot 99thPercentile: 58.212792
2022-05-13 16:50:45,610 [pool-1-thread-1] INFO  d.i.mongodb.perf.OperationExecutor - Snapshot 999thPercentile: 216.672
2022-05-13 16:50:45,611 [pool-1-thread-1] INFO  d.i.mongodb.perf.OperationExecutor - Snapshot Min: 26.014
2022-05-13 16:50:45,611 [pool-1-thread-1] INFO  d.i.mongodb.perf.OperationExecutor - Snapshot Max: 225.88929199999998
2022-05-13 16:50:45,611 [pool-1-thread-1] INFO  d.i.mongodb.perf.OperationExecutor - Snapshot Mean: 33.60587137473496
2022-05-13 16:50:45,611 [pool-1-thread-1] INFO  d.i.mongodb.perf.OperationExecutor - Snapshot Median: 32.405208
2022-05-13 16:50:45,611 [pool-1-thread-1] INFO  d.i.mongodb.perf.OperationExecutor - Snapshot StdDev: 10.648201571332374
2022-05-13 16:50:45,611 [pool-1-thread-1] INFO  d.i.mongodb.perf.OperationExecutor - Snapshot Size: 1028
13.05.2022 16.50.45 ============================================================

-- Timers ----------------------------------------------------------------------
stats-per-run-ITERATE_MANY
             count = 5000
         mean rate = 296,42 calls/second
     1-minute rate = 300,70 calls/second
     5-minute rate = 301,27 calls/second
    15-minute rate = 301,36 calls/second
               min = 26,01 milliseconds
               max = 225,89 milliseconds
              mean = 33,61 milliseconds
            stddev = 10,65 milliseconds
            median = 32,41 milliseconds
              75% <= 34,59 milliseconds
              95% <= 39,26 milliseconds
              98% <= 43,71 milliseconds
              99% <= 58,21 milliseconds
            99.9% <= 216,67 milliseconds


2022-05-13 16:50:45,614 [pool-1-thread-1] INFO  d.i.mongodb.perf.OperationExecutor - stopReporters
2022-05-13 16:50:45,614 [pool-1-thread-1] INFO  d.i.mongodb.perf.OperationExecutor - consoleReporter stopped
2022-05-13 16:50:45,614 [pool-1-thread-1] INFO  d.i.mongodb.perf.OperationExecutor - allConsoleReporter stopped
2022-05-13 16:50:45,614 [pool-1-thread-1] INFO  d.i.mongodb.perf.OperationExecutor - csvReporter stopped
2022-05-13 16:50:45,614 [pool-1-thread-1] INFO  d.i.mongodb.perf.OperationExecutor - If run took more than 1 second, csv-file 'stats-per-second-ITERATE_MANY.csv' saved in folder: /Users/oscarorellana/Desktop/softcorp/doubble/mongodb-performance-test/latest-version
2022-05-13 16:50:45,614 [pool-1-thread-1] INFO  d.i.mongodb.perf.OperationExecutor - csvReporterAll stopped
2022-05-13 16:50:45,614 [pool-1-thread-1] INFO  d.i.mongodb.perf.OperationExecutor - Summary of statistics saved in csv-file 'stats-per-run-ITERATE_MANY.csv' located in folder: /Users/oscarorellana/Desktop/softcorp/doubble/mongodb-performance-test/latest-version
2022-05-13 16:50:45,634 [main] INFO  org.mongodb.driver.connection - Closed connection [connectionId{localValue:5, serverValue:1397}] to 34.89.191.200:27017 because the pool has been closed.
2022-05-13 16:50:45,635 [main] INFO  org.mongodb.driver.connection - Closed connection [connectionId{localValue:7, serverValue:1395}] to 34.89.191.200:27017 because the pool has been closed.
2022-05-13 16:50:45,635 [main] INFO  org.mongodb.driver.connection - Closed connection [connectionId{localValue:3, serverValue:1396}] to 34.89.191.200:27017 because the pool has been closed.
2022-05-13 16:50:45,635 [main] INFO  org.mongodb.driver.connection - Closed connection [connectionId{localValue:2, serverValue:1393}] to 34.89.191.200:27017 because the pool has been closed.
2022-05-13 16:50:45,635 [main] INFO  org.mongodb.driver.connection - Closed connection [connectionId{localValue:8, serverValue:1400}] to 34.89.191.200:27017 because the pool has been closed.
2022-05-13 16:50:45,636 [main] INFO  org.mongodb.driver.connection - Closed connection [connectionId{localValue:9, serverValue:1402}] to 34.89.191.200:27017 because the pool has been closed.
2022-05-13 16:50:45,636 [main] INFO  org.mongodb.driver.connection - Closed connection [connectionId{localValue:4, serverValue:1398}] to 34.89.191.200:27017 because the pool has been closed.
2022-05-13 16:50:45,636 [main] INFO  org.mongodb.driver.connection - Closed connection [connectionId{localValue:10, serverValue:1401}] to 34.89.191.200:27017 because the pool has been closed.
2022-05-13 16:50:45,636 [main] INFO  org.mongodb.driver.connection - Closed connection [connectionId{localValue:11, serverValue:1399}] to 34.89.191.200:27017 because the pool has been closed.
2022-05-13 16:50:45,636 [main] INFO  org.mongodb.driver.connection - Closed connection [connectionId{localValue:6, serverValue:1394}] to 34.89.191.200:27017 because the pool has been closed.
2022-05-13 16:50:45,636 [main] INFO  d.i.mongodb.perf.MongoDbAccessor - <<< closeConnections 34.89.191.200:27017
