2022-05-13 16:55:35,830 [main] INFO  d.i.mongodb.perf.MongoDbAccessor - >>> init 34.89.191.200:27017
2022-05-13 16:55:35,919 [main] INFO  org.mongodb.driver.cluster - Cluster created with settings {hosts=[34.89.191.200:27017], mode=SINGLE, requiredClusterType=UNKNOWN, serverSelectionTimeout='30000 ms', maxWaitQueueSize=50000}
2022-05-13 16:55:35,929 [main] INFO  d.i.mongodb.perf.MongoDbAccessor - <<< init
2022-05-13 16:55:35,936 [main] INFO  org.mongodb.driver.cluster - Cluster description not yet available. Waiting for 30000 ms before timing out
2022-05-13 16:55:36,039 [cluster-ClusterId{value='627e7167ef548d5282629dd2', description='null'}-34.89.191.200:27017] INFO  org.mongodb.driver.connection - Opened connection [connectionId{localValue:1, serverValue:1614}] to 34.89.191.200:27017
2022-05-13 16:55:36,073 [cluster-ClusterId{value='627e7167ef548d5282629dd2', description='null'}-34.89.191.200:27017] INFO  org.mongodb.driver.cluster - Monitor thread successfully connected to server with description ServerDescription{address=34.89.191.200:27017, type=REPLICA_SET_PRIMARY, state=CONNECTED, ok=true, version=ServerVersion{versionList=[5, 0, 8]}, minWireVersion=0, maxWireVersion=13, maxDocumentSize=16777216, logicalSessionTimeoutMinutes=30, roundTripTimeNanos=32827917, setName='rs0', canonicalAddress=mongodb-0.mongodb-headless.mongodb-fast-repl.svc.cluster.local:27017, hosts=[mongodb-5.mongodb-headless.mongodb-fast-repl.svc.cluster.local:27017, mongodb-2.mongodb-headless.mongodb-fast-repl.svc.cluster.local:27017, mongodb-1.mongodb-headless.mongodb-fast-repl.svc.cluster.local:27017, mongodb-0.mongodb-headless.mongodb-fast-repl.svc.cluster.local:27017, mongodb-3.mongodb-headless.mongodb-fast-repl.svc.cluster.local:27017, mongodb-4.mongodb-headless.mongodb-fast-repl.svc.cluster.local:27017], passives=[mongodb-6.mongodb-headless.mongodb-fast-repl.svc.cluster.local:27017], arbiters=[mongodb-arbiter-0.mongodb-arbiter-headless.mongodb-fast-repl.svc.cluster.local:27017], primary='mongodb-0.mongodb-headless.mongodb-fast-repl.svc.cluster.local:27017', tagSet=TagSet{[]}, electionId=7fffffff0000000000000002, setVersion=18, lastWriteDate=Fri May 13 16:55:30 CEST 2022, lastUpdateTimeNanos=358080951990625}
2022-05-13 16:55:36,316 [main] INFO  org.mongodb.driver.connection - Opened connection [connectionId{localValue:2, serverValue:1615}] to 34.89.191.200:27017
2022-05-13 16:55:36,424 [main] INFO  d.i.mongodb.perf.OperationExecutor - >>> OperationExecutor threadCount: 10, opsCount: 20000, maxDurationInSeconds: 3600, operation: CountOperation
2022-05-13 16:55:36,424 [main] INFO  d.i.mongodb.perf.OperationExecutor - java execution path: /Users/oscarorellana/Desktop/softcorp/doubble/mongodb-performance-test/latest-version/mongodb-performance-test.jar
2022-05-13 16:55:36,614 [pool-2-thread-8] INFO  org.mongodb.driver.connection - Opened connection [connectionId{localValue:7, serverValue:1616}] to 34.89.191.200:27017
2022-05-13 16:55:36,624 [pool-2-thread-3] INFO  org.mongodb.driver.connection - Opened connection [connectionId{localValue:3, serverValue:1622}] to 34.89.191.200:27017
2022-05-13 16:55:36,624 [pool-2-thread-4] INFO  org.mongodb.driver.connection - Opened connection [connectionId{localValue:8, serverValue:1623}] to 34.89.191.200:27017
2022-05-13 16:55:36,624 [pool-2-thread-2] INFO  org.mongodb.driver.connection - Opened connection [connectionId{localValue:4, serverValue:1619}] to 34.89.191.200:27017
2022-05-13 16:55:36,625 [pool-2-thread-9] INFO  org.mongodb.driver.connection - Opened connection [connectionId{localValue:9, serverValue:1620}] to 34.89.191.200:27017
2022-05-13 16:55:36,625 [pool-2-thread-7] INFO  org.mongodb.driver.connection - Opened connection [connectionId{localValue:11, serverValue:1621}] to 34.89.191.200:27017
2022-05-13 16:55:36,625 [pool-2-thread-10] INFO  org.mongodb.driver.connection - Opened connection [connectionId{localValue:5, serverValue:1618}] to 34.89.191.200:27017
2022-05-13 16:55:36,625 [pool-2-thread-1] INFO  org.mongodb.driver.connection - Opened connection [connectionId{localValue:10, serverValue:1617}] to 34.89.191.200:27017
2022-05-13 16:55:36,628 [pool-2-thread-6] INFO  org.mongodb.driver.connection - Opened connection [connectionId{localValue:6, serverValue:1624}] to 34.89.191.200:27017
13.05.2022 16.55.37 ============================================================

-- Timers ----------------------------------------------------------------------
stats-per-second-COUNT_ONE
             count = 251
         mean rate = 248,49 calls/second
     1-minute rate = 0,00 calls/second
     5-minute rate = 0,00 calls/second
    15-minute rate = 0,00 calls/second
               min = 27,15 milliseconds
               max = 226,97 milliseconds
              mean = 39,19 milliseconds
            stddev = 35,83 milliseconds
            median = 32,04 milliseconds
              75% <= 34,45 milliseconds
              95% <= 40,36 milliseconds
              98% <= 226,69 milliseconds
              99% <= 226,91 milliseconds
            99.9% <= 226,97 milliseconds


13.05.2022 16.55.38 ============================================================

-- Timers ----------------------------------------------------------------------
stats-per-second-COUNT_ONE
             count = 560
         mean rate = 279,23 calls/second
     1-minute rate = 0,00 calls/second
     5-minute rate = 0,00 calls/second
    15-minute rate = 0,00 calls/second
               min = 27,19 milliseconds
               max = 41,86 milliseconds
              mean = 32,46 milliseconds
            stddev = 2,74 milliseconds
            median = 32,11 milliseconds
              75% <= 34,20 milliseconds
              95% <= 37,38 milliseconds
              98% <= 39,51 milliseconds
              99% <= 41,13 milliseconds
            99.9% <= 41,86 milliseconds


13.05.2022 16.55.39 ============================================================

-- Timers ----------------------------------------------------------------------
stats-per-second-COUNT_ONE
             count = 867
         mean rate = 287,52 calls/second
     1-minute rate = 0,00 calls/second
     5-minute rate = 0,00 calls/second
    15-minute rate = 0,00 calls/second
               min = 24,20 milliseconds
               max = 51,47 milliseconds
              mean = 33,06 milliseconds
            stddev = 3,89 milliseconds
            median = 32,47 milliseconds
              75% <= 34,57 milliseconds
              95% <= 41,07 milliseconds
              98% <= 42,97 milliseconds
              99% <= 45,19 milliseconds
            99.9% <= 51,47 milliseconds


13.05.2022 16.55.40 ============================================================

-- Timers ----------------------------------------------------------------------
stats-per-second-COUNT_ONE
             count = 1171
         mean rate = 292,79 calls/second
     1-minute rate = 0,00 calls/second
     5-minute rate = 0,00 calls/second
    15-minute rate = 0,00 calls/second
               min = 26,42 milliseconds
               max = 47,53 milliseconds
              mean = 32,33 milliseconds
            stddev = 3,22 milliseconds
            median = 31,59 milliseconds
              75% <= 33,99 milliseconds
              95% <= 38,34 milliseconds
              98% <= 41,30 milliseconds
              99% <= 42,43 milliseconds
            99.9% <= 47,53 milliseconds


13.05.2022 16.55.41 ============================================================

-- Timers ----------------------------------------------------------------------
stats-per-second-COUNT_ONE
             count = 1476
         mean rate = 294,82 calls/second
     1-minute rate = 294,40 calls/second
     5-minute rate = 294,80 calls/second
    15-minute rate = 294,80 calls/second
               min = 27,01 milliseconds
               max = 48,90 milliseconds
              mean = 32,92 milliseconds
            stddev = 3,21 milliseconds
            median = 32,45 milliseconds
              75% <= 34,60 milliseconds
              95% <= 38,10 milliseconds
              98% <= 39,68 milliseconds
              99% <= 44,95 milliseconds
            99.9% <= 48,90 milliseconds


13.05.2022 16.55.42 ============================================================

-- Timers ----------------------------------------------------------------------
stats-per-second-COUNT_ONE
             count = 1730
         mean rate = 287,44 calls/second
     1-minute rate = 294,40 calls/second
     5-minute rate = 294,80 calls/second
    15-minute rate = 294,80 calls/second
               min = 27,42 milliseconds
               max = 104,78 milliseconds
              mean = 38,89 milliseconds
            stddev = 14,86 milliseconds
            median = 33,85 milliseconds
              75% <= 37,94 milliseconds
              95% <= 82,52 milliseconds
              98% <= 85,80 milliseconds
              99% <= 97,10 milliseconds
            99.9% <= 104,78 milliseconds


13.05.2022 16.55.43 ============================================================

-- Timers ----------------------------------------------------------------------
stats-per-second-COUNT_ONE
             count = 1978
         mean rate = 282,12 calls/second
     1-minute rate = 294,40 calls/second
     5-minute rate = 294,80 calls/second
    15-minute rate = 294,80 calls/second
               min = 26,62 milliseconds
               max = 104,59 milliseconds
              mean = 40,43 milliseconds
            stddev = 17,94 milliseconds
            median = 33,28 milliseconds
              75% <= 37,87 milliseconds
              95% <= 80,85 milliseconds
              98% <= 94,96 milliseconds
              99% <= 103,84 milliseconds
            99.9% <= 104,59 milliseconds


13.05.2022 16.55.44 ============================================================

-- Timers ----------------------------------------------------------------------
stats-per-second-COUNT_ONE
             count = 2284
         mean rate = 285,13 calls/second
     1-minute rate = 294,40 calls/second
     5-minute rate = 294,80 calls/second
    15-minute rate = 294,80 calls/second
               min = 27,28 milliseconds
               max = 41,46 milliseconds
              mean = 32,83 milliseconds
            stddev = 2,85 milliseconds
            median = 32,60 milliseconds
              75% <= 34,72 milliseconds
              95% <= 37,51 milliseconds
              98% <= 38,76 milliseconds
              99% <= 39,52 milliseconds
            99.9% <= 41,46 milliseconds


13.05.2022 16.55.45 ============================================================

-- Timers ----------------------------------------------------------------------
stats-per-second-COUNT_ONE
             count = 2592
         mean rate = 287,41 calls/second
     1-minute rate = 294,40 calls/second
     5-minute rate = 294,80 calls/second
    15-minute rate = 294,80 calls/second
               min = 27,22 milliseconds
               max = 52,95 milliseconds
              mean = 33,23 milliseconds
            stddev = 3,95 milliseconds
            median = 32,60 milliseconds
              75% <= 34,74 milliseconds
              95% <= 40,83 milliseconds
              98% <= 43,89 milliseconds
              99% <= 50,18 milliseconds
            99.9% <= 52,95 milliseconds


13.05.2022 16.55.46 ============================================================

-- Timers ----------------------------------------------------------------------
stats-per-second-COUNT_ONE
             count = 2894
         mean rate = 289,16 calls/second
     1-minute rate = 293,50 calls/second
     5-minute rate = 294,60 calls/second
    15-minute rate = 294,73 calls/second
               min = 27,06 milliseconds
               max = 51,36 milliseconds
              mean = 32,70 milliseconds
            stddev = 3,82 milliseconds
            median = 32,14 milliseconds
              75% <= 33,88 milliseconds
              95% <= 39,15 milliseconds
              98% <= 46,93 milliseconds
              99% <= 48,05 milliseconds
            99.9% <= 51,36 milliseconds


13.05.2022 16.55.47 ============================================================

-- Timers ----------------------------------------------------------------------
stats-per-second-COUNT_ONE
             count = 3194
         mean rate = 290,13 calls/second
     1-minute rate = 293,50 calls/second
     5-minute rate = 294,60 calls/second
    15-minute rate = 294,73 calls/second
               min = 26,27 milliseconds
               max = 54,33 milliseconds
              mean = 33,23 milliseconds
            stddev = 2,95 milliseconds
            median = 32,86 milliseconds
              75% <= 34,54 milliseconds
              95% <= 38,38 milliseconds
              98% <= 39,65 milliseconds
              99% <= 40,47 milliseconds
            99.9% <= 54,33 milliseconds


13.05.2022 16.55.48 ============================================================

-- Timers ----------------------------------------------------------------------
stats-per-second-COUNT_ONE
             count = 3498
         mean rate = 291,24 calls/second
     1-minute rate = 293,50 calls/second
     5-minute rate = 294,60 calls/second
    15-minute rate = 294,73 calls/second
               min = 26,88 milliseconds
               max = 48,10 milliseconds
              mean = 32,85 milliseconds
            stddev = 2,79 milliseconds
            median = 32,83 milliseconds
              75% <= 34,25 milliseconds
              95% <= 37,82 milliseconds
              98% <= 39,93 milliseconds
              99% <= 41,36 milliseconds
            99.9% <= 48,10 milliseconds


13.05.2022 16.55.49 ============================================================

-- Timers ----------------------------------------------------------------------
stats-per-second-COUNT_ONE
             count = 3800
         mean rate = 292,04 calls/second
     1-minute rate = 293,50 calls/second
     5-minute rate = 294,60 calls/second
    15-minute rate = 294,73 calls/second
               min = 27,07 milliseconds
               max = 48,01 milliseconds
              mean = 33,19 milliseconds
            stddev = 2,96 milliseconds
            median = 32,89 milliseconds
              75% <= 35,08 milliseconds
              95% <= 38,44 milliseconds
              98% <= 40,21 milliseconds
              99% <= 41,19 milliseconds
            99.9% <= 48,01 milliseconds


13.05.2022 16.55.50 ============================================================

-- Timers ----------------------------------------------------------------------
stats-per-second-COUNT_ONE
             count = 4104
         mean rate = 292,85 calls/second
     1-minute rate = 293,50 calls/second
     5-minute rate = 294,60 calls/second
    15-minute rate = 294,73 calls/second
               min = 26,25 milliseconds
               max = 46,91 milliseconds
              mean = 32,90 milliseconds
            stddev = 3,39 milliseconds
            median = 32,59 milliseconds
              75% <= 34,44 milliseconds
              95% <= 37,97 milliseconds
              98% <= 45,72 milliseconds
              99% <= 46,08 milliseconds
            99.9% <= 46,91 milliseconds


13.05.2022 16.55.51 ============================================================

-- Timers ----------------------------------------------------------------------
stats-per-second-COUNT_ONE
             count = 4401
         mean rate = 293,27 calls/second
     1-minute rate = 294,22 calls/second
     5-minute rate = 294,73 calls/second
    15-minute rate = 294,78 calls/second
               min = 28,07 milliseconds
               max = 48,16 milliseconds
              mean = 33,36 milliseconds
            stddev = 3,09 milliseconds
            median = 32,61 milliseconds
              75% <= 35,12 milliseconds
              95% <= 39,28 milliseconds
              98% <= 40,57 milliseconds
              99% <= 41,00 milliseconds
            99.9% <= 48,16 milliseconds


13.05.2022 16.55.52 ============================================================

-- Timers ----------------------------------------------------------------------
stats-per-second-COUNT_ONE
             count = 4714
         mean rate = 294,52 calls/second
     1-minute rate = 294,22 calls/second
     5-minute rate = 294,73 calls/second
    15-minute rate = 294,78 calls/second
               min = 25,12 milliseconds
               max = 42,87 milliseconds
              mean = 31,93 milliseconds
            stddev = 2,64 milliseconds
            median = 31,53 milliseconds
              75% <= 33,27 milliseconds
              95% <= 36,53 milliseconds
              98% <= 39,09 milliseconds
              99% <= 40,27 milliseconds
            99.9% <= 42,87 milliseconds


13.05.2022 16.55.53 ============================================================

-- Timers ----------------------------------------------------------------------
stats-per-second-COUNT_ONE
             count = 5022
         mean rate = 295,15 calls/second
     1-minute rate = 294,22 calls/second
     5-minute rate = 294,73 calls/second
    15-minute rate = 294,78 calls/second
               min = 27,10 milliseconds
               max = 59,20 milliseconds
              mean = 32,43 milliseconds
            stddev = 3,51 milliseconds
            median = 31,89 milliseconds
              75% <= 34,33 milliseconds
              95% <= 37,79 milliseconds
              98% <= 41,50 milliseconds
              99% <= 46,30 milliseconds
            99.9% <= 59,20 milliseconds


13.05.2022 16.55.54 ============================================================

-- Timers ----------------------------------------------------------------------
stats-per-second-COUNT_ONE
             count = 5334
         mean rate = 296,21 calls/second
     1-minute rate = 294,22 calls/second
     5-minute rate = 294,73 calls/second
    15-minute rate = 294,78 calls/second
               min = 26,81 milliseconds
               max = 49,46 milliseconds
              mean = 32,19 milliseconds
            stddev = 3,24 milliseconds
            median = 31,69 milliseconds
              75% <= 33,56 milliseconds
              95% <= 38,15 milliseconds
              98% <= 41,28 milliseconds
              99% <= 44,57 milliseconds
            99.9% <= 49,46 milliseconds


13.05.2022 16.55.55 ============================================================

-- Timers ----------------------------------------------------------------------
stats-per-second-COUNT_ONE
             count = 5649
         mean rate = 297,19 calls/second
     1-minute rate = 294,22 calls/second
     5-minute rate = 294,73 calls/second
    15-minute rate = 294,78 calls/second
               min = 26,68 milliseconds
               max = 40,46 milliseconds
              mean = 32,04 milliseconds
            stddev = 2,47 milliseconds
            median = 31,75 milliseconds
              75% <= 33,54 milliseconds
              95% <= 36,89 milliseconds
              98% <= 37,41 milliseconds
              99% <= 37,78 milliseconds
            99.9% <= 40,46 milliseconds


13.05.2022 16.55.56 ============================================================

-- Timers ----------------------------------------------------------------------
stats-per-second-COUNT_ONE
             count = 5956
         mean rate = 297,71 calls/second
     1-minute rate = 295,57 calls/second
     5-minute rate = 295,00 calls/second
    15-minute rate = 294,87 calls/second
               min = 26,88 milliseconds
               max = 49,46 milliseconds
              mean = 32,14 milliseconds
            stddev = 3,49 milliseconds
            median = 31,67 milliseconds
              75% <= 33,65 milliseconds
              95% <= 37,53 milliseconds
              98% <= 45,83 milliseconds
              99% <= 49,05 milliseconds
            99.9% <= 49,46 milliseconds


13.05.2022 16.55.57 ============================================================

-- Timers ----------------------------------------------------------------------
stats-per-second-COUNT_ONE
             count = 6270
         mean rate = 298,43 calls/second
     1-minute rate = 295,57 calls/second
     5-minute rate = 295,00 calls/second
    15-minute rate = 294,87 calls/second
               min = 26,86 milliseconds
               max = 41,33 milliseconds
              mean = 31,60 milliseconds
            stddev = 2,52 milliseconds
            median = 31,42 milliseconds
              75% <= 32,96 milliseconds
              95% <= 36,38 milliseconds
              98% <= 39,67 milliseconds
              99% <= 40,43 milliseconds
            99.9% <= 41,33 milliseconds


13.05.2022 16.55.58 ============================================================

-- Timers ----------------------------------------------------------------------
stats-per-second-COUNT_ONE
             count = 6544
         mean rate = 297,29 calls/second
     1-minute rate = 295,57 calls/second
     5-minute rate = 295,00 calls/second
    15-minute rate = 294,87 calls/second
               min = 27,19 milliseconds
               max = 94,47 milliseconds
              mean = 37,18 milliseconds
            stddev = 14,80 milliseconds
            median = 32,37 milliseconds
              75% <= 35,55 milliseconds
              95% <= 84,18 milliseconds
              98% <= 87,83 milliseconds
              99% <= 91,47 milliseconds
            99.9% <= 94,47 milliseconds


13.05.2022 16.55.59 ============================================================

-- Timers ----------------------------------------------------------------------
stats-per-second-COUNT_ONE
             count = 6850
         mean rate = 297,68 calls/second
     1-minute rate = 295,57 calls/second
     5-minute rate = 295,00 calls/second
    15-minute rate = 294,87 calls/second
               min = 26,60 milliseconds
               max = 42,82 milliseconds
              mean = 32,51 milliseconds
            stddev = 2,74 milliseconds
            median = 32,14 milliseconds
              75% <= 33,57 milliseconds
              95% <= 39,21 milliseconds
              98% <= 40,28 milliseconds
              99% <= 40,49 milliseconds
            99.9% <= 42,82 milliseconds


13.05.2022 16.56.00 ============================================================

-- Timers ----------------------------------------------------------------------
stats-per-second-COUNT_ONE
             count = 7158
         mean rate = 298,18 calls/second
     1-minute rate = 295,57 calls/second
     5-minute rate = 295,00 calls/second
    15-minute rate = 294,87 calls/second
               min = 27,22 milliseconds
               max = 44,73 milliseconds
              mean = 32,21 milliseconds
            stddev = 2,70 milliseconds
            median = 32,11 milliseconds
              75% <= 33,77 milliseconds
              95% <= 36,35 milliseconds
              98% <= 38,35 milliseconds
              99% <= 42,32 milliseconds
            99.9% <= 44,73 milliseconds


13.05.2022 16.56.01 ============================================================

-- Timers ----------------------------------------------------------------------
stats-per-second-COUNT_ONE
             count = 7469
         mean rate = 298,52 calls/second
     1-minute rate = 296,10 calls/second
     5-minute rate = 295,12 calls/second
    15-minute rate = 294,91 calls/second
               min = 26,29 milliseconds
               max = 48,49 milliseconds
              mean = 32,12 milliseconds
            stddev = 3,29 milliseconds
            median = 31,45 milliseconds
              75% <= 33,51 milliseconds
              95% <= 39,07 milliseconds
              98% <= 41,32 milliseconds
              99% <= 41,57 milliseconds
            99.9% <= 48,49 milliseconds


13.05.2022 16.56.02 ============================================================

-- Timers ----------------------------------------------------------------------
stats-per-second-COUNT_ONE
             count = 7782
         mean rate = 299,10 calls/second
     1-minute rate = 296,10 calls/second
     5-minute rate = 295,12 calls/second
    15-minute rate = 294,91 calls/second
               min = 24,13 milliseconds
               max = 49,50 milliseconds
              mean = 32,61 milliseconds
            stddev = 3,67 milliseconds
            median = 32,06 milliseconds
              75% <= 33,81 milliseconds
              95% <= 40,96 milliseconds
              98% <= 42,21 milliseconds
              99% <= 42,63 milliseconds
            99.9% <= 49,50 milliseconds


13.05.2022 16.56.03 ============================================================

-- Timers ----------------------------------------------------------------------
stats-per-second-COUNT_ONE
             count = 8088
         mean rate = 299,44 calls/second
     1-minute rate = 296,10 calls/second
     5-minute rate = 295,12 calls/second
    15-minute rate = 294,91 calls/second
               min = 27,25 milliseconds
               max = 43,76 milliseconds
              mean = 32,34 milliseconds
            stddev = 2,98 milliseconds
            median = 32,10 milliseconds
              75% <= 34,17 milliseconds
              95% <= 37,46 milliseconds
              98% <= 39,64 milliseconds
              99% <= 40,48 milliseconds
            99.9% <= 43,76 milliseconds


13.05.2022 16.56.04 ============================================================

-- Timers ----------------------------------------------------------------------
stats-per-second-COUNT_ONE
             count = 8400
         mean rate = 299,90 calls/second
     1-minute rate = 296,10 calls/second
     5-minute rate = 295,12 calls/second
    15-minute rate = 294,91 calls/second
               min = 27,22 milliseconds
               max = 48,80 milliseconds
              mean = 32,02 milliseconds
            stddev = 2,83 milliseconds
            median = 31,81 milliseconds
              75% <= 33,50 milliseconds
              95% <= 36,55 milliseconds
              98% <= 39,44 milliseconds
              99% <= 41,50 milliseconds
            99.9% <= 48,80 milliseconds


13.05.2022 16.56.05 ============================================================

-- Timers ----------------------------------------------------------------------
stats-per-second-COUNT_ONE
             count = 8709
         mean rate = 300,21 calls/second
     1-minute rate = 296,10 calls/second
     5-minute rate = 295,12 calls/second
    15-minute rate = 294,91 calls/second
               min = 26,59 milliseconds
               max = 43,59 milliseconds
              mean = 32,25 milliseconds
            stddev = 3,02 milliseconds
            median = 31,85 milliseconds
              75% <= 33,90 milliseconds
              95% <= 37,84 milliseconds
              98% <= 39,94 milliseconds
              99% <= 41,50 milliseconds
            99.9% <= 43,59 milliseconds


13.05.2022 16.56.06 ============================================================

-- Timers ----------------------------------------------------------------------
stats-per-second-COUNT_ONE
             count = 9022
         mean rate = 300,65 calls/second
     1-minute rate = 297,28 calls/second
     5-minute rate = 295,38 calls/second
    15-minute rate = 295,00 calls/second
               min = 27,07 milliseconds
               max = 42,37 milliseconds
              mean = 31,78 milliseconds
            stddev = 2,75 milliseconds
            median = 31,57 milliseconds
              75% <= 33,10 milliseconds
              95% <= 36,89 milliseconds
              98% <= 39,91 milliseconds
              99% <= 41,69 milliseconds
            99.9% <= 42,37 milliseconds


13.05.2022 16.56.07 ============================================================

-- Timers ----------------------------------------------------------------------
stats-per-second-COUNT_ONE
             count = 9337
         mean rate = 301,11 calls/second
     1-minute rate = 297,28 calls/second
     5-minute rate = 295,38 calls/second
    15-minute rate = 295,00 calls/second
               min = 26,89 milliseconds
               max = 43,25 milliseconds
              mean = 31,93 milliseconds
            stddev = 2,53 milliseconds
            median = 31,86 milliseconds
              75% <= 33,28 milliseconds
              95% <= 36,23 milliseconds
              98% <= 38,67 milliseconds
              99% <= 41,38 milliseconds
            99.9% <= 43,25 milliseconds


13.05.2022 16.56.08 ============================================================

-- Timers ----------------------------------------------------------------------
stats-per-second-COUNT_ONE
             count = 9637
         mean rate = 301,07 calls/second
     1-minute rate = 297,28 calls/second
     5-minute rate = 295,38 calls/second
    15-minute rate = 295,00 calls/second
               min = 26,98 milliseconds
               max = 47,27 milliseconds
              mean = 33,01 milliseconds
            stddev = 3,21 milliseconds
            median = 32,18 milliseconds
              75% <= 34,61 milliseconds
              95% <= 39,02 milliseconds
              98% <= 42,18 milliseconds
              99% <= 44,49 milliseconds
            99.9% <= 47,27 milliseconds


13.05.2022 16.56.09 ============================================================

-- Timers ----------------------------------------------------------------------
stats-per-second-COUNT_ONE
             count = 9953
         mean rate = 301,50 calls/second
     1-minute rate = 297,28 calls/second
     5-minute rate = 295,38 calls/second
    15-minute rate = 295,00 calls/second
               min = 26,54 milliseconds
               max = 45,38 milliseconds
              mean = 31,80 milliseconds
            stddev = 3,16 milliseconds
            median = 31,19 milliseconds
              75% <= 33,21 milliseconds
              95% <= 38,36 milliseconds
              98% <= 40,73 milliseconds
              99% <= 42,50 milliseconds
            99.9% <= 45,38 milliseconds


13.05.2022 16.56.10 ============================================================

-- Timers ----------------------------------------------------------------------
stats-per-second-COUNT_ONE
             count = 10257
         mean rate = 301,62 calls/second
     1-minute rate = 297,28 calls/second
     5-minute rate = 295,38 calls/second
    15-minute rate = 295,00 calls/second
               min = 26,92 milliseconds
               max = 44,70 milliseconds
              mean = 32,51 milliseconds
            stddev = 2,84 milliseconds
            median = 31,91 milliseconds
              75% <= 33,97 milliseconds
              95% <= 37,63 milliseconds
              98% <= 39,39 milliseconds
              99% <= 40,06 milliseconds
            99.9% <= 44,70 milliseconds


13.05.2022 16.56.11 ============================================================

-- Timers ----------------------------------------------------------------------
stats-per-second-COUNT_ONE
             count = 10570
         mean rate = 301,91 calls/second
     1-minute rate = 298,23 calls/second
     5-minute rate = 295,61 calls/second
    15-minute rate = 295,07 calls/second
               min = 20,72 milliseconds
               max = 44,14 milliseconds
              mean = 32,36 milliseconds
            stddev = 3,21 milliseconds
            median = 32,13 milliseconds
              75% <= 33,32 milliseconds
              95% <= 38,70 milliseconds
              98% <= 43,57 milliseconds
              99% <= 43,82 milliseconds
            99.9% <= 44,14 milliseconds


13.05.2022 16.56.12 ============================================================

-- Timers ----------------------------------------------------------------------
stats-per-second-COUNT_ONE
             count = 10874
         mean rate = 301,90 calls/second
     1-minute rate = 298,23 calls/second
     5-minute rate = 295,61 calls/second
    15-minute rate = 295,07 calls/second
               min = 27,06 milliseconds
               max = 43,36 milliseconds
              mean = 32,42 milliseconds
            stddev = 2,82 milliseconds
            median = 32,34 milliseconds
              75% <= 34,36 milliseconds
              95% <= 36,83 milliseconds
              98% <= 38,50 milliseconds
              99% <= 40,12 milliseconds
            99.9% <= 43,36 milliseconds


13.05.2022 16.56.13 ============================================================

-- Timers ----------------------------------------------------------------------
stats-per-second-COUNT_ONE
             count = 11185
         mean rate = 302,19 calls/second
     1-minute rate = 298,23 calls/second
     5-minute rate = 295,61 calls/second
    15-minute rate = 295,07 calls/second
               min = 27,10 milliseconds
               max = 46,28 milliseconds
              mean = 32,58 milliseconds
            stddev = 3,15 milliseconds
            median = 32,38 milliseconds
              75% <= 34,05 milliseconds
              95% <= 38,14 milliseconds
              98% <= 40,66 milliseconds
              99% <= 44,63 milliseconds
            99.9% <= 46,28 milliseconds


13.05.2022 16.56.14 ============================================================

-- Timers ----------------------------------------------------------------------
stats-per-second-COUNT_ONE
             count = 11488
         mean rate = 302,23 calls/second
     1-minute rate = 298,23 calls/second
     5-minute rate = 295,61 calls/second
    15-minute rate = 295,07 calls/second
               min = 27,45 milliseconds
               max = 51,52 milliseconds
              mean = 32,98 milliseconds
            stddev = 3,27 milliseconds
            median = 32,56 milliseconds
              75% <= 34,59 milliseconds
              95% <= 38,82 milliseconds
              98% <= 40,55 milliseconds
              99% <= 45,94 milliseconds
            99.9% <= 51,52 milliseconds


13.05.2022 16.56.15 ============================================================

-- Timers ----------------------------------------------------------------------
stats-per-second-COUNT_ONE
             count = 11800
         mean rate = 302,50 calls/second
     1-minute rate = 298,23 calls/second
     5-minute rate = 295,61 calls/second
    15-minute rate = 295,07 calls/second
               min = 26,93 milliseconds
               max = 40,11 milliseconds
              mean = 32,10 milliseconds
            stddev = 2,45 milliseconds
            median = 31,85 milliseconds
              75% <= 33,62 milliseconds
              95% <= 36,80 milliseconds
              98% <= 38,41 milliseconds
              99% <= 38,91 milliseconds
            99.9% <= 40,11 milliseconds


13.05.2022 16.56.16 ============================================================

-- Timers ----------------------------------------------------------------------
stats-per-second-COUNT_ONE
             count = 12117
         mean rate = 302,83 calls/second
     1-minute rate = 299,14 calls/second
     5-minute rate = 295,84 calls/second
    15-minute rate = 295,15 calls/second
               min = 26,23 milliseconds
               max = 40,64 milliseconds
              mean = 31,33 milliseconds
            stddev = 2,50 milliseconds
            median = 30,99 milliseconds
              75% <= 32,72 milliseconds
              95% <= 35,99 milliseconds
              98% <= 38,12 milliseconds
              99% <= 39,02 milliseconds
            99.9% <= 40,64 milliseconds


13.05.2022 16.56.17 ============================================================

-- Timers ----------------------------------------------------------------------
stats-per-second-COUNT_ONE
             count = 12431
         mean rate = 303,12 calls/second
     1-minute rate = 299,14 calls/second
     5-minute rate = 295,84 calls/second
    15-minute rate = 295,15 calls/second
               min = 25,35 milliseconds
               max = 43,92 milliseconds
              mean = 32,15 milliseconds
            stddev = 2,77 milliseconds
            median = 32,26 milliseconds
              75% <= 33,75 milliseconds
              95% <= 36,88 milliseconds
              98% <= 38,86 milliseconds
              99% <= 40,12 milliseconds
            99.9% <= 43,92 milliseconds


13.05.2022 16.56.18 ============================================================

-- Timers ----------------------------------------------------------------------
stats-per-second-COUNT_ONE
             count = 12736
         mean rate = 303,16 calls/second
     1-minute rate = 299,14 calls/second
     5-minute rate = 295,84 calls/second
    15-minute rate = 295,15 calls/second
               min = 27,08 milliseconds
               max = 44,88 milliseconds
              mean = 32,47 milliseconds
            stddev = 3,21 milliseconds
            median = 32,07 milliseconds
              75% <= 33,64 milliseconds
              95% <= 38,79 milliseconds
              98% <= 42,25 milliseconds
              99% <= 44,12 milliseconds
            99.9% <= 44,88 milliseconds


13.05.2022 16.56.19 ============================================================

-- Timers ----------------------------------------------------------------------
stats-per-second-COUNT_ONE
             count = 13043
         mean rate = 303,27 calls/second
     1-minute rate = 299,14 calls/second
     5-minute rate = 295,84 calls/second
    15-minute rate = 295,15 calls/second
               min = 26,86 milliseconds
               max = 47,31 milliseconds
              mean = 32,69 milliseconds
            stddev = 3,64 milliseconds
            median = 32,23 milliseconds
              75% <= 33,76 milliseconds
              95% <= 41,33 milliseconds
              98% <= 43,76 milliseconds
              99% <= 46,07 milliseconds
            99.9% <= 47,31 milliseconds


13.05.2022 16.56.20 ============================================================

-- Timers ----------------------------------------------------------------------
stats-per-second-COUNT_ONE
             count = 13356
         mean rate = 303,48 calls/second
     1-minute rate = 299,14 calls/second
     5-minute rate = 295,84 calls/second
    15-minute rate = 295,15 calls/second
               min = 27,10 milliseconds
               max = 42,02 milliseconds
              mean = 31,99 milliseconds
            stddev = 2,73 milliseconds
            median = 31,70 milliseconds
              75% <= 33,34 milliseconds
              95% <= 38,12 milliseconds
              98% <= 40,19 milliseconds
              99% <= 40,43 milliseconds
            99.9% <= 42,02 milliseconds


13.05.2022 16.56.21 ============================================================

-- Timers ----------------------------------------------------------------------
stats-per-second-COUNT_ONE
             count = 13655
         mean rate = 303,37 calls/second
     1-minute rate = 299,85 calls/second
     5-minute rate = 296,04 calls/second
    15-minute rate = 295,23 calls/second
               min = 26,85 milliseconds
               max = 47,17 milliseconds
              mean = 32,87 milliseconds
            stddev = 3,20 milliseconds
            median = 32,82 milliseconds
              75% <= 34,13 milliseconds
              95% <= 37,75 milliseconds
              98% <= 44,90 milliseconds
              99% <= 45,79 milliseconds
            99.9% <= 47,17 milliseconds


13.05.2022 16.56.22 ============================================================

-- Timers ----------------------------------------------------------------------
stats-per-second-COUNT_ONE
             count = 13952
         mean rate = 303,22 calls/second
     1-minute rate = 299,85 calls/second
     5-minute rate = 296,04 calls/second
    15-minute rate = 295,23 calls/second
               min = 26,22 milliseconds
               max = 56,46 milliseconds
              mean = 33,71 milliseconds
            stddev = 4,04 milliseconds
            median = 33,05 milliseconds
              75% <= 36,27 milliseconds
              95% <= 41,11 milliseconds
              98% <= 43,65 milliseconds
              99% <= 44,63 milliseconds
            99.9% <= 56,46 milliseconds


13.05.2022 16.56.23 ============================================================

-- Timers ----------------------------------------------------------------------
stats-per-second-COUNT_ONE
             count = 14256
         mean rate = 303,19 calls/second
     1-minute rate = 299,85 calls/second
     5-minute rate = 296,04 calls/second
    15-minute rate = 295,23 calls/second
               min = 27,20 milliseconds
               max = 45,88 milliseconds
              mean = 33,40 milliseconds
            stddev = 3,09 milliseconds
            median = 33,02 milliseconds
              75% <= 35,38 milliseconds
              95% <= 39,55 milliseconds
              98% <= 40,84 milliseconds
              99% <= 45,09 milliseconds
            99.9% <= 45,88 milliseconds


13.05.2022 16.56.24 ============================================================

-- Timers ----------------------------------------------------------------------
stats-per-second-COUNT_ONE
             count = 14555
         mean rate = 303,19 calls/second
     1-minute rate = 299,85 calls/second
     5-minute rate = 296,04 calls/second
    15-minute rate = 295,23 calls/second
               min = 23,47 milliseconds
               max = 43,65 milliseconds
              mean = 32,87 milliseconds
            stddev = 3,02 milliseconds
            median = 32,82 milliseconds
              75% <= 34,31 milliseconds
              95% <= 38,31 milliseconds
              98% <= 41,44 milliseconds
              99% <= 42,77 milliseconds
            99.9% <= 43,65 milliseconds


13.05.2022 16.56.25 ============================================================

-- Timers ----------------------------------------------------------------------
stats-per-second-COUNT_ONE
             count = 14864
         mean rate = 303,28 calls/second
     1-minute rate = 299,85 calls/second
     5-minute rate = 296,04 calls/second
    15-minute rate = 295,23 calls/second
               min = 25,61 milliseconds
               max = 46,89 milliseconds
              mean = 32,63 milliseconds
            stddev = 2,94 milliseconds
            median = 32,11 milliseconds
              75% <= 34,22 milliseconds
              95% <= 37,62 milliseconds
              98% <= 40,78 milliseconds
              99% <= 43,65 milliseconds
            99.9% <= 46,89 milliseconds


13.05.2022 16.56.26 ============================================================

-- Timers ----------------------------------------------------------------------
stats-per-second-COUNT_ONE
             count = 15174
         mean rate = 303,40 calls/second
     1-minute rate = 300,16 calls/second
     5-minute rate = 296,17 calls/second
    15-minute rate = 295,27 calls/second
               min = 26,74 milliseconds
               max = 43,87 milliseconds
              mean = 31,99 milliseconds
            stddev = 3,12 milliseconds
            median = 31,56 milliseconds
              75% <= 33,68 milliseconds
              95% <= 37,62 milliseconds
              98% <= 41,64 milliseconds
              99% <= 42,64 milliseconds
            99.9% <= 43,87 milliseconds


13.05.2022 16.56.27 ============================================================

-- Timers ----------------------------------------------------------------------
stats-per-second-COUNT_ONE
             count = 15480
         mean rate = 303,47 calls/second
     1-minute rate = 300,16 calls/second
     5-minute rate = 296,17 calls/second
    15-minute rate = 295,27 calls/second
               min = 26,53 milliseconds
               max = 57,25 milliseconds
              mean = 32,83 milliseconds
            stddev = 3,52 milliseconds
            median = 32,57 milliseconds
              75% <= 34,40 milliseconds
              95% <= 39,80 milliseconds
              98% <= 41,61 milliseconds
              99% <= 44,84 milliseconds
            99.9% <= 57,25 milliseconds


13.05.2022 16.56.28 ============================================================

-- Timers ----------------------------------------------------------------------
stats-per-second-COUNT_ONE
             count = 15786
         mean rate = 303,52 calls/second
     1-minute rate = 300,16 calls/second
     5-minute rate = 296,17 calls/second
    15-minute rate = 295,27 calls/second
               min = 27,26 milliseconds
               max = 49,72 milliseconds
              mean = 32,58 milliseconds
            stddev = 3,77 milliseconds
            median = 31,63 milliseconds
              75% <= 34,30 milliseconds
              95% <= 40,58 milliseconds
              98% <= 44,93 milliseconds
              99% <= 46,31 milliseconds
            99.9% <= 49,72 milliseconds


13.05.2022 16.56.29 ============================================================

-- Timers ----------------------------------------------------------------------
stats-per-second-COUNT_ONE
             count = 16095
         mean rate = 303,63 calls/second
     1-minute rate = 300,16 calls/second
     5-minute rate = 296,17 calls/second
    15-minute rate = 295,27 calls/second
               min = 25,55 milliseconds
               max = 48,95 milliseconds
              mean = 32,32 milliseconds
            stddev = 3,27 milliseconds
            median = 32,16 milliseconds
              75% <= 34,00 milliseconds
              95% <= 36,79 milliseconds
              98% <= 42,49 milliseconds
              99% <= 46,01 milliseconds
            99.9% <= 48,95 milliseconds


13.05.2022 16.56.30 ============================================================

-- Timers ----------------------------------------------------------------------
stats-per-second-COUNT_ONE
             count = 16402
         mean rate = 303,70 calls/second
     1-minute rate = 300,16 calls/second
     5-minute rate = 296,17 calls/second
    15-minute rate = 295,27 calls/second
               min = 26,98 milliseconds
               max = 44,87 milliseconds
              mean = 32,92 milliseconds
            stddev = 3,32 milliseconds
            median = 32,74 milliseconds
              75% <= 34,79 milliseconds
              95% <= 38,93 milliseconds
              98% <= 44,05 milliseconds
              99% <= 44,31 milliseconds
            99.9% <= 44,87 milliseconds


13.05.2022 16.56.31 ============================================================

-- Timers ----------------------------------------------------------------------
stats-per-second-COUNT_ONE
             count = 16711
         mean rate = 303,79 calls/second
     1-minute rate = 300,68 calls/second
     5-minute rate = 296,34 calls/second
    15-minute rate = 295,34 calls/second
               min = 27,12 milliseconds
               max = 40,89 milliseconds
              mean = 32,06 milliseconds
            stddev = 2,70 milliseconds
            median = 31,89 milliseconds
              75% <= 33,37 milliseconds
              95% <= 37,39 milliseconds
              98% <= 38,95 milliseconds
              99% <= 40,28 milliseconds
            99.9% <= 40,89 milliseconds


13.05.2022 16.56.32 ============================================================

-- Timers ----------------------------------------------------------------------
stats-per-second-COUNT_ONE
             count = 17020
         mean rate = 303,89 calls/second
     1-minute rate = 300,68 calls/second
     5-minute rate = 296,34 calls/second
    15-minute rate = 295,34 calls/second
               min = 27,04 milliseconds
               max = 43,25 milliseconds
              mean = 32,39 milliseconds
            stddev = 2,37 milliseconds
            median = 32,36 milliseconds
              75% <= 33,81 milliseconds
              95% <= 35,96 milliseconds
              98% <= 38,05 milliseconds
              99% <= 39,70 milliseconds
            99.9% <= 43,25 milliseconds


13.05.2022 16.56.33 ============================================================

-- Timers ----------------------------------------------------------------------
stats-per-second-COUNT_ONE
             count = 17332
         mean rate = 304,01 calls/second
     1-minute rate = 300,68 calls/second
     5-minute rate = 296,34 calls/second
    15-minute rate = 295,34 calls/second
               min = 26,83 milliseconds
               max = 41,50 milliseconds
              mean = 31,75 milliseconds
            stddev = 2,63 milliseconds
            median = 31,21 milliseconds
              75% <= 33,73 milliseconds
              95% <= 36,36 milliseconds
              98% <= 38,06 milliseconds
              99% <= 39,54 milliseconds
            99.9% <= 41,50 milliseconds


13.05.2022 16.56.34 ============================================================

-- Timers ----------------------------------------------------------------------
stats-per-second-COUNT_ONE
             count = 17645
         mean rate = 304,13 calls/second
     1-minute rate = 300,68 calls/second
     5-minute rate = 296,34 calls/second
    15-minute rate = 295,34 calls/second
               min = 26,84 milliseconds
               max = 47,13 milliseconds
              mean = 32,32 milliseconds
            stddev = 3,03 milliseconds
            median = 31,93 milliseconds
              75% <= 33,48 milliseconds
              95% <= 37,85 milliseconds
              98% <= 39,32 milliseconds
              99% <= 46,60 milliseconds
            99.9% <= 47,13 milliseconds


13.05.2022 16.56.35 ============================================================

-- Timers ----------------------------------------------------------------------
stats-per-second-COUNT_ONE
             count = 17960
         mean rate = 304,33 calls/second
     1-minute rate = 300,68 calls/second
     5-minute rate = 296,34 calls/second
    15-minute rate = 295,34 calls/second
               min = 26,64 milliseconds
               max = 43,07 milliseconds
              mean = 31,92 milliseconds
            stddev = 2,87 milliseconds
            median = 31,66 milliseconds
              75% <= 33,43 milliseconds
              95% <= 37,29 milliseconds
              98% <= 39,54 milliseconds
              99% <= 40,27 milliseconds
            99.9% <= 43,07 milliseconds


13.05.2022 16.56.36 ============================================================

-- Timers ----------------------------------------------------------------------
stats-per-second-COUNT_ONE
             count = 18271
         mean rate = 304,45 calls/second
     1-minute rate = 301,63 calls/second
     5-minute rate = 296,61 calls/second
    15-minute rate = 295,43 calls/second
               min = 26,73 milliseconds
               max = 42,15 milliseconds
              mean = 31,82 milliseconds
            stddev = 2,56 milliseconds
            median = 31,70 milliseconds
              75% <= 33,32 milliseconds
              95% <= 36,36 milliseconds
              98% <= 37,52 milliseconds
              99% <= 39,87 milliseconds
            99.9% <= 42,15 milliseconds


13.05.2022 16.56.37 ============================================================

-- Timers ----------------------------------------------------------------------
stats-per-second-COUNT_ONE
             count = 18577
         mean rate = 304,51 calls/second
     1-minute rate = 301,63 calls/second
     5-minute rate = 296,61 calls/second
    15-minute rate = 295,43 calls/second
               min = 26,02 milliseconds
               max = 59,83 milliseconds
              mean = 32,67 milliseconds
            stddev = 4,40 milliseconds
            median = 31,91 milliseconds
              75% <= 33,51 milliseconds
              95% <= 38,96 milliseconds
              98% <= 53,17 milliseconds
              99% <= 53,79 milliseconds
            99.9% <= 59,83 milliseconds


13.05.2022 16.56.38 ============================================================

-- Timers ----------------------------------------------------------------------
stats-per-second-COUNT_ONE
             count = 18883
         mean rate = 304,51 calls/second
     1-minute rate = 301,63 calls/second
     5-minute rate = 296,61 calls/second
    15-minute rate = 295,43 calls/second
               min = 25,36 milliseconds
               max = 49,66 milliseconds
              mean = 32,68 milliseconds
            stddev = 3,21 milliseconds
            median = 32,39 milliseconds
              75% <= 33,72 milliseconds
              95% <= 38,53 milliseconds
              98% <= 43,25 milliseconds
              99% <= 43,59 milliseconds
            99.9% <= 49,66 milliseconds


13.05.2022 16.56.39 ============================================================

-- Timers ----------------------------------------------------------------------
stats-per-second-COUNT_ONE
             count = 19197
         mean rate = 304,67 calls/second
     1-minute rate = 301,63 calls/second
     5-minute rate = 296,61 calls/second
    15-minute rate = 295,43 calls/second
               min = 26,78 milliseconds
               max = 43,64 milliseconds
              mean = 32,09 milliseconds
            stddev = 2,59 milliseconds
            median = 31,72 milliseconds
              75% <= 33,67 milliseconds
              95% <= 36,34 milliseconds
              98% <= 39,03 milliseconds
              99% <= 40,00 milliseconds
            99.9% <= 43,64 milliseconds


13.05.2022 16.56.40 ============================================================

-- Timers ----------------------------------------------------------------------
stats-per-second-COUNT_ONE
             count = 19501
         mean rate = 304,65 calls/second
     1-minute rate = 301,63 calls/second
     5-minute rate = 296,61 calls/second
    15-minute rate = 295,43 calls/second
               min = 27,20 milliseconds
               max = 44,56 milliseconds
              mean = 32,24 milliseconds
            stddev = 2,47 milliseconds
            median = 32,07 milliseconds
              75% <= 33,33 milliseconds
              95% <= 36,62 milliseconds
              98% <= 39,05 milliseconds
              99% <= 40,13 milliseconds
            99.9% <= 44,56 milliseconds


13.05.2022 16.56.41 ============================================================

-- Timers ----------------------------------------------------------------------
stats-per-second-COUNT_ONE
             count = 19784
         mean rate = 304,31 calls/second
     1-minute rate = 301,63 calls/second
     5-minute rate = 296,69 calls/second
    15-minute rate = 295,47 calls/second
               min = 25,22 milliseconds
               max = 71,59 milliseconds
              mean = 35,92 milliseconds
            stddev = 8,49 milliseconds
            median = 33,02 milliseconds
              75% <= 37,61 milliseconds
              95% <= 58,66 milliseconds
              98% <= 69,14 milliseconds
              99% <= 71,03 milliseconds
            99.9% <= 71,59 milliseconds


2022-05-13 16:56:42,149 [pool-1-thread-1] INFO  d.i.mongodb.perf.OperationExecutor - Done (in time) in 65720 ms 
2022-05-13 16:56:42,151 [pool-1-thread-1] INFO  d.i.mongodb.perf.OperationExecutor - affected documents: 20000
2022-05-13 16:56:42,151 [pool-1-thread-1] INFO  d.i.mongodb.perf.OperationExecutor - count: 20000
2022-05-13 16:56:42,152 [pool-1-thread-1] INFO  d.i.mongodb.perf.OperationExecutor - FifteenMinuteRate: 295.09393817582855
2022-05-13 16:56:42,152 [pool-1-thread-1] INFO  d.i.mongodb.perf.OperationExecutor - FiveMinuteRate: 296.5323704340574
2022-05-13 16:56:42,152 [pool-1-thread-1] INFO  d.i.mongodb.perf.OperationExecutor - OneMinuteRate: 301.5633742174804
2022-05-13 16:56:42,152 [pool-1-thread-1] INFO  d.i.mongodb.perf.OperationExecutor - MeanRate: 304.2998153489702
2022-05-13 16:56:42,162 [main] INFO  d.i.mongodb.perf.MongoDbAccessor - >>> closeConnections 34.89.191.200:27017
2022-05-13 16:56:42,166 [pool-1-thread-1] INFO  d.i.mongodb.perf.OperationExecutor - Snapshot 75thPercentile: 33.778458
2022-05-13 16:56:42,166 [pool-1-thread-1] INFO  d.i.mongodb.perf.OperationExecutor - Snapshot 95thPercentile: 37.964166
2022-05-13 16:56:42,166 [pool-1-thread-1] INFO  d.i.mongodb.perf.OperationExecutor - Snapshot 98thPercentile: 39.933707999999996
2022-05-13 16:56:42,166 [pool-1-thread-1] INFO  d.i.mongodb.perf.OperationExecutor - Snapshot 99thPercentile: 43.533291
2022-05-13 16:56:42,166 [pool-1-thread-1] INFO  d.i.mongodb.perf.OperationExecutor - Snapshot 999thPercentile: 94.476625
2022-05-13 16:56:42,166 [pool-1-thread-1] INFO  d.i.mongodb.perf.OperationExecutor - Snapshot Min: 24.555542
2022-05-13 16:56:42,167 [pool-1-thread-1] INFO  d.i.mongodb.perf.OperationExecutor - Snapshot Max: 94.74291699999999
2022-05-13 16:56:42,167 [pool-1-thread-1] INFO  d.i.mongodb.perf.OperationExecutor - Snapshot Mean: 32.59508882298965
2022-05-13 16:56:42,167 [pool-1-thread-1] INFO  d.i.mongodb.perf.OperationExecutor - Snapshot Median: 32.000541999999996
2022-05-13 16:56:42,167 [pool-1-thread-1] INFO  d.i.mongodb.perf.OperationExecutor - Snapshot StdDev: 4.690578541551669
2022-05-13 16:56:42,167 [pool-1-thread-1] INFO  d.i.mongodb.perf.OperationExecutor - Snapshot Size: 1028
13.05.2022 16.56.42 ============================================================

-- Timers ----------------------------------------------------------------------
stats-per-run-COUNT_ONE
             count = 20000
         mean rate = 304,23 calls/second
     1-minute rate = 301,56 calls/second
     5-minute rate = 296,53 calls/second
    15-minute rate = 295,09 calls/second
               min = 24,56 milliseconds
               max = 94,74 milliseconds
              mean = 32,60 milliseconds
            stddev = 4,69 milliseconds
            median = 32,00 milliseconds
              75% <= 33,78 milliseconds
              95% <= 37,96 milliseconds
              98% <= 39,93 milliseconds
              99% <= 43,53 milliseconds
            99.9% <= 94,48 milliseconds


2022-05-13 16:56:42,171 [pool-1-thread-1] INFO  d.i.mongodb.perf.OperationExecutor - stopReporters
2022-05-13 16:56:42,171 [pool-1-thread-1] INFO  d.i.mongodb.perf.OperationExecutor - consoleReporter stopped
2022-05-13 16:56:42,171 [pool-1-thread-1] INFO  d.i.mongodb.perf.OperationExecutor - allConsoleReporter stopped
2022-05-13 16:56:42,172 [pool-1-thread-1] INFO  d.i.mongodb.perf.OperationExecutor - csvReporter stopped
2022-05-13 16:56:42,172 [pool-1-thread-1] INFO  d.i.mongodb.perf.OperationExecutor - If run took more than 1 second, csv-file 'stats-per-second-COUNT_ONE.csv' saved in folder: /Users/oscarorellana/Desktop/softcorp/doubble/mongodb-performance-test/latest-version
2022-05-13 16:56:42,172 [pool-1-thread-1] INFO  d.i.mongodb.perf.OperationExecutor - csvReporterAll stopped
2022-05-13 16:56:42,172 [pool-1-thread-1] INFO  d.i.mongodb.perf.OperationExecutor - Summary of statistics saved in csv-file 'stats-per-run-COUNT_ONE.csv' located in folder: /Users/oscarorellana/Desktop/softcorp/doubble/mongodb-performance-test/latest-version
2022-05-13 16:56:42,192 [main] INFO  org.mongodb.driver.connection - Closed connection [connectionId{localValue:6, serverValue:1624}] to 34.89.191.200:27017 because the pool has been closed.
2022-05-13 16:56:42,194 [main] INFO  org.mongodb.driver.connection - Closed connection [connectionId{localValue:10, serverValue:1617}] to 34.89.191.200:27017 because the pool has been closed.
2022-05-13 16:56:42,194 [main] INFO  org.mongodb.driver.connection - Closed connection [connectionId{localValue:5, serverValue:1618}] to 34.89.191.200:27017 because the pool has been closed.
2022-05-13 16:56:42,194 [main] INFO  org.mongodb.driver.connection - Closed connection [connectionId{localValue:9, serverValue:1620}] to 34.89.191.200:27017 because the pool has been closed.
2022-05-13 16:56:42,194 [main] INFO  org.mongodb.driver.connection - Closed connection [connectionId{localValue:11, serverValue:1621}] to 34.89.191.200:27017 because the pool has been closed.
2022-05-13 16:56:42,194 [main] INFO  org.mongodb.driver.connection - Closed connection [connectionId{localValue:8, serverValue:1623}] to 34.89.191.200:27017 because the pool has been closed.
2022-05-13 16:56:42,195 [main] INFO  org.mongodb.driver.connection - Closed connection [connectionId{localValue:3, serverValue:1622}] to 34.89.191.200:27017 because the pool has been closed.
2022-05-13 16:56:42,195 [main] INFO  org.mongodb.driver.connection - Closed connection [connectionId{localValue:7, serverValue:1616}] to 34.89.191.200:27017 because the pool has been closed.
2022-05-13 16:56:42,195 [main] INFO  org.mongodb.driver.connection - Closed connection [connectionId{localValue:4, serverValue:1619}] to 34.89.191.200:27017 because the pool has been closed.
2022-05-13 16:56:42,195 [main] INFO  org.mongodb.driver.connection - Closed connection [connectionId{localValue:2, serverValue:1615}] to 34.89.191.200:27017 because the pool has been closed.
2022-05-13 16:56:42,195 [main] INFO  d.i.mongodb.perf.MongoDbAccessor - <<< closeConnections 34.89.191.200:27017
