2022-05-13 16:56:42,390 [main] INFO  d.i.mongodb.perf.MongoDbAccessor - >>> init 34.89.191.200:27017
2022-05-13 16:56:42,483 [main] INFO  org.mongodb.driver.cluster - Cluster created with settings {hosts=[34.89.191.200:27017], mode=SINGLE, requiredClusterType=UNKNOWN, serverSelectionTimeout='30000 ms', maxWaitQueueSize=50000}
2022-05-13 16:56:42,494 [main] INFO  d.i.mongodb.perf.MongoDbAccessor - <<< init
2022-05-13 16:56:42,500 [main] INFO  org.mongodb.driver.cluster - Cluster description not yet available. Waiting for 30000 ms before timing out
2022-05-13 16:56:42,633 [cluster-ClusterId{value='627e71aa67191e0dced7fdd9', description='null'}-34.89.191.200:27017] INFO  org.mongodb.driver.connection - Opened connection [connectionId{localValue:1, serverValue:1653}] to 34.89.191.200:27017
2022-05-13 16:56:42,666 [cluster-ClusterId{value='627e71aa67191e0dced7fdd9', description='null'}-34.89.191.200:27017] INFO  org.mongodb.driver.cluster - Monitor thread successfully connected to server with description ServerDescription{address=34.89.191.200:27017, type=REPLICA_SET_PRIMARY, state=CONNECTED, ok=true, version=ServerVersion{versionList=[5, 0, 8]}, minWireVersion=0, maxWireVersion=13, maxDocumentSize=16777216, logicalSessionTimeoutMinutes=30, roundTripTimeNanos=31662583, setName='rs0', canonicalAddress=mongodb-0.mongodb-headless.mongodb-fast-repl.svc.cluster.local:27017, hosts=[mongodb-5.mongodb-headless.mongodb-fast-repl.svc.cluster.local:27017, mongodb-2.mongodb-headless.mongodb-fast-repl.svc.cluster.local:27017, mongodb-1.mongodb-headless.mongodb-fast-repl.svc.cluster.local:27017, mongodb-0.mongodb-headless.mongodb-fast-repl.svc.cluster.local:27017, mongodb-3.mongodb-headless.mongodb-fast-repl.svc.cluster.local:27017, mongodb-4.mongodb-headless.mongodb-fast-repl.svc.cluster.local:27017], passives=[mongodb-6.mongodb-headless.mongodb-fast-repl.svc.cluster.local:27017], arbiters=[mongodb-arbiter-0.mongodb-arbiter-headless.mongodb-fast-repl.svc.cluster.local:27017], primary='mongodb-0.mongodb-headless.mongodb-fast-repl.svc.cluster.local:27017', tagSet=TagSet{[]}, electionId=7fffffff0000000000000002, setVersion=18, lastWriteDate=Fri May 13 16:56:40 CEST 2022, lastUpdateTimeNanos=358147544261083}
2022-05-13 16:56:42,967 [main] INFO  org.mongodb.driver.connection - Opened connection [connectionId{localValue:2, serverValue:1654}] to 34.89.191.200:27017
2022-05-13 16:56:43,076 [main] INFO  d.i.mongodb.perf.OperationExecutor - >>> OperationExecutor threadCount: 10, opsCount: 20000, maxDurationInSeconds: 3600, operation: CountOperation
2022-05-13 16:56:43,076 [main] INFO  d.i.mongodb.perf.OperationExecutor - java execution path: /Users/oscarorellana/Desktop/softcorp/doubble/mongodb-performance-test/latest-version/mongodb-performance-test.jar
2022-05-13 16:56:43,288 [pool-2-thread-9] INFO  org.mongodb.driver.connection - Opened connection [connectionId{localValue:7, serverValue:1660}] to 34.89.191.200:27017
2022-05-13 16:56:43,289 [pool-2-thread-6] INFO  org.mongodb.driver.connection - Opened connection [connectionId{localValue:9, serverValue:1655}] to 34.89.191.200:27017
2022-05-13 16:56:43,290 [pool-2-thread-5] INFO  org.mongodb.driver.connection - Opened connection [connectionId{localValue:5, serverValue:1659}] to 34.89.191.200:27017
2022-05-13 16:56:43,296 [pool-2-thread-8] INFO  org.mongodb.driver.connection - Opened connection [connectionId{localValue:11, serverValue:1663}] to 34.89.191.200:27017
2022-05-13 16:56:43,303 [pool-2-thread-3] INFO  org.mongodb.driver.connection - Opened connection [connectionId{localValue:8, serverValue:1657}] to 34.89.191.200:27017
2022-05-13 16:56:43,303 [pool-2-thread-1] INFO  org.mongodb.driver.connection - Opened connection [connectionId{localValue:4, serverValue:1656}] to 34.89.191.200:27017
2022-05-13 16:56:43,303 [pool-2-thread-7] INFO  org.mongodb.driver.connection - Opened connection [connectionId{localValue:10, serverValue:1658}] to 34.89.191.200:27017
2022-05-13 16:56:43,304 [pool-2-thread-2] INFO  org.mongodb.driver.connection - Opened connection [connectionId{localValue:6, serverValue:1661}] to 34.89.191.200:27017
2022-05-13 16:56:43,305 [pool-2-thread-10] INFO  org.mongodb.driver.connection - Opened connection [connectionId{localValue:3, serverValue:1662}] to 34.89.191.200:27017
13.05.2022 16.56.44 ============================================================

-- Timers ----------------------------------------------------------------------
stats-per-second-COUNT_MANY
             count = 234
         mean rate = 231,56 calls/second
     1-minute rate = 0,00 calls/second
     5-minute rate = 0,00 calls/second
    15-minute rate = 0,00 calls/second
               min = 27,57 milliseconds
               max = 253,01 milliseconds
              mean = 42,44 milliseconds
            stddev = 40,76 milliseconds
            median = 33,23 milliseconds
              75% <= 37,23 milliseconds
              95% <= 50,50 milliseconds
              98% <= 247,76 milliseconds
              99% <= 250,18 milliseconds
            99.9% <= 253,01 milliseconds


13.05.2022 16.56.45 ============================================================

-- Timers ----------------------------------------------------------------------
stats-per-second-COUNT_MANY
             count = 518
         mean rate = 258,40 calls/second
     1-minute rate = 0,00 calls/second
     5-minute rate = 0,00 calls/second
    15-minute rate = 0,00 calls/second
               min = 26,32 milliseconds
               max = 50,34 milliseconds
              mean = 34,57 milliseconds
            stddev = 4,23 milliseconds
            median = 33,87 milliseconds
              75% <= 36,89 milliseconds
              95% <= 42,47 milliseconds
              98% <= 45,12 milliseconds
              99% <= 49,20 milliseconds
            99.9% <= 50,34 milliseconds


13.05.2022 16.56.46 ============================================================

-- Timers ----------------------------------------------------------------------
stats-per-second-COUNT_MANY
             count = 819
         mean rate = 271,98 calls/second
     1-minute rate = 0,00 calls/second
     5-minute rate = 0,00 calls/second
    15-minute rate = 0,00 calls/second
               min = 26,45 milliseconds
               max = 49,31 milliseconds
              mean = 33,23 milliseconds
            stddev = 3,49 milliseconds
            median = 32,49 milliseconds
              75% <= 34,93 milliseconds
              95% <= 39,46 milliseconds
              98% <= 41,74 milliseconds
              99% <= 44,82 milliseconds
            99.9% <= 49,31 milliseconds


13.05.2022 16.56.47 ============================================================

-- Timers ----------------------------------------------------------------------
stats-per-second-COUNT_MANY
             count = 1121
         mean rate = 279,56 calls/second
     1-minute rate = 0,00 calls/second
     5-minute rate = 0,00 calls/second
    15-minute rate = 0,00 calls/second
               min = 26,64 milliseconds
               max = 49,57 milliseconds
              mean = 33,53 milliseconds
            stddev = 4,15 milliseconds
            median = 32,91 milliseconds
              75% <= 35,03 milliseconds
              95% <= 41,98 milliseconds
              98% <= 44,30 milliseconds
              99% <= 48,84 milliseconds
            99.9% <= 49,57 milliseconds


13.05.2022 16.56.48 ============================================================

-- Timers ----------------------------------------------------------------------
stats-per-second-COUNT_MANY
             count = 1416
         mean rate = 282,81 calls/second
     1-minute rate = 282,00 calls/second
     5-minute rate = 282,00 calls/second
    15-minute rate = 282,00 calls/second
               min = 27,15 milliseconds
               max = 46,97 milliseconds
              mean = 33,62 milliseconds
            stddev = 3,99 milliseconds
            median = 33,07 milliseconds
              75% <= 35,49 milliseconds
              95% <= 42,09 milliseconds
              98% <= 45,65 milliseconds
              99% <= 46,15 milliseconds
            99.9% <= 46,97 milliseconds


13.05.2022 16.56.49 ============================================================

-- Timers ----------------------------------------------------------------------
stats-per-second-COUNT_MANY
             count = 1705
         mean rate = 283,40 calls/second
     1-minute rate = 282,00 calls/second
     5-minute rate = 282,00 calls/second
    15-minute rate = 282,00 calls/second
               min = 27,35 milliseconds
               max = 58,60 milliseconds
              mean = 35,18 milliseconds
            stddev = 4,49 milliseconds
            median = 34,08 milliseconds
              75% <= 38,21 milliseconds
              95% <= 43,67 milliseconds
              98% <= 44,39 milliseconds
              99% <= 45,54 milliseconds
            99.9% <= 58,60 milliseconds


13.05.2022 16.56.50 ============================================================

-- Timers ----------------------------------------------------------------------
stats-per-second-COUNT_MANY
             count = 1998
         mean rate = 285,17 calls/second
     1-minute rate = 282,00 calls/second
     5-minute rate = 282,00 calls/second
    15-minute rate = 282,00 calls/second
               min = 26,63 milliseconds
               max = 53,90 milliseconds
              mean = 33,49 milliseconds
            stddev = 4,25 milliseconds
            median = 32,47 milliseconds
              75% <= 35,56 milliseconds
              95% <= 40,96 milliseconds
              98% <= 48,10 milliseconds
              99% <= 49,47 milliseconds
            99.9% <= 53,90 milliseconds


13.05.2022 16.56.51 ============================================================

-- Timers ----------------------------------------------------------------------
stats-per-second-COUNT_MANY
             count = 2288
         mean rate = 285,56 calls/second
     1-minute rate = 282,00 calls/second
     5-minute rate = 282,00 calls/second
    15-minute rate = 282,00 calls/second
               min = 27,32 milliseconds
               max = 62,53 milliseconds
              mean = 34,19 milliseconds
            stddev = 4,65 milliseconds
            median = 33,44 milliseconds
              75% <= 35,39 milliseconds
              95% <= 44,24 milliseconds
              98% <= 48,21 milliseconds
              99% <= 49,63 milliseconds
            99.9% <= 62,53 milliseconds


13.05.2022 16.56.52 ============================================================

-- Timers ----------------------------------------------------------------------
stats-per-second-COUNT_MANY
             count = 2597
         mean rate = 288,18 calls/second
     1-minute rate = 282,00 calls/second
     5-minute rate = 282,00 calls/second
    15-minute rate = 282,00 calls/second
               min = 27,16 milliseconds
               max = 48,80 milliseconds
              mean = 32,82 milliseconds
            stddev = 3,37 milliseconds
            median = 32,35 milliseconds
              75% <= 34,93 milliseconds
              95% <= 38,37 milliseconds
              98% <= 42,57 milliseconds
              99% <= 43,99 milliseconds
            99.9% <= 48,80 milliseconds


13.05.2022 16.56.53 ============================================================

-- Timers ----------------------------------------------------------------------
stats-per-second-COUNT_MANY
             count = 2906
         mean rate = 290,42 calls/second
     1-minute rate = 283,38 calls/second
     5-minute rate = 282,28 calls/second
    15-minute rate = 282,10 calls/second
               min = 23,30 milliseconds
               max = 49,33 milliseconds
              mean = 32,05 milliseconds
            stddev = 3,47 milliseconds
            median = 31,37 milliseconds
              75% <= 33,27 milliseconds
              95% <= 39,27 milliseconds
              98% <= 43,22 milliseconds
              99% <= 44,83 milliseconds
            99.9% <= 49,33 milliseconds


13.05.2022 16.56.54 ============================================================

-- Timers ----------------------------------------------------------------------
stats-per-second-COUNT_MANY
             count = 3207
         mean rate = 291,25 calls/second
     1-minute rate = 283,38 calls/second
     5-minute rate = 282,28 calls/second
    15-minute rate = 282,10 calls/second
               min = 27,67 milliseconds
               max = 68,98 milliseconds
              mean = 33,60 milliseconds
            stddev = 4,48 milliseconds
            median = 32,69 milliseconds
              75% <= 34,60 milliseconds
              95% <= 38,93 milliseconds
              98% <= 47,42 milliseconds
              99% <= 50,96 milliseconds
            99.9% <= 68,98 milliseconds


13.05.2022 16.56.55 ============================================================

-- Timers ----------------------------------------------------------------------
stats-per-second-COUNT_MANY
             count = 3503
         mean rate = 291,60 calls/second
     1-minute rate = 283,38 calls/second
     5-minute rate = 282,28 calls/second
    15-minute rate = 282,10 calls/second
               min = 27,05 milliseconds
               max = 47,67 milliseconds
              mean = 33,37 milliseconds
            stddev = 3,38 milliseconds
            median = 32,77 milliseconds
              75% <= 35,03 milliseconds
              95% <= 39,19 milliseconds
              98% <= 41,35 milliseconds
              99% <= 44,98 milliseconds
            99.9% <= 47,67 milliseconds


13.05.2022 16.56.56 ============================================================

-- Timers ----------------------------------------------------------------------
stats-per-second-COUNT_MANY
             count = 3817
         mean rate = 293,26 calls/second
     1-minute rate = 283,38 calls/second
     5-minute rate = 282,28 calls/second
    15-minute rate = 282,10 calls/second
               min = 27,17 milliseconds
               max = 50,83 milliseconds
              mean = 32,13 milliseconds
            stddev = 2,76 milliseconds
            median = 31,87 milliseconds
              75% <= 33,63 milliseconds
              95% <= 36,85 milliseconds
              98% <= 38,09 milliseconds
              99% <= 41,01 milliseconds
            99.9% <= 50,83 milliseconds


13.05.2022 16.56.57 ============================================================

-- Timers ----------------------------------------------------------------------
stats-per-second-COUNT_MANY
             count = 4120
         mean rate = 293,90 calls/second
     1-minute rate = 283,38 calls/second
     5-minute rate = 282,28 calls/second
    15-minute rate = 282,10 calls/second
               min = 27,54 milliseconds
               max = 52,42 milliseconds
              mean = 32,94 milliseconds
            stddev = 4,36 milliseconds
            median = 32,02 milliseconds
              75% <= 33,90 milliseconds
              95% <= 40,80 milliseconds
              98% <= 48,29 milliseconds
              99% <= 50,58 milliseconds
            99.9% <= 52,42 milliseconds


13.05.2022 16.56.58 ============================================================

-- Timers ----------------------------------------------------------------------
stats-per-second-COUNT_MANY
             count = 4429
         mean rate = 295,05 calls/second
     1-minute rate = 285,04 calls/second
     5-minute rate = 282,65 calls/second
    15-minute rate = 282,22 calls/second
               min = 27,73 milliseconds
               max = 46,97 milliseconds
              mean = 32,23 milliseconds
            stddev = 2,99 milliseconds
            median = 31,77 milliseconds
              75% <= 33,64 milliseconds
              95% <= 37,59 milliseconds
              98% <= 40,63 milliseconds
              99% <= 41,41 milliseconds
            99.9% <= 46,97 milliseconds


13.05.2022 16.56.59 ============================================================

-- Timers ----------------------------------------------------------------------
stats-per-second-COUNT_MANY
             count = 4732
         mean rate = 295,61 calls/second
     1-minute rate = 285,04 calls/second
     5-minute rate = 282,65 calls/second
    15-minute rate = 282,22 calls/second
               min = 22,27 milliseconds
               max = 46,58 milliseconds
              mean = 32,84 milliseconds
            stddev = 3,06 milliseconds
            median = 32,78 milliseconds
              75% <= 34,49 milliseconds
              95% <= 38,38 milliseconds
              98% <= 40,78 milliseconds
              99% <= 42,67 milliseconds
            99.9% <= 46,58 milliseconds


13.05.2022 16.57.00 ============================================================

-- Timers ----------------------------------------------------------------------
stats-per-second-COUNT_MANY
             count = 5030
         mean rate = 295,80 calls/second
     1-minute rate = 285,04 calls/second
     5-minute rate = 282,65 calls/second
    15-minute rate = 282,22 calls/second
               min = 26,54 milliseconds
               max = 62,20 milliseconds
              mean = 33,92 milliseconds
            stddev = 5,37 milliseconds
            median = 32,97 milliseconds
              75% <= 35,36 milliseconds
              95% <= 45,00 milliseconds
              98% <= 51,70 milliseconds
              99% <= 57,20 milliseconds
            99.9% <= 62,20 milliseconds


13.05.2022 16.57.01 ============================================================

-- Timers ----------------------------------------------------------------------
stats-per-second-COUNT_MANY
             count = 5317
         mean rate = 295,23 calls/second
     1-minute rate = 285,04 calls/second
     5-minute rate = 282,65 calls/second
    15-minute rate = 282,22 calls/second
               min = 28,09 milliseconds
               max = 56,76 milliseconds
              mean = 34,21 milliseconds
            stddev = 4,87 milliseconds
            median = 33,29 milliseconds
              75% <= 35,24 milliseconds
              95% <= 40,84 milliseconds
              98% <= 55,61 milliseconds
              99% <= 55,97 milliseconds
            99.9% <= 56,76 milliseconds


13.05.2022 16.57.02 ============================================================

-- Timers ----------------------------------------------------------------------
stats-per-second-COUNT_MANY
             count = 5629
         mean rate = 296,16 calls/second
     1-minute rate = 285,04 calls/second
     5-minute rate = 282,65 calls/second
    15-minute rate = 282,22 calls/second
               min = 26,66 milliseconds
               max = 44,48 milliseconds
              mean = 32,22 milliseconds
            stddev = 3,33 milliseconds
            median = 31,49 milliseconds
              75% <= 34,21 milliseconds
              95% <= 38,92 milliseconds
              98% <= 39,70 milliseconds
              99% <= 41,41 milliseconds
            99.9% <= 44,48 milliseconds


13.05.2022 16.57.03 ============================================================

-- Timers ----------------------------------------------------------------------
stats-per-second-COUNT_MANY
             count = 5929
         mean rate = 296,42 calls/second
     1-minute rate = 286,25 calls/second
     5-minute rate = 282,94 calls/second
    15-minute rate = 282,32 calls/second
               min = 26,80 milliseconds
               max = 51,79 milliseconds
              mean = 33,08 milliseconds
            stddev = 4,07 milliseconds
            median = 32,29 milliseconds
              75% <= 34,63 milliseconds
              95% <= 40,74 milliseconds
              98% <= 45,12 milliseconds
              99% <= 51,13 milliseconds
            99.9% <= 51,79 milliseconds


13.05.2022 16.57.04 ============================================================

-- Timers ----------------------------------------------------------------------
stats-per-second-COUNT_MANY
             count = 6233
         mean rate = 296,68 calls/second
     1-minute rate = 286,25 calls/second
     5-minute rate = 282,94 calls/second
    15-minute rate = 282,32 calls/second
               min = 27,54 milliseconds
               max = 44,70 milliseconds
              mean = 33,15 milliseconds
            stddev = 3,38 milliseconds
            median = 32,38 milliseconds
              75% <= 34,43 milliseconds
              95% <= 40,03 milliseconds
              98% <= 44,18 milliseconds
              99% <= 44,47 milliseconds
            99.9% <= 44,70 milliseconds


13.05.2022 16.57.05 ============================================================

-- Timers ----------------------------------------------------------------------
stats-per-second-COUNT_MANY
             count = 6539
         mean rate = 297,02 calls/second
     1-minute rate = 286,25 calls/second
     5-minute rate = 282,94 calls/second
    15-minute rate = 282,32 calls/second
               min = 27,29 milliseconds
               max = 44,59 milliseconds
              mean = 32,48 milliseconds
            stddev = 3,00 milliseconds
            median = 32,07 milliseconds
              75% <= 34,04 milliseconds
              95% <= 37,70 milliseconds
              98% <= 40,79 milliseconds
              99% <= 42,87 milliseconds
            99.9% <= 44,59 milliseconds


13.05.2022 16.57.06 ============================================================

-- Timers ----------------------------------------------------------------------
stats-per-second-COUNT_MANY
             count = 6842
         mean rate = 297,36 calls/second
     1-minute rate = 286,25 calls/second
     5-minute rate = 282,94 calls/second
    15-minute rate = 282,32 calls/second
               min = 27,20 milliseconds
               max = 48,39 milliseconds
              mean = 33,05 milliseconds
            stddev = 3,77 milliseconds
            median = 32,31 milliseconds
              75% <= 34,31 milliseconds
              95% <= 40,27 milliseconds
              98% <= 47,17 milliseconds
              99% <= 47,64 milliseconds
            99.9% <= 48,39 milliseconds


13.05.2022 16.57.07 ============================================================

-- Timers ----------------------------------------------------------------------
stats-per-second-COUNT_MANY
             count = 7152
         mean rate = 297,79 calls/second
     1-minute rate = 286,25 calls/second
     5-minute rate = 282,94 calls/second
    15-minute rate = 282,32 calls/second
               min = 26,90 milliseconds
               max = 41,21 milliseconds
              mean = 32,25 milliseconds
            stddev = 2,79 milliseconds
            median = 31,98 milliseconds
              75% <= 33,59 milliseconds
              95% <= 38,30 milliseconds
              98% <= 39,74 milliseconds
              99% <= 40,17 milliseconds
            99.9% <= 41,21 milliseconds


13.05.2022 16.57.08 ============================================================

-- Timers ----------------------------------------------------------------------
stats-per-second-COUNT_MANY
             count = 7450
         mean rate = 297,89 calls/second
     1-minute rate = 287,70 calls/second
     5-minute rate = 283,29 calls/second
    15-minute rate = 282,44 calls/second
               min = 27,14 milliseconds
               max = 63,62 milliseconds
              mean = 33,66 milliseconds
            stddev = 4,36 milliseconds
            median = 32,60 milliseconds
              75% <= 35,30 milliseconds
              95% <= 40,36 milliseconds
              98% <= 43,86 milliseconds
              99% <= 55,59 milliseconds
            99.9% <= 63,62 milliseconds


13.05.2022 16.57.09 ============================================================

-- Timers ----------------------------------------------------------------------
stats-per-second-COUNT_MANY
             count = 7754
         mean rate = 298,00 calls/second
     1-minute rate = 287,70 calls/second
     5-minute rate = 283,29 calls/second
    15-minute rate = 282,44 calls/second
               min = 26,49 milliseconds
               max = 46,38 milliseconds
              mean = 33,18 milliseconds
            stddev = 3,24 milliseconds
            median = 32,81 milliseconds
              75% <= 34,92 milliseconds
              95% <= 39,14 milliseconds
              98% <= 41,11 milliseconds
              99% <= 43,07 milliseconds
            99.9% <= 46,38 milliseconds


13.05.2022 16.57.10 ============================================================

-- Timers ----------------------------------------------------------------------
stats-per-second-COUNT_MANY
             count = 8058
         mean rate = 298,35 calls/second
     1-minute rate = 287,70 calls/second
     5-minute rate = 283,29 calls/second
    15-minute rate = 282,44 calls/second
               min = 26,45 milliseconds
               max = 41,72 milliseconds
              mean = 32,35 milliseconds
            stddev = 2,65 milliseconds
            median = 32,09 milliseconds
              75% <= 33,99 milliseconds
              95% <= 37,34 milliseconds
              98% <= 38,79 milliseconds
              99% <= 40,26 milliseconds
            99.9% <= 41,72 milliseconds


13.05.2022 16.57.11 ============================================================

-- Timers ----------------------------------------------------------------------
stats-per-second-COUNT_MANY
             count = 8362
         mean rate = 298,52 calls/second
     1-minute rate = 287,70 calls/second
     5-minute rate = 283,29 calls/second
    15-minute rate = 282,44 calls/second
               min = 26,67 milliseconds
               max = 45,51 milliseconds
              mean = 32,96 milliseconds
            stddev = 3,18 milliseconds
            median = 32,62 milliseconds
              75% <= 34,21 milliseconds
              95% <= 38,34 milliseconds
              98% <= 43,73 milliseconds
              99% <= 44,44 milliseconds
            99.9% <= 45,51 milliseconds


13.05.2022 16.57.12 ============================================================

-- Timers ----------------------------------------------------------------------
stats-per-second-COUNT_MANY
             count = 8666
         mean rate = 298,69 calls/second
     1-minute rate = 287,70 calls/second
     5-minute rate = 283,29 calls/second
    15-minute rate = 282,44 calls/second
               min = 27,79 milliseconds
               max = 44,10 milliseconds
              mean = 33,08 milliseconds
            stddev = 2,89 milliseconds
            median = 32,32 milliseconds
              75% <= 34,55 milliseconds
              95% <= 38,90 milliseconds
              98% <= 39,94 milliseconds
              99% <= 40,65 milliseconds
            99.9% <= 44,10 milliseconds


13.05.2022 16.57.13 ============================================================

-- Timers ----------------------------------------------------------------------
stats-per-second-COUNT_MANY
             count = 8969
         mean rate = 298,89 calls/second
     1-minute rate = 288,99 calls/second
     5-minute rate = 283,63 calls/second
    15-minute rate = 282,56 calls/second
               min = 27,32 milliseconds
               max = 42,80 milliseconds
              mean = 33,00 milliseconds
            stddev = 2,85 milliseconds
            median = 32,72 milliseconds
              75% <= 34,49 milliseconds
              95% <= 38,67 milliseconds
              98% <= 40,32 milliseconds
              99% <= 41,18 milliseconds
            99.9% <= 42,80 milliseconds


13.05.2022 16.57.14 ============================================================

-- Timers ----------------------------------------------------------------------
stats-per-second-COUNT_MANY
             count = 9274
         mean rate = 299,08 calls/second
     1-minute rate = 288,99 calls/second
     5-minute rate = 283,63 calls/second
    15-minute rate = 282,56 calls/second
               min = 26,36 milliseconds
               max = 42,53 milliseconds
              mean = 32,56 milliseconds
            stddev = 3,34 milliseconds
            median = 32,41 milliseconds
              75% <= 34,33 milliseconds
              95% <= 39,59 milliseconds
              98% <= 40,53 milliseconds
              99% <= 41,42 milliseconds
            99.9% <= 42,53 milliseconds


13.05.2022 16.57.15 ============================================================

-- Timers ----------------------------------------------------------------------
stats-per-second-COUNT_MANY
             count = 9573
         mean rate = 299,06 calls/second
     1-minute rate = 288,99 calls/second
     5-minute rate = 283,63 calls/second
    15-minute rate = 282,56 calls/second
               min = 26,80 milliseconds
               max = 49,52 milliseconds
              mean = 33,27 milliseconds
            stddev = 3,28 milliseconds
            median = 32,54 milliseconds
              75% <= 34,50 milliseconds
              95% <= 39,02 milliseconds
              98% <= 45,07 milliseconds
              99% <= 46,03 milliseconds
            99.9% <= 49,52 milliseconds


13.05.2022 16.57.16 ============================================================

-- Timers ----------------------------------------------------------------------
stats-per-second-COUNT_MANY
             count = 9881
         mean rate = 299,35 calls/second
     1-minute rate = 288,99 calls/second
     5-minute rate = 283,63 calls/second
    15-minute rate = 282,56 calls/second
               min = 26,72 milliseconds
               max = 47,75 milliseconds
              mean = 32,94 milliseconds
            stddev = 3,58 milliseconds
            median = 32,32 milliseconds
              75% <= 34,97 milliseconds
              95% <= 39,65 milliseconds
              98% <= 42,82 milliseconds
              99% <= 43,33 milliseconds
            99.9% <= 47,75 milliseconds


13.05.2022 16.57.17 ============================================================

-- Timers ----------------------------------------------------------------------
stats-per-second-COUNT_MANY
             count = 10147
         mean rate = 298,36 calls/second
     1-minute rate = 288,99 calls/second
     5-minute rate = 283,63 calls/second
    15-minute rate = 282,56 calls/second
               min = 27,53 milliseconds
               max = 89,62 milliseconds
              mean = 37,57 milliseconds
            stddev = 12,84 milliseconds
            median = 33,83 milliseconds
              75% <= 37,02 milliseconds
              95% <= 73,73 milliseconds
              98% <= 88,98 milliseconds
              99% <= 89,31 milliseconds
            99.9% <= 89,62 milliseconds


13.05.2022 16.57.18 ============================================================

-- Timers ----------------------------------------------------------------------
stats-per-second-COUNT_MANY
             count = 10448
         mean rate = 298,39 calls/second
     1-minute rate = 289,45 calls/second
     5-minute rate = 283,82 calls/second
    15-minute rate = 282,63 calls/second
               min = 25,02 milliseconds
               max = 42,03 milliseconds
              mean = 33,11 milliseconds
            stddev = 2,75 milliseconds
            median = 32,95 milliseconds
              75% <= 34,30 milliseconds
              95% <= 38,80 milliseconds
              98% <= 41,10 milliseconds
              99% <= 41,61 milliseconds
            99.9% <= 42,03 milliseconds


13.05.2022 16.57.19 ============================================================

-- Timers ----------------------------------------------------------------------
stats-per-second-COUNT_MANY
             count = 10757
         mean rate = 298,70 calls/second
     1-minute rate = 289,45 calls/second
     5-minute rate = 283,82 calls/second
    15-minute rate = 282,63 calls/second
               min = 25,30 milliseconds
               max = 45,84 milliseconds
              mean = 32,02 milliseconds
            stddev = 2,70 milliseconds
            median = 31,65 milliseconds
              75% <= 33,32 milliseconds
              95% <= 36,79 milliseconds
              98% <= 38,57 milliseconds
              99% <= 41,80 milliseconds
            99.9% <= 45,84 milliseconds


13.05.2022 16.57.20 ============================================================

-- Timers ----------------------------------------------------------------------
stats-per-second-COUNT_MANY
             count = 11066
         mean rate = 299,01 calls/second
     1-minute rate = 289,45 calls/second
     5-minute rate = 283,82 calls/second
    15-minute rate = 282,63 calls/second
               min = 27,60 milliseconds
               max = 41,34 milliseconds
              mean = 32,53 milliseconds
            stddev = 2,58 milliseconds
            median = 32,34 milliseconds
              75% <= 34,01 milliseconds
              95% <= 37,22 milliseconds
              98% <= 38,46 milliseconds
              99% <= 39,33 milliseconds
            99.9% <= 41,34 milliseconds


13.05.2022 16.57.21 ============================================================

-- Timers ----------------------------------------------------------------------
stats-per-second-COUNT_MANY
             count = 11361
         mean rate = 298,91 calls/second
     1-minute rate = 289,45 calls/second
     5-minute rate = 283,82 calls/second
    15-minute rate = 282,63 calls/second
               min = 27,10 milliseconds
               max = 46,68 milliseconds
              mean = 34,05 milliseconds
            stddev = 3,95 milliseconds
            median = 33,11 milliseconds
              75% <= 36,77 milliseconds
              95% <= 42,06 milliseconds
              98% <= 44,82 milliseconds
              99% <= 46,32 milliseconds
            99.9% <= 46,68 milliseconds


13.05.2022 16.57.22 ============================================================

-- Timers ----------------------------------------------------------------------
stats-per-second-COUNT_MANY
             count = 11642
         mean rate = 298,45 calls/second
     1-minute rate = 289,45 calls/second
     5-minute rate = 283,82 calls/second
    15-minute rate = 282,63 calls/second
               min = 27,08 milliseconds
               max = 79,49 milliseconds
              mean = 35,48 milliseconds
            stddev = 9,87 milliseconds
            median = 32,48 milliseconds
              75% <= 35,46 milliseconds
              95% <= 66,70 milliseconds
              98% <= 72,51 milliseconds
              99% <= 78,06 milliseconds
            99.9% <= 79,49 milliseconds


13.05.2022 16.57.23 ============================================================

-- Timers ----------------------------------------------------------------------
stats-per-second-COUNT_MANY
             count = 11943
         mean rate = 298,52 calls/second
     1-minute rate = 290,30 calls/second
     5-minute rate = 284,08 calls/second
    15-minute rate = 282,72 calls/second
               min = 27,18 milliseconds
               max = 48,07 milliseconds
              mean = 32,82 milliseconds
            stddev = 3,44 milliseconds
            median = 32,11 milliseconds
              75% <= 33,83 milliseconds
              95% <= 41,84 milliseconds
              98% <= 44,22 milliseconds
              99% <= 44,38 milliseconds
            99.9% <= 48,07 milliseconds


13.05.2022 16.57.24 ============================================================

-- Timers ----------------------------------------------------------------------
stats-per-second-COUNT_MANY
             count = 12209
         mean rate = 297,72 calls/second
     1-minute rate = 290,30 calls/second
     5-minute rate = 284,08 calls/second
    15-minute rate = 282,72 calls/second
               min = 25,36 milliseconds
               max = 100,76 milliseconds
              mean = 38,25 milliseconds
            stddev = 12,80 milliseconds
            median = 33,53 milliseconds
              75% <= 38,36 milliseconds
              95% <= 63,48 milliseconds
              98% <= 82,66 milliseconds
              99% <= 98,90 milliseconds
            99.9% <= 100,76 milliseconds


13.05.2022 16.57.25 ============================================================

-- Timers ----------------------------------------------------------------------
stats-per-second-COUNT_MANY
             count = 12471
         mean rate = 296,87 calls/second
     1-minute rate = 290,30 calls/second
     5-minute rate = 284,08 calls/second
    15-minute rate = 282,72 calls/second
               min = 28,07 milliseconds
               max = 91,92 milliseconds
              mean = 38,00 milliseconds
            stddev = 12,58 milliseconds
            median = 33,79 milliseconds
              75% <= 36,59 milliseconds
              95% <= 69,05 milliseconds
              98% <= 86,82 milliseconds
              99% <= 91,05 milliseconds
            99.9% <= 91,92 milliseconds


13.05.2022 16.57.26 ============================================================

-- Timers ----------------------------------------------------------------------
stats-per-second-COUNT_MANY
             count = 12756
         mean rate = 296,60 calls/second
     1-minute rate = 290,30 calls/second
     5-minute rate = 284,08 calls/second
    15-minute rate = 282,72 calls/second
               min = 27,62 milliseconds
               max = 89,55 milliseconds
              mean = 34,75 milliseconds
            stddev = 7,28 milliseconds
            median = 33,18 milliseconds
              75% <= 35,71 milliseconds
              95% <= 43,97 milliseconds
              98% <= 60,37 milliseconds
              99% <= 85,43 milliseconds
            99.9% <= 89,55 milliseconds


13.05.2022 16.57.27 ============================================================

-- Timers ----------------------------------------------------------------------
stats-per-second-COUNT_MANY
             count = 13060
         mean rate = 296,76 calls/second
     1-minute rate = 290,30 calls/second
     5-minute rate = 284,08 calls/second
    15-minute rate = 282,72 calls/second
               min = 27,16 milliseconds
               max = 41,31 milliseconds
              mean = 33,00 milliseconds
            stddev = 2,79 milliseconds
            median = 32,67 milliseconds
              75% <= 34,30 milliseconds
              95% <= 39,00 milliseconds
              98% <= 39,76 milliseconds
              99% <= 40,72 milliseconds
            99.9% <= 41,31 milliseconds


13.05.2022 16.57.28 ============================================================

-- Timers ----------------------------------------------------------------------
stats-per-second-COUNT_MANY
             count = 13367
         mean rate = 296,99 calls/second
     1-minute rate = 289,75 calls/second
     5-minute rate = 284,07 calls/second
    15-minute rate = 282,73 calls/second
               min = 27,12 milliseconds
               max = 50,40 milliseconds
              mean = 32,86 milliseconds
            stddev = 3,51 milliseconds
            median = 32,00 milliseconds
              75% <= 34,44 milliseconds
              95% <= 39,28 milliseconds
              98% <= 45,30 milliseconds
              99% <= 46,37 milliseconds
            99.9% <= 50,40 milliseconds


13.05.2022 16.57.29 ============================================================

-- Timers ----------------------------------------------------------------------
stats-per-second-COUNT_MANY
             count = 13661
         mean rate = 296,93 calls/second
     1-minute rate = 289,75 calls/second
     5-minute rate = 284,07 calls/second
    15-minute rate = 282,73 calls/second
               min = 27,41 milliseconds
               max = 52,49 milliseconds
              mean = 33,79 milliseconds
            stddev = 4,05 milliseconds
            median = 33,22 milliseconds
              75% <= 35,44 milliseconds
              95% <= 41,47 milliseconds
              98% <= 47,33 milliseconds
              99% <= 51,93 milliseconds
            99.9% <= 52,49 milliseconds


13.05.2022 16.57.30 ============================================================

-- Timers ----------------------------------------------------------------------
stats-per-second-COUNT_MANY
             count = 13959
         mean rate = 296,95 calls/second
     1-minute rate = 289,75 calls/second
     5-minute rate = 284,07 calls/second
    15-minute rate = 282,73 calls/second
               min = 27,16 milliseconds
               max = 58,10 milliseconds
              mean = 33,66 milliseconds
            stddev = 4,09 milliseconds
            median = 33,03 milliseconds
              75% <= 35,08 milliseconds
              95% <= 41,53 milliseconds
              98% <= 47,09 milliseconds
              99% <= 47,53 milliseconds
            99.9% <= 58,10 milliseconds


13.05.2022 16.57.31 ============================================================

-- Timers ----------------------------------------------------------------------
stats-per-second-COUNT_MANY
             count = 14232
         mean rate = 296,43 calls/second
     1-minute rate = 289,75 calls/second
     5-minute rate = 284,07 calls/second
    15-minute rate = 282,73 calls/second
               min = 26,76 milliseconds
               max = 108,24 milliseconds
              mean = 36,48 milliseconds
            stddev = 14,37 milliseconds
            median = 32,39 milliseconds
              75% <= 35,14 milliseconds
              95% <= 68,64 milliseconds
              98% <= 102,38 milliseconds
              99% <= 106,70 milliseconds
            99.9% <= 108,24 milliseconds


13.05.2022 16.57.32 ============================================================

-- Timers ----------------------------------------------------------------------
stats-per-second-COUNT_MANY
             count = 14541
         mean rate = 296,70 calls/second
     1-minute rate = 289,75 calls/second
     5-minute rate = 284,07 calls/second
    15-minute rate = 282,73 calls/second
               min = 28,05 milliseconds
               max = 41,06 milliseconds
              mean = 32,23 milliseconds
            stddev = 2,64 milliseconds
            median = 31,90 milliseconds
              75% <= 33,50 milliseconds
              95% <= 37,62 milliseconds
              98% <= 39,51 milliseconds
              99% <= 39,89 milliseconds
            99.9% <= 41,06 milliseconds


13.05.2022 16.57.33 ============================================================

-- Timers ----------------------------------------------------------------------
stats-per-second-COUNT_MANY
             count = 14841
         mean rate = 296,78 calls/second
     1-minute rate = 290,26 calls/second
     5-minute rate = 284,27 calls/second
    15-minute rate = 282,80 calls/second
               min = 26,24 milliseconds
               max = 43,80 milliseconds
              mean = 33,29 milliseconds
            stddev = 2,81 milliseconds
            median = 32,93 milliseconds
              75% <= 34,65 milliseconds
              95% <= 38,77 milliseconds
              98% <= 40,92 milliseconds
              99% <= 41,45 milliseconds
            99.9% <= 43,80 milliseconds


13.05.2022 16.57.34 ============================================================

-- Timers ----------------------------------------------------------------------
stats-per-second-COUNT_MANY
             count = 15154
         mean rate = 297,09 calls/second
     1-minute rate = 290,26 calls/second
     5-minute rate = 284,27 calls/second
    15-minute rate = 282,80 calls/second
               min = 26,53 milliseconds
               max = 41,06 milliseconds
              mean = 32,02 milliseconds
            stddev = 2,81 milliseconds
            median = 31,75 milliseconds
              75% <= 33,77 milliseconds
              95% <= 37,13 milliseconds
              98% <= 38,35 milliseconds
              99% <= 40,24 milliseconds
            99.9% <= 41,06 milliseconds


13.05.2022 16.57.35 ============================================================

-- Timers ----------------------------------------------------------------------
stats-per-second-COUNT_MANY
             count = 15460
         mean rate = 297,24 calls/second
     1-minute rate = 290,26 calls/second
     5-minute rate = 284,27 calls/second
    15-minute rate = 282,80 calls/second
               min = 27,16 milliseconds
               max = 53,61 milliseconds
              mean = 32,39 milliseconds
            stddev = 3,80 milliseconds
            median = 31,70 milliseconds
              75% <= 33,92 milliseconds
              95% <= 38,11 milliseconds
              98% <= 42,75 milliseconds
              99% <= 50,26 milliseconds
            99.9% <= 53,61 milliseconds


13.05.2022 16.57.36 ============================================================

-- Timers ----------------------------------------------------------------------
stats-per-second-COUNT_MANY
             count = 15762
         mean rate = 297,36 calls/second
     1-minute rate = 290,26 calls/second
     5-minute rate = 284,27 calls/second
    15-minute rate = 282,80 calls/second
               min = 26,93 milliseconds
               max = 44,90 milliseconds
              mean = 33,43 milliseconds
            stddev = 3,40 milliseconds
            median = 32,78 milliseconds
              75% <= 35,12 milliseconds
              95% <= 40,51 milliseconds
              98% <= 42,32 milliseconds
              99% <= 43,57 milliseconds
            99.9% <= 44,90 milliseconds


13.05.2022 16.57.37 ============================================================

-- Timers ----------------------------------------------------------------------
stats-per-second-COUNT_MANY
             count = 16069
         mean rate = 297,52 calls/second
     1-minute rate = 290,26 calls/second
     5-minute rate = 284,27 calls/second
    15-minute rate = 282,80 calls/second
               min = 26,73 milliseconds
               max = 43,94 milliseconds
              mean = 32,59 milliseconds
            stddev = 3,34 milliseconds
            median = 32,22 milliseconds
              75% <= 34,90 milliseconds
              95% <= 38,61 milliseconds
              98% <= 41,68 milliseconds
              99% <= 41,92 milliseconds
            99.9% <= 43,94 milliseconds


13.05.2022 16.57.38 ============================================================

-- Timers ----------------------------------------------------------------------
stats-per-second-COUNT_MANY
             count = 16372
         mean rate = 297,63 calls/second
     1-minute rate = 291,52 calls/second
     5-minute rate = 284,63 calls/second
    15-minute rate = 282,93 calls/second
               min = 26,24 milliseconds
               max = 57,70 milliseconds
              mean = 32,65 milliseconds
            stddev = 4,26 milliseconds
            median = 32,08 milliseconds
              75% <= 33,79 milliseconds
              95% <= 38,30 milliseconds
              98% <= 47,41 milliseconds
              99% <= 57,32 milliseconds
            99.9% <= 57,70 milliseconds


13.05.2022 16.57.39 ============================================================

-- Timers ----------------------------------------------------------------------
stats-per-second-COUNT_MANY
             count = 16666
         mean rate = 297,55 calls/second
     1-minute rate = 291,52 calls/second
     5-minute rate = 284,63 calls/second
    15-minute rate = 282,93 calls/second
               min = 25,70 milliseconds
               max = 56,40 milliseconds
              mean = 34,45 milliseconds
            stddev = 4,99 milliseconds
            median = 33,44 milliseconds
              75% <= 36,71 milliseconds
              95% <= 44,14 milliseconds
              98% <= 49,28 milliseconds
              99% <= 50,55 milliseconds
            99.9% <= 56,40 milliseconds


13.05.2022 16.57.40 ============================================================

-- Timers ----------------------------------------------------------------------
stats-per-second-COUNT_MANY
             count = 16975
         mean rate = 297,74 calls/second
     1-minute rate = 291,52 calls/second
     5-minute rate = 284,63 calls/second
    15-minute rate = 282,93 calls/second
               min = 27,51 milliseconds
               max = 49,09 milliseconds
              mean = 32,35 milliseconds
            stddev = 2,88 milliseconds
            median = 31,71 milliseconds
              75% <= 33,82 milliseconds
              95% <= 37,22 milliseconds
              98% <= 39,63 milliseconds
              99% <= 43,61 milliseconds
            99.9% <= 49,09 milliseconds


13.05.2022 16.57.41 ============================================================

-- Timers ----------------------------------------------------------------------
stats-per-second-COUNT_MANY
             count = 17283
         mean rate = 297,94 calls/second
     1-minute rate = 291,52 calls/second
     5-minute rate = 284,63 calls/second
    15-minute rate = 282,93 calls/second
               min = 26,72 milliseconds
               max = 40,32 milliseconds
              mean = 32,36 milliseconds
            stddev = 2,47 milliseconds
            median = 32,15 milliseconds
              75% <= 33,39 milliseconds
              95% <= 37,53 milliseconds
              98% <= 38,22 milliseconds
              99% <= 39,24 milliseconds
            99.9% <= 40,32 milliseconds


13.05.2022 16.57.42 ============================================================

-- Timers ----------------------------------------------------------------------
stats-per-second-COUNT_MANY
             count = 17588
         mean rate = 298,05 calls/second
     1-minute rate = 291,52 calls/second
     5-minute rate = 284,63 calls/second
    15-minute rate = 282,93 calls/second
               min = 26,98 milliseconds
               max = 48,72 milliseconds
              mean = 32,83 milliseconds
            stddev = 3,39 milliseconds
            median = 32,09 milliseconds
              75% <= 34,20 milliseconds
              95% <= 39,67 milliseconds
              98% <= 42,00 milliseconds
              99% <= 48,00 milliseconds
            99.9% <= 48,72 milliseconds


13.05.2022 16.57.43 ============================================================

-- Timers ----------------------------------------------------------------------
stats-per-second-COUNT_MANY
             count = 17894
         mean rate = 298,19 calls/second
     1-minute rate = 292,57 calls/second
     5-minute rate = 284,96 calls/second
    15-minute rate = 283,05 calls/second
               min = 26,84 milliseconds
               max = 47,54 milliseconds
              mean = 32,42 milliseconds
            stddev = 3,40 milliseconds
            median = 31,69 milliseconds
              75% <= 33,60 milliseconds
              95% <= 39,64 milliseconds
              98% <= 43,30 milliseconds
              99% <= 46,32 milliseconds
            99.9% <= 47,54 milliseconds


13.05.2022 16.57.44 ============================================================

-- Timers ----------------------------------------------------------------------
stats-per-second-COUNT_MANY
             count = 18199
         mean rate = 298,31 calls/second
     1-minute rate = 292,57 calls/second
     5-minute rate = 284,96 calls/second
    15-minute rate = 283,05 calls/second
               min = 27,61 milliseconds
               max = 45,41 milliseconds
              mean = 32,97 milliseconds
            stddev = 3,45 milliseconds
            median = 32,29 milliseconds
              75% <= 34,26 milliseconds
              95% <= 40,34 milliseconds
              98% <= 43,82 milliseconds
              99% <= 45,02 milliseconds
            99.9% <= 45,41 milliseconds


13.05.2022 16.57.45 ============================================================

-- Timers ----------------------------------------------------------------------
stats-per-second-COUNT_MANY
             count = 18504
         mean rate = 298,38 calls/second
     1-minute rate = 292,57 calls/second
     5-minute rate = 284,96 calls/second
    15-minute rate = 283,05 calls/second
               min = 27,27 milliseconds
               max = 53,91 milliseconds
              mean = 33,16 milliseconds
            stddev = 3,57 milliseconds
            median = 32,45 milliseconds
              75% <= 35,05 milliseconds
              95% <= 39,86 milliseconds
              98% <= 42,34 milliseconds
              99% <= 45,25 milliseconds
            99.9% <= 53,91 milliseconds


13.05.2022 16.57.46 ============================================================

-- Timers ----------------------------------------------------------------------
stats-per-second-COUNT_MANY
             count = 18805
         mean rate = 298,45 calls/second
     1-minute rate = 292,57 calls/second
     5-minute rate = 284,96 calls/second
    15-minute rate = 283,05 calls/second
               min = 26,58 milliseconds
               max = 46,67 milliseconds
              mean = 32,58 milliseconds
            stddev = 3,11 milliseconds
            median = 32,11 milliseconds
              75% <= 33,78 milliseconds
              95% <= 39,05 milliseconds
              98% <= 40,34 milliseconds
              99% <= 41,53 milliseconds
            99.9% <= 46,67 milliseconds


13.05.2022 16.57.47 ============================================================

-- Timers ----------------------------------------------------------------------
stats-per-second-COUNT_MANY
             count = 19122
         mean rate = 298,71 calls/second
     1-minute rate = 292,57 calls/second
     5-minute rate = 284,96 calls/second
    15-minute rate = 283,05 calls/second
               min = 26,26 milliseconds
               max = 44,25 milliseconds
              mean = 32,42 milliseconds
            stddev = 3,21 milliseconds
            median = 31,96 milliseconds
              75% <= 34,15 milliseconds
              95% <= 39,25 milliseconds
              98% <= 41,25 milliseconds
              99% <= 41,55 milliseconds
            99.9% <= 44,25 milliseconds


13.05.2022 16.57.48 ============================================================

-- Timers ----------------------------------------------------------------------
stats-per-second-COUNT_MANY
             count = 19422
         mean rate = 298,76 calls/second
     1-minute rate = 293,53 calls/second
     5-minute rate = 285,29 calls/second
    15-minute rate = 283,17 calls/second
               min = 24,13 milliseconds
               max = 41,73 milliseconds
              mean = 32,82 milliseconds
            stddev = 3,20 milliseconds
            median = 32,58 milliseconds
              75% <= 34,92 milliseconds
              95% <= 39,15 milliseconds
              98% <= 41,05 milliseconds
              99% <= 41,44 milliseconds
            99.9% <= 41,73 milliseconds


13.05.2022 16.57.49 ============================================================

-- Timers ----------------------------------------------------------------------
stats-per-second-COUNT_MANY
             count = 19723
         mean rate = 298,79 calls/second
     1-minute rate = 293,53 calls/second
     5-minute rate = 285,29 calls/second
    15-minute rate = 283,17 calls/second
               min = 27,04 milliseconds
               max = 43,52 milliseconds
              mean = 32,86 milliseconds
            stddev = 3,34 milliseconds
            median = 32,37 milliseconds
              75% <= 34,55 milliseconds
              95% <= 39,80 milliseconds
              98% <= 40,99 milliseconds
              99% <= 41,16 milliseconds
            99.9% <= 43,52 milliseconds


2022-05-13 16:57:49,988 [pool-1-thread-1] INFO  d.i.mongodb.perf.OperationExecutor - Done (in time) in 66906 ms 
2022-05-13 16:57:49,989 [pool-1-thread-1] INFO  d.i.mongodb.perf.OperationExecutor - affected documents: 253949
2022-05-13 16:57:49,989 [pool-1-thread-1] INFO  d.i.mongodb.perf.OperationExecutor - count: 20000
2022-05-13 16:57:49,990 [pool-1-thread-1] INFO  d.i.mongodb.perf.OperationExecutor - FifteenMinuteRate: 283.16853029502096
2022-05-13 16:57:49,990 [main] INFO  d.i.mongodb.perf.MongoDbAccessor - >>> closeConnections 34.89.191.200:27017
2022-05-13 16:57:49,990 [pool-1-thread-1] INFO  d.i.mongodb.perf.OperationExecutor - FiveMinuteRate: 285.2855732196245
2022-05-13 16:57:49,990 [pool-1-thread-1] INFO  d.i.mongodb.perf.OperationExecutor - OneMinuteRate: 293.5298884375396
2022-05-13 16:57:49,991 [pool-1-thread-1] INFO  d.i.mongodb.perf.OperationExecutor - MeanRate: 298.8178415093866
2022-05-13 16:57:49,995 [pool-1-thread-1] INFO  d.i.mongodb.perf.OperationExecutor - Snapshot 75thPercentile: 34.417
2022-05-13 16:57:49,996 [pool-1-thread-1] INFO  d.i.mongodb.perf.OperationExecutor - Snapshot 95thPercentile: 39.315833999999995
2022-05-13 16:57:49,996 [pool-1-thread-1] INFO  d.i.mongodb.perf.OperationExecutor - Snapshot 98thPercentile: 41.845458
2022-05-13 16:57:49,996 [pool-1-thread-1] INFO  d.i.mongodb.perf.OperationExecutor - Snapshot 99thPercentile: 46.157042
2022-05-13 16:57:49,996 [pool-1-thread-1] INFO  d.i.mongodb.perf.OperationExecutor - Snapshot 999thPercentile: 101.65416599999999
2022-05-13 16:57:49,997 [pool-1-thread-1] INFO  d.i.mongodb.perf.OperationExecutor - Snapshot Min: 26.676792
2022-05-13 16:57:49,997 [pool-1-thread-1] INFO  d.i.mongodb.perf.OperationExecutor - Snapshot Max: 101.65416599999999
2022-05-13 16:57:49,997 [pool-1-thread-1] INFO  d.i.mongodb.perf.OperationExecutor - Snapshot Mean: 33.05136306242438
2022-05-13 16:57:49,997 [pool-1-thread-1] INFO  d.i.mongodb.perf.OperationExecutor - Snapshot Median: 32.464
2022-05-13 16:57:49,997 [pool-1-thread-1] INFO  d.i.mongodb.perf.OperationExecutor - Snapshot StdDev: 4.394150319811792
2022-05-13 16:57:49,997 [pool-1-thread-1] INFO  d.i.mongodb.perf.OperationExecutor - Snapshot Size: 1028
13.05.2022 16.57.49 ============================================================

-- Timers ----------------------------------------------------------------------
stats-per-run-COUNT_MANY
             count = 20000
         mean rate = 298,77 calls/second
     1-minute rate = 293,53 calls/second
     5-minute rate = 285,29 calls/second
    15-minute rate = 283,17 calls/second
               min = 26,68 milliseconds
               max = 101,65 milliseconds
              mean = 33,05 milliseconds
            stddev = 4,39 milliseconds
            median = 32,46 milliseconds
              75% <= 34,42 milliseconds
              95% <= 39,32 milliseconds
              98% <= 41,85 milliseconds
              99% <= 46,16 milliseconds
            99.9% <= 101,65 milliseconds


2022-05-13 16:57:50,004 [pool-1-thread-1] INFO  d.i.mongodb.perf.OperationExecutor - stopReporters
2022-05-13 16:57:50,004 [pool-1-thread-1] INFO  d.i.mongodb.perf.OperationExecutor - consoleReporter stopped
2022-05-13 16:57:50,004 [pool-1-thread-1] INFO  d.i.mongodb.perf.OperationExecutor - allConsoleReporter stopped
2022-05-13 16:57:50,005 [pool-1-thread-1] INFO  d.i.mongodb.perf.OperationExecutor - csvReporter stopped
2022-05-13 16:57:50,005 [pool-1-thread-1] INFO  d.i.mongodb.perf.OperationExecutor - If run took more than 1 second, csv-file 'stats-per-second-COUNT_MANY.csv' saved in folder: /Users/oscarorellana/Desktop/softcorp/doubble/mongodb-performance-test/latest-version
2022-05-13 16:57:50,005 [pool-1-thread-1] INFO  d.i.mongodb.perf.OperationExecutor - csvReporterAll stopped
2022-05-13 16:57:50,005 [pool-1-thread-1] INFO  d.i.mongodb.perf.OperationExecutor - Summary of statistics saved in csv-file 'stats-per-run-COUNT_MANY.csv' located in folder: /Users/oscarorellana/Desktop/softcorp/doubble/mongodb-performance-test/latest-version
2022-05-13 16:57:50,022 [main] INFO  org.mongodb.driver.connection - Closed connection [connectionId{localValue:11, serverValue:1663}] to 34.89.191.200:27017 because the pool has been closed.
2022-05-13 16:57:50,024 [main] INFO  org.mongodb.driver.connection - Closed connection [connectionId{localValue:10, serverValue:1658}] to 34.89.191.200:27017 because the pool has been closed.
2022-05-13 16:57:50,024 [main] INFO  org.mongodb.driver.connection - Closed connection [connectionId{localValue:2, serverValue:1654}] to 34.89.191.200:27017 because the pool has been closed.
2022-05-13 16:57:50,025 [main] INFO  org.mongodb.driver.connection - Closed connection [connectionId{localValue:4, serverValue:1656}] to 34.89.191.200:27017 because the pool has been closed.
2022-05-13 16:57:50,025 [main] INFO  org.mongodb.driver.connection - Closed connection [connectionId{localValue:3, serverValue:1662}] to 34.89.191.200:27017 because the pool has been closed.
2022-05-13 16:57:50,025 [main] INFO  org.mongodb.driver.connection - Closed connection [connectionId{localValue:9, serverValue:1655}] to 34.89.191.200:27017 because the pool has been closed.
2022-05-13 16:57:50,025 [main] INFO  org.mongodb.driver.connection - Closed connection [connectionId{localValue:8, serverValue:1657}] to 34.89.191.200:27017 because the pool has been closed.
2022-05-13 16:57:50,025 [main] INFO  org.mongodb.driver.connection - Closed connection [connectionId{localValue:5, serverValue:1659}] to 34.89.191.200:27017 because the pool has been closed.
2022-05-13 16:57:50,026 [main] INFO  org.mongodb.driver.connection - Closed connection [connectionId{localValue:7, serverValue:1660}] to 34.89.191.200:27017 because the pool has been closed.
2022-05-13 16:57:50,026 [main] INFO  org.mongodb.driver.connection - Closed connection [connectionId{localValue:6, serverValue:1661}] to 34.89.191.200:27017 because the pool has been closed.
2022-05-13 16:57:50,027 [main] INFO  d.i.mongodb.perf.MongoDbAccessor - <<< closeConnections 34.89.191.200:27017
