2022-05-13 16:32:40,471 [main] INFO  d.i.mongodb.perf.MongoDbAccessor - >>> init production-shard-00-01.vx60e.mongodb.net:27017
2022-05-13 16:32:40,560 [main] INFO  org.mongodb.driver.cluster - Cluster created with settings {hosts=[production-shard-00-01.vx60e.mongodb.net:27017], mode=SINGLE, requiredClusterType=UNKNOWN, serverSelectionTimeout='30000 ms', maxWaitQueueSize=50000}
2022-05-13 16:32:40,570 [main] INFO  d.i.mongodb.perf.MongoDbAccessor - <<< init
2022-05-13 16:32:40,577 [main] INFO  org.mongodb.driver.cluster - Cluster description not yet available. Waiting for 30000 ms before timing out
2022-05-13 16:32:40,802 [cluster-ClusterId{value='627e6c0834828b3fb5faa25f', description='null'}-production-shard-00-01.vx60e.mongodb.net:27017] INFO  org.mongodb.driver.connection - Opened connection [connectionId{localValue:1, serverValue:13008}] to production-shard-00-01.vx60e.mongodb.net:27017
2022-05-13 16:32:40,836 [cluster-ClusterId{value='627e6c0834828b3fb5faa25f', description='null'}-production-shard-00-01.vx60e.mongodb.net:27017] INFO  org.mongodb.driver.cluster - Monitor thread successfully connected to server with description ServerDescription{address=production-shard-00-01.vx60e.mongodb.net:27017, type=REPLICA_SET_PRIMARY, state=CONNECTED, ok=true, version=ServerVersion{versionList=[5, 0, 8]}, minWireVersion=0, maxWireVersion=13, maxDocumentSize=16777216, logicalSessionTimeoutMinutes=30, roundTripTimeNanos=33037958, setName='atlas-11ct6i-shard-0', canonicalAddress=production-shard-00-01.vx60e.mongodb.net:27017, hosts=[production-shard-00-00.vx60e.mongodb.net:27017, production-shard-00-01.vx60e.mongodb.net:27017, production-shard-00-02.vx60e.mongodb.net:27017], passives=[], arbiters=[], primary='production-shard-00-01.vx60e.mongodb.net:27017', tagSet=TagSet{[Tag{name='nodeType', value='ELECTABLE'}, Tag{name='provider', value='GCP'}, Tag{name='region', value='EUROPE_WEST_3'}, Tag{name='workloadType', value='OPERATIONAL'}]}, electionId=7fffffff000000000000001c, setVersion=1, lastWriteDate=Fri May 13 16:32:40 CEST 2022, lastUpdateTimeNanos=356705679221666}
2022-05-13 16:32:41,138 [main] INFO  org.mongodb.driver.connection - Opened connection [connectionId{localValue:2, serverValue:13009}] to production-shard-00-01.vx60e.mongodb.net:27017
2022-05-13 16:32:41,237 [main] INFO  d.i.mongodb.perf.OperationExecutor - >>> OperationExecutor threadCount: 10, opsCount: 500, maxDurationInSeconds: 3600, operation: IterateOperation
2022-05-13 16:32:41,237 [main] INFO  d.i.mongodb.perf.OperationExecutor - java execution path: /Users/oscarorellana/Desktop/softcorp/doubble/mongodb-performance-test/latest-version/mongodb-performance-test.jar
2022-05-13 16:32:41,511 [pool-2-thread-5] INFO  org.mongodb.driver.connection - Opened connection [connectionId{localValue:9, serverValue:13012}] to production-shard-00-01.vx60e.mongodb.net:27017
2022-05-13 16:32:41,513 [pool-2-thread-7] INFO  org.mongodb.driver.connection - Opened connection [connectionId{localValue:10, serverValue:13010}] to production-shard-00-01.vx60e.mongodb.net:27017
2022-05-13 16:32:41,518 [pool-2-thread-6] INFO  org.mongodb.driver.connection - Opened connection [connectionId{localValue:8, serverValue:13014}] to production-shard-00-01.vx60e.mongodb.net:27017
2022-05-13 16:32:41,518 [pool-2-thread-1] INFO  org.mongodb.driver.connection - Opened connection [connectionId{localValue:11, serverValue:13013}] to production-shard-00-01.vx60e.mongodb.net:27017
2022-05-13 16:32:41,519 [pool-2-thread-8] INFO  org.mongodb.driver.connection - Opened connection [connectionId{localValue:6, serverValue:13011}] to production-shard-00-01.vx60e.mongodb.net:27017
2022-05-13 16:32:41,527 [pool-2-thread-2] INFO  org.mongodb.driver.connection - Opened connection [connectionId{localValue:4, serverValue:13015}] to production-shard-00-01.vx60e.mongodb.net:27017
2022-05-13 16:32:41,527 [pool-2-thread-9] INFO  org.mongodb.driver.connection - Opened connection [connectionId{localValue:3, serverValue:13016}] to production-shard-00-01.vx60e.mongodb.net:27017
2022-05-13 16:32:41,527 [pool-2-thread-4] INFO  org.mongodb.driver.connection - Opened connection [connectionId{localValue:7, serverValue:13018}] to production-shard-00-01.vx60e.mongodb.net:27017
2022-05-13 16:32:41,547 [pool-2-thread-3] INFO  org.mongodb.driver.connection - Opened connection [connectionId{localValue:5, serverValue:13017}] to production-shard-00-01.vx60e.mongodb.net:27017
13.05.2022 16.32.42 ============================================================

-- Timers ----------------------------------------------------------------------
stats-per-second-ITERATE_MANY
             count = 231
         mean rate = 228,86 calls/second
     1-minute rate = 0,00 calls/second
     5-minute rate = 0,00 calls/second
    15-minute rate = 0,00 calls/second
               min = 27,26 milliseconds
               max = 334,69 milliseconds
              mean = 42,73 milliseconds
            stddev = 54,08 milliseconds
            median = 31,32 milliseconds
              75% <= 33,95 milliseconds
              95% <= 41,13 milliseconds
              98% <= 306,54 milliseconds
              99% <= 313,76 milliseconds
            99.9% <= 334,69 milliseconds


2022-05-13 16:32:43,096 [pool-1-thread-1] INFO  d.i.mongodb.perf.OperationExecutor - Done (in time) in 1854 ms 
2022-05-13 16:32:43,096 [main] INFO  d.i.mongodb.perf.MongoDbAccessor - >>> closeConnections production-shard-00-01.vx60e.mongodb.net:27017
2022-05-13 16:32:43,096 [pool-1-thread-1] INFO  d.i.mongodb.perf.OperationExecutor - affected documents: 4471
2022-05-13 16:32:43,097 [pool-1-thread-1] INFO  d.i.mongodb.perf.OperationExecutor - count: 500
2022-05-13 16:32:43,097 [pool-1-thread-1] INFO  d.i.mongodb.perf.OperationExecutor - FifteenMinuteRate: 0.0
2022-05-13 16:32:43,097 [pool-1-thread-1] INFO  d.i.mongodb.perf.OperationExecutor - FiveMinuteRate: 0.0
2022-05-13 16:32:43,097 [pool-1-thread-1] INFO  d.i.mongodb.perf.OperationExecutor - OneMinuteRate: 0.0
2022-05-13 16:32:43,097 [pool-1-thread-1] INFO  d.i.mongodb.perf.OperationExecutor - MeanRate: 269.3018752836085
2022-05-13 16:32:43,098 [pool-1-thread-1] INFO  d.i.mongodb.perf.OperationExecutor - Snapshot 75thPercentile: 33.688292
2022-05-13 16:32:43,098 [pool-1-thread-1] INFO  d.i.mongodb.perf.OperationExecutor - Snapshot 95thPercentile: 37.2405
2022-05-13 16:32:43,098 [pool-1-thread-1] INFO  d.i.mongodb.perf.OperationExecutor - Snapshot 98thPercentile: 41.519458
2022-05-13 16:32:43,098 [pool-1-thread-1] INFO  d.i.mongodb.perf.OperationExecutor - Snapshot 99thPercentile: 303.861542
2022-05-13 16:32:43,098 [pool-1-thread-1] INFO  d.i.mongodb.perf.OperationExecutor - Snapshot 999thPercentile: 334.704291
2022-05-13 16:32:43,098 [pool-1-thread-1] INFO  d.i.mongodb.perf.OperationExecutor - Snapshot Min: 27.266333
2022-05-13 16:32:43,098 [pool-1-thread-1] INFO  d.i.mongodb.perf.OperationExecutor - Snapshot Max: 334.704291
2022-05-13 16:32:43,098 [pool-1-thread-1] INFO  d.i.mongodb.perf.OperationExecutor - Snapshot Mean: 36.6479462590092
2022-05-13 16:32:43,098 [pool-1-thread-1] INFO  d.i.mongodb.perf.OperationExecutor - Snapshot Median: 31.254707999999997
2022-05-13 16:32:43,098 [pool-1-thread-1] INFO  d.i.mongodb.perf.OperationExecutor - Snapshot StdDev: 36.94423603418968
2022-05-13 16:32:43,098 [pool-1-thread-1] INFO  d.i.mongodb.perf.OperationExecutor - Snapshot Size: 500
13.05.2022 16.32.43 ============================================================

-- Timers ----------------------------------------------------------------------
stats-per-run-ITERATE_MANY
             count = 500
         mean rate = 268,91 calls/second
     1-minute rate = 0,00 calls/second
     5-minute rate = 0,00 calls/second
    15-minute rate = 0,00 calls/second
               min = 27,27 milliseconds
               max = 334,70 milliseconds
              mean = 36,65 milliseconds
            stddev = 36,94 milliseconds
            median = 31,25 milliseconds
              75% <= 33,69 milliseconds
              95% <= 37,24 milliseconds
              98% <= 41,52 milliseconds
              99% <= 303,86 milliseconds
            99.9% <= 334,70 milliseconds


2022-05-13 16:32:43,103 [pool-1-thread-1] INFO  d.i.mongodb.perf.OperationExecutor - stopReporters
2022-05-13 16:32:43,103 [pool-1-thread-1] INFO  d.i.mongodb.perf.OperationExecutor - consoleReporter stopped
2022-05-13 16:32:43,103 [pool-1-thread-1] INFO  d.i.mongodb.perf.OperationExecutor - allConsoleReporter stopped
2022-05-13 16:32:43,103 [pool-1-thread-1] INFO  d.i.mongodb.perf.OperationExecutor - csvReporter stopped
2022-05-13 16:32:43,103 [pool-1-thread-1] INFO  d.i.mongodb.perf.OperationExecutor - If run took more than 1 second, csv-file 'stats-per-second-ITERATE_MANY.csv' saved in folder: /Users/oscarorellana/Desktop/softcorp/doubble/mongodb-performance-test/latest-version
2022-05-13 16:32:43,103 [pool-1-thread-1] INFO  d.i.mongodb.perf.OperationExecutor - csvReporterAll stopped
2022-05-13 16:32:43,104 [pool-1-thread-1] INFO  d.i.mongodb.perf.OperationExecutor - Summary of statistics saved in csv-file 'stats-per-run-ITERATE_MANY.csv' located in folder: /Users/oscarorellana/Desktop/softcorp/doubble/mongodb-performance-test/latest-version
2022-05-13 16:32:43,125 [main] INFO  org.mongodb.driver.connection - Closed connection [connectionId{localValue:8, serverValue:13014}] to production-shard-00-01.vx60e.mongodb.net:27017 because the pool has been closed.
2022-05-13 16:32:43,126 [main] INFO  org.mongodb.driver.connection - Closed connection [connectionId{localValue:9, serverValue:13012}] to production-shard-00-01.vx60e.mongodb.net:27017 because the pool has been closed.
2022-05-13 16:32:43,127 [main] INFO  org.mongodb.driver.connection - Closed connection [connectionId{localValue:3, serverValue:13016}] to production-shard-00-01.vx60e.mongodb.net:27017 because the pool has been closed.
2022-05-13 16:32:43,127 [main] INFO  org.mongodb.driver.connection - Closed connection [connectionId{localValue:11, serverValue:13013}] to production-shard-00-01.vx60e.mongodb.net:27017 because the pool has been closed.
2022-05-13 16:32:43,127 [main] INFO  org.mongodb.driver.connection - Closed connection [connectionId{localValue:6, serverValue:13011}] to production-shard-00-01.vx60e.mongodb.net:27017 because the pool has been closed.
2022-05-13 16:32:43,127 [main] INFO  org.mongodb.driver.connection - Closed connection [connectionId{localValue:10, serverValue:13010}] to production-shard-00-01.vx60e.mongodb.net:27017 because the pool has been closed.
2022-05-13 16:32:43,127 [main] INFO  org.mongodb.driver.connection - Closed connection [connectionId{localValue:7, serverValue:13018}] to production-shard-00-01.vx60e.mongodb.net:27017 because the pool has been closed.
2022-05-13 16:32:43,127 [main] INFO  org.mongodb.driver.connection - Closed connection [connectionId{localValue:5, serverValue:13017}] to production-shard-00-01.vx60e.mongodb.net:27017 because the pool has been closed.
2022-05-13 16:32:43,127 [main] INFO  org.mongodb.driver.connection - Closed connection [connectionId{localValue:2, serverValue:13009}] to production-shard-00-01.vx60e.mongodb.net:27017 because the pool has been closed.
2022-05-13 16:32:43,127 [main] INFO  org.mongodb.driver.connection - Closed connection [connectionId{localValue:4, serverValue:13015}] to production-shard-00-01.vx60e.mongodb.net:27017 because the pool has been closed.
2022-05-13 16:32:43,128 [main] INFO  d.i.mongodb.perf.MongoDbAccessor - <<< closeConnections production-shard-00-01.vx60e.mongodb.net:27017
