2022-05-13 16:32:31,178 [main] INFO  d.i.mongodb.perf.MongoDbAccessor - >>> init production-shard-00-01.vx60e.mongodb.net:27017
2022-05-13 16:32:31,268 [main] INFO  org.mongodb.driver.cluster - Cluster created with settings {hosts=[production-shard-00-01.vx60e.mongodb.net:27017], mode=SINGLE, requiredClusterType=UNKNOWN, serverSelectionTimeout='30000 ms', maxWaitQueueSize=50000}
2022-05-13 16:32:31,278 [main] INFO  d.i.mongodb.perf.MongoDbAccessor - <<< init
2022-05-13 16:32:31,285 [main] INFO  org.mongodb.driver.cluster - Cluster description not yet available. Waiting for 30000 ms before timing out
2022-05-13 16:32:31,516 [cluster-ClusterId{value='627e6bffefc4ff7532df8ba8', description='null'}-production-shard-00-01.vx60e.mongodb.net:27017] INFO  org.mongodb.driver.connection - Opened connection [connectionId{localValue:1, serverValue:12968}] to production-shard-00-01.vx60e.mongodb.net:27017
2022-05-13 16:32:31,556 [cluster-ClusterId{value='627e6bffefc4ff7532df8ba8', description='null'}-production-shard-00-01.vx60e.mongodb.net:27017] INFO  org.mongodb.driver.cluster - Monitor thread successfully connected to server with description ServerDescription{address=production-shard-00-01.vx60e.mongodb.net:27017, type=REPLICA_SET_PRIMARY, state=CONNECTED, ok=true, version=ServerVersion{versionList=[5, 0, 8]}, minWireVersion=0, maxWireVersion=13, maxDocumentSize=16777216, logicalSessionTimeoutMinutes=30, roundTripTimeNanos=38841334, setName='atlas-11ct6i-shard-0', canonicalAddress=production-shard-00-01.vx60e.mongodb.net:27017, hosts=[production-shard-00-00.vx60e.mongodb.net:27017, production-shard-00-01.vx60e.mongodb.net:27017, production-shard-00-02.vx60e.mongodb.net:27017], passives=[], arbiters=[], primary='production-shard-00-01.vx60e.mongodb.net:27017', tagSet=TagSet{[Tag{name='nodeType', value='ELECTABLE'}, Tag{name='provider', value='GCP'}, Tag{name='region', value='EUROPE_WEST_3'}, Tag{name='workloadType', value='OPERATIONAL'}]}, electionId=7fffffff000000000000001c, setVersion=1, lastWriteDate=Fri May 13 16:32:31 CEST 2022, lastUpdateTimeNanos=356696398648625}
2022-05-13 16:32:31,869 [main] INFO  org.mongodb.driver.connection - Opened connection [connectionId{localValue:2, serverValue:12969}] to production-shard-00-01.vx60e.mongodb.net:27017
2022-05-13 16:32:31,985 [main] INFO  d.i.mongodb.perf.OperationExecutor - >>> OperationExecutor threadCount: 10, opsCount: 500, maxDurationInSeconds: 3600, operation: CountOperation
2022-05-13 16:32:31,985 [main] INFO  d.i.mongodb.perf.OperationExecutor - java execution path: /Users/oscarorellana/Desktop/softcorp/doubble/mongodb-performance-test/latest-version/mongodb-performance-test.jar
2022-05-13 16:32:32,284 [pool-2-thread-4] INFO  org.mongodb.driver.connection - Opened connection [connectionId{localValue:9, serverValue:12970}] to production-shard-00-01.vx60e.mongodb.net:27017
2022-05-13 16:32:32,290 [pool-2-thread-6] INFO  org.mongodb.driver.connection - Opened connection [connectionId{localValue:8, serverValue:12972}] to production-shard-00-01.vx60e.mongodb.net:27017
2022-05-13 16:32:32,292 [pool-2-thread-7] INFO  org.mongodb.driver.connection - Opened connection [connectionId{localValue:3, serverValue:12973}] to production-shard-00-01.vx60e.mongodb.net:27017
2022-05-13 16:32:32,292 [pool-2-thread-2] INFO  org.mongodb.driver.connection - Opened connection [connectionId{localValue:6, serverValue:12976}] to production-shard-00-01.vx60e.mongodb.net:27017
2022-05-13 16:32:32,293 [pool-2-thread-9] INFO  org.mongodb.driver.connection - Opened connection [connectionId{localValue:7, serverValue:12971}] to production-shard-00-01.vx60e.mongodb.net:27017
2022-05-13 16:32:32,300 [pool-2-thread-8] INFO  org.mongodb.driver.connection - Opened connection [connectionId{localValue:10, serverValue:12978}] to production-shard-00-01.vx60e.mongodb.net:27017
2022-05-13 16:32:32,317 [pool-2-thread-10] INFO  org.mongodb.driver.connection - Opened connection [connectionId{localValue:11, serverValue:12975}] to production-shard-00-01.vx60e.mongodb.net:27017
2022-05-13 16:32:32,326 [pool-2-thread-1] INFO  org.mongodb.driver.connection - Opened connection [connectionId{localValue:4, serverValue:12974}] to production-shard-00-01.vx60e.mongodb.net:27017
2022-05-13 16:32:32,326 [pool-2-thread-5] INFO  org.mongodb.driver.connection - Opened connection [connectionId{localValue:5, serverValue:12977}] to production-shard-00-01.vx60e.mongodb.net:27017
13.05.2022 16.32.32 ============================================================

-- Timers ----------------------------------------------------------------------
stats-per-second-COUNT_ONE
             count = 222
         mean rate = 220,06 calls/second
     1-minute rate = 0,00 calls/second
     5-minute rate = 0,00 calls/second
    15-minute rate = 0,00 calls/second
               min = 27,00 milliseconds
               max = 362,88 milliseconds
              mean = 44,76 milliseconds
            stddev = 61,27 milliseconds
            median = 30,68 milliseconds
              75% <= 34,66 milliseconds
              95% <= 45,90 milliseconds
              98% <= 336,12 milliseconds
              99% <= 360,59 milliseconds
            99.9% <= 362,88 milliseconds


2022-05-13 16:32:33,959 [pool-1-thread-1] INFO  d.i.mongodb.perf.OperationExecutor - Done (in time) in 1969 ms 
2022-05-13 16:32:33,960 [pool-1-thread-1] INFO  d.i.mongodb.perf.OperationExecutor - affected documents: 500
2022-05-13 16:32:33,963 [pool-1-thread-1] INFO  d.i.mongodb.perf.OperationExecutor - count: 500
2022-05-13 16:32:33,963 [pool-1-thread-1] INFO  d.i.mongodb.perf.OperationExecutor - FifteenMinuteRate: 0.0
2022-05-13 16:32:33,963 [pool-1-thread-1] INFO  d.i.mongodb.perf.OperationExecutor - FiveMinuteRate: 0.0
2022-05-13 16:32:33,963 [pool-1-thread-1] INFO  d.i.mongodb.perf.OperationExecutor - OneMinuteRate: 0.0
2022-05-13 16:32:33,964 [pool-1-thread-1] INFO  d.i.mongodb.perf.OperationExecutor - MeanRate: 253.13969697754612
2022-05-13 16:32:33,965 [main] INFO  d.i.mongodb.perf.MongoDbAccessor - >>> closeConnections production-shard-00-01.vx60e.mongodb.net:27017
2022-05-13 16:32:33,968 [pool-1-thread-1] INFO  d.i.mongodb.perf.OperationExecutor - Snapshot 75thPercentile: 35.817792
2022-05-13 16:32:33,969 [pool-1-thread-1] INFO  d.i.mongodb.perf.OperationExecutor - Snapshot 95thPercentile: 45.323249999999994
2022-05-13 16:32:33,969 [pool-1-thread-1] INFO  d.i.mongodb.perf.OperationExecutor - Snapshot 98thPercentile: 53.479
2022-05-13 16:32:33,969 [pool-1-thread-1] INFO  d.i.mongodb.perf.OperationExecutor - Snapshot 99thPercentile: 333.032791
2022-05-13 16:32:33,969 [pool-1-thread-1] INFO  d.i.mongodb.perf.OperationExecutor - Snapshot 999thPercentile: 362.948667
2022-05-13 16:32:33,969 [pool-1-thread-1] INFO  d.i.mongodb.perf.OperationExecutor - Snapshot Min: 26.241791
2022-05-13 16:32:33,969 [pool-1-thread-1] INFO  d.i.mongodb.perf.OperationExecutor - Snapshot Max: 362.948667
2022-05-13 16:32:33,969 [pool-1-thread-1] INFO  d.i.mongodb.perf.OperationExecutor - Snapshot Mean: 38.927821777536515
2022-05-13 16:32:33,969 [pool-1-thread-1] INFO  d.i.mongodb.perf.OperationExecutor - Snapshot Median: 32.161875
2022-05-13 16:32:33,969 [pool-1-thread-1] INFO  d.i.mongodb.perf.OperationExecutor - Snapshot StdDev: 41.0518358753874
2022-05-13 16:32:33,969 [pool-1-thread-1] INFO  d.i.mongodb.perf.OperationExecutor - Snapshot Size: 500
13.05.2022 16.32.33 ============================================================

-- Timers ----------------------------------------------------------------------
stats-per-run-COUNT_ONE
             count = 500
         mean rate = 252,25 calls/second
     1-minute rate = 0,00 calls/second
     5-minute rate = 0,00 calls/second
    15-minute rate = 0,00 calls/second
               min = 26,24 milliseconds
               max = 362,95 milliseconds
              mean = 38,93 milliseconds
            stddev = 41,05 milliseconds
            median = 32,16 milliseconds
              75% <= 35,82 milliseconds
              95% <= 45,32 milliseconds
              98% <= 53,48 milliseconds
              99% <= 333,03 milliseconds
            99.9% <= 362,95 milliseconds


2022-05-13 16:32:33,974 [pool-1-thread-1] INFO  d.i.mongodb.perf.OperationExecutor - stopReporters
2022-05-13 16:32:33,974 [pool-1-thread-1] INFO  d.i.mongodb.perf.OperationExecutor - consoleReporter stopped
2022-05-13 16:32:33,974 [pool-1-thread-1] INFO  d.i.mongodb.perf.OperationExecutor - allConsoleReporter stopped
2022-05-13 16:32:33,974 [pool-1-thread-1] INFO  d.i.mongodb.perf.OperationExecutor - csvReporter stopped
2022-05-13 16:32:33,974 [pool-1-thread-1] INFO  d.i.mongodb.perf.OperationExecutor - If run took more than 1 second, csv-file 'stats-per-second-COUNT_ONE.csv' saved in folder: /Users/oscarorellana/Desktop/softcorp/doubble/mongodb-performance-test/latest-version
2022-05-13 16:32:33,974 [pool-1-thread-1] INFO  d.i.mongodb.perf.OperationExecutor - csvReporterAll stopped
2022-05-13 16:32:33,974 [pool-1-thread-1] INFO  d.i.mongodb.perf.OperationExecutor - Summary of statistics saved in csv-file 'stats-per-run-COUNT_ONE.csv' located in folder: /Users/oscarorellana/Desktop/softcorp/doubble/mongodb-performance-test/latest-version
2022-05-13 16:32:33,995 [main] INFO  org.mongodb.driver.connection - Closed connection [connectionId{localValue:5, serverValue:12977}] to production-shard-00-01.vx60e.mongodb.net:27017 because the pool has been closed.
2022-05-13 16:32:33,997 [main] INFO  org.mongodb.driver.connection - Closed connection [connectionId{localValue:11, serverValue:12975}] to production-shard-00-01.vx60e.mongodb.net:27017 because the pool has been closed.
2022-05-13 16:32:33,997 [main] INFO  org.mongodb.driver.connection - Closed connection [connectionId{localValue:3, serverValue:12973}] to production-shard-00-01.vx60e.mongodb.net:27017 because the pool has been closed.
2022-05-13 16:32:33,997 [main] INFO  org.mongodb.driver.connection - Closed connection [connectionId{localValue:7, serverValue:12971}] to production-shard-00-01.vx60e.mongodb.net:27017 because the pool has been closed.
2022-05-13 16:32:33,997 [main] INFO  org.mongodb.driver.connection - Closed connection [connectionId{localValue:9, serverValue:12970}] to production-shard-00-01.vx60e.mongodb.net:27017 because the pool has been closed.
2022-05-13 16:32:33,997 [main] INFO  org.mongodb.driver.connection - Closed connection [connectionId{localValue:4, serverValue:12974}] to production-shard-00-01.vx60e.mongodb.net:27017 because the pool has been closed.
2022-05-13 16:32:33,997 [main] INFO  org.mongodb.driver.connection - Closed connection [connectionId{localValue:8, serverValue:12972}] to production-shard-00-01.vx60e.mongodb.net:27017 because the pool has been closed.
2022-05-13 16:32:33,998 [main] INFO  org.mongodb.driver.connection - Closed connection [connectionId{localValue:2, serverValue:12969}] to production-shard-00-01.vx60e.mongodb.net:27017 because the pool has been closed.
2022-05-13 16:32:33,998 [main] INFO  org.mongodb.driver.connection - Closed connection [connectionId{localValue:6, serverValue:12976}] to production-shard-00-01.vx60e.mongodb.net:27017 because the pool has been closed.
2022-05-13 16:32:33,998 [main] INFO  org.mongodb.driver.connection - Closed connection [connectionId{localValue:10, serverValue:12978}] to production-shard-00-01.vx60e.mongodb.net:27017 because the pool has been closed.
2022-05-13 16:32:34,000 [main] INFO  d.i.mongodb.perf.MongoDbAccessor - <<< closeConnections production-shard-00-01.vx60e.mongodb.net:27017
