2022-05-13 16:34:26,017 [main] INFO  d.i.mongodb.perf.MongoDbAccessor - >>> init production-shard-00-01.vx60e.mongodb.net:27017
2022-05-13 16:34:26,112 [main] INFO  org.mongodb.driver.cluster - Cluster created with settings {hosts=[production-shard-00-01.vx60e.mongodb.net:27017], mode=SINGLE, requiredClusterType=UNKNOWN, serverSelectionTimeout='30000 ms', maxWaitQueueSize=50000}
2022-05-13 16:34:26,122 [main] INFO  d.i.mongodb.perf.MongoDbAccessor - <<< init
2022-05-13 16:34:26,129 [main] INFO  org.mongodb.driver.cluster - Cluster description not yet available. Waiting for 30000 ms before timing out
2022-05-13 16:34:26,372 [cluster-ClusterId{value='627e6c7274501304ec11801b', description='null'}-production-shard-00-01.vx60e.mongodb.net:27017] INFO  org.mongodb.driver.connection - Opened connection [connectionId{localValue:1, serverValue:13088}] to production-shard-00-01.vx60e.mongodb.net:27017
2022-05-13 16:34:26,404 [cluster-ClusterId{value='627e6c7274501304ec11801b', description='null'}-production-shard-00-01.vx60e.mongodb.net:27017] INFO  org.mongodb.driver.cluster - Monitor thread successfully connected to server with description ServerDescription{address=production-shard-00-01.vx60e.mongodb.net:27017, type=REPLICA_SET_PRIMARY, state=CONNECTED, ok=true, version=ServerVersion{versionList=[5, 0, 8]}, minWireVersion=0, maxWireVersion=13, maxDocumentSize=16777216, logicalSessionTimeoutMinutes=30, roundTripTimeNanos=30956625, setName='atlas-11ct6i-shard-0', canonicalAddress=production-shard-00-01.vx60e.mongodb.net:27017, hosts=[production-shard-00-00.vx60e.mongodb.net:27017, production-shard-00-01.vx60e.mongodb.net:27017, production-shard-00-02.vx60e.mongodb.net:27017], passives=[], arbiters=[], primary='production-shard-00-01.vx60e.mongodb.net:27017', tagSet=TagSet{[Tag{name='nodeType', value='ELECTABLE'}, Tag{name='provider', value='GCP'}, Tag{name='region', value='EUROPE_WEST_3'}, Tag{name='workloadType', value='OPERATIONAL'}]}, electionId=7fffffff000000000000001c, setVersion=1, lastWriteDate=Fri May 13 16:34:26 CEST 2022, lastUpdateTimeNanos=356811286054166}
2022-05-13 16:34:26,696 [main] INFO  org.mongodb.driver.connection - Opened connection [connectionId{localValue:2, serverValue:13089}] to production-shard-00-01.vx60e.mongodb.net:27017
2022-05-13 16:34:26,812 [main] INFO  d.i.mongodb.perf.OperationExecutor - >>> OperationExecutor threadCount: 10, opsCount: 5000, maxDurationInSeconds: 3600, operation: IterateOperation
2022-05-13 16:34:26,812 [main] INFO  d.i.mongodb.perf.OperationExecutor - java execution path: /Users/oscarorellana/Desktop/softcorp/doubble/mongodb-performance-test/latest-version/mongodb-performance-test.jar
2022-05-13 16:34:27,088 [pool-2-thread-1] INFO  org.mongodb.driver.connection - Opened connection [connectionId{localValue:3, serverValue:13092}] to production-shard-00-01.vx60e.mongodb.net:27017
2022-05-13 16:34:27,088 [pool-2-thread-6] INFO  org.mongodb.driver.connection - Opened connection [connectionId{localValue:4, serverValue:13090}] to production-shard-00-01.vx60e.mongodb.net:27017
2022-05-13 16:34:27,097 [pool-2-thread-8] INFO  org.mongodb.driver.connection - Opened connection [connectionId{localValue:9, serverValue:13094}] to production-shard-00-01.vx60e.mongodb.net:27017
2022-05-13 16:34:27,123 [pool-2-thread-7] INFO  org.mongodb.driver.connection - Opened connection [connectionId{localValue:11, serverValue:13095}] to production-shard-00-01.vx60e.mongodb.net:27017
2022-05-13 16:34:27,123 [pool-2-thread-4] INFO  org.mongodb.driver.connection - Opened connection [connectionId{localValue:6, serverValue:13097}] to production-shard-00-01.vx60e.mongodb.net:27017
2022-05-13 16:34:27,123 [pool-2-thread-3] INFO  org.mongodb.driver.connection - Opened connection [connectionId{localValue:7, serverValue:13091}] to production-shard-00-01.vx60e.mongodb.net:27017
2022-05-13 16:34:27,125 [pool-2-thread-5] INFO  org.mongodb.driver.connection - Opened connection [connectionId{localValue:10, serverValue:13098}] to production-shard-00-01.vx60e.mongodb.net:27017
2022-05-13 16:34:27,125 [pool-2-thread-9] INFO  org.mongodb.driver.connection - Opened connection [connectionId{localValue:8, serverValue:13093}] to production-shard-00-01.vx60e.mongodb.net:27017
2022-05-13 16:34:27,126 [pool-2-thread-10] INFO  org.mongodb.driver.connection - Opened connection [connectionId{localValue:5, serverValue:13096}] to production-shard-00-01.vx60e.mongodb.net:27017
13.05.2022 16.34.27 ============================================================

-- Timers ----------------------------------------------------------------------
stats-per-second-ITERATE_ONE
             count = 224
         mean rate = 221,38 calls/second
     1-minute rate = 0,00 calls/second
     5-minute rate = 0,00 calls/second
    15-minute rate = 0,00 calls/second
               min = 26,81 milliseconds
               max = 339,91 milliseconds
              mean = 43,84 milliseconds
            stddev = 58,39 milliseconds
            median = 31,76 milliseconds
              75% <= 33,71 milliseconds
              95% <= 42,26 milliseconds
              98% <= 336,59 milliseconds
              99% <= 338,36 milliseconds
            99.9% <= 339,91 milliseconds


13.05.2022 16.34.28 ============================================================

-- Timers ----------------------------------------------------------------------
stats-per-second-ITERATE_ONE
             count = 535
         mean rate = 266,29 calls/second
     1-minute rate = 0,00 calls/second
     5-minute rate = 0,00 calls/second
    15-minute rate = 0,00 calls/second
               min = 27,20 milliseconds
               max = 56,15 milliseconds
              mean = 32,54 milliseconds
            stddev = 3,79 milliseconds
            median = 31,64 milliseconds
              75% <= 34,16 milliseconds
              95% <= 40,14 milliseconds
              98% <= 42,86 milliseconds
              99% <= 47,48 milliseconds
            99.9% <= 56,15 milliseconds


13.05.2022 16.34.29 ============================================================

-- Timers ----------------------------------------------------------------------
stats-per-second-ITERATE_ONE
             count = 833
         mean rate = 275,72 calls/second
     1-minute rate = 0,00 calls/second
     5-minute rate = 0,00 calls/second
    15-minute rate = 0,00 calls/second
               min = 27,18 milliseconds
               max = 54,93 milliseconds
              mean = 33,67 milliseconds
            stddev = 4,84 milliseconds
            median = 32,28 milliseconds
              75% <= 34,60 milliseconds
              95% <= 46,50 milliseconds
              98% <= 49,71 milliseconds
              99% <= 50,75 milliseconds
            99.9% <= 54,93 milliseconds


13.05.2022 16.34.30 ============================================================

-- Timers ----------------------------------------------------------------------
stats-per-second-ITERATE_ONE
             count = 1142
         mean rate = 284,88 calls/second
     1-minute rate = 0,00 calls/second
     5-minute rate = 0,00 calls/second
    15-minute rate = 0,00 calls/second
               min = 27,02 milliseconds
               max = 52,99 milliseconds
              mean = 31,98 milliseconds
            stddev = 3,33 milliseconds
            median = 31,34 milliseconds
              75% <= 33,06 milliseconds
              95% <= 38,63 milliseconds
              98% <= 41,20 milliseconds
              99% <= 46,39 milliseconds
            99.9% <= 52,99 milliseconds


13.05.2022 16.34.31 ============================================================

-- Timers ----------------------------------------------------------------------
stats-per-second-ITERATE_ONE
             count = 1452
         mean rate = 289,80 calls/second
     1-minute rate = 290,20 calls/second
     5-minute rate = 290,20 calls/second
    15-minute rate = 290,20 calls/second
               min = 25,73 milliseconds
               max = 55,60 milliseconds
              mean = 32,15 milliseconds
            stddev = 4,28 milliseconds
            median = 31,17 milliseconds
              75% <= 33,51 milliseconds
              95% <= 40,23 milliseconds
              98% <= 46,54 milliseconds
              99% <= 52,01 milliseconds
            99.9% <= 55,60 milliseconds


13.05.2022 16.34.32 ============================================================

-- Timers ----------------------------------------------------------------------
stats-per-second-ITERATE_ONE
             count = 1743
         mean rate = 290,26 calls/second
     1-minute rate = 290,20 calls/second
     5-minute rate = 290,20 calls/second
    15-minute rate = 290,20 calls/second
               min = 26,16 milliseconds
               max = 54,15 milliseconds
              mean = 34,00 milliseconds
            stddev = 4,81 milliseconds
            median = 33,06 milliseconds
              75% <= 35,93 milliseconds
              95% <= 43,53 milliseconds
              98% <= 49,44 milliseconds
              99% <= 50,24 milliseconds
            99.9% <= 54,15 milliseconds


13.05.2022 16.34.33 ============================================================

-- Timers ----------------------------------------------------------------------
stats-per-second-ITERATE_ONE
             count = 2046
         mean rate = 291,93 calls/second
     1-minute rate = 290,20 calls/second
     5-minute rate = 290,20 calls/second
    15-minute rate = 290,20 calls/second
               min = 26,94 milliseconds
               max = 49,51 milliseconds
              mean = 33,24 milliseconds
            stddev = 4,04 milliseconds
            median = 31,84 milliseconds
              75% <= 35,82 milliseconds
              95% <= 40,83 milliseconds
              98% <= 42,14 milliseconds
              99% <= 45,16 milliseconds
            99.9% <= 49,51 milliseconds


13.05.2022 16.34.34 ============================================================

-- Timers ----------------------------------------------------------------------
stats-per-second-ITERATE_ONE
             count = 2354
         mean rate = 293,92 calls/second
     1-minute rate = 290,20 calls/second
     5-minute rate = 290,20 calls/second
    15-minute rate = 290,20 calls/second
               min = 27,17 milliseconds
               max = 43,30 milliseconds
              mean = 32,63 milliseconds
            stddev = 3,01 milliseconds
            median = 32,25 milliseconds
              75% <= 34,45 milliseconds
              95% <= 37,49 milliseconds
              98% <= 41,30 milliseconds
              99% <= 42,89 milliseconds
            99.9% <= 43,30 milliseconds


13.05.2022 16.34.35 ============================================================

-- Timers ----------------------------------------------------------------------
stats-per-second-ITERATE_ONE
             count = 2650
         mean rate = 294,17 calls/second
     1-minute rate = 290,20 calls/second
     5-minute rate = 290,20 calls/second
    15-minute rate = 290,20 calls/second
               min = 26,70 milliseconds
               max = 43,50 milliseconds
              mean = 33,22 milliseconds
            stddev = 3,37 milliseconds
            median = 32,68 milliseconds
              75% <= 35,58 milliseconds
              95% <= 39,87 milliseconds
              98% <= 41,51 milliseconds
              99% <= 42,43 milliseconds
            99.9% <= 43,50 milliseconds


13.05.2022 16.34.36 ============================================================

-- Timers ----------------------------------------------------------------------
stats-per-second-ITERATE_ONE
             count = 2954
         mean rate = 295,16 calls/second
     1-minute rate = 291,03 calls/second
     5-minute rate = 290,37 calls/second
    15-minute rate = 290,26 calls/second
               min = 24,83 milliseconds
               max = 47,82 milliseconds
              mean = 33,14 milliseconds
            stddev = 3,94 milliseconds
            median = 32,44 milliseconds
              75% <= 34,91 milliseconds
              95% <= 40,31 milliseconds
              98% <= 44,74 milliseconds
              99% <= 45,08 milliseconds
            99.9% <= 47,82 milliseconds


13.05.2022 16.34.37 ============================================================

-- Timers ----------------------------------------------------------------------
stats-per-second-ITERATE_ONE
             count = 3253
         mean rate = 295,57 calls/second
     1-minute rate = 291,03 calls/second
     5-minute rate = 290,37 calls/second
    15-minute rate = 290,26 calls/second
               min = 26,65 milliseconds
               max = 43,80 milliseconds
              mean = 33,54 milliseconds
            stddev = 3,33 milliseconds
            median = 33,33 milliseconds
              75% <= 35,65 milliseconds
              95% <= 39,81 milliseconds
              98% <= 41,15 milliseconds
              99% <= 42,54 milliseconds
            99.9% <= 43,80 milliseconds


13.05.2022 16.34.38 ============================================================

-- Timers ----------------------------------------------------------------------
stats-per-second-ITERATE_ONE
             count = 3564
         mean rate = 296,73 calls/second
     1-minute rate = 291,03 calls/second
     5-minute rate = 290,37 calls/second
    15-minute rate = 290,26 calls/second
               min = 24,11 milliseconds
               max = 44,34 milliseconds
              mean = 32,50 milliseconds
            stddev = 2,93 milliseconds
            median = 32,28 milliseconds
              75% <= 34,37 milliseconds
              95% <= 37,25 milliseconds
              98% <= 38,88 milliseconds
              99% <= 42,87 milliseconds
            99.9% <= 44,34 milliseconds


13.05.2022 16.34.39 ============================================================

-- Timers ----------------------------------------------------------------------
stats-per-second-ITERATE_ONE
             count = 3872
         mean rate = 297,46 calls/second
     1-minute rate = 291,03 calls/second
     5-minute rate = 290,37 calls/second
    15-minute rate = 290,26 calls/second
               min = 27,10 milliseconds
               max = 46,90 milliseconds
              mean = 32,57 milliseconds
            stddev = 2,98 milliseconds
            median = 32,34 milliseconds
              75% <= 33,64 milliseconds
              95% <= 37,66 milliseconds
              98% <= 41,51 milliseconds
              99% <= 42,47 milliseconds
            99.9% <= 46,90 milliseconds


13.05.2022 16.34.40 ============================================================

-- Timers ----------------------------------------------------------------------
stats-per-second-ITERATE_ONE
             count = 4173
         mean rate = 298,20 calls/second
     1-minute rate = 291,03 calls/second
     5-minute rate = 290,37 calls/second
    15-minute rate = 290,26 calls/second
               min = 24,93 milliseconds
               max = 48,68 milliseconds
              mean = 32,56 milliseconds
            stddev = 3,86 milliseconds
            median = 31,65 milliseconds
              75% <= 33,73 milliseconds
              95% <= 41,95 milliseconds
              98% <= 44,07 milliseconds
              99% <= 47,67 milliseconds
            99.9% <= 48,68 milliseconds


13.05.2022 16.34.41 ============================================================

-- Timers ----------------------------------------------------------------------
stats-per-second-ITERATE_ONE
             count = 4461
         mean rate = 297,29 calls/second
     1-minute rate = 291,75 calls/second
     5-minute rate = 290,53 calls/second
    15-minute rate = 290,31 calls/second
               min = 27,37 milliseconds
               max = 76,93 milliseconds
              mean = 35,37 milliseconds
            stddev = 6,64 milliseconds
            median = 33,63 milliseconds
              75% <= 37,96 milliseconds
              95% <= 42,50 milliseconds
              98% <= 60,17 milliseconds
              99% <= 68,11 milliseconds
            99.9% <= 76,93 milliseconds


13.05.2022 16.34.42 ============================================================

-- Timers ----------------------------------------------------------------------
stats-per-second-ITERATE_ONE
             count = 4768
         mean rate = 297,80 calls/second
     1-minute rate = 291,75 calls/second
     5-minute rate = 290,53 calls/second
    15-minute rate = 290,31 calls/second
               min = 25,07 milliseconds
               max = 46,94 milliseconds
              mean = 32,19 milliseconds
            stddev = 3,08 milliseconds
            median = 31,91 milliseconds
              75% <= 33,92 milliseconds
              95% <= 37,46 milliseconds
              98% <= 39,46 milliseconds
              99% <= 42,25 milliseconds
            99.9% <= 46,94 milliseconds


2022-05-13 16:34:43,570 [pool-1-thread-1] INFO  d.i.mongodb.perf.OperationExecutor - Done (in time) in 16752 ms 
2022-05-13 16:34:43,574 [main] INFO  d.i.mongodb.perf.MongoDbAccessor - >>> closeConnections production-shard-00-01.vx60e.mongodb.net:27017
2022-05-13 16:34:43,574 [pool-1-thread-1] INFO  d.i.mongodb.perf.OperationExecutor - affected documents: 5000
2022-05-13 16:34:43,575 [pool-1-thread-1] INFO  d.i.mongodb.perf.OperationExecutor - count: 5000
2022-05-13 16:34:43,575 [pool-1-thread-1] INFO  d.i.mongodb.perf.OperationExecutor - FifteenMinuteRate: 290.3104776910903
2022-05-13 16:34:43,575 [pool-1-thread-1] INFO  d.i.mongodb.perf.OperationExecutor - FiveMinuteRate: 290.52767507947664
2022-05-13 16:34:43,575 [pool-1-thread-1] INFO  d.i.mongodb.perf.OperationExecutor - OneMinuteRate: 291.7313470137147
2022-05-13 16:34:43,576 [pool-1-thread-1] INFO  d.i.mongodb.perf.OperationExecutor - MeanRate: 298.3244829160383
2022-05-13 16:34:43,579 [pool-1-thread-1] INFO  d.i.mongodb.perf.OperationExecutor - Snapshot 75thPercentile: 34.445541
2022-05-13 16:34:43,579 [pool-1-thread-1] INFO  d.i.mongodb.perf.OperationExecutor - Snapshot 95thPercentile: 40.528791999999996
2022-05-13 16:34:43,579 [pool-1-thread-1] INFO  d.i.mongodb.perf.OperationExecutor - Snapshot 98thPercentile: 44.336292
2022-05-13 16:34:43,579 [pool-1-thread-1] INFO  d.i.mongodb.perf.OperationExecutor - Snapshot 99thPercentile: 48.568082999999994
2022-05-13 16:34:43,579 [pool-1-thread-1] INFO  d.i.mongodb.perf.OperationExecutor - Snapshot 999thPercentile: 336.647041
2022-05-13 16:34:43,579 [pool-1-thread-1] INFO  d.i.mongodb.perf.OperationExecutor - Snapshot Min: 24.111541
2022-05-13 16:34:43,580 [pool-1-thread-1] INFO  d.i.mongodb.perf.OperationExecutor - Snapshot Max: 338.952167
2022-05-13 16:34:43,580 [pool-1-thread-1] INFO  d.i.mongodb.perf.OperationExecutor - Snapshot Mean: 33.65703704161631
2022-05-13 16:34:43,580 [pool-1-thread-1] INFO  d.i.mongodb.perf.OperationExecutor - Snapshot Median: 32.260791999999995
2022-05-13 16:34:43,580 [pool-1-thread-1] INFO  d.i.mongodb.perf.OperationExecutor - Snapshot StdDev: 15.893955811501796
2022-05-13 16:34:43,580 [pool-1-thread-1] INFO  d.i.mongodb.perf.OperationExecutor - Snapshot Size: 1028
13.05.2022 16.34.43 ============================================================

-- Timers ----------------------------------------------------------------------
stats-per-run-ITERATE_ONE
             count = 5000
         mean rate = 298,20 calls/second
     1-minute rate = 291,73 calls/second
     5-minute rate = 290,53 calls/second
    15-minute rate = 290,31 calls/second
               min = 24,11 milliseconds
               max = 338,95 milliseconds
              mean = 33,66 milliseconds
            stddev = 15,89 milliseconds
            median = 32,26 milliseconds
              75% <= 34,45 milliseconds
              95% <= 40,53 milliseconds
              98% <= 44,34 milliseconds
              99% <= 48,57 milliseconds
            99.9% <= 336,65 milliseconds


2022-05-13 16:34:43,586 [pool-1-thread-1] INFO  d.i.mongodb.perf.OperationExecutor - stopReporters
2022-05-13 16:34:43,586 [pool-1-thread-1] INFO  d.i.mongodb.perf.OperationExecutor - consoleReporter stopped
2022-05-13 16:34:43,586 [pool-1-thread-1] INFO  d.i.mongodb.perf.OperationExecutor - allConsoleReporter stopped
2022-05-13 16:34:43,587 [pool-1-thread-1] INFO  d.i.mongodb.perf.OperationExecutor - csvReporter stopped
2022-05-13 16:34:43,587 [pool-1-thread-1] INFO  d.i.mongodb.perf.OperationExecutor - If run took more than 1 second, csv-file 'stats-per-second-ITERATE_ONE.csv' saved in folder: /Users/oscarorellana/Desktop/softcorp/doubble/mongodb-performance-test/latest-version
2022-05-13 16:34:43,587 [pool-1-thread-1] INFO  d.i.mongodb.perf.OperationExecutor - csvReporterAll stopped
2022-05-13 16:34:43,587 [pool-1-thread-1] INFO  d.i.mongodb.perf.OperationExecutor - Summary of statistics saved in csv-file 'stats-per-run-ITERATE_ONE.csv' located in folder: /Users/oscarorellana/Desktop/softcorp/doubble/mongodb-performance-test/latest-version
2022-05-13 16:34:43,604 [main] INFO  org.mongodb.driver.connection - Closed connection [connectionId{localValue:8, serverValue:13093}] to production-shard-00-01.vx60e.mongodb.net:27017 because the pool has been closed.
2022-05-13 16:34:43,607 [main] INFO  org.mongodb.driver.connection - Closed connection [connectionId{localValue:9, serverValue:13094}] to production-shard-00-01.vx60e.mongodb.net:27017 because the pool has been closed.
2022-05-13 16:34:43,608 [main] INFO  org.mongodb.driver.connection - Closed connection [connectionId{localValue:4, serverValue:13090}] to production-shard-00-01.vx60e.mongodb.net:27017 because the pool has been closed.
2022-05-13 16:34:43,608 [main] INFO  org.mongodb.driver.connection - Closed connection [connectionId{localValue:11, serverValue:13095}] to production-shard-00-01.vx60e.mongodb.net:27017 because the pool has been closed.
2022-05-13 16:34:43,608 [main] INFO  org.mongodb.driver.connection - Closed connection [connectionId{localValue:2, serverValue:13089}] to production-shard-00-01.vx60e.mongodb.net:27017 because the pool has been closed.
2022-05-13 16:34:43,608 [main] INFO  org.mongodb.driver.connection - Closed connection [connectionId{localValue:5, serverValue:13096}] to production-shard-00-01.vx60e.mongodb.net:27017 because the pool has been closed.
2022-05-13 16:34:43,609 [main] INFO  org.mongodb.driver.connection - Closed connection [connectionId{localValue:10, serverValue:13098}] to production-shard-00-01.vx60e.mongodb.net:27017 because the pool has been closed.
2022-05-13 16:34:43,609 [main] INFO  org.mongodb.driver.connection - Closed connection [connectionId{localValue:6, serverValue:13097}] to production-shard-00-01.vx60e.mongodb.net:27017 because the pool has been closed.
2022-05-13 16:34:43,609 [main] INFO  org.mongodb.driver.connection - Closed connection [connectionId{localValue:7, serverValue:13091}] to production-shard-00-01.vx60e.mongodb.net:27017 because the pool has been closed.
2022-05-13 16:34:43,609 [main] INFO  org.mongodb.driver.connection - Closed connection [connectionId{localValue:3, serverValue:13092}] to production-shard-00-01.vx60e.mongodb.net:27017 because the pool has been closed.
2022-05-13 16:34:43,610 [main] INFO  d.i.mongodb.perf.MongoDbAccessor - <<< closeConnections production-shard-00-01.vx60e.mongodb.net:27017
