2022-05-13 16:32:37,619 [main] INFO  d.i.mongodb.perf.MongoDbAccessor - >>> init production-shard-00-01.vx60e.mongodb.net:27017
2022-05-13 16:32:37,708 [main] INFO  org.mongodb.driver.cluster - Cluster created with settings {hosts=[production-shard-00-01.vx60e.mongodb.net:27017], mode=SINGLE, requiredClusterType=UNKNOWN, serverSelectionTimeout='30000 ms', maxWaitQueueSize=50000}
2022-05-13 16:32:37,718 [main] INFO  d.i.mongodb.perf.MongoDbAccessor - <<< init
2022-05-13 16:32:37,724 [main] INFO  org.mongodb.driver.cluster - Cluster description not yet available. Waiting for 30000 ms before timing out
2022-05-13 16:32:37,953 [cluster-ClusterId{value='627e6c05ac05234e2216b85b', description='null'}-production-shard-00-01.vx60e.mongodb.net:27017] INFO  org.mongodb.driver.connection - Opened connection [connectionId{localValue:1, serverValue:12996}] to production-shard-00-01.vx60e.mongodb.net:27017
2022-05-13 16:32:37,986 [cluster-ClusterId{value='627e6c05ac05234e2216b85b', description='null'}-production-shard-00-01.vx60e.mongodb.net:27017] INFO  org.mongodb.driver.cluster - Monitor thread successfully connected to server with description ServerDescription{address=production-shard-00-01.vx60e.mongodb.net:27017, type=REPLICA_SET_PRIMARY, state=CONNECTED, ok=true, version=ServerVersion{versionList=[5, 0, 8]}, minWireVersion=0, maxWireVersion=13, maxDocumentSize=16777216, logicalSessionTimeoutMinutes=30, roundTripTimeNanos=31565083, setName='atlas-11ct6i-shard-0', canonicalAddress=production-shard-00-01.vx60e.mongodb.net:27017, hosts=[production-shard-00-00.vx60e.mongodb.net:27017, production-shard-00-01.vx60e.mongodb.net:27017, production-shard-00-02.vx60e.mongodb.net:27017], passives=[], arbiters=[], primary='production-shard-00-01.vx60e.mongodb.net:27017', tagSet=TagSet{[Tag{name='nodeType', value='ELECTABLE'}, Tag{name='provider', value='GCP'}, Tag{name='region', value='EUROPE_WEST_3'}, Tag{name='workloadType', value='OPERATIONAL'}]}, electionId=7fffffff000000000000001c, setVersion=1, lastWriteDate=Fri May 13 16:32:37 CEST 2022, lastUpdateTimeNanos=356702828873500}
2022-05-13 16:32:38,290 [main] INFO  org.mongodb.driver.connection - Opened connection [connectionId{localValue:2, serverValue:12997}] to production-shard-00-01.vx60e.mongodb.net:27017
2022-05-13 16:32:38,389 [main] INFO  d.i.mongodb.perf.OperationExecutor - >>> OperationExecutor threadCount: 10, opsCount: 500, maxDurationInSeconds: 3600, operation: IterateOperation
2022-05-13 16:32:38,390 [main] INFO  d.i.mongodb.perf.OperationExecutor - java execution path: /Users/oscarorellana/Desktop/softcorp/doubble/mongodb-performance-test/latest-version/mongodb-performance-test.jar
2022-05-13 16:32:38,666 [pool-2-thread-5] INFO  org.mongodb.driver.connection - Opened connection [connectionId{localValue:7, serverValue:12998}] to production-shard-00-01.vx60e.mongodb.net:27017
2022-05-13 16:32:38,666 [pool-2-thread-2] INFO  org.mongodb.driver.connection - Opened connection [connectionId{localValue:3, serverValue:12999}] to production-shard-00-01.vx60e.mongodb.net:27017
2022-05-13 16:32:38,671 [pool-2-thread-1] INFO  org.mongodb.driver.connection - Opened connection [connectionId{localValue:8, serverValue:13003}] to production-shard-00-01.vx60e.mongodb.net:27017
2022-05-13 16:32:38,672 [pool-2-thread-9] INFO  org.mongodb.driver.connection - Opened connection [connectionId{localValue:6, serverValue:13000}] to production-shard-00-01.vx60e.mongodb.net:27017
2022-05-13 16:32:38,672 [pool-2-thread-3] INFO  org.mongodb.driver.connection - Opened connection [connectionId{localValue:5, serverValue:13001}] to production-shard-00-01.vx60e.mongodb.net:27017
2022-05-13 16:32:38,673 [pool-2-thread-8] INFO  org.mongodb.driver.connection - Opened connection [connectionId{localValue:4, serverValue:13005}] to production-shard-00-01.vx60e.mongodb.net:27017
2022-05-13 16:32:38,701 [pool-2-thread-7] INFO  org.mongodb.driver.connection - Opened connection [connectionId{localValue:10, serverValue:13006}] to production-shard-00-01.vx60e.mongodb.net:27017
2022-05-13 16:32:38,701 [pool-2-thread-4] INFO  org.mongodb.driver.connection - Opened connection [connectionId{localValue:9, serverValue:13002}] to production-shard-00-01.vx60e.mongodb.net:27017
2022-05-13 16:32:38,702 [pool-2-thread-10] INFO  org.mongodb.driver.connection - Opened connection [connectionId{localValue:11, serverValue:13004}] to production-shard-00-01.vx60e.mongodb.net:27017
13.05.2022 16.32.39 ============================================================

-- Timers ----------------------------------------------------------------------
stats-per-second-ITERATE_ONE
             count = 222
         mean rate = 219,58 calls/second
     1-minute rate = 0,00 calls/second
     5-minute rate = 0,00 calls/second
    15-minute rate = 0,00 calls/second
               min = 26,54 milliseconds
               max = 337,22 milliseconds
              mean = 44,32 milliseconds
            stddev = 55,86 milliseconds
            median = 32,04 milliseconds
              75% <= 34,77 milliseconds
              95% <= 50,72 milliseconds
              98% <= 304,01 milliseconds
              99% <= 335,82 milliseconds
            99.9% <= 337,22 milliseconds


2022-05-13 16:32:40,289 [pool-1-thread-1] INFO  d.i.mongodb.perf.OperationExecutor - Done (in time) in 1894 ms 
2022-05-13 16:32:40,290 [pool-1-thread-1] INFO  d.i.mongodb.perf.OperationExecutor - affected documents: 500
2022-05-13 16:32:40,290 [main] INFO  d.i.mongodb.perf.MongoDbAccessor - >>> closeConnections production-shard-00-01.vx60e.mongodb.net:27017
2022-05-13 16:32:40,290 [pool-1-thread-1] INFO  d.i.mongodb.perf.OperationExecutor - count: 500
2022-05-13 16:32:40,291 [pool-1-thread-1] INFO  d.i.mongodb.perf.OperationExecutor - FifteenMinuteRate: 0.0
2022-05-13 16:32:40,291 [pool-1-thread-1] INFO  d.i.mongodb.perf.OperationExecutor - FiveMinuteRate: 0.0
2022-05-13 16:32:40,291 [pool-1-thread-1] INFO  d.i.mongodb.perf.OperationExecutor - OneMinuteRate: 0.0
2022-05-13 16:32:40,291 [pool-1-thread-1] INFO  d.i.mongodb.perf.OperationExecutor - MeanRate: 263.4532570363919
2022-05-13 16:32:40,293 [pool-1-thread-1] INFO  d.i.mongodb.perf.OperationExecutor - Snapshot 75thPercentile: 34.002416
2022-05-13 16:32:40,294 [pool-1-thread-1] INFO  d.i.mongodb.perf.OperationExecutor - Snapshot 95thPercentile: 40.825584
2022-05-13 16:32:40,294 [pool-1-thread-1] INFO  d.i.mongodb.perf.OperationExecutor - Snapshot 98thPercentile: 50.748290999999995
2022-05-13 16:32:40,294 [pool-1-thread-1] INFO  d.i.mongodb.perf.OperationExecutor - Snapshot 99thPercentile: 304.010209
2022-05-13 16:32:40,294 [pool-1-thread-1] INFO  d.i.mongodb.perf.OperationExecutor - Snapshot 999thPercentile: 337.23445799999996
2022-05-13 16:32:40,294 [pool-1-thread-1] INFO  d.i.mongodb.perf.OperationExecutor - Snapshot Min: 26.550708999999998
2022-05-13 16:32:40,294 [pool-1-thread-1] INFO  d.i.mongodb.perf.OperationExecutor - Snapshot Max: 337.23445799999996
2022-05-13 16:32:40,294 [pool-1-thread-1] INFO  d.i.mongodb.perf.OperationExecutor - Snapshot Mean: 37.306212236463125
2022-05-13 16:32:40,294 [pool-1-thread-1] INFO  d.i.mongodb.perf.OperationExecutor - Snapshot Median: 31.56675
2022-05-13 16:32:40,294 [pool-1-thread-1] INFO  d.i.mongodb.perf.OperationExecutor - Snapshot StdDev: 37.463654996812
2022-05-13 16:32:40,295 [pool-1-thread-1] INFO  d.i.mongodb.perf.OperationExecutor - Snapshot Size: 500
13.05.2022 16.32.40 ============================================================

-- Timers ----------------------------------------------------------------------
stats-per-run-ITERATE_ONE
             count = 500
         mean rate = 262,60 calls/second
     1-minute rate = 0,00 calls/second
     5-minute rate = 0,00 calls/second
    15-minute rate = 0,00 calls/second
               min = 26,55 milliseconds
               max = 337,23 milliseconds
              mean = 37,31 milliseconds
            stddev = 37,46 milliseconds
            median = 31,57 milliseconds
              75% <= 34,00 milliseconds
              95% <= 40,83 milliseconds
              98% <= 50,75 milliseconds
              99% <= 304,01 milliseconds
            99.9% <= 337,23 milliseconds


2022-05-13 16:32:40,300 [pool-1-thread-1] INFO  d.i.mongodb.perf.OperationExecutor - stopReporters
2022-05-13 16:32:40,301 [pool-1-thread-1] INFO  d.i.mongodb.perf.OperationExecutor - consoleReporter stopped
2022-05-13 16:32:40,301 [pool-1-thread-1] INFO  d.i.mongodb.perf.OperationExecutor - allConsoleReporter stopped
2022-05-13 16:32:40,301 [pool-1-thread-1] INFO  d.i.mongodb.perf.OperationExecutor - csvReporter stopped
2022-05-13 16:32:40,301 [pool-1-thread-1] INFO  d.i.mongodb.perf.OperationExecutor - If run took more than 1 second, csv-file 'stats-per-second-ITERATE_ONE.csv' saved in folder: /Users/oscarorellana/Desktop/softcorp/doubble/mongodb-performance-test/latest-version
2022-05-13 16:32:40,301 [pool-1-thread-1] INFO  d.i.mongodb.perf.OperationExecutor - csvReporterAll stopped
2022-05-13 16:32:40,301 [pool-1-thread-1] INFO  d.i.mongodb.perf.OperationExecutor - Summary of statistics saved in csv-file 'stats-per-run-ITERATE_ONE.csv' located in folder: /Users/oscarorellana/Desktop/softcorp/doubble/mongodb-performance-test/latest-version
2022-05-13 16:32:40,321 [main] INFO  org.mongodb.driver.connection - Closed connection [connectionId{localValue:10, serverValue:13006}] to production-shard-00-01.vx60e.mongodb.net:27017 because the pool has been closed.
2022-05-13 16:32:40,324 [main] INFO  org.mongodb.driver.connection - Closed connection [connectionId{localValue:11, serverValue:13004}] to production-shard-00-01.vx60e.mongodb.net:27017 because the pool has been closed.
2022-05-13 16:32:40,324 [main] INFO  org.mongodb.driver.connection - Closed connection [connectionId{localValue:9, serverValue:13002}] to production-shard-00-01.vx60e.mongodb.net:27017 because the pool has been closed.
2022-05-13 16:32:40,324 [main] INFO  org.mongodb.driver.connection - Closed connection [connectionId{localValue:7, serverValue:12998}] to production-shard-00-01.vx60e.mongodb.net:27017 because the pool has been closed.
2022-05-13 16:32:40,324 [main] INFO  org.mongodb.driver.connection - Closed connection [connectionId{localValue:8, serverValue:13003}] to production-shard-00-01.vx60e.mongodb.net:27017 because the pool has been closed.
2022-05-13 16:32:40,325 [main] INFO  org.mongodb.driver.connection - Closed connection [connectionId{localValue:4, serverValue:13005}] to production-shard-00-01.vx60e.mongodb.net:27017 because the pool has been closed.
2022-05-13 16:32:40,325 [main] INFO  org.mongodb.driver.connection - Closed connection [connectionId{localValue:3, serverValue:12999}] to production-shard-00-01.vx60e.mongodb.net:27017 because the pool has been closed.
2022-05-13 16:32:40,325 [main] INFO  org.mongodb.driver.connection - Closed connection [connectionId{localValue:6, serverValue:13000}] to production-shard-00-01.vx60e.mongodb.net:27017 because the pool has been closed.
2022-05-13 16:32:40,325 [main] INFO  org.mongodb.driver.connection - Closed connection [connectionId{localValue:2, serverValue:12997}] to production-shard-00-01.vx60e.mongodb.net:27017 because the pool has been closed.
2022-05-13 16:32:40,325 [main] INFO  org.mongodb.driver.connection - Closed connection [connectionId{localValue:5, serverValue:13001}] to production-shard-00-01.vx60e.mongodb.net:27017 because the pool has been closed.
2022-05-13 16:32:40,326 [main] INFO  d.i.mongodb.perf.MongoDbAccessor - <<< closeConnections production-shard-00-01.vx60e.mongodb.net:27017
