2022-05-13 16:36:26,509 [main] INFO  d.i.mongodb.perf.MongoDbAccessor - >>> init production-shard-00-01.vx60e.mongodb.net:27017
2022-05-13 16:36:26,597 [main] INFO  org.mongodb.driver.cluster - Cluster created with settings {hosts=[production-shard-00-01.vx60e.mongodb.net:27017], mode=SINGLE, requiredClusterType=UNKNOWN, serverSelectionTimeout='30000 ms', maxWaitQueueSize=50000}
2022-05-13 16:36:26,607 [main] INFO  d.i.mongodb.perf.MongoDbAccessor - <<< init
2022-05-13 16:36:26,613 [main] INFO  org.mongodb.driver.cluster - Cluster description not yet available. Waiting for 30000 ms before timing out
2022-05-13 16:36:26,872 [cluster-ClusterId{value='627e6cea44d6b847f160d3d6', description='null'}-production-shard-00-01.vx60e.mongodb.net:27017] INFO  org.mongodb.driver.connection - Opened connection [connectionId{localValue:1, serverValue:13141}] to production-shard-00-01.vx60e.mongodb.net:27017
2022-05-13 16:36:26,907 [cluster-ClusterId{value='627e6cea44d6b847f160d3d6', description='null'}-production-shard-00-01.vx60e.mongodb.net:27017] INFO  org.mongodb.driver.cluster - Monitor thread successfully connected to server with description ServerDescription{address=production-shard-00-01.vx60e.mongodb.net:27017, type=REPLICA_SET_PRIMARY, state=CONNECTED, ok=true, version=ServerVersion{versionList=[5, 0, 8]}, minWireVersion=0, maxWireVersion=13, maxDocumentSize=16777216, logicalSessionTimeoutMinutes=30, roundTripTimeNanos=34187625, setName='atlas-11ct6i-shard-0', canonicalAddress=production-shard-00-01.vx60e.mongodb.net:27017, hosts=[production-shard-00-00.vx60e.mongodb.net:27017, production-shard-00-01.vx60e.mongodb.net:27017, production-shard-00-02.vx60e.mongodb.net:27017], passives=[], arbiters=[], primary='production-shard-00-01.vx60e.mongodb.net:27017', tagSet=TagSet{[Tag{name='nodeType', value='ELECTABLE'}, Tag{name='provider', value='GCP'}, Tag{name='region', value='EUROPE_WEST_3'}, Tag{name='workloadType', value='OPERATIONAL'}]}, electionId=7fffffff000000000000001c, setVersion=1, lastWriteDate=Fri May 13 16:36:26 CEST 2022, lastUpdateTimeNanos=356931788829375}
2022-05-13 16:36:27,217 [main] INFO  org.mongodb.driver.connection - Opened connection [connectionId{localValue:2, serverValue:13142}] to production-shard-00-01.vx60e.mongodb.net:27017
2022-05-13 16:36:27,325 [main] INFO  d.i.mongodb.perf.OperationExecutor - >>> OperationExecutor threadCount: 10, opsCount: 20000, maxDurationInSeconds: 3600, operation: UpdateOperation
2022-05-13 16:36:27,326 [main] INFO  d.i.mongodb.perf.OperationExecutor - java execution path: /Users/oscarorellana/Desktop/softcorp/doubble/mongodb-performance-test/latest-version/mongodb-performance-test.jar
2022-05-13 16:36:27,607 [pool-2-thread-7] INFO  org.mongodb.driver.connection - Opened connection [connectionId{localValue:9, serverValue:13147}] to production-shard-00-01.vx60e.mongodb.net:27017
2022-05-13 16:36:27,615 [pool-2-thread-9] INFO  org.mongodb.driver.connection - Opened connection [connectionId{localValue:8, serverValue:13143}] to production-shard-00-01.vx60e.mongodb.net:27017
2022-05-13 16:36:27,615 [pool-2-thread-6] INFO  org.mongodb.driver.connection - Opened connection [connectionId{localValue:7, serverValue:13149}] to production-shard-00-01.vx60e.mongodb.net:27017
2022-05-13 16:36:27,615 [pool-2-thread-8] INFO  org.mongodb.driver.connection - Opened connection [connectionId{localValue:6, serverValue:13145}] to production-shard-00-01.vx60e.mongodb.net:27017
2022-05-13 16:36:27,615 [pool-2-thread-10] INFO  org.mongodb.driver.connection - Opened connection [connectionId{localValue:5, serverValue:13150}] to production-shard-00-01.vx60e.mongodb.net:27017
2022-05-13 16:36:27,628 [pool-2-thread-2] INFO  org.mongodb.driver.connection - Opened connection [connectionId{localValue:3, serverValue:13146}] to production-shard-00-01.vx60e.mongodb.net:27017
2022-05-13 16:36:27,634 [pool-2-thread-5] INFO  org.mongodb.driver.connection - Opened connection [connectionId{localValue:4, serverValue:13148}] to production-shard-00-01.vx60e.mongodb.net:27017
2022-05-13 16:36:27,634 [pool-2-thread-3] INFO  org.mongodb.driver.connection - Opened connection [connectionId{localValue:10, serverValue:13144}] to production-shard-00-01.vx60e.mongodb.net:27017
2022-05-13 16:36:27,634 [pool-2-thread-4] INFO  org.mongodb.driver.connection - Opened connection [connectionId{localValue:11, serverValue:13151}] to production-shard-00-01.vx60e.mongodb.net:27017
13.05.2022 16.36.28 ============================================================

-- Timers ----------------------------------------------------------------------
stats-per-second-UPDATE_ONE
             count = 154
         mean rate = 152,35 calls/second
     1-minute rate = 0,00 calls/second
     5-minute rate = 0,00 calls/second
    15-minute rate = 0,00 calls/second
               min = 29,83 milliseconds
               max = 339,00 milliseconds
              mean = 64,40 milliseconds
            stddev = 65,95 milliseconds
            median = 51,59 milliseconds
              75% <= 60,51 milliseconds
              95% <= 314,59 milliseconds
              98% <= 336,22 milliseconds
              99% <= 337,61 milliseconds
            99.9% <= 339,00 milliseconds


13.05.2022 16.36.29 ============================================================

-- Timers ----------------------------------------------------------------------
stats-per-second-UPDATE_ONE
             count = 348
         mean rate = 172,89 calls/second
     1-minute rate = 0,00 calls/second
     5-minute rate = 0,00 calls/second
    15-minute rate = 0,00 calls/second
               min = 30,81 milliseconds
               max = 84,07 milliseconds
              mean = 51,16 milliseconds
            stddev = 12,97 milliseconds
            median = 48,83 milliseconds
              75% <= 60,65 milliseconds
              95% <= 70,74 milliseconds
              98% <= 83,62 milliseconds
              99% <= 84,04 milliseconds
            99.9% <= 84,07 milliseconds


13.05.2022 16.36.30 ============================================================

-- Timers ----------------------------------------------------------------------
stats-per-second-UPDATE_ONE
             count = 595
         mean rate = 197,89 calls/second
     1-minute rate = 0,00 calls/second
     5-minute rate = 0,00 calls/second
    15-minute rate = 0,00 calls/second
               min = 31,08 milliseconds
               max = 77,70 milliseconds
              mean = 40,89 milliseconds
            stddev = 7,70 milliseconds
            median = 38,85 milliseconds
              75% <= 44,50 milliseconds
              95% <= 56,16 milliseconds
              98% <= 70,01 milliseconds
              99% <= 71,65 milliseconds
            99.9% <= 77,70 milliseconds


13.05.2022 16.36.31 ============================================================

-- Timers ----------------------------------------------------------------------
stats-per-second-UPDATE_ONE
             count = 855
         mean rate = 213,34 calls/second
     1-minute rate = 0,00 calls/second
     5-minute rate = 0,00 calls/second
    15-minute rate = 0,00 calls/second
               min = 29,24 milliseconds
               max = 65,66 milliseconds
              mean = 37,93 milliseconds
            stddev = 6,52 milliseconds
            median = 36,22 milliseconds
              75% <= 40,65 milliseconds
              95% <= 50,38 milliseconds
              98% <= 64,16 milliseconds
              99% <= 65,44 milliseconds
            99.9% <= 65,66 milliseconds


13.05.2022 16.36.32 ============================================================

-- Timers ----------------------------------------------------------------------
stats-per-second-UPDATE_ONE
             count = 1101
         mean rate = 219,84 calls/second
     1-minute rate = 219,60 calls/second
     5-minute rate = 219,60 calls/second
    15-minute rate = 219,60 calls/second
               min = 29,35 milliseconds
               max = 71,12 milliseconds
              mean = 40,75 milliseconds
            stddev = 7,52 milliseconds
            median = 39,39 milliseconds
              75% <= 42,67 milliseconds
              95% <= 59,42 milliseconds
              98% <= 61,53 milliseconds
              99% <= 66,49 milliseconds
            99.9% <= 71,12 milliseconds


13.05.2022 16.36.33 ============================================================

-- Timers ----------------------------------------------------------------------
stats-per-second-UPDATE_ONE
             count = 1367
         mean rate = 227,50 calls/second
     1-minute rate = 219,60 calls/second
     5-minute rate = 219,60 calls/second
    15-minute rate = 219,60 calls/second
               min = 30,61 milliseconds
               max = 77,12 milliseconds
              mean = 37,34 milliseconds
            stddev = 5,09 milliseconds
            median = 36,37 milliseconds
              75% <= 39,21 milliseconds
              95% <= 46,85 milliseconds
              98% <= 48,89 milliseconds
              99% <= 57,38 milliseconds
            99.9% <= 77,12 milliseconds


13.05.2022 16.36.34 ============================================================

-- Timers ----------------------------------------------------------------------
stats-per-second-UPDATE_ONE
             count = 1604
         mean rate = 228,65 calls/second
     1-minute rate = 219,60 calls/second
     5-minute rate = 219,60 calls/second
    15-minute rate = 219,60 calls/second
               min = 30,43 milliseconds
               max = 74,58 milliseconds
              mean = 43,20 milliseconds
            stddev = 11,80 milliseconds
            median = 37,70 milliseconds
              75% <= 49,72 milliseconds
              95% <= 68,55 milliseconds
              98% <= 72,69 milliseconds
              99% <= 73,54 milliseconds
            99.9% <= 74,58 milliseconds


13.05.2022 16.36.35 ============================================================

-- Timers ----------------------------------------------------------------------
stats-per-second-UPDATE_ONE
             count = 1860
         mean rate = 232,12 calls/second
     1-minute rate = 219,60 calls/second
     5-minute rate = 219,60 calls/second
    15-minute rate = 219,60 calls/second
               min = 30,32 milliseconds
               max = 74,58 milliseconds
              mean = 39,28 milliseconds
            stddev = 7,21 milliseconds
            median = 37,69 milliseconds
              75% <= 41,50 milliseconds
              95% <= 52,28 milliseconds
              98% <= 61,34 milliseconds
              99% <= 73,32 milliseconds
            99.9% <= 74,58 milliseconds


13.05.2022 16.36.36 ============================================================

-- Timers ----------------------------------------------------------------------
stats-per-second-UPDATE_ONE
             count = 2112
         mean rate = 234,41 calls/second
     1-minute rate = 219,60 calls/second
     5-minute rate = 219,60 calls/second
    15-minute rate = 219,60 calls/second
               min = 31,16 milliseconds
               max = 51,44 milliseconds
              mean = 38,89 milliseconds
            stddev = 4,60 milliseconds
            median = 38,21 milliseconds
              75% <= 40,48 milliseconds
              95% <= 49,68 milliseconds
              98% <= 51,12 milliseconds
              99% <= 51,39 milliseconds
            99.9% <= 51,44 milliseconds


13.05.2022 16.36.37 ============================================================

-- Timers ----------------------------------------------------------------------
stats-per-second-UPDATE_ONE
             count = 2362
         mean rate = 236,12 calls/second
     1-minute rate = 222,24 calls/second
     5-minute rate = 220,15 calls/second
    15-minute rate = 219,78 calls/second
               min = 30,71 milliseconds
               max = 66,47 milliseconds
              mean = 40,25 milliseconds
            stddev = 6,97 milliseconds
            median = 38,68 milliseconds
              75% <= 43,04 milliseconds
              95% <= 53,46 milliseconds
              98% <= 63,67 milliseconds
              99% <= 64,87 milliseconds
            99.9% <= 66,47 milliseconds


13.05.2022 16.36.38 ============================================================

-- Timers ----------------------------------------------------------------------
stats-per-second-UPDATE_ONE
             count = 2599
         mean rate = 235,95 calls/second
     1-minute rate = 222,24 calls/second
     5-minute rate = 220,15 calls/second
    15-minute rate = 219,78 calls/second
               min = 30,32 milliseconds
               max = 74,28 milliseconds
              mean = 43,20 milliseconds
            stddev = 9,67 milliseconds
            median = 39,59 milliseconds
              75% <= 49,39 milliseconds
              95% <= 65,73 milliseconds
              98% <= 71,98 milliseconds
              99% <= 73,15 milliseconds
            99.9% <= 74,28 milliseconds


13.05.2022 16.36.39 ============================================================

-- Timers ----------------------------------------------------------------------
stats-per-second-UPDATE_ONE
             count = 2819
         mean rate = 234,75 calls/second
     1-minute rate = 222,24 calls/second
     5-minute rate = 220,15 calls/second
    15-minute rate = 219,78 calls/second
               min = 30,22 milliseconds
               max = 74,50 milliseconds
              mean = 45,42 milliseconds
            stddev = 10,93 milliseconds
            median = 41,62 milliseconds
              75% <= 50,04 milliseconds
              95% <= 65,90 milliseconds
              98% <= 74,19 milliseconds
              99% <= 74,32 milliseconds
            99.9% <= 74,50 milliseconds


13.05.2022 16.36.40 ============================================================

-- Timers ----------------------------------------------------------------------
stats-per-second-UPDATE_ONE
             count = 3070
         mean rate = 235,97 calls/second
     1-minute rate = 222,24 calls/second
     5-minute rate = 220,15 calls/second
    15-minute rate = 219,78 calls/second
               min = 26,75 milliseconds
               max = 67,63 milliseconds
              mean = 39,86 milliseconds
            stddev = 8,21 milliseconds
            median = 37,51 milliseconds
              75% <= 43,94 milliseconds
              95% <= 56,95 milliseconds
              98% <= 59,53 milliseconds
              99% <= 66,93 milliseconds
            99.9% <= 67,63 milliseconds


13.05.2022 16.36.41 ============================================================

-- Timers ----------------------------------------------------------------------
stats-per-second-UPDATE_ONE
             count = 3328
         mean rate = 237,57 calls/second
     1-minute rate = 222,24 calls/second
     5-minute rate = 220,15 calls/second
    15-minute rate = 219,78 calls/second
               min = 30,32 milliseconds
               max = 79,36 milliseconds
              mean = 39,39 milliseconds
            stddev = 7,99 milliseconds
            median = 37,85 milliseconds
              75% <= 40,51 milliseconds
              95% <= 50,65 milliseconds
              98% <= 78,11 milliseconds
              99% <= 78,81 milliseconds
            99.9% <= 79,36 milliseconds


13.05.2022 16.36.42 ============================================================

-- Timers ----------------------------------------------------------------------
stats-per-second-UPDATE_ONE
             count = 3584
         mean rate = 238,77 calls/second
     1-minute rate = 224,01 calls/second
     5-minute rate = 220,55 calls/second
    15-minute rate = 219,92 calls/second
               min = 29,06 milliseconds
               max = 64,10 milliseconds
              mean = 38,46 milliseconds
            stddev = 6,44 milliseconds
            median = 37,08 milliseconds
              75% <= 39,52 milliseconds
              95% <= 55,31 milliseconds
              98% <= 59,27 milliseconds
              99% <= 64,05 milliseconds
            99.9% <= 64,10 milliseconds


13.05.2022 16.36.43 ============================================================

-- Timers ----------------------------------------------------------------------
stats-per-second-UPDATE_ONE
             count = 3844
         mean rate = 240,09 calls/second
     1-minute rate = 224,01 calls/second
     5-minute rate = 220,55 calls/second
    15-minute rate = 219,92 calls/second
               min = 30,20 milliseconds
               max = 68,50 milliseconds
              mean = 38,34 milliseconds
            stddev = 5,93 milliseconds
            median = 37,24 milliseconds
              75% <= 40,76 milliseconds
              95% <= 49,84 milliseconds
              98% <= 57,97 milliseconds
              99% <= 67,75 milliseconds
            99.9% <= 68,50 milliseconds


13.05.2022 16.36.44 ============================================================

-- Timers ----------------------------------------------------------------------
stats-per-second-UPDATE_ONE
             count = 4095
         mean rate = 240,74 calls/second
     1-minute rate = 224,01 calls/second
     5-minute rate = 220,55 calls/second
    15-minute rate = 219,92 calls/second
               min = 30,33 milliseconds
               max = 63,95 milliseconds
              mean = 40,15 milliseconds
            stddev = 5,84 milliseconds
            median = 39,37 milliseconds
              75% <= 42,01 milliseconds
              95% <= 50,00 milliseconds
              98% <= 60,63 milliseconds
              99% <= 61,32 milliseconds
            99.9% <= 63,95 milliseconds


13.05.2022 16.36.45 ============================================================

-- Timers ----------------------------------------------------------------------
stats-per-second-UPDATE_ONE
             count = 4358
         mean rate = 241,97 calls/second
     1-minute rate = 224,01 calls/second
     5-minute rate = 220,55 calls/second
    15-minute rate = 219,92 calls/second
               min = 29,61 milliseconds
               max = 67,09 milliseconds
              mean = 37,59 milliseconds
            stddev = 6,29 milliseconds
            median = 36,60 milliseconds
              75% <= 38,86 milliseconds
              95% <= 50,29 milliseconds
              98% <= 66,87 milliseconds
              99% <= 67,06 milliseconds
            99.9% <= 67,09 milliseconds


13.05.2022 16.36.46 ============================================================

-- Timers ----------------------------------------------------------------------
stats-per-second-UPDATE_ONE
             count = 4626
         mean rate = 243,35 calls/second
     1-minute rate = 224,01 calls/second
     5-minute rate = 220,55 calls/second
    15-minute rate = 219,92 calls/second
               min = 30,64 milliseconds
               max = 55,57 milliseconds
              mean = 38,01 milliseconds
            stddev = 4,47 milliseconds
            median = 37,39 milliseconds
              75% <= 40,47 milliseconds
              95% <= 47,14 milliseconds
              98% <= 49,88 milliseconds
              99% <= 54,48 milliseconds
            99.9% <= 55,57 milliseconds


13.05.2022 16.36.47 ============================================================

-- Timers ----------------------------------------------------------------------
stats-per-second-UPDATE_ONE
             count = 4878
         mean rate = 243,77 calls/second
     1-minute rate = 226,81 calls/second
     5-minute rate = 221,18 calls/second
    15-minute rate = 220,14 calls/second
               min = 29,81 milliseconds
               max = 79,75 milliseconds
              mean = 39,17 milliseconds
            stddev = 8,04 milliseconds
            median = 37,31 milliseconds
              75% <= 40,07 milliseconds
              95% <= 61,27 milliseconds
              98% <= 64,63 milliseconds
              99% <= 70,41 milliseconds
            99.9% <= 79,75 milliseconds


13.05.2022 16.36.48 ============================================================

-- Timers ----------------------------------------------------------------------
stats-per-second-UPDATE_ONE
             count = 5149
         mean rate = 244,98 calls/second
     1-minute rate = 226,81 calls/second
     5-minute rate = 221,18 calls/second
    15-minute rate = 220,14 calls/second
               min = 29,84 milliseconds
               max = 57,85 milliseconds
              mean = 37,32 milliseconds
            stddev = 3,95 milliseconds
            median = 36,84 milliseconds
              75% <= 39,55 milliseconds
              95% <= 44,62 milliseconds
              98% <= 45,28 milliseconds
              99% <= 49,91 milliseconds
            99.9% <= 57,85 milliseconds


13.05.2022 16.36.49 ============================================================

-- Timers ----------------------------------------------------------------------
stats-per-second-UPDATE_ONE
             count = 5399
         mean rate = 245,28 calls/second
     1-minute rate = 226,81 calls/second
     5-minute rate = 221,18 calls/second
    15-minute rate = 220,14 calls/second
               min = 29,44 milliseconds
               max = 74,86 milliseconds
              mean = 39,27 milliseconds
            stddev = 6,93 milliseconds
            median = 37,71 milliseconds
              75% <= 41,98 milliseconds
              95% <= 57,71 milliseconds
              98% <= 60,13 milliseconds
              99% <= 61,08 milliseconds
            99.9% <= 74,86 milliseconds


13.05.2022 16.36.50 ============================================================

-- Timers ----------------------------------------------------------------------
stats-per-second-UPDATE_ONE
             count = 5646
         mean rate = 245,41 calls/second
     1-minute rate = 226,81 calls/second
     5-minute rate = 221,18 calls/second
    15-minute rate = 220,14 calls/second
               min = 30,65 milliseconds
               max = 63,19 milliseconds
              mean = 40,77 milliseconds
            stddev = 6,90 milliseconds
            median = 38,84 milliseconds
              75% <= 43,65 milliseconds
              95% <= 59,13 milliseconds
              98% <= 62,71 milliseconds
              99% <= 62,86 milliseconds
            99.9% <= 63,19 milliseconds


13.05.2022 16.36.51 ============================================================

-- Timers ----------------------------------------------------------------------
stats-per-second-UPDATE_ONE
             count = 5915
         mean rate = 246,37 calls/second
     1-minute rate = 226,81 calls/second
     5-minute rate = 221,18 calls/second
    15-minute rate = 220,14 calls/second
               min = 30,38 milliseconds
               max = 54,95 milliseconds
              mean = 37,29 milliseconds
            stddev = 4,78 milliseconds
            median = 36,04 milliseconds
              75% <= 39,40 milliseconds
              95% <= 48,43 milliseconds
              98% <= 50,47 milliseconds
              99% <= 53,10 milliseconds
            99.9% <= 54,95 milliseconds


13.05.2022 16.36.52 ============================================================

-- Timers ----------------------------------------------------------------------
stats-per-second-UPDATE_ONE
             count = 6177
         mean rate = 246,97 calls/second
     1-minute rate = 229,41 calls/second
     5-minute rate = 221,81 calls/second
    15-minute rate = 220,35 calls/second
               min = 29,93 milliseconds
               max = 52,68 milliseconds
              mean = 37,80 milliseconds
            stddev = 4,83 milliseconds
            median = 36,63 milliseconds
              75% <= 41,06 milliseconds
              95% <= 47,19 milliseconds
              98% <= 49,71 milliseconds
              99% <= 50,32 milliseconds
            99.9% <= 52,68 milliseconds


13.05.2022 16.36.53 ============================================================

-- Timers ----------------------------------------------------------------------
stats-per-second-UPDATE_ONE
             count = 6438
         mean rate = 247,57 calls/second
     1-minute rate = 229,41 calls/second
     5-minute rate = 221,81 calls/second
    15-minute rate = 220,35 calls/second
               min = 30,41 milliseconds
               max = 66,34 milliseconds
              mean = 38,39 milliseconds
            stddev = 6,42 milliseconds
            median = 36,91 milliseconds
              75% <= 40,18 milliseconds
              95% <= 58,45 milliseconds
              98% <= 59,77 milliseconds
              99% <= 59,96 milliseconds
            99.9% <= 66,34 milliseconds


13.05.2022 16.36.54 ============================================================

-- Timers ----------------------------------------------------------------------
stats-per-second-UPDATE_ONE
             count = 6677
         mean rate = 247,24 calls/second
     1-minute rate = 229,41 calls/second
     5-minute rate = 221,81 calls/second
    15-minute rate = 220,35 calls/second
               min = 29,31 milliseconds
               max = 77,22 milliseconds
              mean = 41,57 milliseconds
            stddev = 8,43 milliseconds
            median = 39,38 milliseconds
              75% <= 43,29 milliseconds
              95% <= 57,84 milliseconds
              98% <= 72,60 milliseconds
              99% <= 77,09 milliseconds
            99.9% <= 77,22 milliseconds


13.05.2022 16.36.55 ============================================================

-- Timers ----------------------------------------------------------------------
stats-per-second-UPDATE_ONE
             count = 6937
         mean rate = 247,63 calls/second
     1-minute rate = 229,41 calls/second
     5-minute rate = 221,81 calls/second
    15-minute rate = 220,35 calls/second
               min = 29,70 milliseconds
               max = 66,48 milliseconds
              mean = 38,83 milliseconds
            stddev = 6,93 milliseconds
            median = 36,78 milliseconds
              75% <= 42,58 milliseconds
              95% <= 55,17 milliseconds
              98% <= 61,48 milliseconds
              99% <= 64,04 milliseconds
            99.9% <= 66,48 milliseconds


13.05.2022 16.36.56 ============================================================

-- Timers ----------------------------------------------------------------------
stats-per-second-UPDATE_ONE
             count = 7211
         mean rate = 248,56 calls/second
     1-minute rate = 229,41 calls/second
     5-minute rate = 221,81 calls/second
    15-minute rate = 220,35 calls/second
               min = 29,73 milliseconds
               max = 54,50 milliseconds
              mean = 35,75 milliseconds
            stddev = 3,75 milliseconds
            median = 35,23 milliseconds
              75% <= 37,45 milliseconds
              95% <= 42,89 milliseconds
              98% <= 47,10 milliseconds
              99% <= 48,73 milliseconds
            99.9% <= 54,50 milliseconds


13.05.2022 16.36.57 ============================================================

-- Timers ----------------------------------------------------------------------
stats-per-second-UPDATE_ONE
             count = 7480
         mean rate = 249,26 calls/second
     1-minute rate = 231,94 calls/second
     5-minute rate = 222,46 calls/second
    15-minute rate = 220,58 calls/second
               min = 29,14 milliseconds
               max = 53,32 milliseconds
              mean = 37,27 milliseconds
            stddev = 4,28 milliseconds
            median = 36,43 milliseconds
              75% <= 39,31 milliseconds
              95% <= 46,22 milliseconds
              98% <= 49,09 milliseconds
              99% <= 49,51 milliseconds
            99.9% <= 53,32 milliseconds


13.05.2022 16.36.58 ============================================================

-- Timers ----------------------------------------------------------------------
stats-per-second-UPDATE_ONE
             count = 7754
         mean rate = 250,07 calls/second
     1-minute rate = 231,94 calls/second
     5-minute rate = 222,46 calls/second
    15-minute rate = 220,58 calls/second
               min = 28,82 milliseconds
               max = 59,34 milliseconds
              mean = 36,79 milliseconds
            stddev = 4,56 milliseconds
            median = 35,73 milliseconds
              75% <= 39,05 milliseconds
              95% <= 46,05 milliseconds
              98% <= 49,74 milliseconds
              99% <= 52,33 milliseconds
            99.9% <= 59,34 milliseconds


13.05.2022 16.36.59 ============================================================

-- Timers ----------------------------------------------------------------------
stats-per-second-UPDATE_ONE
             count = 8029
         mean rate = 250,87 calls/second
     1-minute rate = 231,94 calls/second
     5-minute rate = 222,46 calls/second
    15-minute rate = 220,58 calls/second
               min = 29,60 milliseconds
               max = 46,33 milliseconds
              mean = 36,42 milliseconds
            stddev = 3,28 milliseconds
            median = 36,06 milliseconds
              75% <= 38,49 milliseconds
              95% <= 43,47 milliseconds
              98% <= 44,43 milliseconds
              99% <= 44,96 milliseconds
            99.9% <= 46,33 milliseconds


13.05.2022 16.37.00 ============================================================

-- Timers ----------------------------------------------------------------------
stats-per-second-UPDATE_ONE
             count = 8249
         mean rate = 249,89 calls/second
     1-minute rate = 231,94 calls/second
     5-minute rate = 222,46 calls/second
    15-minute rate = 220,58 calls/second
               min = 30,60 milliseconds
               max = 91,91 milliseconds
              mean = 45,05 milliseconds
            stddev = 15,36 milliseconds
            median = 38,83 milliseconds
              75% <= 50,38 milliseconds
              95% <= 78,22 milliseconds
              98% <= 85,66 milliseconds
              99% <= 86,05 milliseconds
            99.9% <= 91,91 milliseconds


13.05.2022 16.37.01 ============================================================

-- Timers ----------------------------------------------------------------------
stats-per-second-UPDATE_ONE
             count = 8417
         mean rate = 247,49 calls/second
     1-minute rate = 231,94 calls/second
     5-minute rate = 222,46 calls/second
    15-minute rate = 220,58 calls/second
               min = 39,63 milliseconds
               max = 86,76 milliseconds
              mean = 59,74 milliseconds
            stddev = 10,22 milliseconds
            median = 59,94 milliseconds
              75% <= 65,85 milliseconds
              95% <= 74,51 milliseconds
              98% <= 86,16 milliseconds
              99% <= 86,42 milliseconds
            99.9% <= 86,76 milliseconds


13.05.2022 16.37.02 ============================================================

-- Timers ----------------------------------------------------------------------
stats-per-second-UPDATE_ONE
             count = 8587
         mean rate = 245,26 calls/second
     1-minute rate = 231,10 calls/second
     5-minute rate = 222,44 calls/second
    15-minute rate = 220,58 calls/second
               min = 38,42 milliseconds
               max = 81,83 milliseconds
              mean = 59,13 milliseconds
            stddev = 9,47 milliseconds
            median = 59,10 milliseconds
              75% <= 64,64 milliseconds
              95% <= 75,51 milliseconds
              98% <= 75,79 milliseconds
              99% <= 78,56 milliseconds
            99.9% <= 81,83 milliseconds


13.05.2022 16.37.03 ============================================================

-- Timers ----------------------------------------------------------------------
stats-per-second-UPDATE_ONE
             count = 8743
         mean rate = 242,79 calls/second
     1-minute rate = 231,10 calls/second
     5-minute rate = 222,44 calls/second
    15-minute rate = 220,58 calls/second
               min = 43,97 milliseconds
               max = 86,86 milliseconds
              mean = 63,84 milliseconds
            stddev = 8,71 milliseconds
            median = 63,89 milliseconds
              75% <= 69,35 milliseconds
              95% <= 78,99 milliseconds
              98% <= 80,93 milliseconds
              99% <= 84,61 milliseconds
            99.9% <= 86,86 milliseconds


13.05.2022 16.37.04 ============================================================

-- Timers ----------------------------------------------------------------------
stats-per-second-UPDATE_ONE
             count = 8910
         mean rate = 240,78 calls/second
     1-minute rate = 231,10 calls/second
     5-minute rate = 222,44 calls/second
    15-minute rate = 220,58 calls/second
               min = 35,33 milliseconds
               max = 85,21 milliseconds
              mean = 59,28 milliseconds
            stddev = 10,07 milliseconds
            median = 59,13 milliseconds
              75% <= 65,02 milliseconds
              95% <= 75,35 milliseconds
              98% <= 83,86 milliseconds
              99% <= 84,57 milliseconds
            99.9% <= 85,21 milliseconds


13.05.2022 16.37.05 ============================================================

-- Timers ----------------------------------------------------------------------
stats-per-second-UPDATE_ONE
             count = 9075
         mean rate = 238,78 calls/second
     1-minute rate = 231,10 calls/second
     5-minute rate = 222,44 calls/second
    15-minute rate = 220,58 calls/second
               min = 32,20 milliseconds
               max = 78,30 milliseconds
              mean = 59,02 milliseconds
            stddev = 8,99 milliseconds
            median = 58,23 milliseconds
              75% <= 66,99 milliseconds
              95% <= 74,40 milliseconds
              98% <= 75,95 milliseconds
              99% <= 76,91 milliseconds
            99.9% <= 78,30 milliseconds


13.05.2022 16.37.06 ============================================================

-- Timers ----------------------------------------------------------------------
stats-per-second-UPDATE_ONE
             count = 9239
         mean rate = 236,83 calls/second
     1-minute rate = 231,10 calls/second
     5-minute rate = 222,44 calls/second
    15-minute rate = 220,58 calls/second
               min = 38,98 milliseconds
               max = 84,89 milliseconds
              mean = 61,81 milliseconds
            stddev = 8,96 milliseconds
            median = 60,74 milliseconds
              75% <= 67,91 milliseconds
              95% <= 78,26 milliseconds
              98% <= 81,19 milliseconds
              99% <= 82,53 milliseconds
            99.9% <= 84,89 milliseconds


13.05.2022 16.37.07 ============================================================

-- Timers ----------------------------------------------------------------------
stats-per-second-UPDATE_ONE
             count = 9411
         mean rate = 235,22 calls/second
     1-minute rate = 225,80 calls/second
     5-minute rate = 221,49 calls/second
    15-minute rate = 220,27 calls/second
               min = 40,85 milliseconds
               max = 87,74 milliseconds
              mean = 58,96 milliseconds
            stddev = 9,63 milliseconds
            median = 57,45 milliseconds
              75% <= 64,01 milliseconds
              95% <= 76,86 milliseconds
              98% <= 86,72 milliseconds
              99% <= 87,53 milliseconds
            99.9% <= 87,74 milliseconds


13.05.2022 16.37.08 ============================================================

-- Timers ----------------------------------------------------------------------
stats-per-second-UPDATE_ONE
             count = 9580
         mean rate = 233,63 calls/second
     1-minute rate = 225,80 calls/second
     5-minute rate = 221,49 calls/second
    15-minute rate = 220,27 calls/second
               min = 32,60 milliseconds
               max = 98,93 milliseconds
              mean = 59,80 milliseconds
            stddev = 12,56 milliseconds
            median = 58,71 milliseconds
              75% <= 66,32 milliseconds
              95% <= 87,15 milliseconds
              98% <= 94,08 milliseconds
              99% <= 98,41 milliseconds
            99.9% <= 98,93 milliseconds


13.05.2022 16.37.09 ============================================================

-- Timers ----------------------------------------------------------------------
stats-per-second-UPDATE_ONE
             count = 9733
         mean rate = 231,69 calls/second
     1-minute rate = 225,80 calls/second
     5-minute rate = 221,49 calls/second
    15-minute rate = 220,27 calls/second
               min = 37,88 milliseconds
               max = 94,02 milliseconds
              mean = 64,58 milliseconds
            stddev = 11,57 milliseconds
            median = 63,37 milliseconds
              75% <= 67,90 milliseconds
              95% <= 90,85 milliseconds
              98% <= 92,96 milliseconds
              99% <= 93,70 milliseconds
            99.9% <= 94,02 milliseconds


13.05.2022 16.37.10 ============================================================

-- Timers ----------------------------------------------------------------------
stats-per-second-UPDATE_ONE
             count = 9899
         mean rate = 230,18 calls/second
     1-minute rate = 225,80 calls/second
     5-minute rate = 221,49 calls/second
    15-minute rate = 220,27 calls/second
               min = 31,16 milliseconds
               max = 80,41 milliseconds
              mean = 59,64 milliseconds
            stddev = 9,90 milliseconds
            median = 59,46 milliseconds
              75% <= 67,46 milliseconds
              95% <= 78,20 milliseconds
              98% <= 79,34 milliseconds
              99% <= 80,23 milliseconds
            99.9% <= 80,41 milliseconds


13.05.2022 16.37.11 ============================================================

-- Timers ----------------------------------------------------------------------
stats-per-second-UPDATE_ONE
             count = 10048
         mean rate = 228,32 calls/second
     1-minute rate = 225,80 calls/second
     5-minute rate = 221,49 calls/second
    15-minute rate = 220,27 calls/second
               min = 39,86 milliseconds
               max = 201,15 milliseconds
              mean = 66,76 milliseconds
            stddev = 31,33 milliseconds
            median = 59,19 milliseconds
              75% <= 64,55 milliseconds
              95% <= 173,27 milliseconds
              98% <= 180,53 milliseconds
              99% <= 190,94 milliseconds
            99.9% <= 201,15 milliseconds


13.05.2022 16.37.12 ============================================================

-- Timers ----------------------------------------------------------------------
stats-per-second-UPDATE_ONE
             count = 10221
         mean rate = 227,11 calls/second
     1-minute rate = 220,70 calls/second
     5-minute rate = 220,51 calls/second
    15-minute rate = 219,95 calls/second
               min = 35,94 milliseconds
               max = 84,53 milliseconds
              mean = 58,47 milliseconds
            stddev = 9,69 milliseconds
            median = 59,69 milliseconds
              75% <= 64,29 milliseconds
              95% <= 76,22 milliseconds
              98% <= 79,00 milliseconds
              99% <= 84,51 milliseconds
            99.9% <= 84,53 milliseconds


13.05.2022 16.37.13 ============================================================

-- Timers ----------------------------------------------------------------------
stats-per-second-UPDATE_ONE
             count = 10388
         mean rate = 225,78 calls/second
     1-minute rate = 220,70 calls/second
     5-minute rate = 220,51 calls/second
    15-minute rate = 219,95 calls/second
               min = 39,95 milliseconds
               max = 106,45 milliseconds
              mean = 60,95 milliseconds
            stddev = 10,55 milliseconds
            median = 60,50 milliseconds
              75% <= 66,49 milliseconds
              95% <= 83,53 milliseconds
              98% <= 84,95 milliseconds
              99% <= 100,30 milliseconds
            99.9% <= 106,45 milliseconds


13.05.2022 16.37.14 ============================================================

-- Timers ----------------------------------------------------------------------
stats-per-second-UPDATE_ONE
             count = 10543
         mean rate = 224,26 calls/second
     1-minute rate = 220,70 calls/second
     5-minute rate = 220,51 calls/second
    15-minute rate = 219,95 calls/second
               min = 42,40 milliseconds
               max = 97,29 milliseconds
              mean = 63,29 milliseconds
            stddev = 10,67 milliseconds
            median = 63,43 milliseconds
              75% <= 69,78 milliseconds
              95% <= 79,04 milliseconds
              98% <= 91,41 milliseconds
              99% <= 95,97 milliseconds
            99.9% <= 97,29 milliseconds


13.05.2022 16.37.15 ============================================================

-- Timers ----------------------------------------------------------------------
stats-per-second-UPDATE_ONE
             count = 10809
         mean rate = 225,17 calls/second
     1-minute rate = 220,70 calls/second
     5-minute rate = 220,51 calls/second
    15-minute rate = 219,95 calls/second
               min = 29,98 milliseconds
               max = 64,74 milliseconds
              mean = 38,26 milliseconds
            stddev = 5,07 milliseconds
            median = 37,69 milliseconds
              75% <= 39,98 milliseconds
              95% <= 46,60 milliseconds
              98% <= 55,93 milliseconds
              99% <= 64,57 milliseconds
            99.9% <= 64,74 milliseconds


13.05.2022 16.37.16 ============================================================

-- Timers ----------------------------------------------------------------------
stats-per-second-UPDATE_ONE
             count = 11067
         mean rate = 225,82 calls/second
     1-minute rate = 220,70 calls/second
     5-minute rate = 220,51 calls/second
    15-minute rate = 219,95 calls/second
               min = 30,27 milliseconds
               max = 53,34 milliseconds
              mean = 39,15 milliseconds
            stddev = 4,61 milliseconds
            median = 38,21 milliseconds
              75% <= 42,17 milliseconds
              95% <= 48,15 milliseconds
              98% <= 49,15 milliseconds
              99% <= 49,56 milliseconds
            99.9% <= 53,34 milliseconds


13.05.2022 16.37.17 ============================================================

-- Timers ----------------------------------------------------------------------
stats-per-second-UPDATE_ONE
             count = 11334
         mean rate = 226,64 calls/second
     1-minute rate = 220,85 calls/second
     5-minute rate = 220,54 calls/second
    15-minute rate = 219,97 calls/second
               min = 30,19 milliseconds
               max = 46,81 milliseconds
              mean = 36,65 milliseconds
            stddev = 3,55 milliseconds
            median = 36,23 milliseconds
              75% <= 38,83 milliseconds
              95% <= 43,85 milliseconds
              98% <= 45,13 milliseconds
              99% <= 46,44 milliseconds
            99.9% <= 46,81 milliseconds


13.05.2022 16.37.18 ============================================================

-- Timers ----------------------------------------------------------------------
stats-per-second-UPDATE_ONE
             count = 11602
         mean rate = 227,45 calls/second
     1-minute rate = 220,85 calls/second
     5-minute rate = 220,54 calls/second
    15-minute rate = 219,97 calls/second
               min = 29,47 milliseconds
               max = 52,40 milliseconds
              mean = 37,50 milliseconds
            stddev = 4,10 milliseconds
            median = 37,11 milliseconds
              75% <= 39,90 milliseconds
              95% <= 45,60 milliseconds
              98% <= 47,22 milliseconds
              99% <= 51,69 milliseconds
            99.9% <= 52,40 milliseconds


13.05.2022 16.37.19 ============================================================

-- Timers ----------------------------------------------------------------------
stats-per-second-UPDATE_ONE
             count = 11869
         mean rate = 228,22 calls/second
     1-minute rate = 220,85 calls/second
     5-minute rate = 220,54 calls/second
    15-minute rate = 219,97 calls/second
               min = 29,78 milliseconds
               max = 62,05 milliseconds
              mean = 37,04 milliseconds
            stddev = 4,65 milliseconds
            median = 35,85 milliseconds
              75% <= 38,75 milliseconds
              95% <= 45,04 milliseconds
              98% <= 50,70 milliseconds
              99% <= 54,36 milliseconds
            99.9% <= 62,05 milliseconds


13.05.2022 16.37.20 ============================================================

-- Timers ----------------------------------------------------------------------
stats-per-second-UPDATE_ONE
             count = 12151
         mean rate = 229,23 calls/second
     1-minute rate = 220,85 calls/second
     5-minute rate = 220,54 calls/second
    15-minute rate = 219,97 calls/second
               min = 29,41 milliseconds
               max = 42,41 milliseconds
              mean = 35,87 milliseconds
            stddev = 3,06 milliseconds
            median = 35,80 milliseconds
              75% <= 38,05 milliseconds
              95% <= 41,14 milliseconds
              98% <= 41,71 milliseconds
              99% <= 42,32 milliseconds
            99.9% <= 42,41 milliseconds


13.05.2022 16.37.21 ============================================================

-- Timers ----------------------------------------------------------------------
stats-per-second-UPDATE_ONE
             count = 12423
         mean rate = 230,01 calls/second
     1-minute rate = 220,85 calls/second
     5-minute rate = 220,54 calls/second
    15-minute rate = 219,97 calls/second
               min = 28,77 milliseconds
               max = 51,84 milliseconds
              mean = 36,75 milliseconds
            stddev = 3,92 milliseconds
            median = 36,30 milliseconds
              75% <= 38,37 milliseconds
              95% <= 44,56 milliseconds
              98% <= 48,59 milliseconds
              99% <= 50,23 milliseconds
            99.9% <= 51,84 milliseconds


13.05.2022 16.37.22 ============================================================

-- Timers ----------------------------------------------------------------------
stats-per-second-UPDATE_ONE
             count = 12703
         mean rate = 230,91 calls/second
     1-minute rate = 224,99 calls/second
     5-minute rate = 221,40 calls/second
    15-minute rate = 220,26 calls/second
               min = 29,65 milliseconds
               max = 47,10 milliseconds
              mean = 36,12 milliseconds
            stddev = 3,08 milliseconds
            median = 35,94 milliseconds
              75% <= 37,67 milliseconds
              95% <= 41,74 milliseconds
              98% <= 43,25 milliseconds
              99% <= 44,51 milliseconds
            99.9% <= 47,10 milliseconds


13.05.2022 16.37.23 ============================================================

-- Timers ----------------------------------------------------------------------
stats-per-second-UPDATE_ONE
             count = 12982
         mean rate = 231,77 calls/second
     1-minute rate = 224,99 calls/second
     5-minute rate = 221,40 calls/second
    15-minute rate = 220,26 calls/second
               min = 29,22 milliseconds
               max = 54,23 milliseconds
              mean = 35,80 milliseconds
            stddev = 4,05 milliseconds
            median = 34,89 milliseconds
              75% <= 37,45 milliseconds
              95% <= 43,02 milliseconds
              98% <= 52,16 milliseconds
              99% <= 52,39 milliseconds
            99.9% <= 54,23 milliseconds


13.05.2022 16.37.24 ============================================================

-- Timers ----------------------------------------------------------------------
stats-per-second-UPDATE_ONE
             count = 13255
         mean rate = 232,51 calls/second
     1-minute rate = 224,99 calls/second
     5-minute rate = 221,40 calls/second
    15-minute rate = 220,26 calls/second
               min = 29,66 milliseconds
               max = 50,58 milliseconds
              mean = 35,68 milliseconds
            stddev = 3,48 milliseconds
            median = 35,08 milliseconds
              75% <= 37,80 milliseconds
              95% <= 41,65 milliseconds
              98% <= 44,44 milliseconds
              99% <= 46,37 milliseconds
            99.9% <= 50,58 milliseconds


13.05.2022 16.37.25 ============================================================

-- Timers ----------------------------------------------------------------------
stats-per-second-UPDATE_ONE
             count = 13540
         mean rate = 233,40 calls/second
     1-minute rate = 224,99 calls/second
     5-minute rate = 221,40 calls/second
    15-minute rate = 220,26 calls/second
               min = 29,93 milliseconds
               max = 44,51 milliseconds
              mean = 35,64 milliseconds
            stddev = 2,68 milliseconds
            median = 35,65 milliseconds
              75% <= 37,68 milliseconds
              95% <= 40,13 milliseconds
              98% <= 42,26 milliseconds
              99% <= 43,44 milliseconds
            99.9% <= 44,51 milliseconds


13.05.2022 16.37.26 ============================================================

-- Timers ----------------------------------------------------------------------
stats-per-second-UPDATE_ONE
             count = 13806
         mean rate = 233,96 calls/second
     1-minute rate = 224,99 calls/second
     5-minute rate = 221,40 calls/second
    15-minute rate = 220,26 calls/second
               min = 29,55 milliseconds
               max = 64,27 milliseconds
              mean = 37,26 milliseconds
            stddev = 5,11 milliseconds
            median = 36,54 milliseconds
              75% <= 38,78 milliseconds
              95% <= 44,57 milliseconds
              98% <= 56,15 milliseconds
              99% <= 63,81 milliseconds
            99.9% <= 64,27 milliseconds


13.05.2022 16.37.27 ============================================================

-- Timers ----------------------------------------------------------------------
stats-per-second-UPDATE_ONE
             count = 14091
         mean rate = 234,83 calls/second
     1-minute rate = 229,26 calls/second
     5-minute rate = 222,34 calls/second
    15-minute rate = 220,58 calls/second
               min = 29,76 milliseconds
               max = 47,04 milliseconds
              mean = 35,39 milliseconds
            stddev = 3,32 milliseconds
            median = 35,08 milliseconds
              75% <= 37,10 milliseconds
              95% <= 41,42 milliseconds
              98% <= 43,70 milliseconds
              99% <= 45,31 milliseconds
            99.9% <= 47,04 milliseconds


13.05.2022 16.37.28 ============================================================

-- Timers ----------------------------------------------------------------------
stats-per-second-UPDATE_ONE
             count = 14359
         mean rate = 235,38 calls/second
     1-minute rate = 229,26 calls/second
     5-minute rate = 222,34 calls/second
    15-minute rate = 220,58 calls/second
               min = 29,97 milliseconds
               max = 52,88 milliseconds
              mean = 37,01 milliseconds
            stddev = 3,68 milliseconds
            median = 36,58 milliseconds
              75% <= 39,01 milliseconds
              95% <= 43,39 milliseconds
              98% <= 46,40 milliseconds
              99% <= 52,57 milliseconds
            99.9% <= 52,88 milliseconds


13.05.2022 16.37.29 ============================================================

-- Timers ----------------------------------------------------------------------
stats-per-second-UPDATE_ONE
             count = 14628
         mean rate = 235,89 calls/second
     1-minute rate = 229,26 calls/second
     5-minute rate = 222,34 calls/second
    15-minute rate = 220,58 calls/second
               min = 29,71 milliseconds
               max = 57,47 milliseconds
              mean = 36,71 milliseconds
            stddev = 4,66 milliseconds
            median = 35,82 milliseconds
              75% <= 38,75 milliseconds
              95% <= 47,66 milliseconds
              98% <= 51,56 milliseconds
              99% <= 53,68 milliseconds
            99.9% <= 57,47 milliseconds


13.05.2022 16.37.30 ============================================================

-- Timers ----------------------------------------------------------------------
stats-per-second-UPDATE_ONE
             count = 14847
         mean rate = 235,65 calls/second
     1-minute rate = 229,26 calls/second
     5-minute rate = 222,34 calls/second
    15-minute rate = 220,58 calls/second
               min = 29,62 milliseconds
               max = 84,71 milliseconds
              mean = 46,44 milliseconds
            stddev = 11,09 milliseconds
            median = 45,60 milliseconds
              75% <= 54,43 milliseconds
              95% <= 66,37 milliseconds
              98% <= 70,81 milliseconds
              99% <= 81,64 milliseconds
            99.9% <= 84,71 milliseconds


13.05.2022 16.37.31 ============================================================

-- Timers ----------------------------------------------------------------------
stats-per-second-UPDATE_ONE
             count = 15125
         mean rate = 236,30 calls/second
     1-minute rate = 229,26 calls/second
     5-minute rate = 222,34 calls/second
    15-minute rate = 220,58 calls/second
               min = 30,04 milliseconds
               max = 47,05 milliseconds
              mean = 35,96 milliseconds
            stddev = 3,06 milliseconds
            median = 36,11 milliseconds
              75% <= 38,14 milliseconds
              95% <= 40,83 milliseconds
              98% <= 42,10 milliseconds
              99% <= 45,59 milliseconds
            99.9% <= 47,05 milliseconds


13.05.2022 16.37.32 ============================================================

-- Timers ----------------------------------------------------------------------
stats-per-second-UPDATE_ONE
             count = 15401
         mean rate = 236,92 calls/second
     1-minute rate = 231,89 calls/second
     5-minute rate = 223,00 calls/second
    15-minute rate = 220,81 calls/second
               min = 29,73 milliseconds
               max = 46,69 milliseconds
              mean = 35,99 milliseconds
            stddev = 3,43 milliseconds
            median = 35,79 milliseconds
              75% <= 37,61 milliseconds
              95% <= 43,08 milliseconds
              98% <= 45,90 milliseconds
              99% <= 46,48 milliseconds
            99.9% <= 46,69 milliseconds


13.05.2022 16.37.33 ============================================================

-- Timers ----------------------------------------------------------------------
stats-per-second-UPDATE_ONE
             count = 15684
         mean rate = 237,60 calls/second
     1-minute rate = 231,89 calls/second
     5-minute rate = 223,00 calls/second
    15-minute rate = 220,81 calls/second
               min = 29,89 milliseconds
               max = 54,83 milliseconds
              mean = 35,82 milliseconds
            stddev = 3,41 milliseconds
            median = 35,26 milliseconds
              75% <= 37,65 milliseconds
              95% <= 41,67 milliseconds
              98% <= 45,54 milliseconds
              99% <= 47,00 milliseconds
            99.9% <= 54,83 milliseconds


13.05.2022 16.37.34 ============================================================

-- Timers ----------------------------------------------------------------------
stats-per-second-UPDATE_ONE
             count = 15919
         mean rate = 237,57 calls/second
     1-minute rate = 231,89 calls/second
     5-minute rate = 223,00 calls/second
    15-minute rate = 220,81 calls/second
               min = 29,87 milliseconds
               max = 63,42 milliseconds
              mean = 42,35 milliseconds
            stddev = 8,68 milliseconds
            median = 39,20 milliseconds
              75% <= 48,94 milliseconds
              95% <= 60,34 milliseconds
              98% <= 62,76 milliseconds
              99% <= 63,15 milliseconds
            99.9% <= 63,42 milliseconds


13.05.2022 16.37.35 ============================================================

-- Timers ----------------------------------------------------------------------
stats-per-second-UPDATE_ONE
             count = 16124
         mean rate = 237,09 calls/second
     1-minute rate = 231,89 calls/second
     5-minute rate = 223,00 calls/second
    15-minute rate = 220,81 calls/second
               min = 30,17 milliseconds
               max = 75,87 milliseconds
              mean = 48,32 milliseconds
            stddev = 11,97 milliseconds
            median = 45,39 milliseconds
              75% <= 59,19 milliseconds
              95% <= 70,19 milliseconds
              98% <= 71,46 milliseconds
              99% <= 72,72 milliseconds
            99.9% <= 75,87 milliseconds


13.05.2022 16.37.36 ============================================================

-- Timers ----------------------------------------------------------------------
stats-per-second-UPDATE_ONE
             count = 16397
         mean rate = 237,61 calls/second
     1-minute rate = 231,89 calls/second
     5-minute rate = 223,00 calls/second
    15-minute rate = 220,81 calls/second
               min = 30,14 milliseconds
               max = 54,55 milliseconds
              mean = 36,35 milliseconds
            stddev = 4,36 milliseconds
            median = 35,32 milliseconds
              75% <= 38,91 milliseconds
              95% <= 43,06 milliseconds
              98% <= 49,74 milliseconds
              99% <= 53,71 milliseconds
            99.9% <= 54,55 milliseconds


13.05.2022 16.37.37 ============================================================

-- Timers ----------------------------------------------------------------------
stats-per-second-UPDATE_ONE
             count = 16600
         mean rate = 237,12 calls/second
     1-minute rate = 232,51 calls/second
     5-minute rate = 223,28 calls/second
    15-minute rate = 220,91 calls/second
               min = 32,11 milliseconds
               max = 96,68 milliseconds
              mean = 48,96 milliseconds
            stddev = 12,05 milliseconds
            median = 45,15 milliseconds
              75% <= 55,69 milliseconds
              95% <= 79,62 milliseconds
              98% <= 87,00 milliseconds
              99% <= 96,11 milliseconds
            99.9% <= 96,68 milliseconds


13.05.2022 16.37.38 ============================================================

-- Timers ----------------------------------------------------------------------
stats-per-second-UPDATE_ONE
             count = 16873
         mean rate = 237,61 calls/second
     1-minute rate = 232,51 calls/second
     5-minute rate = 223,28 calls/second
    15-minute rate = 220,91 calls/second
               min = 30,44 milliseconds
               max = 53,54 milliseconds
              mean = 37,00 milliseconds
            stddev = 3,37 milliseconds
            median = 36,66 milliseconds
              75% <= 39,04 milliseconds
              95% <= 42,71 milliseconds
              98% <= 45,94 milliseconds
              99% <= 48,16 milliseconds
            99.9% <= 53,54 milliseconds


13.05.2022 16.37.39 ============================================================

-- Timers ----------------------------------------------------------------------
stats-per-second-UPDATE_ONE
             count = 17120
         mean rate = 237,75 calls/second
     1-minute rate = 232,51 calls/second
     5-minute rate = 223,28 calls/second
    15-minute rate = 220,91 calls/second
               min = 30,30 milliseconds
               max = 63,21 milliseconds
              mean = 39,98 milliseconds
            stddev = 6,44 milliseconds
            median = 38,32 milliseconds
              75% <= 42,41 milliseconds
              95% <= 55,22 milliseconds
              98% <= 60,93 milliseconds
              99% <= 61,25 milliseconds
            99.9% <= 63,21 milliseconds


13.05.2022 16.37.40 ============================================================

-- Timers ----------------------------------------------------------------------
stats-per-second-UPDATE_ONE
             count = 17375
         mean rate = 237,99 calls/second
     1-minute rate = 232,51 calls/second
     5-minute rate = 223,28 calls/second
    15-minute rate = 220,91 calls/second
               min = 30,36 milliseconds
               max = 65,99 milliseconds
              mean = 39,37 milliseconds
            stddev = 6,38 milliseconds
            median = 37,49 milliseconds
              75% <= 42,14 milliseconds
              95% <= 54,00 milliseconds
              98% <= 58,01 milliseconds
              99% <= 60,40 milliseconds
            99.9% <= 65,99 milliseconds


13.05.2022 16.37.41 ============================================================

-- Timers ----------------------------------------------------------------------
stats-per-second-UPDATE_ONE
             count = 17660
         mean rate = 238,63 calls/second
     1-minute rate = 232,51 calls/second
     5-minute rate = 223,28 calls/second
    15-minute rate = 220,91 calls/second
               min = 29,64 milliseconds
               max = 61,07 milliseconds
              mean = 35,68 milliseconds
            stddev = 3,57 milliseconds
            median = 35,29 milliseconds
              75% <= 37,17 milliseconds
              95% <= 41,34 milliseconds
              98% <= 44,10 milliseconds
              99% <= 52,27 milliseconds
            99.9% <= 61,07 milliseconds


13.05.2022 16.37.42 ============================================================

-- Timers ----------------------------------------------------------------------
stats-per-second-UPDATE_ONE
             count = 17927
         mean rate = 239,01 calls/second
     1-minute rate = 235,14 calls/second
     5-minute rate = 223,97 calls/second
    15-minute rate = 221,16 calls/second
               min = 30,39 milliseconds
               max = 63,16 milliseconds
              mean = 36,81 milliseconds
            stddev = 5,61 milliseconds
            median = 35,64 milliseconds
              75% <= 38,40 milliseconds
              95% <= 41,87 milliseconds
              98% <= 61,74 milliseconds
              99% <= 62,14 milliseconds
            99.9% <= 63,16 milliseconds


13.05.2022 16.37.43 ============================================================

-- Timers ----------------------------------------------------------------------
stats-per-second-UPDATE_ONE
             count = 18210
         mean rate = 239,58 calls/second
     1-minute rate = 235,14 calls/second
     5-minute rate = 223,97 calls/second
    15-minute rate = 221,16 calls/second
               min = 29,59 milliseconds
               max = 56,62 milliseconds
              mean = 35,77 milliseconds
            stddev = 3,60 milliseconds
            median = 35,46 milliseconds
              75% <= 37,47 milliseconds
              95% <= 41,40 milliseconds
              98% <= 47,68 milliseconds
              99% <= 49,37 milliseconds
            99.9% <= 56,62 milliseconds


13.05.2022 16.37.44 ============================================================

-- Timers ----------------------------------------------------------------------
stats-per-second-UPDATE_ONE
             count = 18481
         mean rate = 240,00 calls/second
     1-minute rate = 235,14 calls/second
     5-minute rate = 223,97 calls/second
    15-minute rate = 221,16 calls/second
               min = 30,23 milliseconds
               max = 49,79 milliseconds
              mean = 36,55 milliseconds
            stddev = 3,63 milliseconds
            median = 35,98 milliseconds
              75% <= 38,86 milliseconds
              95% <= 43,59 milliseconds
              98% <= 44,69 milliseconds
              99% <= 46,22 milliseconds
            99.9% <= 49,79 milliseconds


13.05.2022 16.37.45 ============================================================

-- Timers ----------------------------------------------------------------------
stats-per-second-UPDATE_ONE
             count = 18727
         mean rate = 240,07 calls/second
     1-minute rate = 235,14 calls/second
     5-minute rate = 223,97 calls/second
    15-minute rate = 221,16 calls/second
               min = 30,89 milliseconds
               max = 71,29 milliseconds
              mean = 40,93 milliseconds
            stddev = 9,28 milliseconds
            median = 37,40 milliseconds
              75% <= 41,89 milliseconds
              95% <= 65,93 milliseconds
              98% <= 67,39 milliseconds
              99% <= 70,36 milliseconds
            99.9% <= 71,29 milliseconds


13.05.2022 16.37.46 ============================================================

-- Timers ----------------------------------------------------------------------
stats-per-second-UPDATE_ONE
             count = 18973
         mean rate = 240,14 calls/second
     1-minute rate = 235,14 calls/second
     5-minute rate = 223,97 calls/second
    15-minute rate = 221,16 calls/second
               min = 30,07 milliseconds
               max = 75,28 milliseconds
              mean = 40,95 milliseconds
            stddev = 7,88 milliseconds
            median = 39,83 milliseconds
              75% <= 42,85 milliseconds
              95% <= 55,02 milliseconds
              98% <= 72,08 milliseconds
              99% <= 72,99 milliseconds
            99.9% <= 75,28 milliseconds


13.05.2022 16.37.47 ============================================================

-- Timers ----------------------------------------------------------------------
stats-per-second-UPDATE_ONE
             count = 19178
         mean rate = 239,70 calls/second
     1-minute rate = 236,37 calls/second
     5-minute rate = 224,41 calls/second
    15-minute rate = 221,32 calls/second
               min = 32,87 milliseconds
               max = 72,06 milliseconds
              mean = 48,04 milliseconds
            stddev = 9,17 milliseconds
            median = 46,47 milliseconds
              75% <= 51,90 milliseconds
              95% <= 67,39 milliseconds
              98% <= 68,90 milliseconds
              99% <= 70,43 milliseconds
            99.9% <= 72,06 milliseconds


13.05.2022 16.37.48 ============================================================

-- Timers ----------------------------------------------------------------------
stats-per-second-UPDATE_ONE
             count = 19354
         mean rate = 238,93 calls/second
     1-minute rate = 236,37 calls/second
     5-minute rate = 224,41 calls/second
    15-minute rate = 221,32 calls/second
               min = 34,09 milliseconds
               max = 83,75 milliseconds
              mean = 56,68 milliseconds
            stddev = 9,88 milliseconds
            median = 57,04 milliseconds
              75% <= 64,18 milliseconds
              95% <= 74,56 milliseconds
              98% <= 75,55 milliseconds
              99% <= 77,65 milliseconds
            99.9% <= 83,75 milliseconds


13.05.2022 16.37.49 ============================================================

-- Timers ----------------------------------------------------------------------
stats-per-second-UPDATE_ONE
             count = 19583
         mean rate = 238,80 calls/second
     1-minute rate = 236,37 calls/second
     5-minute rate = 224,41 calls/second
    15-minute rate = 221,32 calls/second
               min = 30,55 milliseconds
               max = 78,43 milliseconds
              mean = 43,08 milliseconds
            stddev = 11,84 milliseconds
            median = 38,11 milliseconds
              75% <= 47,27 milliseconds
              95% <= 66,88 milliseconds
              98% <= 77,34 milliseconds
              99% <= 78,03 milliseconds
            99.9% <= 78,43 milliseconds


13.05.2022 16.37.50 ============================================================

-- Timers ----------------------------------------------------------------------
stats-per-second-UPDATE_ONE
             count = 19872
         mean rate = 239,40 calls/second
     1-minute rate = 236,37 calls/second
     5-minute rate = 224,41 calls/second
    15-minute rate = 221,32 calls/second
               min = 29,73 milliseconds
               max = 44,79 milliseconds
              mean = 35,05 milliseconds
            stddev = 2,93 milliseconds
            median = 34,65 milliseconds
              75% <= 36,93 milliseconds
              95% <= 40,28 milliseconds
              98% <= 41,55 milliseconds
              99% <= 43,07 milliseconds
            99.9% <= 44,79 milliseconds


2022-05-13 16:37:50,804 [pool-1-thread-1] INFO  d.i.mongodb.perf.OperationExecutor - Done (in time) in 83473 ms 
2022-05-13 16:37:50,808 [pool-1-thread-1] INFO  d.i.mongodb.perf.OperationExecutor - affected documents: 20000
2022-05-13 16:37:50,808 [pool-1-thread-1] INFO  d.i.mongodb.perf.OperationExecutor - count: 20000
2022-05-13 16:37:50,808 [pool-1-thread-1] INFO  d.i.mongodb.perf.OperationExecutor - FifteenMinuteRate: 221.32374105741695
2022-05-13 16:37:50,808 [pool-1-thread-1] INFO  d.i.mongodb.perf.OperationExecutor - FiveMinuteRate: 224.41421641677053
2022-05-13 16:37:50,809 [pool-1-thread-1] INFO  d.i.mongodb.perf.OperationExecutor - OneMinuteRate: 236.32161574164977
2022-05-13 16:37:50,809 [pool-1-thread-1] INFO  d.i.mongodb.perf.OperationExecutor - MeanRate: 239.57891490031832
2022-05-13 16:37:50,819 [pool-1-thread-1] INFO  d.i.mongodb.perf.OperationExecutor - Snapshot 75thPercentile: 42.375792
2022-05-13 16:37:50,820 [pool-1-thread-1] INFO  d.i.mongodb.perf.OperationExecutor - Snapshot 95thPercentile: 63.215374999999995
2022-05-13 16:37:50,820 [pool-1-thread-1] INFO  d.i.mongodb.perf.OperationExecutor - Snapshot 98thPercentile: 70.3025
2022-05-13 16:37:50,821 [pool-1-thread-1] INFO  d.i.mongodb.perf.OperationExecutor - Snapshot 99thPercentile: 76.27220899999999
2022-05-13 16:37:50,821 [main] INFO  d.i.mongodb.perf.MongoDbAccessor - >>> closeConnections production-shard-00-01.vx60e.mongodb.net:27017
2022-05-13 16:37:50,821 [pool-1-thread-1] INFO  d.i.mongodb.perf.OperationExecutor - Snapshot 999thPercentile: 89.66275
2022-05-13 16:37:50,821 [pool-1-thread-1] INFO  d.i.mongodb.perf.OperationExecutor - Snapshot Min: 29.222334
2022-05-13 16:37:50,821 [pool-1-thread-1] INFO  d.i.mongodb.perf.OperationExecutor - Snapshot Max: 97.29912499999999
2022-05-13 16:37:50,821 [pool-1-thread-1] INFO  d.i.mongodb.perf.OperationExecutor - Snapshot Mean: 40.831540060809104
2022-05-13 16:37:50,821 [pool-1-thread-1] INFO  d.i.mongodb.perf.OperationExecutor - Snapshot Median: 37.08275
2022-05-13 16:37:50,821 [pool-1-thread-1] INFO  d.i.mongodb.perf.OperationExecutor - Snapshot StdDev: 10.279646228475974
2022-05-13 16:37:50,821 [pool-1-thread-1] INFO  d.i.mongodb.perf.OperationExecutor - Snapshot Size: 1028
13.05.2022 16.37.50 ============================================================

-- Timers ----------------------------------------------------------------------
stats-per-run-UPDATE_ONE
             count = 20000
         mean rate = 239,54 calls/second
     1-minute rate = 236,32 calls/second
     5-minute rate = 224,41 calls/second
    15-minute rate = 221,32 calls/second
               min = 29,22 milliseconds
               max = 97,30 milliseconds
              mean = 40,83 milliseconds
            stddev = 10,28 milliseconds
            median = 37,08 milliseconds
              75% <= 42,38 milliseconds
              95% <= 63,22 milliseconds
              98% <= 70,30 milliseconds
              99% <= 76,27 milliseconds
            99.9% <= 89,66 milliseconds


2022-05-13 16:37:50,825 [pool-1-thread-1] INFO  d.i.mongodb.perf.OperationExecutor - stopReporters
2022-05-13 16:37:50,825 [pool-1-thread-1] INFO  d.i.mongodb.perf.OperationExecutor - consoleReporter stopped
2022-05-13 16:37:50,825 [pool-1-thread-1] INFO  d.i.mongodb.perf.OperationExecutor - allConsoleReporter stopped
2022-05-13 16:37:50,825 [pool-1-thread-1] INFO  d.i.mongodb.perf.OperationExecutor - csvReporter stopped
2022-05-13 16:37:50,825 [pool-1-thread-1] INFO  d.i.mongodb.perf.OperationExecutor - If run took more than 1 second, csv-file 'stats-per-second-UPDATE_ONE.csv' saved in folder: /Users/oscarorellana/Desktop/softcorp/doubble/mongodb-performance-test/latest-version
2022-05-13 16:37:50,826 [pool-1-thread-1] INFO  d.i.mongodb.perf.OperationExecutor - csvReporterAll stopped
2022-05-13 16:37:50,826 [pool-1-thread-1] INFO  d.i.mongodb.perf.OperationExecutor - Summary of statistics saved in csv-file 'stats-per-run-UPDATE_ONE.csv' located in folder: /Users/oscarorellana/Desktop/softcorp/doubble/mongodb-performance-test/latest-version
2022-05-13 16:37:50,855 [main] INFO  org.mongodb.driver.connection - Closed connection [connectionId{localValue:3, serverValue:13146}] to production-shard-00-01.vx60e.mongodb.net:27017 because the pool has been closed.
2022-05-13 16:37:50,860 [main] INFO  org.mongodb.driver.connection - Closed connection [connectionId{localValue:5, serverValue:13150}] to production-shard-00-01.vx60e.mongodb.net:27017 because the pool has been closed.
2022-05-13 16:37:50,861 [main] INFO  org.mongodb.driver.connection - Closed connection [connectionId{localValue:7, serverValue:13149}] to production-shard-00-01.vx60e.mongodb.net:27017 because the pool has been closed.
2022-05-13 16:37:50,861 [main] INFO  org.mongodb.driver.connection - Closed connection [connectionId{localValue:11, serverValue:13151}] to production-shard-00-01.vx60e.mongodb.net:27017 because the pool has been closed.
2022-05-13 16:37:50,861 [main] INFO  org.mongodb.driver.connection - Closed connection [connectionId{localValue:9, serverValue:13147}] to production-shard-00-01.vx60e.mongodb.net:27017 because the pool has been closed.
2022-05-13 16:37:50,862 [main] INFO  org.mongodb.driver.connection - Closed connection [connectionId{localValue:10, serverValue:13144}] to production-shard-00-01.vx60e.mongodb.net:27017 because the pool has been closed.
2022-05-13 16:37:50,862 [main] INFO  org.mongodb.driver.connection - Closed connection [connectionId{localValue:8, serverValue:13143}] to production-shard-00-01.vx60e.mongodb.net:27017 because the pool has been closed.
2022-05-13 16:37:50,862 [main] INFO  org.mongodb.driver.connection - Closed connection [connectionId{localValue:6, serverValue:13145}] to production-shard-00-01.vx60e.mongodb.net:27017 because the pool has been closed.
2022-05-13 16:37:50,863 [main] INFO  org.mongodb.driver.connection - Closed connection [connectionId{localValue:4, serverValue:13148}] to production-shard-00-01.vx60e.mongodb.net:27017 because the pool has been closed.
2022-05-13 16:37:50,863 [main] INFO  org.mongodb.driver.connection - Closed connection [connectionId{localValue:2, serverValue:13142}] to production-shard-00-01.vx60e.mongodb.net:27017 because the pool has been closed.
2022-05-13 16:37:50,864 [main] INFO  d.i.mongodb.perf.MongoDbAccessor - <<< closeConnections production-shard-00-01.vx60e.mongodb.net:27017
