2022-05-13 16:41:20,852 [main] INFO  d.i.mongodb.perf.MongoDbAccessor - >>> init production-shard-00-01.vx60e.mongodb.net:27017
2022-05-13 16:41:20,939 [main] INFO  org.mongodb.driver.cluster - Cluster created with settings {hosts=[production-shard-00-01.vx60e.mongodb.net:27017], mode=SINGLE, requiredClusterType=UNKNOWN, serverSelectionTimeout='30000 ms', maxWaitQueueSize=50000}
2022-05-13 16:41:20,948 [main] INFO  d.i.mongodb.perf.MongoDbAccessor - <<< init
2022-05-13 16:41:20,955 [main] INFO  org.mongodb.driver.cluster - Cluster description not yet available. Waiting for 30000 ms before timing out
2022-05-13 16:41:21,194 [cluster-ClusterId{value='627e6e10ed025058fb9f2216', description='null'}-production-shard-00-01.vx60e.mongodb.net:27017] INFO  org.mongodb.driver.connection - Opened connection [connectionId{localValue:1, serverValue:13260}] to production-shard-00-01.vx60e.mongodb.net:27017
2022-05-13 16:41:21,227 [cluster-ClusterId{value='627e6e10ed025058fb9f2216', description='null'}-production-shard-00-01.vx60e.mongodb.net:27017] INFO  org.mongodb.driver.cluster - Monitor thread successfully connected to server with description ServerDescription{address=production-shard-00-01.vx60e.mongodb.net:27017, type=REPLICA_SET_PRIMARY, state=CONNECTED, ok=true, version=ServerVersion{versionList=[5, 0, 8]}, minWireVersion=0, maxWireVersion=13, maxDocumentSize=16777216, logicalSessionTimeoutMinutes=30, roundTripTimeNanos=32140333, setName='atlas-11ct6i-shard-0', canonicalAddress=production-shard-00-01.vx60e.mongodb.net:27017, hosts=[production-shard-00-00.vx60e.mongodb.net:27017, production-shard-00-01.vx60e.mongodb.net:27017, production-shard-00-02.vx60e.mongodb.net:27017], passives=[], arbiters=[], primary='production-shard-00-01.vx60e.mongodb.net:27017', tagSet=TagSet{[Tag{name='nodeType', value='ELECTABLE'}, Tag{name='provider', value='GCP'}, Tag{name='region', value='EUROPE_WEST_3'}, Tag{name='workloadType', value='OPERATIONAL'}]}, electionId=7fffffff000000000000001c, setVersion=1, lastWriteDate=Fri May 13 16:41:21 CEST 2022, lastUpdateTimeNanos=357226107881625}
2022-05-13 16:41:21,535 [main] INFO  org.mongodb.driver.connection - Opened connection [connectionId{localValue:2, serverValue:13261}] to production-shard-00-01.vx60e.mongodb.net:27017
2022-05-13 16:41:21,638 [main] INFO  d.i.mongodb.perf.OperationExecutor - >>> OperationExecutor threadCount: 10, opsCount: 20000, maxDurationInSeconds: 3600, operation: IterateOperation
2022-05-13 16:41:21,638 [main] INFO  d.i.mongodb.perf.OperationExecutor - java execution path: /Users/oscarorellana/Desktop/softcorp/doubble/mongodb-performance-test/latest-version/mongodb-performance-test.jar
2022-05-13 16:41:21,915 [pool-2-thread-3] INFO  org.mongodb.driver.connection - Opened connection [connectionId{localValue:10, serverValue:13265}] to production-shard-00-01.vx60e.mongodb.net:27017
2022-05-13 16:41:21,939 [pool-2-thread-8] INFO  org.mongodb.driver.connection - Opened connection [connectionId{localValue:5, serverValue:13266}] to production-shard-00-01.vx60e.mongodb.net:27017
2022-05-13 16:41:21,939 [pool-2-thread-1] INFO  org.mongodb.driver.connection - Opened connection [connectionId{localValue:7, serverValue:13269}] to production-shard-00-01.vx60e.mongodb.net:27017
2022-05-13 16:41:21,939 [pool-2-thread-4] INFO  org.mongodb.driver.connection - Opened connection [connectionId{localValue:9, serverValue:13262}] to production-shard-00-01.vx60e.mongodb.net:27017
2022-05-13 16:41:21,939 [pool-2-thread-2] INFO  org.mongodb.driver.connection - Opened connection [connectionId{localValue:6, serverValue:13264}] to production-shard-00-01.vx60e.mongodb.net:27017
2022-05-13 16:41:21,957 [pool-2-thread-7] INFO  org.mongodb.driver.connection - Opened connection [connectionId{localValue:11, serverValue:13270}] to production-shard-00-01.vx60e.mongodb.net:27017
2022-05-13 16:41:21,964 [pool-2-thread-9] INFO  org.mongodb.driver.connection - Opened connection [connectionId{localValue:3, serverValue:13263}] to production-shard-00-01.vx60e.mongodb.net:27017
2022-05-13 16:41:21,974 [pool-2-thread-10] INFO  org.mongodb.driver.connection - Opened connection [connectionId{localValue:4, serverValue:13267}] to production-shard-00-01.vx60e.mongodb.net:27017
2022-05-13 16:41:21,976 [pool-2-thread-5] INFO  org.mongodb.driver.connection - Opened connection [connectionId{localValue:8, serverValue:13268}] to production-shard-00-01.vx60e.mongodb.net:27017
13.05.2022 16.41.22 ============================================================

-- Timers ----------------------------------------------------------------------
stats-per-second-ITERATE_ONE
             count = 222
         mean rate = 219,81 calls/second
     1-minute rate = 0,00 calls/second
     5-minute rate = 0,00 calls/second
    15-minute rate = 0,00 calls/second
               min = 26,34 milliseconds
               max = 360,49 milliseconds
              mean = 44,57 milliseconds
            stddev = 59,90 milliseconds
            median = 31,93 milliseconds
              75% <= 34,16 milliseconds
              95% <= 44,20 milliseconds
              98% <= 332,49 milliseconds
              99% <= 357,48 milliseconds
            99.9% <= 360,49 milliseconds


13.05.2022 16.41.23 ============================================================

-- Timers ----------------------------------------------------------------------
stats-per-second-ITERATE_ONE
             count = 540
         mean rate = 269,17 calls/second
     1-minute rate = 0,00 calls/second
     5-minute rate = 0,00 calls/second
    15-minute rate = 0,00 calls/second
               min = 27,08 milliseconds
               max = 47,54 milliseconds
              mean = 31,31 milliseconds
            stddev = 3,01 milliseconds
            median = 30,60 milliseconds
              75% <= 32,46 milliseconds
              95% <= 37,40 milliseconds
              98% <= 40,55 milliseconds
              99% <= 41,47 milliseconds
            99.9% <= 47,54 milliseconds


13.05.2022 16.41.24 ============================================================

-- Timers ----------------------------------------------------------------------
stats-per-second-ITERATE_ONE
             count = 847
         mean rate = 281,75 calls/second
     1-minute rate = 0,00 calls/second
     5-minute rate = 0,00 calls/second
    15-minute rate = 0,00 calls/second
               min = 26,93 milliseconds
               max = 45,95 milliseconds
              mean = 32,44 milliseconds
            stddev = 3,40 milliseconds
            median = 31,75 milliseconds
              75% <= 33,90 milliseconds
              95% <= 39,13 milliseconds
              98% <= 42,33 milliseconds
              99% <= 44,17 milliseconds
            99.9% <= 45,95 milliseconds


13.05.2022 16.41.25 ============================================================

-- Timers ----------------------------------------------------------------------
stats-per-second-ITERATE_ONE
             count = 1167
         mean rate = 291,43 calls/second
     1-minute rate = 0,00 calls/second
     5-minute rate = 0,00 calls/second
    15-minute rate = 0,00 calls/second
               min = 25,77 milliseconds
               max = 39,92 milliseconds
              mean = 31,31 milliseconds
            stddev = 2,61 milliseconds
            median = 30,91 milliseconds
              75% <= 32,82 milliseconds
              95% <= 36,34 milliseconds
              98% <= 38,72 milliseconds
              99% <= 39,74 milliseconds
            99.9% <= 39,92 milliseconds


13.05.2022 16.41.26 ============================================================

-- Timers ----------------------------------------------------------------------
stats-per-second-ITERATE_ONE
             count = 1483
         mean rate = 296,05 calls/second
     1-minute rate = 295,80 calls/second
     5-minute rate = 296,20 calls/second
    15-minute rate = 296,20 calls/second
               min = 27,23 milliseconds
               max = 45,80 milliseconds
              mean = 31,96 milliseconds
            stddev = 2,84 milliseconds
            median = 31,60 milliseconds
              75% <= 33,18 milliseconds
              95% <= 37,18 milliseconds
              98% <= 40,81 milliseconds
              99% <= 41,38 milliseconds
            99.9% <= 45,80 milliseconds


13.05.2022 16.41.27 ============================================================

-- Timers ----------------------------------------------------------------------
stats-per-second-ITERATE_ONE
             count = 1793
         mean rate = 298,39 calls/second
     1-minute rate = 295,80 calls/second
     5-minute rate = 296,20 calls/second
    15-minute rate = 296,20 calls/second
               min = 27,09 milliseconds
               max = 46,64 milliseconds
              mean = 31,97 milliseconds
            stddev = 3,10 milliseconds
            median = 31,47 milliseconds
              75% <= 33,13 milliseconds
              95% <= 37,15 milliseconds
              98% <= 43,11 milliseconds
              99% <= 45,27 milliseconds
            99.9% <= 46,64 milliseconds


13.05.2022 16.41.28 ============================================================

-- Timers ----------------------------------------------------------------------
stats-per-second-ITERATE_ONE
             count = 2105
         mean rate = 300,47 calls/second
     1-minute rate = 295,80 calls/second
     5-minute rate = 296,20 calls/second
    15-minute rate = 296,20 calls/second
               min = 25,83 milliseconds
               max = 45,34 milliseconds
              mean = 31,91 milliseconds
            stddev = 2,83 milliseconds
            median = 31,83 milliseconds
              75% <= 33,59 milliseconds
              95% <= 36,71 milliseconds
              98% <= 38,83 milliseconds
              99% <= 40,92 milliseconds
            99.9% <= 45,34 milliseconds


13.05.2022 16.41.29 ============================================================

-- Timers ----------------------------------------------------------------------
stats-per-second-ITERATE_ONE
             count = 2411
         mean rate = 301,21 calls/second
     1-minute rate = 295,80 calls/second
     5-minute rate = 296,20 calls/second
    15-minute rate = 296,20 calls/second
               min = 26,94 milliseconds
               max = 45,94 milliseconds
              mean = 32,59 milliseconds
            stddev = 3,50 milliseconds
            median = 31,83 milliseconds
              75% <= 34,53 milliseconds
              95% <= 39,74 milliseconds
              98% <= 44,23 milliseconds
              99% <= 44,77 milliseconds
            99.9% <= 45,94 milliseconds


13.05.2022 16.41.30 ============================================================

-- Timers ----------------------------------------------------------------------
stats-per-second-ITERATE_ONE
             count = 2717
         mean rate = 301,71 calls/second
     1-minute rate = 295,80 calls/second
     5-minute rate = 296,20 calls/second
    15-minute rate = 296,20 calls/second
               min = 26,51 milliseconds
               max = 42,61 milliseconds
              mean = 32,41 milliseconds
            stddev = 2,61 milliseconds
            median = 32,16 milliseconds
              75% <= 33,98 milliseconds
              95% <= 36,85 milliseconds
              98% <= 39,04 milliseconds
              99% <= 41,11 milliseconds
            99.9% <= 42,61 milliseconds


13.05.2022 16.41.31 ============================================================

-- Timers ----------------------------------------------------------------------
stats-per-second-ITERATE_ONE
             count = 3038
         mean rate = 303,52 calls/second
     1-minute rate = 297,00 calls/second
     5-minute rate = 296,43 calls/second
    15-minute rate = 296,28 calls/second
               min = 27,17 milliseconds
               max = 43,96 milliseconds
              mean = 31,80 milliseconds
            stddev = 2,67 milliseconds
            median = 31,21 milliseconds
              75% <= 32,87 milliseconds
              95% <= 38,36 milliseconds
              98% <= 39,55 milliseconds
              99% <= 40,10 milliseconds
            99.9% <= 43,96 milliseconds


13.05.2022 16.41.32 ============================================================

-- Timers ----------------------------------------------------------------------
stats-per-second-ITERATE_ONE
             count = 3345
         mean rate = 303,94 calls/second
     1-minute rate = 297,00 calls/second
     5-minute rate = 296,43 calls/second
    15-minute rate = 296,28 calls/second
               min = 26,35 milliseconds
               max = 59,33 milliseconds
              mean = 32,04 milliseconds
            stddev = 3,58 milliseconds
            median = 31,11 milliseconds
              75% <= 33,74 milliseconds
              95% <= 38,56 milliseconds
              98% <= 39,83 milliseconds
              99% <= 42,78 milliseconds
            99.9% <= 59,33 milliseconds


13.05.2022 16.41.33 ============================================================

-- Timers ----------------------------------------------------------------------
stats-per-second-ITERATE_ONE
             count = 3656
         mean rate = 304,43 calls/second
     1-minute rate = 297,00 calls/second
     5-minute rate = 296,43 calls/second
    15-minute rate = 296,28 calls/second
               min = 26,40 milliseconds
               max = 42,46 milliseconds
              mean = 32,12 milliseconds
            stddev = 2,97 milliseconds
            median = 31,58 milliseconds
              75% <= 33,95 milliseconds
              95% <= 37,84 milliseconds
              98% <= 39,58 milliseconds
              99% <= 40,06 milliseconds
            99.9% <= 42,46 milliseconds


13.05.2022 16.41.34 ============================================================

-- Timers ----------------------------------------------------------------------
stats-per-second-ITERATE_ONE
             count = 3971
         mean rate = 305,35 calls/second
     1-minute rate = 297,00 calls/second
     5-minute rate = 296,43 calls/second
    15-minute rate = 296,28 calls/second
               min = 24,51 milliseconds
               max = 48,11 milliseconds
              mean = 32,02 milliseconds
            stddev = 3,50 milliseconds
            median = 31,68 milliseconds
              75% <= 33,38 milliseconds
              95% <= 38,27 milliseconds
              98% <= 44,75 milliseconds
              99% <= 46,80 milliseconds
            99.9% <= 48,11 milliseconds


13.05.2022 16.41.35 ============================================================

-- Timers ----------------------------------------------------------------------
stats-per-second-ITERATE_ONE
             count = 4263
         mean rate = 304,35 calls/second
     1-minute rate = 297,00 calls/second
     5-minute rate = 296,43 calls/second
    15-minute rate = 296,28 calls/second
               min = 26,90 milliseconds
               max = 51,11 milliseconds
              mean = 34,60 milliseconds
            stddev = 4,10 milliseconds
            median = 33,93 milliseconds
              75% <= 37,16 milliseconds
              95% <= 42,80 milliseconds
              98% <= 44,80 milliseconds
              99% <= 45,96 milliseconds
            99.9% <= 51,11 milliseconds


13.05.2022 16.41.36 ============================================================

-- Timers ----------------------------------------------------------------------
stats-per-second-ITERATE_ONE
             count = 4562
         mean rate = 303,93 calls/second
     1-minute rate = 297,59 calls/second
     5-minute rate = 296,57 calls/second
    15-minute rate = 296,32 calls/second
               min = 27,45 milliseconds
               max = 46,30 milliseconds
              mean = 33,30 milliseconds
            stddev = 3,32 milliseconds
            median = 32,67 milliseconds
              75% <= 34,94 milliseconds
              95% <= 40,11 milliseconds
              98% <= 41,84 milliseconds
              99% <= 44,99 milliseconds
            99.9% <= 46,30 milliseconds


13.05.2022 16.41.37 ============================================================

-- Timers ----------------------------------------------------------------------
stats-per-second-ITERATE_ONE
             count = 4856
         mean rate = 303,42 calls/second
     1-minute rate = 297,59 calls/second
     5-minute rate = 296,57 calls/second
    15-minute rate = 296,32 calls/second
               min = 26,60 milliseconds
               max = 52,53 milliseconds
              mean = 33,79 milliseconds
            stddev = 3,61 milliseconds
            median = 33,39 milliseconds
              75% <= 35,44 milliseconds
              95% <= 42,10 milliseconds
              98% <= 44,02 milliseconds
              99% <= 45,78 milliseconds
            99.9% <= 52,53 milliseconds


13.05.2022 16.41.38 ============================================================

-- Timers ----------------------------------------------------------------------
stats-per-second-ITERATE_ONE
             count = 5152
         mean rate = 302,84 calls/second
     1-minute rate = 297,59 calls/second
     5-minute rate = 296,57 calls/second
    15-minute rate = 296,32 calls/second
               min = 26,89 milliseconds
               max = 46,86 milliseconds
              mean = 33,56 milliseconds
            stddev = 3,91 milliseconds
            median = 33,05 milliseconds
              75% <= 35,69 milliseconds
              95% <= 41,04 milliseconds
              98% <= 44,26 milliseconds
              99% <= 45,05 milliseconds
            99.9% <= 46,86 milliseconds


13.05.2022 16.41.39 ============================================================

-- Timers ----------------------------------------------------------------------
stats-per-second-ITERATE_ONE
             count = 5463
         mean rate = 303,40 calls/second
     1-minute rate = 297,59 calls/second
     5-minute rate = 296,57 calls/second
    15-minute rate = 296,32 calls/second
               min = 26,58 milliseconds
               max = 44,69 milliseconds
              mean = 32,48 milliseconds
            stddev = 2,88 milliseconds
            median = 32,47 milliseconds
              75% <= 33,76 milliseconds
              95% <= 38,05 milliseconds
              98% <= 39,46 milliseconds
              99% <= 40,24 milliseconds
            99.9% <= 44,69 milliseconds


13.05.2022 16.41.40 ============================================================

-- Timers ----------------------------------------------------------------------
stats-per-second-ITERATE_ONE
             count = 5769
         mean rate = 303,10 calls/second
     1-minute rate = 297,59 calls/second
     5-minute rate = 296,57 calls/second
    15-minute rate = 296,32 calls/second
               min = 27,50 milliseconds
               max = 43,86 milliseconds
              mean = 32,54 milliseconds
            stddev = 2,94 milliseconds
            median = 32,11 milliseconds
              75% <= 33,87 milliseconds
              95% <= 37,82 milliseconds
              98% <= 40,65 milliseconds
              99% <= 43,38 milliseconds
            99.9% <= 43,86 milliseconds


13.05.2022 16.41.41 ============================================================

-- Timers ----------------------------------------------------------------------
stats-per-second-ITERATE_ONE
             count = 6051
         mean rate = 302,34 calls/second
     1-minute rate = 297,61 calls/second
     5-minute rate = 296,59 calls/second
    15-minute rate = 296,33 calls/second
               min = 26,54 milliseconds
               max = 71,07 milliseconds
              mean = 35,79 milliseconds
            stddev = 8,66 milliseconds
            median = 32,77 milliseconds
              75% <= 36,70 milliseconds
              95% <= 58,31 milliseconds
              98% <= 62,96 milliseconds
              99% <= 66,30 milliseconds
            99.9% <= 71,07 milliseconds


13.05.2022 16.41.42 ============================================================

-- Timers ----------------------------------------------------------------------
stats-per-second-ITERATE_ONE
             count = 6350
         mean rate = 302,19 calls/second
     1-minute rate = 297,61 calls/second
     5-minute rate = 296,59 calls/second
    15-minute rate = 296,33 calls/second
               min = 26,78 milliseconds
               max = 46,20 milliseconds
              mean = 32,92 milliseconds
            stddev = 3,66 milliseconds
            median = 32,27 milliseconds
              75% <= 34,48 milliseconds
              95% <= 40,19 milliseconds
              98% <= 43,58 milliseconds
              99% <= 45,08 milliseconds
            99.9% <= 46,20 milliseconds


13.05.2022 16.41.43 ============================================================

-- Timers ----------------------------------------------------------------------
stats-per-second-ITERATE_ONE
             count = 6663
         mean rate = 302,74 calls/second
     1-minute rate = 297,61 calls/second
     5-minute rate = 296,59 calls/second
    15-minute rate = 296,33 calls/second
               min = 27,35 milliseconds
               max = 40,87 milliseconds
              mean = 31,86 milliseconds
            stddev = 2,61 milliseconds
            median = 31,54 milliseconds
              75% <= 33,22 milliseconds
              95% <= 37,03 milliseconds
              98% <= 38,90 milliseconds
              99% <= 39,42 milliseconds
            99.9% <= 40,87 milliseconds


13.05.2022 16.41.44 ============================================================

-- Timers ----------------------------------------------------------------------
stats-per-second-ITERATE_ONE
             count = 6970
         mean rate = 302,88 calls/second
     1-minute rate = 297,61 calls/second
     5-minute rate = 296,59 calls/second
    15-minute rate = 296,33 calls/second
               min = 26,97 milliseconds
               max = 54,86 milliseconds
              mean = 32,99 milliseconds
            stddev = 4,53 milliseconds
            median = 31,97 milliseconds
              75% <= 34,38 milliseconds
              95% <= 43,15 milliseconds
              98% <= 45,27 milliseconds
              99% <= 53,30 milliseconds
            99.9% <= 54,86 milliseconds


13.05.2022 16.41.45 ============================================================

-- Timers ----------------------------------------------------------------------
stats-per-second-ITERATE_ONE
             count = 7276
         mean rate = 303,06 calls/second
     1-minute rate = 297,61 calls/second
     5-minute rate = 296,59 calls/second
    15-minute rate = 296,33 calls/second
               min = 27,25 milliseconds
               max = 45,22 milliseconds
              mean = 32,40 milliseconds
            stddev = 2,76 milliseconds
            median = 32,16 milliseconds
              75% <= 33,98 milliseconds
              95% <= 38,17 milliseconds
              98% <= 39,23 milliseconds
              99% <= 40,32 milliseconds
            99.9% <= 45,22 milliseconds


13.05.2022 16.41.46 ============================================================

-- Timers ----------------------------------------------------------------------
stats-per-second-ITERATE_ONE
             count = 7575
         mean rate = 302,85 calls/second
     1-minute rate = 298,26 calls/second
     5-minute rate = 296,74 calls/second
    15-minute rate = 296,38 calls/second
               min = 24,59 milliseconds
               max = 51,99 milliseconds
              mean = 33,71 milliseconds
            stddev = 4,81 milliseconds
            median = 32,53 milliseconds
              75% <= 35,28 milliseconds
              95% <= 44,77 milliseconds
              98% <= 49,13 milliseconds
              99% <= 50,58 milliseconds
            99.9% <= 51,99 milliseconds


13.05.2022 16.41.47 ============================================================

-- Timers ----------------------------------------------------------------------
stats-per-second-ITERATE_ONE
             count = 7878
         mean rate = 302,88 calls/second
     1-minute rate = 298,26 calls/second
     5-minute rate = 296,74 calls/second
    15-minute rate = 296,38 calls/second
               min = 27,14 milliseconds
               max = 53,14 milliseconds
              mean = 32,81 milliseconds
            stddev = 3,97 milliseconds
            median = 32,09 milliseconds
              75% <= 34,67 milliseconds
              95% <= 40,27 milliseconds
              98% <= 44,95 milliseconds
              99% <= 45,48 milliseconds
            99.9% <= 53,14 milliseconds


13.05.2022 16.41.48 ============================================================

-- Timers ----------------------------------------------------------------------
stats-per-second-ITERATE_ONE
             count = 8160
         mean rate = 302,14 calls/second
     1-minute rate = 298,26 calls/second
     5-minute rate = 296,74 calls/second
    15-minute rate = 296,38 calls/second
               min = 26,81 milliseconds
               max = 61,90 milliseconds
              mean = 35,20 milliseconds
            stddev = 5,83 milliseconds
            median = 33,96 milliseconds
              75% <= 38,24 milliseconds
              95% <= 43,11 milliseconds
              98% <= 57,52 milliseconds
              99% <= 61,55 milliseconds
            99.9% <= 61,90 milliseconds


13.05.2022 16.41.49 ============================================================

-- Timers ----------------------------------------------------------------------
stats-per-second-ITERATE_ONE
             count = 8472
         mean rate = 302,48 calls/second
     1-minute rate = 298,26 calls/second
     5-minute rate = 296,74 calls/second
    15-minute rate = 296,38 calls/second
               min = 26,65 milliseconds
               max = 56,80 milliseconds
              mean = 32,05 milliseconds
            stddev = 3,51 milliseconds
            median = 31,40 milliseconds
              75% <= 33,44 milliseconds
              95% <= 38,20 milliseconds
              98% <= 41,46 milliseconds
              99% <= 46,91 milliseconds
            99.9% <= 56,80 milliseconds


13.05.2022 16.41.50 ============================================================

-- Timers ----------------------------------------------------------------------
stats-per-second-ITERATE_ONE
             count = 8792
         mean rate = 303,10 calls/second
     1-minute rate = 298,26 calls/second
     5-minute rate = 296,74 calls/second
    15-minute rate = 296,38 calls/second
               min = 26,54 milliseconds
               max = 42,20 milliseconds
              mean = 31,20 milliseconds
            stddev = 2,75 milliseconds
            median = 30,44 milliseconds
              75% <= 33,06 milliseconds
              95% <= 36,38 milliseconds
              98% <= 37,25 milliseconds
              99% <= 39,10 milliseconds
            99.9% <= 42,20 milliseconds


13.05.2022 16.41.51 ============================================================

-- Timers ----------------------------------------------------------------------
stats-per-second-ITERATE_ONE
             count = 9110
         mean rate = 303,60 calls/second
     1-minute rate = 298,96 calls/second
     5-minute rate = 296,91 calls/second
    15-minute rate = 296,44 calls/second
               min = 26,63 milliseconds
               max = 47,59 milliseconds
              mean = 31,49 milliseconds
            stddev = 3,04 milliseconds
            median = 30,63 milliseconds
              75% <= 33,08 milliseconds
              95% <= 37,86 milliseconds
              98% <= 38,87 milliseconds
              99% <= 40,47 milliseconds
            99.9% <= 47,59 milliseconds


13.05.2022 16.41.52 ============================================================

-- Timers ----------------------------------------------------------------------
stats-per-second-ITERATE_ONE
             count = 9425
         mean rate = 303,96 calls/second
     1-minute rate = 298,96 calls/second
     5-minute rate = 296,91 calls/second
    15-minute rate = 296,44 calls/second
               min = 26,77 milliseconds
               max = 53,26 milliseconds
              mean = 32,03 milliseconds
            stddev = 3,55 milliseconds
            median = 31,29 milliseconds
              75% <= 33,82 milliseconds
              95% <= 37,46 milliseconds
              98% <= 42,18 milliseconds
              99% <= 47,87 milliseconds
            99.9% <= 53,26 milliseconds


13.05.2022 16.41.53 ============================================================

-- Timers ----------------------------------------------------------------------
stats-per-second-ITERATE_ONE
             count = 9741
         mean rate = 304,32 calls/second
     1-minute rate = 298,96 calls/second
     5-minute rate = 296,91 calls/second
    15-minute rate = 296,44 calls/second
               min = 26,42 milliseconds
               max = 44,89 milliseconds
              mean = 31,46 milliseconds
            stddev = 2,88 milliseconds
            median = 31,06 milliseconds
              75% <= 32,85 milliseconds
              95% <= 37,38 milliseconds
              98% <= 39,26 milliseconds
              99% <= 39,70 milliseconds
            99.9% <= 44,89 milliseconds


13.05.2022 16.41.54 ============================================================

-- Timers ----------------------------------------------------------------------
stats-per-second-ITERATE_ONE
             count = 10062
         mean rate = 304,81 calls/second
     1-minute rate = 298,96 calls/second
     5-minute rate = 296,91 calls/second
    15-minute rate = 296,44 calls/second
               min = 26,52 milliseconds
               max = 39,44 milliseconds
              mean = 31,41 milliseconds
            stddev = 2,51 milliseconds
            median = 31,18 milliseconds
              75% <= 33,09 milliseconds
              95% <= 35,93 milliseconds
              98% <= 38,39 milliseconds
              99% <= 38,68 milliseconds
            99.9% <= 39,44 milliseconds


13.05.2022 16.41.55 ============================================================

-- Timers ----------------------------------------------------------------------
stats-per-second-ITERATE_ONE
             count = 10381
         mean rate = 305,26 calls/second
     1-minute rate = 298,96 calls/second
     5-minute rate = 296,91 calls/second
    15-minute rate = 296,44 calls/second
               min = 26,70 milliseconds
               max = 39,38 milliseconds
              mean = 31,22 milliseconds
            stddev = 2,57 milliseconds
            median = 30,69 milliseconds
              75% <= 33,09 milliseconds
              95% <= 36,35 milliseconds
              98% <= 37,64 milliseconds
              99% <= 38,60 milliseconds
            99.9% <= 39,38 milliseconds


13.05.2022 16.41.56 ============================================================

-- Timers ----------------------------------------------------------------------
stats-per-second-ITERATE_ONE
             count = 10701
         mean rate = 305,69 calls/second
     1-minute rate = 300,52 calls/second
     5-minute rate = 297,26 calls/second
    15-minute rate = 296,56 calls/second
               min = 27,06 milliseconds
               max = 48,90 milliseconds
              mean = 31,07 milliseconds
            stddev = 3,01 milliseconds
            median = 30,12 milliseconds
              75% <= 32,82 milliseconds
              95% <= 37,07 milliseconds
              98% <= 38,53 milliseconds
              99% <= 39,11 milliseconds
            99.9% <= 48,90 milliseconds


13.05.2022 16.41.57 ============================================================

-- Timers ----------------------------------------------------------------------
stats-per-second-ITERATE_ONE
             count = 11014
         mean rate = 305,86 calls/second
     1-minute rate = 300,52 calls/second
     5-minute rate = 297,26 calls/second
    15-minute rate = 296,56 calls/second
               min = 24,98 milliseconds
               max = 42,09 milliseconds
              mean = 31,91 milliseconds
            stddev = 2,75 milliseconds
            median = 31,40 milliseconds
              75% <= 33,55 milliseconds
              95% <= 36,76 milliseconds
              98% <= 39,39 milliseconds
              99% <= 40,13 milliseconds
            99.9% <= 42,09 milliseconds


13.05.2022 16.41.58 ============================================================

-- Timers ----------------------------------------------------------------------
stats-per-second-ITERATE_ONE
             count = 11330
         mean rate = 306,17 calls/second
     1-minute rate = 300,52 calls/second
     5-minute rate = 297,26 calls/second
    15-minute rate = 296,56 calls/second
               min = 26,93 milliseconds
               max = 41,49 milliseconds
              mean = 31,77 milliseconds
            stddev = 2,87 milliseconds
            median = 31,24 milliseconds
              75% <= 33,12 milliseconds
              95% <= 38,09 milliseconds
              98% <= 39,43 milliseconds
              99% <= 39,89 milliseconds
            99.9% <= 41,49 milliseconds


13.05.2022 16.41.59 ============================================================

-- Timers ----------------------------------------------------------------------
stats-per-second-ITERATE_ONE
             count = 11645
         mean rate = 306,38 calls/second
     1-minute rate = 300,52 calls/second
     5-minute rate = 297,26 calls/second
    15-minute rate = 296,56 calls/second
               min = 26,42 milliseconds
               max = 41,41 milliseconds
              mean = 31,67 milliseconds
            stddev = 2,60 milliseconds
            median = 31,46 milliseconds
              75% <= 33,43 milliseconds
              95% <= 36,21 milliseconds
              98% <= 37,16 milliseconds
              99% <= 40,22 milliseconds
            99.9% <= 41,41 milliseconds


13.05.2022 16.42.00 ============================================================

-- Timers ----------------------------------------------------------------------
stats-per-second-ITERATE_ONE
             count = 11938
         mean rate = 306,04 calls/second
     1-minute rate = 300,52 calls/second
     5-minute rate = 297,26 calls/second
    15-minute rate = 296,56 calls/second
               min = 27,07 milliseconds
               max = 47,05 milliseconds
              mean = 34,19 milliseconds
            stddev = 3,74 milliseconds
            median = 33,95 milliseconds
              75% <= 36,54 milliseconds
              95% <= 40,74 milliseconds
              98% <= 41,90 milliseconds
              99% <= 45,51 milliseconds
            99.9% <= 47,05 milliseconds


13.05.2022 16.42.01 ============================================================

-- Timers ----------------------------------------------------------------------
stats-per-second-ITERATE_ONE
             count = 12204
         mean rate = 305,00 calls/second
     1-minute rate = 300,47 calls/second
     5-minute rate = 297,31 calls/second
    15-minute rate = 296,58 calls/second
               min = 27,62 milliseconds
               max = 48,77 milliseconds
              mean = 37,62 milliseconds
            stddev = 5,12 milliseconds
            median = 37,61 milliseconds
              75% <= 41,55 milliseconds
              95% <= 46,36 milliseconds
              98% <= 48,59 milliseconds
              99% <= 48,69 milliseconds
            99.9% <= 48,77 milliseconds


13.05.2022 16.42.02 ============================================================

-- Timers ----------------------------------------------------------------------
stats-per-second-ITERATE_ONE
             count = 12487
         mean rate = 304,48 calls/second
     1-minute rate = 300,47 calls/second
     5-minute rate = 297,31 calls/second
    15-minute rate = 296,58 calls/second
               min = 27,70 milliseconds
               max = 50,01 milliseconds
              mean = 35,58 milliseconds
            stddev = 4,23 milliseconds
            median = 35,56 milliseconds
              75% <= 38,27 milliseconds
              95% <= 42,95 milliseconds
              98% <= 44,12 milliseconds
              99% <= 45,65 milliseconds
            99.9% <= 50,01 milliseconds


13.05.2022 16.42.03 ============================================================

-- Timers ----------------------------------------------------------------------
stats-per-second-ITERATE_ONE
             count = 12759
         mean rate = 303,72 calls/second
     1-minute rate = 300,47 calls/second
     5-minute rate = 297,31 calls/second
    15-minute rate = 296,58 calls/second
               min = 27,29 milliseconds
               max = 57,65 milliseconds
              mean = 36,52 milliseconds
            stddev = 5,22 milliseconds
            median = 35,85 milliseconds
              75% <= 40,19 milliseconds
              95% <= 44,96 milliseconds
              98% <= 49,17 milliseconds
              99% <= 51,04 milliseconds
            99.9% <= 57,65 milliseconds


13.05.2022 16.42.04 ============================================================

-- Timers ----------------------------------------------------------------------
stats-per-second-ITERATE_ONE
             count = 13034
         mean rate = 303,07 calls/second
     1-minute rate = 300,47 calls/second
     5-minute rate = 297,31 calls/second
    15-minute rate = 296,58 calls/second
               min = 27,37 milliseconds
               max = 48,87 milliseconds
              mean = 36,24 milliseconds
            stddev = 4,12 milliseconds
            median = 35,83 milliseconds
              75% <= 38,98 milliseconds
              95% <= 43,46 milliseconds
              98% <= 45,23 milliseconds
              99% <= 47,63 milliseconds
            99.9% <= 48,87 milliseconds


13.05.2022 16.42.05 ============================================================

-- Timers ----------------------------------------------------------------------
stats-per-second-ITERATE_ONE
             count = 13305
         mean rate = 302,33 calls/second
     1-minute rate = 300,47 calls/second
     5-minute rate = 297,31 calls/second
    15-minute rate = 296,58 calls/second
               min = 27,13 milliseconds
               max = 49,06 milliseconds
              mean = 36,88 milliseconds
            stddev = 5,03 milliseconds
            median = 36,74 milliseconds
              75% <= 40,83 milliseconds
              95% <= 46,10 milliseconds
              98% <= 47,53 milliseconds
              99% <= 48,21 milliseconds
            99.9% <= 49,06 milliseconds


13.05.2022 16.42.06 ============================================================

-- Timers ----------------------------------------------------------------------
stats-per-second-ITERATE_ONE
             count = 13572
         mean rate = 301,53 calls/second
     1-minute rate = 298,36 calls/second
     5-minute rate = 296,92 calls/second
    15-minute rate = 296,46 calls/second
               min = 28,10 milliseconds
               max = 52,04 milliseconds
              mean = 37,39 milliseconds
            stddev = 4,62 milliseconds
            median = 37,15 milliseconds
              75% <= 40,24 milliseconds
              95% <= 45,76 milliseconds
              98% <= 48,69 milliseconds
              99% <= 50,20 milliseconds
            99.9% <= 52,04 milliseconds


13.05.2022 16.42.07 ============================================================

-- Timers ----------------------------------------------------------------------
stats-per-second-ITERATE_ONE
             count = 13844
         mean rate = 300,91 calls/second
     1-minute rate = 298,36 calls/second
     5-minute rate = 296,92 calls/second
    15-minute rate = 296,46 calls/second
               min = 28,11 milliseconds
               max = 59,61 milliseconds
              mean = 36,80 milliseconds
            stddev = 4,59 milliseconds
            median = 36,74 milliseconds
              75% <= 40,15 milliseconds
              95% <= 43,75 milliseconds
              98% <= 44,91 milliseconds
              99% <= 47,77 milliseconds
            99.9% <= 59,61 milliseconds


13.05.2022 16.42.08 ============================================================

-- Timers ----------------------------------------------------------------------
stats-per-second-ITERATE_ONE
             count = 14145
         mean rate = 300,91 calls/second
     1-minute rate = 298,36 calls/second
     5-minute rate = 296,92 calls/second
    15-minute rate = 296,46 calls/second
               min = 27,36 milliseconds
               max = 48,99 milliseconds
              mean = 33,23 milliseconds
            stddev = 3,78 milliseconds
            median = 32,47 milliseconds
              75% <= 34,99 milliseconds
              95% <= 40,83 milliseconds
              98% <= 42,14 milliseconds
              99% <= 42,77 milliseconds
            99.9% <= 48,99 milliseconds


13.05.2022 16.42.09 ============================================================

-- Timers ----------------------------------------------------------------------
stats-per-second-ITERATE_ONE
             count = 14442
         mean rate = 300,82 calls/second
     1-minute rate = 298,36 calls/second
     5-minute rate = 296,92 calls/second
    15-minute rate = 296,46 calls/second
               min = 26,95 milliseconds
               max = 52,46 milliseconds
              mean = 33,66 milliseconds
            stddev = 4,33 milliseconds
            median = 32,62 milliseconds
              75% <= 35,79 milliseconds
              95% <= 42,16 milliseconds
              98% <= 45,59 milliseconds
              99% <= 47,44 milliseconds
            99.9% <= 52,46 milliseconds


13.05.2022 16.42.10 ============================================================

-- Timers ----------------------------------------------------------------------
stats-per-second-ITERATE_ONE
             count = 14749
         mean rate = 300,95 calls/second
     1-minute rate = 298,36 calls/second
     5-minute rate = 296,92 calls/second
    15-minute rate = 296,46 calls/second
               min = 26,37 milliseconds
               max = 44,05 milliseconds
              mean = 32,28 milliseconds
            stddev = 2,82 milliseconds
            median = 31,78 milliseconds
              75% <= 33,69 milliseconds
              95% <= 37,88 milliseconds
              98% <= 38,51 milliseconds
              99% <= 43,23 milliseconds
            99.9% <= 44,05 milliseconds


13.05.2022 16.42.11 ============================================================

-- Timers ----------------------------------------------------------------------
stats-per-second-ITERATE_ONE
             count = 15062
         mean rate = 301,20 calls/second
     1-minute rate = 298,36 calls/second
     5-minute rate = 296,95 calls/second
    15-minute rate = 296,47 calls/second
               min = 25,43 milliseconds
               max = 51,88 milliseconds
              mean = 31,94 milliseconds
            stddev = 2,97 milliseconds
            median = 31,81 milliseconds
              75% <= 33,69 milliseconds
              95% <= 36,98 milliseconds
              98% <= 37,73 milliseconds
              99% <= 42,25 milliseconds
            99.9% <= 51,88 milliseconds


13.05.2022 16.42.12 ============================================================

-- Timers ----------------------------------------------------------------------
stats-per-second-ITERATE_ONE
             count = 15372
         mean rate = 301,39 calls/second
     1-minute rate = 298,36 calls/second
     5-minute rate = 296,95 calls/second
    15-minute rate = 296,47 calls/second
               min = 27,75 milliseconds
               max = 42,39 milliseconds
              mean = 32,57 milliseconds
            stddev = 2,48 milliseconds
            median = 32,28 milliseconds
              75% <= 34,09 milliseconds
              95% <= 37,49 milliseconds
              98% <= 37,87 milliseconds
              99% <= 38,61 milliseconds
            99.9% <= 42,39 milliseconds


13.05.2022 16.42.13 ============================================================

-- Timers ----------------------------------------------------------------------
stats-per-second-ITERATE_ONE
             count = 15653
         mean rate = 300,95 calls/second
     1-minute rate = 298,36 calls/second
     5-minute rate = 296,95 calls/second
    15-minute rate = 296,47 calls/second
               min = 27,77 milliseconds
               max = 49,43 milliseconds
              mean = 35,55 milliseconds
            stddev = 4,70 milliseconds
            median = 34,57 milliseconds
              75% <= 39,18 milliseconds
              95% <= 44,57 milliseconds
              98% <= 46,68 milliseconds
              99% <= 48,05 milliseconds
            99.9% <= 49,43 milliseconds


13.05.2022 16.42.14 ============================================================

-- Timers ----------------------------------------------------------------------
stats-per-second-ITERATE_ONE
             count = 15941
         mean rate = 300,73 calls/second
     1-minute rate = 298,36 calls/second
     5-minute rate = 296,95 calls/second
    15-minute rate = 296,47 calls/second
               min = 27,15 milliseconds
               max = 56,17 milliseconds
              mean = 34,85 milliseconds
            stddev = 4,77 milliseconds
            median = 34,38 milliseconds
              75% <= 38,28 milliseconds
              95% <= 42,76 milliseconds
              98% <= 46,03 milliseconds
              99% <= 48,96 milliseconds
            99.9% <= 56,17 milliseconds


13.05.2022 16.42.15 ============================================================

-- Timers ----------------------------------------------------------------------
stats-per-second-ITERATE_ONE
             count = 16219
         mean rate = 300,29 calls/second
     1-minute rate = 298,36 calls/second
     5-minute rate = 296,95 calls/second
    15-minute rate = 296,47 calls/second
               min = 27,11 milliseconds
               max = 53,97 milliseconds
              mean = 35,21 milliseconds
            stddev = 4,26 milliseconds
            median = 34,50 milliseconds
              75% <= 37,98 milliseconds
              95% <= 43,04 milliseconds
              98% <= 45,02 milliseconds
              99% <= 49,98 milliseconds
            99.9% <= 53,97 milliseconds


13.05.2022 16.42.16 ============================================================

-- Timers ----------------------------------------------------------------------
stats-per-second-ITERATE_ONE
             count = 16490
         mean rate = 299,76 calls/second
     1-minute rate = 297,21 calls/second
     5-minute rate = 296,73 calls/second
    15-minute rate = 296,40 calls/second
               min = 27,54 milliseconds
               max = 110,85 milliseconds
              mean = 37,59 milliseconds
            stddev = 9,63 milliseconds
            median = 35,84 milliseconds
              75% <= 39,60 milliseconds
              95% <= 47,48 milliseconds
              98% <= 71,78 milliseconds
              99% <= 87,85 milliseconds
            99.9% <= 110,85 milliseconds


13.05.2022 16.42.17 ============================================================

-- Timers ----------------------------------------------------------------------
stats-per-second-ITERATE_ONE
             count = 16779
         mean rate = 299,58 calls/second
     1-minute rate = 297,21 calls/second
     5-minute rate = 296,73 calls/second
    15-minute rate = 296,40 calls/second
               min = 27,37 milliseconds
               max = 49,52 milliseconds
              mean = 34,37 milliseconds
            stddev = 4,47 milliseconds
            median = 33,65 milliseconds
              75% <= 36,90 milliseconds
              95% <= 42,79 milliseconds
              98% <= 45,08 milliseconds
              99% <= 45,21 milliseconds
            99.9% <= 49,52 milliseconds


13.05.2022 16.42.18 ============================================================

-- Timers ----------------------------------------------------------------------
stats-per-second-ITERATE_ONE
             count = 17054
         mean rate = 299,14 calls/second
     1-minute rate = 297,21 calls/second
     5-minute rate = 296,73 calls/second
    15-minute rate = 296,40 calls/second
               min = 28,02 milliseconds
               max = 53,58 milliseconds
              mean = 36,15 milliseconds
            stddev = 4,96 milliseconds
            median = 35,70 milliseconds
              75% <= 40,02 milliseconds
              95% <= 44,84 milliseconds
              98% <= 48,66 milliseconds
              99% <= 50,44 milliseconds
            99.9% <= 53,58 milliseconds


13.05.2022 16.42.19 ============================================================

-- Timers ----------------------------------------------------------------------
stats-per-second-ITERATE_ONE
             count = 17355
         mean rate = 299,16 calls/second
     1-minute rate = 297,21 calls/second
     5-minute rate = 296,73 calls/second
    15-minute rate = 296,40 calls/second
               min = 27,36 milliseconds
               max = 55,10 milliseconds
              mean = 33,07 milliseconds
            stddev = 3,79 milliseconds
            median = 32,39 milliseconds
              75% <= 34,32 milliseconds
              95% <= 39,82 milliseconds
              98% <= 42,04 milliseconds
              99% <= 46,69 milliseconds
            99.9% <= 55,10 milliseconds


13.05.2022 16.42.20 ============================================================

-- Timers ----------------------------------------------------------------------
stats-per-second-ITERATE_ONE
             count = 17663
         mean rate = 299,33 calls/second
     1-minute rate = 297,21 calls/second
     5-minute rate = 296,73 calls/second
    15-minute rate = 296,40 calls/second
               min = 26,96 milliseconds
               max = 43,04 milliseconds
              mean = 32,64 milliseconds
            stddev = 3,08 milliseconds
            median = 32,27 milliseconds
              75% <= 33,88 milliseconds
              95% <= 39,15 milliseconds
              98% <= 41,06 milliseconds
              99% <= 41,93 milliseconds
            99.9% <= 43,04 milliseconds


13.05.2022 16.42.21 ============================================================

-- Timers ----------------------------------------------------------------------
stats-per-second-ITERATE_ONE
             count = 17971
         mean rate = 299,47 calls/second
     1-minute rate = 297,24 calls/second
     5-minute rate = 296,75 calls/second
    15-minute rate = 296,41 calls/second
               min = 26,92 milliseconds
               max = 41,07 milliseconds
              mean = 32,35 milliseconds
            stddev = 2,66 milliseconds
            median = 32,25 milliseconds
              75% <= 33,83 milliseconds
              95% <= 37,11 milliseconds
              98% <= 39,06 milliseconds
              99% <= 40,54 milliseconds
            99.9% <= 41,07 milliseconds


13.05.2022 16.42.22 ============================================================

-- Timers ----------------------------------------------------------------------
stats-per-second-ITERATE_ONE
             count = 18283
         mean rate = 299,68 calls/second
     1-minute rate = 297,24 calls/second
     5-minute rate = 296,75 calls/second
    15-minute rate = 296,41 calls/second
               min = 26,93 milliseconds
               max = 40,62 milliseconds
              mean = 32,32 milliseconds
            stddev = 2,72 milliseconds
            median = 32,14 milliseconds
              75% <= 34,11 milliseconds
              95% <= 37,10 milliseconds
              98% <= 39,01 milliseconds
              99% <= 39,68 milliseconds
            99.9% <= 40,62 milliseconds


13.05.2022 16.42.23 ============================================================

-- Timers ----------------------------------------------------------------------
stats-per-second-ITERATE_ONE
             count = 18594
         mean rate = 299,87 calls/second
     1-minute rate = 297,24 calls/second
     5-minute rate = 296,75 calls/second
    15-minute rate = 296,41 calls/second
               min = 27,21 milliseconds
               max = 40,39 milliseconds
              mean = 31,72 milliseconds
            stddev = 2,39 milliseconds
            median = 31,52 milliseconds
              75% <= 33,21 milliseconds
              95% <= 35,77 milliseconds
              98% <= 37,03 milliseconds
              99% <= 37,73 milliseconds
            99.9% <= 40,39 milliseconds


13.05.2022 16.42.24 ============================================================

-- Timers ----------------------------------------------------------------------
stats-per-second-ITERATE_ONE
             count = 18899
         mean rate = 299,94 calls/second
     1-minute rate = 297,24 calls/second
     5-minute rate = 296,75 calls/second
    15-minute rate = 296,41 calls/second
               min = 26,89 milliseconds
               max = 42,68 milliseconds
              mean = 32,85 milliseconds
            stddev = 2,86 milliseconds
            median = 32,65 milliseconds
              75% <= 34,33 milliseconds
              95% <= 38,95 milliseconds
              98% <= 40,52 milliseconds
              99% <= 41,15 milliseconds
            99.9% <= 42,68 milliseconds


13.05.2022 16.42.25 ============================================================

-- Timers ----------------------------------------------------------------------
stats-per-second-ITERATE_ONE
             count = 19212
         mean rate = 300,14 calls/second
     1-minute rate = 297,24 calls/second
     5-minute rate = 296,75 calls/second
    15-minute rate = 296,41 calls/second
               min = 27,37 milliseconds
               max = 43,48 milliseconds
              mean = 32,17 milliseconds
            stddev = 3,12 milliseconds
            median = 31,57 milliseconds
              75% <= 33,45 milliseconds
              95% <= 38,19 milliseconds
              98% <= 41,27 milliseconds
              99% <= 42,47 milliseconds
            99.9% <= 43,48 milliseconds


13.05.2022 16.42.26 ============================================================

-- Timers ----------------------------------------------------------------------
stats-per-second-ITERATE_ONE
             count = 19518
         mean rate = 300,23 calls/second
     1-minute rate = 298,15 calls/second
     5-minute rate = 296,94 calls/second
    15-minute rate = 296,47 calls/second
               min = 26,98 milliseconds
               max = 57,17 milliseconds
              mean = 32,82 milliseconds
            stddev = 4,36 milliseconds
            median = 31,94 milliseconds
              75% <= 34,23 milliseconds
              95% <= 40,61 milliseconds
              98% <= 44,90 milliseconds
              99% <= 51,15 milliseconds
            99.9% <= 57,17 milliseconds


13.05.2022 16.42.27 ============================================================

-- Timers ----------------------------------------------------------------------
stats-per-second-ITERATE_ONE
             count = 19825
         mean rate = 300,34 calls/second
     1-minute rate = 298,15 calls/second
     5-minute rate = 296,94 calls/second
    15-minute rate = 296,47 calls/second
               min = 27,23 milliseconds
               max = 44,42 milliseconds
              mean = 32,00 milliseconds
            stddev = 2,68 milliseconds
            median = 31,70 milliseconds
              75% <= 33,40 milliseconds
              95% <= 36,58 milliseconds
              98% <= 38,81 milliseconds
              99% <= 40,85 milliseconds
            99.9% <= 44,42 milliseconds


2022-05-13 16:42:28,198 [pool-1-thread-1] INFO  d.i.mongodb.perf.OperationExecutor - Done (in time) in 66554 ms 
2022-05-13 16:42:28,201 [pool-1-thread-1] INFO  d.i.mongodb.perf.OperationExecutor - affected documents: 20000
2022-05-13 16:42:28,202 [pool-1-thread-1] INFO  d.i.mongodb.perf.OperationExecutor - count: 20000
2022-05-13 16:42:28,202 [main] INFO  d.i.mongodb.perf.MongoDbAccessor - >>> closeConnections production-shard-00-01.vx60e.mongodb.net:27017
2022-05-13 16:42:28,202 [pool-1-thread-1] INFO  d.i.mongodb.perf.OperationExecutor - FifteenMinuteRate: 296.2884865423413
2022-05-13 16:42:28,202 [pool-1-thread-1] INFO  d.i.mongodb.perf.OperationExecutor - FiveMinuteRate: 296.4614727581096
2022-05-13 16:42:28,203 [pool-1-thread-1] INFO  d.i.mongodb.perf.OperationExecutor - OneMinuteRate: 298.0199005362781
2022-05-13 16:42:28,203 [pool-1-thread-1] INFO  d.i.mongodb.perf.OperationExecutor - MeanRate: 300.47744476565555
2022-05-13 16:42:28,206 [pool-1-thread-1] INFO  d.i.mongodb.perf.OperationExecutor - Snapshot 75thPercentile: 34.781042
2022-05-13 16:42:28,206 [pool-1-thread-1] INFO  d.i.mongodb.perf.OperationExecutor - Snapshot 95thPercentile: 41.191666
2022-05-13 16:42:28,206 [pool-1-thread-1] INFO  d.i.mongodb.perf.OperationExecutor - Snapshot 98thPercentile: 43.405041999999995
2022-05-13 16:42:28,206 [pool-1-thread-1] INFO  d.i.mongodb.perf.OperationExecutor - Snapshot 99thPercentile: 46.108084
2022-05-13 16:42:28,206 [pool-1-thread-1] INFO  d.i.mongodb.perf.OperationExecutor - Snapshot 999thPercentile: 54.922208
2022-05-13 16:42:28,206 [pool-1-thread-1] INFO  d.i.mongodb.perf.OperationExecutor - Snapshot Min: 26.730083
2022-05-13 16:42:28,207 [pool-1-thread-1] INFO  d.i.mongodb.perf.OperationExecutor - Snapshot Max: 54.922208
2022-05-13 16:42:28,207 [pool-1-thread-1] INFO  d.i.mongodb.perf.OperationExecutor - Snapshot Mean: 33.185690336294385
2022-05-13 16:42:28,207 [pool-1-thread-1] INFO  d.i.mongodb.perf.OperationExecutor - Snapshot Median: 32.280666
2022-05-13 16:42:28,207 [pool-1-thread-1] INFO  d.i.mongodb.perf.OperationExecutor - Snapshot StdDev: 4.084709206517263
2022-05-13 16:42:28,207 [pool-1-thread-1] INFO  d.i.mongodb.perf.OperationExecutor - Snapshot Size: 1028
13.05.2022 16.42.28 ============================================================

-- Timers ----------------------------------------------------------------------
stats-per-run-ITERATE_ONE
             count = 20000
         mean rate = 300,45 calls/second
     1-minute rate = 298,02 calls/second
     5-minute rate = 296,46 calls/second
    15-minute rate = 296,29 calls/second
               min = 26,73 milliseconds
               max = 54,92 milliseconds
              mean = 33,19 milliseconds
            stddev = 4,08 milliseconds
            median = 32,28 milliseconds
              75% <= 34,78 milliseconds
              95% <= 41,19 milliseconds
              98% <= 43,41 milliseconds
              99% <= 46,11 milliseconds
            99.9% <= 54,92 milliseconds


2022-05-13 16:42:28,213 [pool-1-thread-1] INFO  d.i.mongodb.perf.OperationExecutor - stopReporters
2022-05-13 16:42:28,213 [pool-1-thread-1] INFO  d.i.mongodb.perf.OperationExecutor - consoleReporter stopped
2022-05-13 16:42:28,213 [pool-1-thread-1] INFO  d.i.mongodb.perf.OperationExecutor - allConsoleReporter stopped
2022-05-13 16:42:28,213 [pool-1-thread-1] INFO  d.i.mongodb.perf.OperationExecutor - csvReporter stopped
2022-05-13 16:42:28,213 [pool-1-thread-1] INFO  d.i.mongodb.perf.OperationExecutor - If run took more than 1 second, csv-file 'stats-per-second-ITERATE_ONE.csv' saved in folder: /Users/oscarorellana/Desktop/softcorp/doubble/mongodb-performance-test/latest-version
2022-05-13 16:42:28,213 [pool-1-thread-1] INFO  d.i.mongodb.perf.OperationExecutor - csvReporterAll stopped
2022-05-13 16:42:28,214 [pool-1-thread-1] INFO  d.i.mongodb.perf.OperationExecutor - Summary of statistics saved in csv-file 'stats-per-run-ITERATE_ONE.csv' located in folder: /Users/oscarorellana/Desktop/softcorp/doubble/mongodb-performance-test/latest-version
2022-05-13 16:42:28,233 [main] INFO  org.mongodb.driver.connection - Closed connection [connectionId{localValue:3, serverValue:13263}] to production-shard-00-01.vx60e.mongodb.net:27017 because the pool has been closed.
2022-05-13 16:42:28,236 [main] INFO  org.mongodb.driver.connection - Closed connection [connectionId{localValue:7, serverValue:13269}] to production-shard-00-01.vx60e.mongodb.net:27017 because the pool has been closed.
2022-05-13 16:42:28,236 [main] INFO  org.mongodb.driver.connection - Closed connection [connectionId{localValue:5, serverValue:13266}] to production-shard-00-01.vx60e.mongodb.net:27017 because the pool has been closed.
2022-05-13 16:42:28,236 [main] INFO  org.mongodb.driver.connection - Closed connection [connectionId{localValue:8, serverValue:13268}] to production-shard-00-01.vx60e.mongodb.net:27017 because the pool has been closed.
2022-05-13 16:42:28,236 [main] INFO  org.mongodb.driver.connection - Closed connection [connectionId{localValue:10, serverValue:13265}] to production-shard-00-01.vx60e.mongodb.net:27017 because the pool has been closed.
2022-05-13 16:42:28,236 [main] INFO  org.mongodb.driver.connection - Closed connection [connectionId{localValue:2, serverValue:13261}] to production-shard-00-01.vx60e.mongodb.net:27017 because the pool has been closed.
2022-05-13 16:42:28,236 [main] INFO  org.mongodb.driver.connection - Closed connection [connectionId{localValue:6, serverValue:13264}] to production-shard-00-01.vx60e.mongodb.net:27017 because the pool has been closed.
2022-05-13 16:42:28,237 [main] INFO  org.mongodb.driver.connection - Closed connection [connectionId{localValue:4, serverValue:13267}] to production-shard-00-01.vx60e.mongodb.net:27017 because the pool has been closed.
2022-05-13 16:42:28,237 [main] INFO  org.mongodb.driver.connection - Closed connection [connectionId{localValue:11, serverValue:13270}] to production-shard-00-01.vx60e.mongodb.net:27017 because the pool has been closed.
2022-05-13 16:42:28,237 [main] INFO  org.mongodb.driver.connection - Closed connection [connectionId{localValue:9, serverValue:13262}] to production-shard-00-01.vx60e.mongodb.net:27017 because the pool has been closed.
2022-05-13 16:42:28,237 [main] INFO  d.i.mongodb.perf.MongoDbAccessor - <<< closeConnections production-shard-00-01.vx60e.mongodb.net:27017
